0001 G 2015-09-06 17:29:59 <未連線>
0002 G 2015-09-06 17:29:59 <監控系統開始>
0003 G 2015-09-06 17:15:23 <未連線>
0004 G 2015-09-06 17:15:23 <監控系統開始>
0005 G 2015-09-06 17:08:44 <未連線>
0006 G 2015-09-06 17:08:44 <監控系統開始>
0007 G 2015-09-06 16:54:47 <未連線>
0008 G 2015-09-06 16:54:47 <監控系統開始>
0009 G 2015-09-06 16:44:12 <未連線>
0010 G 2015-09-06 16:44:12 <監控系統開始>
0011 G 2015-09-06 16:42:56 <未連線>
0012 G 2015-09-06 16:42:56 <監控系統開始>
0013 G 2015-09-06 16:13:34 <未連線>
0014 G 2015-09-06 16:13:34 <監控系統開始>
0015 G 2015-09-06 16:00:42 <未連線>
0016 G 2015-09-06 16:00:42 <監控系統開始>
0017 G 2015-08-23 12:15:17 <未連線>
0018 G 2015-08-23 12:15:16 <監控系統開始>
0019 G 2015-08-23 12:15:16 <監控系統結束>
0020 G 2015-08-23 12:15:08 <未連線>
0021 G 2015-08-23 12:15:08 <監控系統開始>
0022 G 2015-08-19 10:42:20 <未連線>
0023 G 2015-08-19 10:42:19 <監控系統開始>
0024 G 2015-07-07 20:38:23 <00010074:防排煙用中繼器:啟動控制中>41F:偵煙4
0025 P 2015-07-07 20:38:22 <地區音響一齊鳴動 : 開啟>
0026 R 2015-07-07 20:38:21 <00010011:定址火警發信機:火災報>41F:定址火警發信機
0027 P 2015-07-07 20:38:05 <串口通信異常:正常>
0028 G 2015-07-07 20:38:03 <連線中>
0029 G 2015-07-07 20:37:57 <未連線>
0030 G 2015-07-07 20:37:57 <監控系統開始>
0031 G 2015-07-07 20:37:43 <未連線>
0032 G 2015-07-07 20:37:43 <監控系統開始>
0033 G 2015-07-07 20:35:05 <00010074:防排煙用中繼器:啟動控制中>41F:偵煙4
0034 P 2015-07-07 20:35:04 <地區音響一齊鳴動 : 開啟>
0035 R 2015-07-07 20:35:03 <00010011:定址火警發信機:火災報>41F:定址火警發信機
0036 P 2015-07-07 20:34:51 <串口通信異常:正常>
0037 G 2015-07-07 20:34:50 <連線中>
0038 G 2015-07-07 20:33:55 <未連線>
0039 G 2015-07-07 20:33:55 <監控系統開始>
0040 P 2015-07-07 20:09:07 <串口通信異常:正常>
0041 P 2015-07-07 20:09:07 <串口通信異常:異常>
0042 P 2015-07-07 20:09:03 <串口通信異常:正常>
0043 G 2015-07-07 20:09:03 <00010074:防排煙用中繼器:啟動控制:復歸>41F:偵煙4
0044 P 2015-07-07 20:09:02 <地區音響一齊鳴動 : 關閉>
0045 P 2015-07-07 20:09:01 <復歸>
0046 P 2015-07-07 20:08:53 <串口通信異常:異常>
0047 P 2015-07-07 17:37:19 <停電音響停止>
0048 P 2015-07-07 17:37:18 <蓄積??延全部解除>
0049 P 2015-07-07 17:37:18 <維護附屬音響停止>
0050 P 2015-07-07 17:37:18 <故障音響停止>
0051 P 2015-07-07 17:37:18 <維護主音響停止>
0052 G 2015-07-07 17:37:16 <00010074:防排煙用中繼器:起動、鳴動中>41F:偵煙4
0053 R 2015-07-07 17:37:15 <00010011:定址火警發信機>41F:定址火警發信機
0054 P 2015-07-07 17:36:16 <串口通信異常:正常>
0055 P 2015-07-07 17:36:14 <串口通信異常:異常>
0056 G 2015-07-07 17:36:13 <連線中>
0057 G 2015-07-07 17:35:55 <未連線>
0058 G 2015-07-07 17:35:55 <監控系統開始>
0059 P 2015-07-07 17:34:04 <停電音響停止>
0060 P 2015-07-07 17:34:04 <蓄積??延全部解除>
0061 P 2015-07-07 17:34:04 <維護附屬音響停止>
0062 P 2015-07-07 17:34:04 <故障音響停止>
0063 P 2015-07-07 17:34:04 <維護主音響停止>
0064 G 2015-07-07 17:34:01 <00010074:防排煙用中繼器:起動、鳴動中>41F:偵煙4
0065 R 2015-07-07 17:34:00 <00010011:定址火警發信機>41F:定址火警發信機
0066 P 2015-07-07 17:33:00 <串口通信異常:正常>
0067 G 2015-07-07 17:32:59 <連線中>
0068 G 2015-07-07 17:32:06 <未連線>
0069 G 2015-07-07 17:32:06 <監控系統開始>
0070 G 2015-07-07 17:23:51 <未連線>
0071 G 2015-07-07 17:23:51 <監控系統開始>
0072 G 2015-07-07 17:15:15 <未連線>
0073 G 2015-07-07 17:15:15 <監控系統開始>
0074 G 2015-07-07 17:12:51 <未連線>
0075 G 2015-07-07 17:12:51 <監控系統開始>
0076 G 2015-07-07 17:11:08 <未連線>
0077 G 2015-07-07 17:11:07 <監控系統開始>
0078 G 2015-07-07 17:09:10 <未連線>
0079 G 2015-07-07 17:09:10 <監控系統開始>
0080 G 2015-07-07 17:07:49 <未連線>
0081 G 2015-07-07 17:07:49 <監控系統開始>
0082 G 2015-07-07 17:02:25 <未連線>
0083 G 2015-07-07 17:02:25 <監控系統開始>
0084 P 2015-07-06 10:35:56 <復歸>
0085 B 2015-07-06 10:35:47 <00010101:監視用中繼器:動作>41F:熱類比
0086 P 2015-07-06 10:35:33 <串口通信異常:正常>
0087 G 2015-07-06 10:35:31 <連線中>
0088 G 2015-07-06 10:35:26 <未連線>
0089 G 2015-07-06 10:35:25 <監控系統開始>
0090 P 2015-07-06 10:34:16 <00010021:地址無應答>41F:熱類比
0091 P 2015-07-06 10:33:48 <復歸>
0092 B 2015-07-06 10:33:36 <00010101:監視用中繼器:動作>41F:熱類比
0093 B 2015-07-06 10:33:10 <動作>41F:熱類比
0094 B 2015-07-06 10:33:10 <00010101:監視用中繼器:關閉>41F:熱類比
0095 B 2015-07-06 10:32:10 <00010101:監視用中繼器:動作>41F:熱類比
0096 G 2015-07-06 10:31:41 <00010074:防排煙用中繼器:啟動控制:復歸>41F:偵煙4
0097 P 2015-07-06 10:31:33 <地區音響一齊鳴動 : 關閉>
0098 P 2015-07-06 10:31:33 <復歸>
0099 P 2015-07-06 10:30:18 <停電音響停止>
0100 P 2015-07-06 10:30:18 <蓄積??延全部解除>
0101 P 2015-07-06 10:30:18 <維護附屬音響停止>
0102 P 2015-07-06 10:30:18 <故障音響停止>
0103 P 2015-07-06 10:30:18 <維護主音響停止>
0104 G 2015-07-06 10:30:16 <00010074:防排煙用中繼器:動作>41F:偵煙4
0105 R 2015-07-06 10:30:14 <00010011:定址火災發信機>41F:定址火警發信機
0106 P 2015-07-06 10:29:15 <串口通信異常:正常>
0107 G 2015-07-06 10:29:13 <連線中>
0108 G 2015-07-06 10:29:08 <未連線>
0109 G 2015-07-06 10:29:08 <監控系統開始>
0110 P 2015-07-06 10:19:54 <停電音響停止>
0111 P 2015-07-06 10:19:54 <蓄積??延全部解除>
0112 P 2015-07-06 10:19:54 <維護附屬音響停止>
0113 P 2015-07-06 10:19:54 <故障音響停止>
0114 P 2015-07-06 10:19:54 <維護主音響停止>
0115 G 2015-07-06 10:19:52 <00010074:防排煙用中繼器:動作>41F:偵煙4
0116 R 2015-07-06 10:19:50 <00010011:定址火災發信機>41F:定址火警發信機
0117 P 2015-07-06 10:18:51 <串口通信異常:正常>
0118 P 2015-07-06 10:18:50 <串口通信異常:異常>
0119 G 2015-07-06 10:18:49 <連線中>
0120 G 2015-07-06 10:18:44 <未連線>
0121 G 2015-07-06 10:18:44 <監控系統開始>
0122 P 2015-07-06 10:11:30 <停電音響停止>
0123 P 2015-07-06 10:11:30 <蓄積??延全部解除>
0124 P 2015-07-06 10:11:30 <維護附屬音響停止>
0125 P 2015-07-06 10:11:30 <故障音響停止>
0126 P 2015-07-06 10:11:30 <維護主音響停止>
0127 G 2015-07-06 10:11:28 <00010074:防排煙用中繼器:動作>41F:偵煙4
0128 R 2015-07-06 10:11:26 <00010011:定址火災發信機>41F:定址火警發信機
0129 P 2015-07-06 10:10:26 <串口通信異常:正常>
0130 G 2015-07-06 10:10:25 <連線中>
0131 G 2015-07-06 10:10:19 <未連線>
0132 G 2015-07-06 10:10:19 <監控系統開始>
0133 G 2015-07-06 10:02:59 <00010074:防排煙用中繼器:啟動控制中>41F:偵煙4
0134 P 2015-07-06 10:02:58 <地區音響一齊鳴動 : 開啟>
0135 R 2015-07-06 10:02:58 <00010011:定址火災發信機:火災報>41F:定址火警發信機
0136 G 2015-07-06 10:02:33 <00010074:防排煙用中繼器:啟動控制:復歸>41F:偵煙4
0137 P 2015-07-06 10:02:26 <地區音響一齊鳴動 : 關閉>
0138 P 2015-07-06 10:02:26 <復歸>
0139 P 2015-07-06 10:02:23 <串口通信異常:正常>
0140 G 2015-07-06 10:02:21 <連線中>
0141 G 2015-07-06 10:02:16 <未連線>
0142 G 2015-07-06 10:02:16 <監控系統開始>
0143 G 2015-07-06 09:57:44 <00010074:防排煙用中繼器:啟動控制中>41F:偵煙4
0144 P 2015-07-06 09:57:43 <地區音響一齊鳴動 : 開啟>
0145 R 2015-07-06 09:57:42 <00010011:定址火災發信機:火災報>41F:定址火警發信機
0146 G 2015-07-06 09:56:49 <00010074:防排煙用中繼器:啟動控制:復歸>41F:偵煙4
0147 P 2015-07-06 09:56:42 <地區音響一齊鳴動 : 關閉>
0148 P 2015-07-06 09:56:42 <復歸>
0149 G 2015-07-06 09:55:36 <00010074:防排煙用中繼器:啟動控制中>41F:偵煙4
0150 P 2015-07-06 09:55:35 <地區音響一齊鳴動 : 開啟>
0151 R 2015-07-06 09:55:34 <00010011:定址火災發信機:火災報>41F:定址火警發信機
0152 P 2015-07-06 09:55:27 <串口通信異常:正常>
0153 P 2015-07-06 09:55:27 <串口通信異常:異常>
0154 P 2015-07-06 09:55:27 <串口通信異常:異常>
0155 P 2015-07-06 09:55:26 <備用電源未接:異常>
0156 P 2015-07-06 09:55:26 <內置打印機缺紙:異常>
0157 G 2015-07-06 09:55:25 <連線中>
0158 G 2015-07-06 09:55:18 <未連線>
0159 G 2015-07-06 09:55:18 <監控系統開始>
0160 G 2015-07-03 17:49:15 <未連線>
0161 G 2015-07-03 17:49:15 <監控系統開始>
0162 P 2015-07-03 11:38:10 <00010041:地址無應答:關>41F:熱類比
0163 P 2015-07-03 11:37:50 <00010021:地址無應答:關>41F:熱類比
0164 P 2015-07-03 11:36:46 <停電音響停止>
0165 P 2015-07-03 11:36:46 <蓄積??延全部解除>
0166 P 2015-07-03 11:36:46 <維護附屬音響停止>
0167 P 2015-07-03 11:36:46 <故障音響停止>
0168 P 2015-07-03 11:36:46 <維護主音響停止>
0169 P 2015-07-03 11:36:43 <00010041:差動定址用中繼器:無應答>41F:熱類比
0170 P 2015-07-03 11:36:42 <00010021:光電類比感知器:無應答>41F:熱類比
0171 P 2015-07-03 11:35:42 <串口通信異常:正常>
0172 G 2015-07-03 11:35:40 <連線中>
0173 G 2015-07-03 11:35:35 <未連線>
0174 G 2015-07-03 11:35:35 <監控系統開始>
0175 G 2015-07-03 11:32:26 <00010074:防排煙用中繼器:啟動控制:復歸>41F:偵煙4
0176 P 2015-07-03 11:32:18 <地區音響一齊鳴動 : 關閉>
0177 P 2015-07-03 11:32:18 <復歸>
0178 G 2015-07-03 11:32:03 <00010074:防排煙用中繼器:啟動控制中>41F:偵煙4
0179 P 2015-07-03 11:32:02 <地區音響一齊鳴動 : 開啟>
0180 R 2015-07-03 11:32:02 <00010011:定址火災發信機:火災報>41F:定址火警發信機
0181 P 2015-07-03 11:31:25 <停電音響停止>
0182 P 2015-07-03 11:31:25 <蓄積??延全部解除>
0183 P 2015-07-03 11:31:25 <維護附屬音響停止>
0184 P 2015-07-03 11:31:25 <故障音響停止>
0185 P 2015-07-03 11:31:25 <維護主音響停止>
0186 P 2015-07-03 11:31:22 <00010041:差動定址用中繼器:無應答>41F:熱類比
0187 P 2015-07-03 11:31:21 <00010021:光電類比感知器:無應答>41F:熱類比
0188 P 2015-07-03 11:30:21 <串口通信異常:正常>
0189 G 2015-07-03 11:30:20 <連線中>
0190 G 2015-07-03 11:30:14 <未連線>
0191 G 2015-07-03 11:30:14 <監控系統開始>
0192 G 2015-07-03 10:49:38 <00010074:防排煙用中繼器:啟動控制:復歸>41F:偵煙4
0193 P 2015-07-03 10:49:31 <地區音響一齊鳴動 : 關閉>
0194 P 2015-07-03 10:49:30 <復歸>
0195 G 2015-07-03 10:49:02 <00010074:防排煙用中繼器:啟動控制中>41F:偵煙4
0196 P 2015-07-03 10:49:01 <地區音響一齊鳴動 : 開啟>
0197 R 2015-07-03 10:49:01 <00010011:定址火災發信機:火災報>41F:定址火警發信機
0198 P 2015-07-03 10:47:00 <停電音響停止>
0199 P 2015-07-03 10:47:00 <蓄積??延全部解除>
0200 P 2015-07-03 10:47:00 <維護附屬音響停止>
0201 P 2015-07-03 10:47:00 <故障音響停止>
0202 P 2015-07-03 10:47:00 <維護主音響停止>
0203 P 2015-07-03 10:46:58 <00010041:差動定址用中繼器:無應答>41F:熱類比
0204 P 2015-07-03 10:46:56 <00010021:光電類比感知器:無應答>41F:熱類比
0205 P 2015-07-03 10:45:57 <串口通信異常:正常>
0206 P 2015-07-03 10:45:56 <串口通信異常:異常>
0207 G 2015-07-03 10:45:55 <連線中>
0208 G 2015-07-03 10:45:49 <未連線>
0209 G 2015-07-03 10:45:49 <監控系統開始>
0210 G 2015-07-03 10:36:11 <00010074:防排煙用中繼器:啟動控制:復歸>41F:偵煙4
0211 P 2015-07-03 10:36:03 <地區音響一齊鳴動 : 關閉>
0212 P 2015-07-03 10:36:03 <復歸>
0213 G 2015-07-03 10:35:52 <00010074:防排煙用中繼器:啟動控制中>41F:偵煙4
0214 P 2015-07-03 10:35:51 <地區音響一齊鳴動 : 開啟>
0215 R 2015-07-03 10:35:51 <00010011:定址火災發信機:火災報>41F:定址火警發信機
0216 P 2015-07-03 10:34:28 <復歸>
0217 P 2015-07-03 10:27:33 <00010041:地址無應答>41F:熱類比
0218 P 2015-07-03 10:27:32 <00010021:地址無應答>41F:熱類比
0219 P 2015-07-03 10:27:15 <串口通信異常:正常>
0220 P 2015-07-03 10:27:14 <串口通信異常:異常>
0221 P 2015-07-03 10:27:14 <串口通信異常:異常>
0222 P 2015-07-03 10:27:14 <備用電源未接:異常>
0223 P 2015-07-03 10:27:13 <內置打印機缺紙:異常>
0224 G 2015-07-03 10:27:12 <連線中>
0225 G 2015-07-03 10:27:03 <未連線>
0226 G 2015-07-03 10:27:02 <監控系統開始>
0227 B 2015-07-01 20:10:36 <00010101:監視用中繼器:動作>41F:熱類比
0228 P 2015-07-01 20:10:17 <串口通信異常:正常>
0229 G 2015-07-01 20:10:15 <連線中>
0230 G 2015-07-01 20:10:08 <未連線>
0231 G 2015-07-01 20:10:08 <監控系統開始>
0232 G 2015-07-01 18:36:33 <00010074:防排煙用中繼器:啟動控制:復歸>41F:偵煙4
0233 P 2015-07-01 18:36:26 <地區音響一齊鳴動 : 關閉>
0234 P 2015-07-01 18:36:26 <復歸>
0235 G 2015-07-01 16:48:03 <00010074:防排煙用中繼器:啟動控制中>41F:偵煙4
0236 P 2015-07-01 16:48:03 <地區音響一齊鳴動 : 開啟>
0237 R 2015-07-01 16:48:02 <00010011:定址火災發信機:火災報>41F:定址火警發信機
0238 P 2015-07-01 16:47:07 <停電音響停止>
0239 P 2015-07-01 16:47:07 <蓄積??延全部解除>
0240 P 2015-07-01 16:47:07 <維護附屬音響停止>
0241 P 2015-07-01 16:47:07 <故障音響停止>
0242 P 2015-07-01 16:47:07 <維護主音響停止>
0243 P 2015-07-01 16:47:04 <00010041:差動定址用中繼器:無應答>41F:熱類比
0244 P 2015-07-01 16:47:03 <00010021:光電類比感知器:無應答>41F:熱類比
0245 P 2015-07-01 16:46:03 <串口通信異常:正常>
0246 G 2015-07-01 16:46:01 <連線中>
0247 G 2015-07-01 16:45:55 <未連線>
0248 G 2015-07-01 16:45:55 <監控系統開始>
0249 P 2015-07-01 16:36:58 <停電音響停止>
0250 P 2015-07-01 16:36:58 <蓄積??延全部解除>
0251 P 2015-07-01 16:36:58 <維護附屬音響停止>
0252 P 2015-07-01 16:36:58 <故障音響停止>
0253 P 2015-07-01 16:36:58 <維護主音響停止>
0254 P 2015-07-01 16:36:55 <00010041:差動定址用中繼器:無應答>41F:熱類比
0255 P 2015-07-01 16:36:54 <00010021:光電類比感知器:無應答>41F:熱類比
0256 P 2015-07-01 16:35:54 <串口通信異常:正常>
0257 G 2015-07-01 16:35:53 <連線中>
0258 G 2015-07-01 16:35:47 <未連線>
0259 G 2015-07-01 16:35:47 <監控系統開始>
0260 P 2015-07-01 16:30:51 <停電音響停止>
0261 P 2015-07-01 16:30:51 <蓄積??延全部解除>
0262 P 2015-07-01 16:30:51 <維護附屬音響停止>
0263 P 2015-07-01 16:30:51 <故障音響停止>
0264 P 2015-07-01 16:30:51 <維護主音響停止>
0265 P 2015-07-01 16:30:48 <00010041:差動定址用中繼器:無應答>41F:熱類比
0266 P 2015-07-01 16:30:47 <00010021:光電類比感知器:無應答>41F:熱類比
0267 P 2015-07-01 16:29:47 <串口通信異常:正常>
0268 G 2015-07-01 16:29:46 <連線中>
0269 G 2015-07-01 16:29:40 <未連線>
0270 G 2015-07-01 16:29:39 <監控系統開始>
0271 P 2015-07-01 16:20:32 <00010041:地址無應答>41F:熱類比
0272 P 2015-07-01 16:20:31 <00010021:地址無應答>41F:熱類比
0273 P 2015-07-01 16:19:55 <串口通信異常:正常>
0274 P 2015-07-01 16:19:54 <串口通信異常:異常>
0275 P 2015-07-01 16:19:54 <串口通信異常:異常>
0276 P 2015-07-01 16:19:54 <備用電源未接:異常>
0277 P 2015-07-01 16:19:53 <內置打印機缺紙:異常>
0278 G 2015-07-01 16:19:52 <連線中>
0279 G 2015-07-01 16:19:46 <未連線>
0280 G 2015-07-01 16:19:46 <監控系統開始>
0281 P 2015-07-01 10:13:34 <00010041:地址無應答:關>41F:熱類比
0282 P 2015-07-01 10:13:14 <00010021:地址無應答:關>41F:熱類比
0283 P 2015-07-01 10:09:48 <串口通信異常:正常>
0284 P 2015-07-01 10:09:47 <串口通信異常:異常>
0285 P 2015-07-01 10:07:39 <停電音響停止>
0286 P 2015-07-01 10:07:39 <蓄積??延全部解除>
0287 P 2015-07-01 10:07:39 <維護附屬音響停止>
0288 P 2015-07-01 10:07:39 <故障音響停止>
0289 P 2015-07-01 10:07:39 <維護主音響停止>
0290 P 2015-07-01 10:07:36 <00010041:差動定址用中繼器:無應答>41F:熱類比
0291 P 2015-07-01 10:07:35 <00010021:光電類比感知器:無應答>41F:熱類比
0292 P 2015-07-01 10:06:35 <串口通信異常:正常>
0293 P 2015-07-01 10:06:35 <串口通信異常:異常>
0294 G 2015-07-01 10:06:34 <連線中>
0295 G 2015-07-01 10:06:28 <未連線>
0296 G 2015-07-01 10:06:28 <監控系統開始>
0297 P 2015-07-01 09:52:01 <串口通信異常:正常>
0298 P 2015-07-01 09:52:01 <串口通信異常:異常>
0299 P 2015-07-01 09:51:33 <00010041:地址無應答>41F:熱類比
0300 P 2015-07-01 09:51:15 <00010021:地址無應答>41F:熱類比
0301 P 2015-07-01 09:51:05 <停電音響停止>
0302 P 2015-07-01 09:51:05 <蓄積??延全部解除>
0303 P 2015-07-01 09:51:05 <維護附屬音響停止>
0304 P 2015-07-01 09:51:04 <故障音響停止>
0305 P 2015-07-01 09:51:04 <維護主音響停止>
0306 P 2015-07-01 09:50:05 <串口通信異常:正常>
0307 P 2015-07-01 09:50:04 <串口通信異常:異常>
0308 P 2015-07-01 09:50:04 <串口通信異常:異常>
0309 P 2015-07-01 09:50:04 <備用電源未接:異常>
0310 P 2015-07-01 09:50:03 <內置打印機缺紙:異常>
0311 G 2015-07-01 09:50:02 <連線中>
0312 G 2015-07-01 09:49:56 <未連線>
0313 G 2015-07-01 09:49:56 <監控系統開始>
0314 P 2015-06-30 15:59:01 <串口通信異常:正常>
0315 P 2015-06-30 15:59:00 <串口通信異常:異常>
0316 P 2015-06-30 15:58:59 <串口通信異常:正常>
0317 P 2015-06-30 15:58:50 <串口通信異常:異常>
0318 B 2015-06-30 14:55:25 <動作>41F:熱類比
0319 B 2015-06-30 14:55:25 <00010073:防排煙用中繼器:關閉>41F:熱類比
0320 B 2015-06-30 14:55:23 <動作>41F:熱類比
0321 B 2015-06-30 14:55:23 <00010072:防排煙用中繼器:關閉>41F:熱類比
0322 G 2015-06-30 14:55:22 <00010073:防排煙用中繼器:啟動控制:復歸>41F:熱類比
0323 G 2015-06-30 14:55:21 <00010072:防排煙用中繼器:啟動控制:復歸>41F:熱類比
0324 P 2015-06-30 14:55:13 <復歸>
0325 B 2015-06-30 14:39:44 <00010073:防排煙用中繼器:動作>41F:熱類比
0326 B 2015-06-30 14:39:42 <00010072:防排煙用中繼器:動作>41F:熱類比
0327 B 2015-06-30 14:39:41 <動作>41F:熱類比
0328 B 2015-06-30 14:39:41 <00010073:防排煙用中繼器:關閉>41F:熱類比
0329 B 2015-06-30 14:39:40 <動作>41F:熱類比
0330 B 2015-06-30 14:39:40 <00010072:防排煙用中繼器:關閉>41F:熱類比
0331 B 2015-06-30 14:39:39 <動作>41F:熱類比
0332 B 2015-06-30 14:39:39 <00010071:防排煙用中繼器:關閉>41F:熱類比
0333 G 2015-06-30 14:39:38 <00010073:防排煙用中繼器:啟動控制中>41F:熱類比
0334 G 2015-06-30 14:39:36 <00010072:防排煙用中繼器:啟動控制中>41F:熱類比
0335 G 2015-06-30 14:39:35 <00010074:防排煙用中繼器:啟動控制:復歸>41F:偵煙4
0336 G 2015-06-30 14:39:34 <00010073:防排煙用中繼器:啟動控制:復歸>41F:熱類比
0337 G 2015-06-30 14:39:33 <00010072:防排煙用中繼器:啟動控制:復歸>41F:熱類比
0338 G 2015-06-30 14:39:31 <00010071:防排煙用中繼器:啟動控制:復歸>41F:熱類比
0339 P 2015-06-30 14:39:19 <復歸>
0340 B 2015-06-30 14:33:22 <00010073:防排煙用中繼器:動作>41F:熱類比
0341 B 2015-06-30 14:33:19 <00010072:防排煙用中繼器:動作>41F:熱類比
0342 G 2015-06-30 14:33:17 <00010073:防排煙用中繼器:啟動控制中>41F:熱類比
0343 G 2015-06-30 14:33:16 <00010072:防排煙用中繼器:啟動控制中>41F:熱類比
0344 B 2015-06-30 14:33:15 <00010071:防排煙用中繼器:動作>41F:熱類比
0345 G 2015-06-30 14:33:12 <00010071:防排煙用中繼器:啟動控制中>41F:熱類比
0346 G 2015-06-30 14:33:11 <00010074:防排煙用中繼器:啟動控制中>41F:偵煙4
0347 R 2015-06-30 14:33:10 <00010021:光電類比感知器:火災:開啟>41F:熱類比
0348 R 2015-06-30 14:33:10 <00010021:光電類比感知器:注意:開啟>41F:熱類比
0349 P 2015-06-30 14:27:28 <停電音響停止>
0350 P 2015-06-30 14:27:28 <蓄積??延全部解除>
0351 P 2015-06-30 14:27:28 <維護附屬音響停止>
0352 P 2015-06-30 14:27:28 <故障音響停止>
0353 P 2015-06-30 14:27:28 <維護主音響停止>
0354 P 2015-06-30 14:26:28 <串口通信異常:正常>
0355 G 2015-06-30 14:26:26 <連線中>
0356 G 2015-06-30 14:26:19 <未連線>
0357 G 2015-06-30 14:26:19 <監控系統開始>
0358 G 2015-06-30 14:20:37 <00010074:防排煙用中繼器:啟動控制:復歸>41F:偵煙4
0359 P 2015-06-30 14:20:29 <地區音響一齊鳴動 : 關閉>
0360 P 2015-06-30 14:20:29 <復歸>
0361 G 2015-06-30 14:20:12 <00010074:防排煙用中繼器:啟動控制中>41F:偵煙4
0362 P 2015-06-30 14:20:11 <地區音響一齊鳴動 : 開啟>
0363 R 2015-06-30 14:20:11 <00010011:定址火災發信機:火災報>41F:定址火警發信機
0364 P 2015-06-30 14:19:48 <串口通信異常:正常>
0365 G 2015-06-30 14:19:47 <連線中>
0366 G 2015-06-30 14:19:41 <未連線>
0367 G 2015-06-30 14:19:40 <監控系統開始>
0368 P 2015-06-30 14:17:04 <停電音響停止>
0369 P 2015-06-30 14:17:04 <蓄積??延全部解除>
0370 P 2015-06-30 14:17:04 <維護附屬音響停止>
0371 P 2015-06-30 14:17:04 <故障音響停止>
0372 P 2015-06-30 14:17:04 <維護主音響停止>
0373 P 2015-06-30 14:16:04 <串口通信異常:正常>
0374 P 2015-06-30 14:16:03 <串口通信異常:異常>
0375 G 2015-06-30 14:16:02 <連線中>
0376 G 2015-06-30 14:15:56 <未連線>
0377 G 2015-06-30 14:15:56 <監控系統開始>
0378 P 2015-06-30 14:12:57 <串口通信異常:正常>
0379 G 2015-06-30 14:12:56 <連線中>
0380 G 2015-06-30 14:12:50 <未連線>
0381 G 2015-06-30 14:12:50 <監控系統開始>
0382 P 2015-06-30 14:09:07 <串口通信異常:正常>
0383 P 2015-06-30 14:09:04 <串口通信異常:異常>
0384 P 2015-06-30 14:08:52 <串口通信異常:正常>
0385 P 2015-06-30 14:08:49 <串口通信異常:異常>
0386 P 2015-06-30 14:08:41 <串口通信異常:正常>
0387 P 2015-06-30 14:08:41 <串口通信異常:異常>
0388 P 2015-06-30 14:08:20 <串口通信異常:正常>
0389 P 2015-06-30 14:08:20 <00010041:地址無應答:關>41F:熱類比
0390 P 2015-06-30 14:08:18 <00010031:地址無應答:關>41F:煙類比
0391 P 2015-06-30 14:08:18 <00010041:地址無應答>41F:熱類比
0392 P 2015-06-30 14:08:17 <00010031:地址無應答>41F:煙類比
0393 P 2015-06-30 14:08:12 <串口通信異常:異常>
0394 P 2015-06-30 14:08:11 <串口通信異常:異常>
0395 P 2015-06-30 14:08:11 <備用電源未接:異常>
0396 P 2015-06-30 14:08:10 <內置打印機缺紙:異常>
0397 G 2015-06-30 14:08:05 <連線中>
0398 G 2015-06-30 14:07:59 <未連線>
0399 G 2015-06-30 14:07:59 <監控系統開始>
0400 G 2015-06-29 14:11:47 <00010074:防排煙用中繼器:啟動控制:復歸>41F:偵煙4
0401 P 2015-06-29 14:11:40 <地區音響一齊鳴動 : 關閉>
0402 P 2015-06-29 14:11:40 <復歸>
0403 G 2015-06-29 14:11:23 <00010074:防排煙用中繼器:啟動控制中>41F:偵煙4
0404 P 2015-06-29 14:11:22 <地區音響一齊鳴動 : 開啟>
0405 R 2015-06-29 14:11:21 <00010011:定址火災發信機:火災報>41F:定址火警發信機
0406 P 2015-06-29 14:11:03 <串口通信異常:正常>
0407 P 2015-06-29 14:11:03 <串口通信異常:異常>
0408 G 2015-06-29 14:11:02 <連線中>
0409 G 2015-06-29 14:10:50 <未連線>
0410 G 2015-06-29 14:10:50 <監控系統開始>
0411 B 2015-06-29 14:01:01 <動作>41F:熱類比
0412 B 2015-06-29 14:01:01 <00010073:防排煙用中繼器:關閉>41F:熱類比
0413 B 2015-06-29 14:01:00 <動作>41F:熱類比
0414 B 2015-06-29 14:01:00 <00010072:防排煙用中繼器:關閉>41F:熱類比
0415 G 2015-06-29 14:00:58 <00010073:防排煙用中繼器:啟動控制:復歸>41F:熱類比
0416 G 2015-06-29 14:00:57 <00010072:防排煙用中繼器:啟動控制:復歸>41F:熱類比
0417 P 2015-06-29 14:00:49 <復歸>
0418 B 2015-06-29 14:00:39 <00010073:防排煙用中繼器:動作>41F:熱類比
0419 B 2015-06-29 14:00:38 <00010072:防排煙用中繼器:動作>41F:熱類比
0420 B 2015-06-29 14:00:37 <動作>41F:熱類比
0421 B 2015-06-29 14:00:36 <00010073:防排煙用中繼器:關閉>41F:熱類比
0422 B 2015-06-29 14:00:35 <動作>41F:熱類比
0423 B 2015-06-29 14:00:35 <00010072:防排煙用中繼器:關閉>41F:熱類比
0424 B 2015-06-29 14:00:34 <動作>41F:熱類比
0425 B 2015-06-29 14:00:34 <00010071:防排煙用中繼器:關閉>41F:熱類比
0426 G 2015-06-29 14:00:33 <00010073:防排煙用中繼器:啟動控制中>41F:熱類比
0427 G 2015-06-29 14:00:32 <00010072:防排煙用中繼器:啟動控制中>41F:熱類比
0428 G 2015-06-29 14:00:30 <00010074:防排煙用中繼器:啟動控制:復歸>41F:偵煙4
0429 G 2015-06-29 14:00:29 <00010073:防排煙用中繼器:啟動控制:復歸>41F:熱類比
0430 G 2015-06-29 14:00:28 <00010072:防排煙用中繼器:啟動控制:復歸>41F:熱類比
0431 G 2015-06-29 14:00:27 <00010071:防排煙用中繼器:啟動控制:復歸>41F:熱類比
0432 P 2015-06-29 14:00:15 <復歸>
0433 P 2015-06-29 13:59:56 <停電音響停止>
0434 P 2015-06-29 13:59:56 <蓄積??延全部解除>
0435 P 2015-06-29 13:59:56 <維護附屬音響停止>
0436 P 2015-06-29 13:59:56 <故障音響停止>
0437 P 2015-06-29 13:59:56 <維護主音響停止>
0438 G 2015-06-29 13:59:54 <00010074:防排煙用中繼器:動作>41F:偵煙4
0439 B 2015-06-29 13:59:53 <00010073:防排煙用中繼器:動作>41F:熱類比
0440 B 2015-06-29 13:59:53 <00010072:防排煙用中繼器:動作>41F:熱類比
0441 B 2015-06-29 13:59:53 <00010071:防排煙用中繼器:動作>41F:熱類比
0442 R 2015-06-29 13:59:51 <00010021:光電類比感知器:火災報>41F:熱類比
0443 P 2015-06-29 13:58:51 <串口通信異常:正常>
0444 G 2015-06-29 13:58:50 <連線中>
0445 G 2015-06-29 13:58:43 <未連線>
0446 G 2015-06-29 13:58:43 <監控系統開始>
0447 G 2015-06-29 13:58:43 <監控系統結束>
0448 P 2015-06-29 13:34:15 <停電音響停止>
0449 P 2015-06-29 13:34:14 <蓄積??延全部解除>
0450 P 2015-06-29 13:34:14 <維護附屬音響停止>
0451 P 2015-06-29 13:34:14 <故障音響停止>
0452 P 2015-06-29 13:34:14 <維護主音響停止>
0453 P 2015-06-29 13:33:13 <串口通信異常:正常>
0454 P 2015-06-29 13:33:13 <串口通信異常:異常>
0455 G 2015-06-29 13:33:12 <連線中>
0456 G 2015-06-29 13:33:02 <未連線>
0457 G 2015-06-29 13:33:02 <監控系統開始>
0458 G 2015-06-29 13:30:59 <未連線>
0459 G 2015-06-29 13:30:59 <監控系統開始>
0460 P 2015-06-29 13:27:34 <串口通信異常:正常>
0461 P 2015-06-29 13:27:34 <串口通信異常:異常>
0462 G 2015-06-29 13:27:33 <連線中>
0463 G 2015-06-29 13:27:27 <未連線>
0464 G 2015-06-29 13:27:27 <監控系統開始>
0465 G 2015-06-29 13:27:27 <監控系統結束>
0466 G 2015-06-29 13:27:21 <未連線>
0467 G 2015-06-29 13:27:21 <監控系統開始>
0468 G 2015-06-29 13:27:21 <監控系統結束>
0469 G 2015-06-29 13:27:11 <未連線>
0470 G 2015-06-29 13:27:11 <監控系統開始>
0471 G 2015-06-29 13:27:11 <監控系統結束>
0472 G 2015-06-29 13:27:06 <未連線>
0473 G 2015-06-29 13:27:05 <監控系統開始>
0474 G 2015-06-29 13:23:31 <未連線>
0475 G 2015-06-29 13:23:31 <監控系統開始>
0476 G 2015-06-29 13:19:26 <未連線>
0477 G 2015-06-29 13:19:26 <監控系統開始>
0478 G 2015-06-29 13:16:01 <未連線>
0479 G 2015-06-29 13:16:01 <監控系統開始>
0480 G 2015-06-29 13:16:01 <監控系統結束>
0481 G 2015-06-29 13:15:58 <未連線>
0482 G 2015-06-29 13:15:58 <監控系統開始>
0483 G 2015-06-29 13:13:50 <未連線>
0484 G 2015-06-29 13:13:50 <監控系統開始>
0485 G 2015-06-29 13:10:23 <未連線>
0486 G 2015-06-29 13:10:23 <監控系統開始>
0487 G 2015-06-29 13:10:23 <監控系統結束>
0488 G 2015-06-29 13:10:14 <未連線>
0489 G 2015-06-29 13:10:14 <監控系統開始>
0490 G 2015-06-29 13:10:13 <監控系統結束>
0491 G 2015-06-29 13:10:02 <未連線>
0492 G 2015-06-29 13:10:02 <監控系統開始>
0493 G 2015-06-29 13:05:52 <未連線>
0494 G 2015-06-29 13:05:52 <監控系統開始>
0495 G 2015-06-29 13:05:52 <監控系統結束>
0496 G 2015-06-29 13:05:37 <未連線>
0497 G 2015-06-29 13:05:37 <監控系統開始>
0498 G 2015-06-29 13:05:37 <監控系統結束>
0499 G 2015-06-29 13:05:23 <未連線>
0500 G 2015-06-29 13:05:23 <監控系統開始>
0501 G 2015-06-29 13:05:23 <監控系統結束>
0502 G 2015-06-29 13:05:10 <未連線>
0503 G 2015-06-29 13:05:10 <監控系統開始>
0504 G 2015-06-29 13:04:46 <未連線>
0505 G 2015-06-29 13:04:46 <監控系統開始>
0506 G 2015-06-29 13:04:46 <監控系統結束>
0507 G 2015-06-29 13:04:19 <未連線>
0508 G 2015-06-29 13:04:19 <監控系統開始>
0509 G 2015-06-29 13:04:19 <監控系統結束>
0510 G 2015-06-29 13:04:03 <連線中>
0511 G 2015-06-29 13:03:50 <未連線>
0512 G 2015-06-29 13:03:50 <監控系統開始>
0513 G 2015-06-29 13:01:50 <未連線>
0514 G 2015-06-29 13:01:50 <監控系統開始>
0515 G 2015-06-29 13:01:49 <監控系統結束>
0516 P 2015-06-29 12:58:29 <停電音響停止>
0517 P 2015-06-29 12:58:29 <蓄積??延全部解除>
0518 P 2015-06-29 12:58:29 <維護附屬音響停止>
0519 P 2015-06-29 12:58:29 <故障音響停止>
0520 P 2015-06-29 12:58:29 <維護主音響停止>
0521 P 2015-06-29 12:57:29 <串口通信異常:正常>
0522 P 2015-06-29 12:57:28 <串口通信異常:異常>
0523 G 2015-06-29 12:57:27 <連線中>
0524 G 2015-06-29 12:57:21 <未連線>
0525 G 2015-06-29 12:57:21 <監控系統開始>
0526 G 2015-06-29 12:57:21 <監控系統結束>
0527 P 2015-06-29 12:56:43 <串口通信異常:正常>
0528 G 2015-06-29 12:56:42 <連線中>
0529 G 2015-06-29 12:56:35 <未連線>
0530 G 2015-06-29 12:56:35 <監控系統開始>
0531 G 2015-06-29 12:56:34 <監控系統結束>
0532 P 2015-06-29 12:56:08 <復歸>
0533 G 2015-06-29 12:55:27 <00010074:防排煙用中繼器:啟動控制:復歸>41F:偵煙4
0534 P 2015-06-29 12:55:20 <地區音響一齊鳴動 : 關閉>
0535 P 2015-06-29 12:55:19 <復歸>
0536 P 2015-06-29 12:53:16 <停電音響停止>
0537 P 2015-06-29 12:53:16 <蓄積??延全部解除>
0538 P 2015-06-29 12:53:16 <維護附屬音響停止>
0539 P 2015-06-29 12:53:15 <故障音響停止>
0540 P 2015-06-29 12:53:15 <維護主音響停止>
0541 G 2015-06-29 12:53:13 <00010074:防排煙用中繼器:動作>41F:偵煙4
0542 B 2015-06-29 12:53:12 <00010011:定址火災發信機:動作>41F:定址火警發信機
0543 P 2015-06-29 12:52:12 <串口通信異常:正常>
0544 G 2015-06-29 12:52:10 <連線中>
0545 G 2015-06-29 12:51:58 <未連線>
0546 G 2015-06-29 12:51:58 <監控系統開始>
0547 P 2015-06-29 11:44:14 <串口通信異常:正常>
0548 P 2015-06-29 11:44:14 <串口通信異常:異常>
0549 G 2015-06-29 11:44:13 <連線中>
0550 G 2015-06-29 11:44:07 <未連線>
0551 G 2015-06-29 11:44:07 <監控系統開始>
0552 G 2015-06-29 11:44:07 <監控系統結束>
0553 G 2015-06-29 11:43:34 <00010074:防排煙用中繼器:啟動控制中>41F:偵煙4
0554 P 2015-06-29 11:43:33 <地區音響一齊鳴動 : 開啟>
0555 R 2015-06-29 11:43:33 <00010011:定址火災發信機:火災報>41F:定址火警發信機
0556 P 2015-06-29 11:43:12 <串口通信異常:正常>
0557 P 2015-06-29 11:43:11 <串口通信異常:異常>
0558 G 2015-06-29 11:43:10 <連線中>
0559 G 2015-06-29 11:43:01 <未連線>
0560 G 2015-06-29 11:43:01 <監控系統開始>
0561 B 2015-06-29 11:42:08 <動作>41F:熱類比
0562 B 2015-06-29 11:42:08 <00010073:防排煙用中繼器:關閉>41F:熱類比
0563 B 2015-06-29 11:42:07 <動作>41F:熱類比
0564 B 2015-06-29 11:42:07 <00010072:防排煙用中繼器:關閉>41F:熱類比
0565 G 2015-06-29 11:42:06 <00010073:防排煙用中繼器:啟動控制:復歸>41F:熱類比
0566 G 2015-06-29 11:42:05 <00010072:防排煙用中繼器:啟動控制:復歸>41F:熱類比
0567 P 2015-06-29 11:41:57 <復歸>
0568 B 2015-06-29 11:40:52 <00010073:防排煙用中繼器:動作>41F:熱類比
0569 B 2015-06-29 11:40:51 <00010072:防排煙用中繼器:動作>41F:熱類比
0570 B 2015-06-29 11:40:50 <動作>41F:熱類比
0571 B 2015-06-29 11:40:50 <00010073:防排煙用中繼器:關閉>41F:熱類比
0572 B 2015-06-29 11:40:49 <動作>41F:熱類比
0573 B 2015-06-29 11:40:49 <00010072:防排煙用中繼器:關閉>41F:熱類比
0574 B 2015-06-29 11:40:47 <動作>41F:熱類比
0575 B 2015-06-29 11:40:47 <00010071:防排煙用中繼器:關閉>41F:熱類比
0576 G 2015-06-29 11:40:46 <00010073:防排煙用中繼器:啟動控制中>41F:熱類比
0577 G 2015-06-29 11:40:45 <00010072:防排煙用中繼器:啟動控制中>41F:熱類比
0578 G 2015-06-29 11:40:44 <00010074:防排煙用中繼器:啟動控制:復歸>41F:偵煙4
0579 G 2015-06-29 11:40:43 <00010073:防排煙用中繼器:啟動控制:復歸>41F:熱類比
0580 G 2015-06-29 11:40:41 <00010072:防排煙用中繼器:啟動控制:復歸>41F:熱類比
0581 G 2015-06-29 11:40:40 <00010071:防排煙用中繼器:啟動控制:復歸>41F:熱類比
0582 P 2015-06-29 11:40:28 <復歸>
0583 P 2015-06-29 11:40:12 <停電音響停止>
0584 P 2015-06-29 11:40:12 <蓄積??延全部解除>
0585 P 2015-06-29 11:40:12 <維護附屬音響停止>
0586 P 2015-06-29 11:40:12 <故障音響停止>
0587 P 2015-06-29 11:40:12 <維護主音響停止>
0588 G 2015-06-29 11:40:10 <00010074:防排煙用中繼器:動作>41F:偵煙4
0589 B 2015-06-29 11:40:10 <00010073:防排煙用中繼器:動作>41F:熱類比
0590 B 2015-06-29 11:40:10 <00010072:防排煙用中繼器:動作>41F:熱類比
0591 B 2015-06-29 11:40:09 <00010071:防排煙用中繼器:動作>41F:熱類比
0592 R 2015-06-29 11:40:08 <00010021:光電類比感知器:火災報>41F:熱類比
0593 P 2015-06-29 11:39:09 <串口通信異常:正常>
0594 P 2015-06-29 11:39:08 <串口通信異常:異常>
0595 G 2015-06-29 11:39:07 <連線中>
0596 G 2015-06-29 11:39:00 <未連線>
0597 G 2015-06-29 11:39:00 <監控系統開始>
0598 G 2015-06-29 11:39:00 <監控系統結束>
0599 P 2015-06-29 11:38:33 <串口通信異常:正常>
0600 B 2015-06-29 11:38:33 <00010073:防排煙用中繼器:動作>41F:熱類比
0601 B 2015-06-29 11:38:32 <00010072:防排煙用中繼器:動作>41F:熱類比
0602 G 2015-06-29 11:38:32 <00010073:防排煙用中繼器:啟動控制中>41F:熱類比
0603 G 2015-06-29 11:38:32 <00010072:防排煙用中繼器:啟動控制中>41F:熱類比
0604 B 2015-06-29 11:38:32 <00010071:防排煙用中繼器:動作>41F:熱類比
0605 G 2015-06-29 11:38:32 <00010071:防排煙用中繼器:啟動控制中>41F:熱類比
0606 G 2015-06-29 11:38:31 <00010074:防排煙用中繼器:啟動控制中>41F:偵煙4
0607 R 2015-06-29 11:38:31 <00010021:光電類比感知器:火災:開啟>41F:熱類比
0608 R 2015-06-29 11:38:31 <00010021:光電類比感知器:注意:開啟>41F:熱類比
0609 P 2015-06-29 11:38:30 <串口通信異常:異常>
0610 P 2015-06-29 11:38:30 <串口通信異常:正常>
0611 P 2015-06-29 11:38:30 <串口通信異常:異常>
0612 G 2015-06-29 11:38:29 <連線中>
0613 G 2015-06-29 11:38:23 <未連線>
0614 G 2015-06-29 11:38:23 <監控系統開始>
0615 B 2015-06-29 11:22:50 <動作>41F:熱類比
0616 B 2015-06-29 11:22:50 <00010073:防排煙用中繼器:關閉>41F:熱類比
0617 B 2015-06-29 11:22:48 <動作>41F:熱類比
0618 B 2015-06-29 11:22:48 <00010072:防排煙用中繼器:關閉>41F:熱類比
0619 G 2015-06-29 11:22:47 <00010073:防排煙用中繼器:啟動控制:復歸>41F:熱類比
0620 G 2015-06-29 11:22:46 <00010072:防排煙用中繼器:啟動控制:復歸>41F:熱類比
0621 P 2015-06-29 11:22:38 <復歸>
0622 B 2015-06-29 11:21:21 <00010073:防排煙用中繼器:動作>41F:熱類比
0623 B 2015-06-29 11:21:19 <00010072:防排煙用中繼器:動作>41F:熱類比
0624 B 2015-06-29 11:21:18 <動作>41F:熱類比
0625 B 2015-06-29 11:21:18 <00010073:防排煙用中繼器:關閉>41F:熱類比
0626 B 2015-06-29 11:21:17 <動作>41F:熱類比
0627 B 2015-06-29 11:21:17 <00010072:防排煙用中繼器:關閉>41F:熱類比
0628 B 2015-06-29 11:21:16 <動作>41F:熱類比
0629 B 2015-06-29 11:21:16 <00010071:防排煙用中繼器:關閉>41F:熱類比
0630 G 2015-06-29 11:21:14 <00010073:防排煙用中繼器:啟動控制中>41F:熱類比
0631 G 2015-06-29 11:21:13 <00010072:防排煙用中繼器:啟動控制中>41F:熱類比
0632 G 2015-06-29 11:21:12 <00010074:防排煙用中繼器:啟動控制:復歸>41F:偵煙4
0633 G 2015-06-29 11:21:11 <00010073:防排煙用中繼器:啟動控制:復歸>41F:熱類比
0634 G 2015-06-29 11:21:10 <00010072:防排煙用中繼器:啟動控制:復歸>41F:熱類比
0635 G 2015-06-29 11:21:08 <00010071:防排煙用中繼器:啟動控制:復歸>41F:熱類比
0636 P 2015-06-29 11:20:56 <復歸>
0637 P 2015-06-29 11:20:29 <停電音響停止>
0638 P 2015-06-29 11:20:29 <蓄積??延全部解除>
0639 P 2015-06-29 11:20:29 <維護附屬音響停止>
0640 P 2015-06-29 11:20:29 <故障音響停止>
0641 P 2015-06-29 11:20:29 <維護主音響停止>
0642 G 2015-06-29 11:20:27 <00010074:防排煙用中繼器:動作>41F:偵煙4
0643 B 2015-06-29 11:20:27 <00010073:防排煙用中繼器:動作>41F:熱類比
0644 B 2015-06-29 11:20:27 <00010072:防排煙用中繼器:動作>41F:熱類比
0645 B 2015-06-29 11:20:27 <00010071:防排煙用中繼器:動作>41F:熱類比
0646 R 2015-06-29 11:20:25 <00010021:光電類比感知器:火災報>41F:熱類比
0647 P 2015-06-29 11:19:26 <串口通信異常:正常>
0648 G 2015-06-29 11:19:24 <連線中>
0649 G 2015-06-29 11:19:16 <未連線>
0650 G 2015-06-29 11:19:16 <監控系統開始>
0651 G 2015-06-29 11:19:16 <監控系統結束>
0652 P 2015-06-29 11:17:52 <串口通信異常:正常>
0653 P 2015-06-29 11:17:51 <串口通信異常:異常>
0654 G 2015-06-29 11:17:50 <連線中>
0655 G 2015-06-29 11:17:45 <未連線>
0656 G 2015-06-29 11:17:44 <監控系統開始>
0657 G 2015-06-29 10:55:15 <00010074:防排煙用中繼器:啟動控制:復歸>41F:偵煙4
0658 P 2015-06-29 10:55:08 <地區音響一齊鳴動 : 關閉>
0659 P 2015-06-29 10:55:08 <復歸>
0660 G 2015-06-29 10:55:01 <00010074:防排煙用中繼器:啟動控制中>41F:偵煙4
0661 P 2015-06-29 10:55:00 <地區音響一齊鳴動 : 開啟>
0662 R 2015-06-29 10:55:00 <00010011:定址火災發信機:火災報>41F:定址火警發信機
0663 B 2015-06-29 10:54:19 <動作>41F:熱類比
0664 B 2015-06-29 10:54:19 <00010073:防排煙用中繼器:關閉>41F:熱類比
0665 B 2015-06-29 10:54:18 <動作>41F:熱類比
0666 B 2015-06-29 10:54:18 <00010072:防排煙用中繼器:關閉>41F:熱類比
0667 G 2015-06-29 10:54:17 <00010073:防排煙用中繼器:啟動控制:復歸>41F:熱類比
0668 G 2015-06-29 10:54:16 <00010072:防排煙用中繼器:啟動控制:復歸>41F:熱類比
0669 P 2015-06-29 10:54:08 <復歸>
0670 P 2015-06-29 10:52:24 <停電音響停止>
0671 P 2015-06-29 10:52:24 <蓄積??延全部解除>
0672 P 2015-06-29 10:52:24 <維護附屬音響停止>
0673 P 2015-06-29 10:52:24 <故障音響停止>
0674 P 2015-06-29 10:52:24 <維護主音響停止>
0675 B 2015-06-29 10:52:21 <00010073:防排煙用中繼器:動作>41F:熱類比
0676 B 2015-06-29 10:52:21 <00010072:防排煙用中繼器:動作>41F:熱類比
0677 P 2015-06-29 10:51:21 <串口通信異常:正常>
0678 G 2015-06-29 10:51:20 <連線中>
0679 G 2015-06-29 10:51:13 <未連線>
0680 G 2015-06-29 10:51:13 <監控系統開始>
0681 G 2015-06-29 10:51:13 <監控系統結束>
0682 B 2015-06-29 10:46:41 <00010073:防排煙用中繼器:動作>41F:熱類比
0683 B 2015-06-29 10:46:40 <00010072:防排煙用中繼器:動作>41F:熱類比
0684 B 2015-06-29 10:46:39 <動作>41F:熱類比
0685 B 2015-06-29 10:46:39 <00010073:防排煙用中繼器:關閉>41F:熱類比
0686 B 2015-06-29 10:46:38 <動作>41F:熱類比
0687 B 2015-06-29 10:46:38 <00010072:防排煙用中繼器:關閉>41F:熱類比
0688 B 2015-06-29 10:46:36 <動作>41F:熱類比
0689 B 2015-06-29 10:46:36 <00010071:防排煙用中繼器:關閉>41F:熱類比
0690 G 2015-06-29 10:46:35 <00010073:防排煙用中繼器:啟動控制中>41F:熱類比
0691 G 2015-06-29 10:46:34 <00010072:防排煙用中繼器:啟動控制中>41F:熱類比
0692 G 2015-06-29 10:46:33 <00010074:防排煙用中繼器:啟動控制:復歸>41F:偵煙4
0693 G 2015-06-29 10:46:31 <00010073:防排煙用中繼器:啟動控制:復歸>41F:熱類比
0694 G 2015-06-29 10:46:30 <00010072:防排煙用中繼器:啟動控制:復歸>41F:熱類比
0695 G 2015-06-29 10:46:29 <00010071:防排煙用中繼器:啟動控制:復歸>41F:熱類比
0696 P 2015-06-29 10:46:17 <復歸>
0697 B 2015-06-29 10:45:01 <00010073:防排煙用中繼器:動作>41F:熱類比
0698 B 2015-06-29 10:44:59 <00010072:防排煙用中繼器:動作>41F:熱類比
0699 G 2015-06-29 10:44:57 <00010073:防排煙用中繼器:啟動控制中>41F:熱類比
0700 G 2015-06-29 10:44:57 <00010072:防排煙用中繼器:啟動控制中>41F:熱類比
0701 B 2015-06-29 10:44:56 <00010071:防排煙用中繼器:動作>41F:熱類比
0702 G 2015-06-29 10:44:53 <00010071:防排煙用中繼器:啟動控制中>41F:熱類比
0703 G 2015-06-29 10:44:51 <00010074:防排煙用中繼器:啟動控制中>41F:偵煙4
0704 R 2015-06-29 10:44:50 <00010021:光電類比感知器:火災:開啟>41F:熱類比
0705 R 2015-06-29 10:44:50 <00010021:光電類比感知器:注意:開啟>41F:熱類比
0706 P 2015-06-29 10:44:10 <串口通信異常:正常>
0707 G 2015-06-29 10:44:08 <連線中>
0708 G 2015-06-29 10:44:03 <未連線>
0709 G 2015-06-29 10:44:03 <監控系統開始>
0710 P 2015-06-29 10:21:02 <停電音響停止>
0711 P 2015-06-29 10:21:02 <蓄積??延全部解除>
0712 P 2015-06-29 10:21:02 <維護附屬音響停止>
0713 P 2015-06-29 10:21:02 <故障音響停止>
0714 P 2015-06-29 10:21:02 <維護主音響停止>
0715 P 2015-06-29 10:20:00 <串口通信異常:正常>
0716 P 2015-06-29 10:20:00 <串口通信異常:異常>
0717 G 2015-06-29 10:19:59 <連線中>
0718 G 2015-06-29 10:19:53 <未連線>
0719 G 2015-06-29 10:19:53 <監控系統開始>
0720 P 2015-06-29 10:17:06 <停電音響停止>
0721 P 2015-06-29 10:17:06 <蓄積??延全部解除>
0722 P 2015-06-29 10:17:06 <維護附屬音響停止>
0723 P 2015-06-29 10:17:05 <故障音響停止>
0724 P 2015-06-29 10:17:05 <維護主音響停止>
0725 P 2015-06-29 10:16:05 <串口通信異常:正常>
0726 P 2015-06-29 10:16:05 <串口通信異常:異常>
0727 P 2015-06-29 10:16:05 <串口通信異常:異常>
0728 P 2015-06-29 10:16:04 <備用電源未接:異常>
0729 P 2015-06-29 10:16:04 <內置打印機缺紙:異常>
0730 G 2015-06-29 10:16:03 <連線中>
0731 G 2015-06-29 10:15:58 <未連線>
0732 G 2015-06-29 10:15:58 <監控系統開始>
0733 G 2015-06-29 09:32:42 <未連線>
0734 G 2015-06-29 09:32:42 <監控系統開始>
0735 G 2015-06-29 09:26:29 <未連線>
0736 G 2015-06-29 09:26:29 <監控系統開始>
0737 G 2015-06-29 09:22:21 <未連線>
0738 G 2015-06-29 09:22:21 <監控系統開始>
0739 G 2015-06-29 09:05:18 <未連線>
0740 G 2015-06-29 09:05:18 <監控系統開始>
0741 G 2015-06-29 08:59:27 <未連線>
0742 G 2015-06-29 08:59:27 <監控系統開始>
0743 G 2015-06-29 08:52:19 <未連線>
0744 G 2015-06-29 08:52:18 <監控系統開始>
0745 G 2015-06-29 08:43:56 <未連線>
0746 G 2015-06-29 08:43:56 <監控系統開始>
0747 G 2015-06-28 21:05:43 <未連線>
0748 G 2015-06-28 21:05:43 <監控系統開始>
0749 G 2015-06-28 20:59:45 <未連線>
0750 G 2015-06-28 20:59:45 <監控系統開始>
0751 G 2015-06-28 20:51:14 <未連線>
0752 G 2015-06-28 20:51:14 <監控系統開始>
0753 G 2015-06-28 20:40:09 <未連線>
0754 G 2015-06-28 20:40:09 <監控系統開始>
0755 G 2015-06-28 20:37:22 <未連線>
0756 G 2015-06-28 20:37:22 <監控系統開始>
0757 G 2015-06-28 20:35:13 <未連線>
0758 G 2015-06-28 20:35:13 <監控系統開始>
0759 G 2015-06-28 20:33:28 <未連線>
0760 G 2015-06-28 20:33:28 <監控系統開始>
0761 G 2015-06-28 20:14:42 <未連線>
0762 G 2015-06-28 20:14:42 <監控系統開始>
0763 G 2015-06-28 20:07:30 <未連線>
0764 G 2015-06-28 20:07:30 <監控系統開始>
0765 G 2015-06-28 20:00:27 <未連線>
0766 G 2015-06-28 20:00:27 <監控系統開始>
0767 P 2015-06-28 19:40:22 <串口通信異常:正常>
0768 P 2015-06-28 19:40:21 <串口通信異常:異常>
0769 P 2015-06-28 19:39:32 <串口通信異常:正常>
0770 P 2015-06-28 19:39:31 <串口通信異常:異常>
0771 P 2015-06-28 19:39:16 <串口通信異常:正常>
0772 G 2015-06-28 19:39:14 <連線中>
0773 G 2015-06-28 19:39:07 <未連線>
0774 G 2015-06-28 19:39:07 <監控系統開始>
0775 P 2015-06-28 19:31:33 <串口通信異常:正常>
0776 P 2015-06-28 19:31:32 <串口通信異常:異常>
0777 B 2015-06-28 17:53:05 <動作>41F:熱類比
0778 B 2015-06-28 17:53:05 <00010073:防排煙用中繼器:關閉>41F:熱類比
0779 B 2015-06-28 17:53:04 <動作>41F:熱類比
0780 B 2015-06-28 17:53:04 <00010072:防排煙用中繼器:關閉>41F:熱類比
0781 G 2015-06-28 17:53:03 <00010073:防排煙用中繼器:啟動控制:復歸>41F:熱類比
0782 G 2015-06-28 17:53:01 <00010072:防排煙用中繼器:啟動控制:復歸>41F:熱類比
0783 P 2015-06-28 17:52:54 <復歸>
0784 B 2015-06-28 17:52:41 <00010073:防排煙用中繼器:動作>41F:熱類比
0785 B 2015-06-28 17:52:40 <00010072:防排煙用中繼器:動作>41F:熱類比
0786 B 2015-06-28 17:52:39 <動作>41F:熱類比
0787 B 2015-06-28 17:52:39 <00010073:防排煙用中繼器:關閉>41F:熱類比
0788 B 2015-06-28 17:52:38 <動作>41F:熱類比
0789 B 2015-06-28 17:52:37 <00010072:防排煙用中繼器:關閉>41F:熱類比
0790 B 2015-06-28 17:52:36 <動作>41F:熱類比
0791 B 2015-06-28 17:52:36 <00010071:防排煙用中繼器:關閉>41F:熱類比
0792 G 2015-06-28 17:52:35 <00010073:防排煙用中繼器:啟動控制中>41F:熱類比
0793 G 2015-06-28 17:52:34 <00010072:防排煙用中繼器:啟動控制中>41F:熱類比
0794 G 2015-06-28 17:52:32 <00010074:防排煙用中繼器:啟動控制:復歸>41F:偵煙4
0795 G 2015-06-28 17:52:31 <00010073:防排煙用中繼器:啟動控制:復歸>41F:熱類比
0796 G 2015-06-28 17:52:30 <00010072:防排煙用中繼器:啟動控制:復歸>41F:熱類比
0797 G 2015-06-28 17:52:29 <00010071:防排煙用中繼器:啟動控制:復歸>41F:熱類比
0798 P 2015-06-28 17:52:17 <地區音響一齊鳴動 : 關閉>
0799 P 2015-06-28 17:52:17 <復歸>
0800 P 2015-06-28 17:41:48 <停電音響停止>
0801 P 2015-06-28 17:41:48 <蓄積??延全部解除>
0802 P 2015-06-28 17:41:48 <維護附屬音響停止>
0803 P 2015-06-28 17:41:48 <故障音響停止>
0804 P 2015-06-28 17:41:48 <維護主音響停止>
0805 G 2015-06-28 17:41:46 <00010074:防排煙用中繼器:動作>41F:偵煙4
0806 B 2015-06-28 17:41:45 <00010073:防排煙用中繼器:動作>41F:熱類比
0807 B 2015-06-28 17:41:45 <00010072:防排煙用中繼器:動作>41F:熱類比
0808 B 2015-06-28 17:41:45 <00010071:防排煙用中繼器:動作>41F:熱類比
0809 R 2015-06-28 17:41:44 <00010021:光電類比感知器:火災報>41F:熱類比
0810 P 2015-06-28 17:40:45 <串口通信異常:正常>
0811 P 2015-06-28 17:40:44 <串口通信異常:異常>
0812 G 2015-06-28 17:40:43 <連線中>
0813 G 2015-06-28 17:40:37 <未連線>
0814 G 2015-06-28 17:40:37 <監控系統開始>
0815 P 2015-06-28 17:24:36 <停電音響停止>
0816 P 2015-06-28 17:24:36 <蓄積??延全部解除>
0817 P 2015-06-28 17:24:35 <維護附屬音響停止>
0818 P 2015-06-28 17:24:35 <故障音響停止>
0819 P 2015-06-28 17:24:35 <維護主音響停止>
0820 G 2015-06-28 17:24:33 <00010074:防排煙用中繼器:動作>41F:偵煙4
0821 G 2015-06-28 17:24:33 <00010073:防排煙用中繼器:動作>41F:熱類比
0822 G 2015-06-28 17:24:33 <00010072:防排煙用中繼器:動作>41F:熱類比
0823 G 2015-06-28 17:24:33 <00010071:防排煙用中繼器:動作>41F:熱類比
0824 R 2015-06-28 17:24:31 <00010021:光電類比感知器>41F:熱類比
0825 P 2015-06-28 17:23:32 <串口通信異常:正常>
0826 P 2015-06-28 17:23:31 <串口通信異常:異常>
0827 G 2015-06-28 17:23:30 <連線中>
0828 G 2015-06-28 17:23:25 <未連線>
0829 G 2015-06-28 17:23:24 <監控系統開始>
0830 P 2015-06-28 17:08:26 <停電音響停止>
0831 P 2015-06-28 17:08:26 <蓄積??延全部解除>
0832 P 2015-06-28 17:08:26 <維護附屬音響停止>
0833 P 2015-06-28 17:08:26 <故障音響停止>
0834 P 2015-06-28 17:08:26 <維護主音響停止>
0835 G 2015-06-28 17:08:24 <00010074:防排煙用中繼器:起動、鳴動中>41F:偵煙4
0836 G 2015-06-28 17:08:23 <00010073:防排煙用中繼器:起動、鳴動中>41F:熱類比
0837 G 2015-06-28 17:08:23 <00010072:防排煙用中繼器:起動、鳴動中>41F:熱類比
0838 G 2015-06-28 17:08:23 <00010071:防排煙用中繼器:起動、鳴動中>41F:熱類比
0839 R 2015-06-28 17:08:22 <00010021:光電類比感知器>41F:熱類比
0840 P 2015-06-28 17:07:22 <串口通信異常:正常>
0841 G 2015-06-28 17:07:20 <連線中>
0842 G 2015-06-28 17:05:46 <未連線>
0843 G 2015-06-28 17:05:46 <監控系統開始>
0844 B 2015-06-28 16:46:42 <動作>41F:熱類比
0845 B 2015-06-28 16:46:42 <00010101:監視用中繼器:關閉>41F:熱類比
0846 P 2015-06-28 16:45:58 <串口通信異常:正常>
0847 G 2015-06-28 16:45:56 <連線中>
0848 G 2015-06-28 16:45:49 <未連線>
0849 G 2015-06-28 16:45:49 <監控系統開始>
0850 G 2015-06-28 16:45:49 <監控系統結束>
0851 B 2015-06-28 16:45:13 <動作>41F:熱類比
0852 B 2015-06-28 16:45:13 <00010101:監視用中繼器:關閉>41F:熱類比
0853 P 2015-06-28 16:44:22 <串口通信異常:正常>
0854 B 2015-06-28 16:44:21 <00010101:監視用中繼器:動作>41F:熱類比
0855 P 2015-06-28 16:44:20 <串口通信異常:異常>
0856 G 2015-06-28 16:44:19 <連線中>
0857 G 2015-06-28 16:44:03 <未連線>
0858 G 2015-06-28 16:44:03 <監控系統開始>
0859 B 2015-06-28 16:34:59 <動作>41F:熱類比
0860 B 2015-06-28 16:34:59 <00010101:監視用中繼器:關閉>41F:熱類比
0861 B 2015-06-28 16:33:58 <00010101:監視用中繼器:動作>41F:熱類比
0862 P 2015-06-28 16:33:53 <停電音響停止>
0863 P 2015-06-28 16:33:53 <蓄積??延全部解除>
0864 P 2015-06-28 16:33:53 <維護附屬音響停止>
0865 P 2015-06-28 16:33:53 <故障音響停止>
0866 P 2015-06-28 16:33:53 <維護主音響停止>
0867 P 2015-06-28 16:32:53 <串口通信異常:正常>
0868 P 2015-06-28 16:32:53 <串口通信異常:異常>
0869 P 2015-06-28 16:32:52 <串口通信異常:異常>
0870 P 2015-06-28 16:32:52 <備用電源未接:異常>
0871 P 2015-06-28 16:32:52 <內置打印機缺紙:異常>
0872 G 2015-06-28 16:32:51 <連線中>
0873 G 2015-06-28 16:32:45 <未連線>
0874 G 2015-06-28 16:32:44 <監控系統開始>
0875 B 2015-06-27 21:01:03 <動作>41F:熱類比
0876 B 2015-06-27 21:01:03 <00010073:防排煙用中繼器:關閉>41F:熱類比
0877 B 2015-06-27 21:01:02 <動作>41F:熱類比
0878 B 2015-06-27 21:01:02 <00010072:防排煙用中繼器:關閉>41F:熱類比
0879 G 2015-06-27 21:01:01 <00010073:防排煙用中繼器:啟動控制:復歸>41F:熱類比
0880 G 2015-06-27 21:01:00 <00010072:防排煙用中繼器:啟動控制:復歸>41F:熱類比
0881 P 2015-06-27 21:00:51 <復歸>
0882 B 2015-06-27 21:00:44 <00010073:防排煙用中繼器:動作>41F:熱類比
0883 B 2015-06-27 21:00:42 <00010072:防排煙用中繼器:動作>41F:熱類比
0884 B 2015-06-27 21:00:41 <動作>41F:熱類比
0885 B 2015-06-27 21:00:41 <00010073:防排煙用中繼器:關閉>41F:熱類比
0886 B 2015-06-27 21:00:40 <動作>41F:熱類比
0887 B 2015-06-27 21:00:40 <00010072:防排煙用中繼器:關閉>41F:熱類比
0888 B 2015-06-27 21:00:39 <動作>41F:熱類比
0889 B 2015-06-27 21:00:39 <00010071:防排煙用中繼器:關閉>41F:熱類比
0890 G 2015-06-27 21:00:37 <00010073:防排煙用中繼器:啟動控制中>41F:熱類比
0891 G 2015-06-27 21:00:36 <00010072:防排煙用中繼器:啟動控制中>41F:熱類比
0892 G 2015-06-27 21:00:35 <00010074:防排煙用中繼器:啟動控制:復歸>41F:偵煙4
0893 G 2015-06-27 21:00:34 <00010073:防排煙用中繼器:啟動控制:復歸>41F:熱類比
0894 G 2015-06-27 21:00:33 <00010072:防排煙用中繼器:啟動控制:復歸>41F:熱類比
0895 G 2015-06-27 21:00:31 <00010071:防排煙用中繼器:啟動控制:復歸>41F:熱類比
0896 P 2015-06-27 21:00:19 <復歸>
0897 B 2015-06-27 21:00:11 <00010073:防排煙用中繼器:動作>41F:熱類比
0898 B 2015-06-27 21:00:10 <00010072:防排煙用中繼器:動作>41F:熱類比
0899 G 2015-06-27 21:00:08 <00010073:防排煙用中繼器:啟動控制中>41F:熱類比
0900 G 2015-06-27 21:00:07 <00010072:防排煙用中繼器:啟動控制中>41F:熱類比
0901 B 2015-06-27 21:00:06 <00010071:防排煙用中繼器:動作>41F:熱類比
0902 G 2015-06-27 21:00:03 <00010071:防排煙用中繼器:啟動控制中>41F:熱類比
0903 G 2015-06-27 21:00:02 <00010074:防排煙用中繼器:啟動控制中>41F:偵煙4
0904 R 2015-06-27 21:00:01 <00010021:光電類比感知器:火災:開啟>41F:熱類比
0905 R 2015-06-27 21:00:01 <00010021:光電類比感知器:注意:開啟>41F:熱類比
0906 G 2015-06-27 20:59:36 <00010074:防排煙用中繼器:啟動控制:復歸>41F:偵煙4
0907 P 2015-06-27 20:59:29 <地區音響一齊鳴動 : 關閉>
0908 P 2015-06-27 20:59:29 <復歸>
0909 G 2015-06-27 20:59:24 <00010074:防排煙用中繼器:啟動控制中>41F:偵煙4
0910 P 2015-06-27 20:59:23 <地區音響一齊鳴動 : 開啟>
0911 R 2015-06-27 20:59:23 <00010011:定址火災發信機:火災報>41F:定址火警發信機
0912 P 2015-06-27 20:59:09 <串口通信異常:正常>
0913 G 2015-06-27 20:59:08 <連線中>
0914 G 2015-06-27 20:59:01 <未連線>
0915 G 2015-06-27 20:59:01 <監控系統開始>
0916 P 2015-06-27 18:44:14 <停電音響停止>
0917 P 2015-06-27 18:44:14 <蓄積??延全部解除>
0918 P 2015-06-27 18:44:14 <維護附屬音響停止>
0919 P 2015-06-27 18:44:14 <故障音響停止>
0920 P 2015-06-27 18:44:14 <維護主音響停止>
0921 P 2015-06-27 18:43:47 <串口通信異常:正常>
0922 P 2015-06-27 18:43:45 <串口通信異常:異常>
0923 P 2015-06-27 18:43:13 <串口通信異常:正常>
0924 G 2015-06-27 18:43:12 <連線中>
0925 G 2015-06-27 18:43:06 <未連線>
0926 G 2015-06-27 18:43:06 <監控系統開始>
0927 P 2015-06-27 18:37:15 <停電音響停止>
0928 P 2015-06-27 18:37:15 <蓄積??延全部解除>
0929 P 2015-06-27 18:37:15 <維護附屬音響停止>
0930 P 2015-06-27 18:37:15 <故障音響停止>
0931 P 2015-06-27 18:37:15 <維護主音響停止>
0932 P 2015-06-27 18:36:15 <串口通信異常:正常>
0933 P 2015-06-27 18:36:13 <串口通信異常:異常>
0934 G 2015-06-27 18:36:12 <連線中>
0935 G 2015-06-27 18:36:06 <未連線>
0936 G 2015-06-27 18:36:06 <監控系統開始>
0937 P 2015-06-27 18:07:20 <停電音響停止>
0938 P 2015-06-27 18:07:20 <蓄積??延全部解除>
0939 P 2015-06-27 18:07:20 <維護附屬音響停止>
0940 P 2015-06-27 18:07:20 <故障音響停止>
0941 P 2015-06-27 18:07:20 <維護主音響停止>
0942 P 2015-06-27 18:06:19 <串口通信異常:正常>
0943 G 2015-06-27 18:06:17 <連線中>
0944 G 2015-06-27 18:06:07 <未連線>
0945 G 2015-06-27 18:06:07 <監控系統開始>
0946 P 2015-06-27 18:00:43 <停電音響停止>
0947 P 2015-06-27 18:00:43 <蓄積??延全部解除>
0948 P 2015-06-27 18:00:43 <維護附屬音響停止>
0949 P 2015-06-27 18:00:43 <故障音響停止>
0950 P 2015-06-27 18:00:43 <維護主音響停止>
0951 P 2015-06-27 17:59:42 <串口通信異常:正常>
0952 P 2015-06-27 17:59:42 <串口通信異常:異常>
0953 G 2015-06-27 17:59:41 <連線中>
0954 G 2015-06-27 17:59:36 <未連線>
0955 G 2015-06-27 17:59:36 <監控系統開始>
0956 P 2015-06-27 17:55:29 <停電音響停止>
0957 P 2015-06-27 17:55:29 <蓄積??延全部解除>
0958 P 2015-06-27 17:55:29 <維護附屬音響停止>
0959 P 2015-06-27 17:55:29 <故障音響停止>
0960 P 2015-06-27 17:55:29 <維護主音響停止>
0961 P 2015-06-27 17:54:43 <串口通信異常:正常>
0962 P 2015-06-27 17:54:43 <串口通信異常:異常>
0963 P 2015-06-27 17:54:27 <串口通信異常:正常>
0964 P 2015-06-27 17:54:27 <串口通信異常:異常>
0965 G 2015-06-27 17:54:26 <連線中>
0966 G 2015-06-27 17:54:10 <未連線>
0967 G 2015-06-27 17:54:10 <監控系統開始>
0968 B 2015-06-27 17:45:14 <動作>41F:熱類比
0969 B 2015-06-27 17:45:14 <00010072:防排煙用中繼器:關閉>41F:熱類比
0970 G 2015-06-27 17:45:12 <00010072:防排煙用中繼器:啟動控制:復歸>41F:熱類比
0971 B 2015-06-27 17:44:46 <00010072:防排煙用中繼器:動作>41F:熱類比
0972 G 2015-06-27 17:44:43 <00010072:防排煙用中繼器:啟動控制中>41F:熱類比
0973 B 2015-06-27 17:43:45 <動作>41F:熱類比
0974 B 2015-06-27 17:43:44 <00010073:防排煙用中繼器:關閉>41F:熱類比
0975 B 2015-06-27 17:43:43 <動作>41F:熱類比
0976 B 2015-06-27 17:43:43 <00010072:防排煙用中繼器:關閉>41F:熱類比
0977 G 2015-06-27 17:43:42 <00010073:防排煙用中繼器:啟動控制:復歸>41F:熱類比
0978 G 2015-06-27 17:43:41 <00010072:防排煙用中繼器:啟動控制:復歸>41F:熱類比
0979 P 2015-06-27 17:43:33 <復歸>
0980 B 2015-06-27 17:43:20 <00010073:防排煙用中繼器:動作>41F:熱類比
0981 B 2015-06-27 17:43:19 <00010072:防排煙用中繼器:動作>41F:熱類比
0982 B 2015-06-27 17:43:18 <動作>41F:熱類比
0983 B 2015-06-27 17:43:18 <00010073:防排煙用中繼器:關閉>41F:熱類比
0984 B 2015-06-27 17:43:17 <動作>41F:熱類比
0985 B 2015-06-27 17:43:17 <00010072:防排煙用中繼器:關閉>41F:熱類比
0986 B 2015-06-27 17:43:16 <動作>41F:熱類比
0987 B 2015-06-27 17:43:15 <00010071:防排煙用中繼器:關閉>41F:熱類比
0988 G 2015-06-27 17:43:14 <00010073:防排煙用中繼器:啟動控制中>41F:熱類比
0989 G 2015-06-27 17:43:13 <00010072:防排煙用中繼器:啟動控制中>41F:熱類比
0990 G 2015-06-27 17:43:12 <00010074:防排煙用中繼器:啟動控制:復歸>41F:偵煙4
0991 G 2015-06-27 17:43:11 <00010073:防排煙用中繼器:啟動控制:復歸>41F:熱類比
0992 G 2015-06-27 17:43:09 <00010072:防排煙用中繼器:啟動控制:復歸>41F:熱類比
0993 G 2015-06-27 17:43:08 <00010071:防排煙用中繼器:啟動控制:復歸>41F:熱類比
0994 P 2015-06-27 17:42:56 <地區音響一齊鳴動 : 關閉>
0995 P 2015-06-27 17:42:56 <復歸>
0996 P 2015-06-27 17:42:42 <停電音響停止>
0997 P 2015-06-27 17:42:42 <蓄積??延全部解除>
0998 P 2015-06-27 17:42:42 <維護附屬音響停止>
0999 P 2015-06-27 17:42:42 <故障音響停止>
1000 P 2015-06-27 17:42:42 <維護主音響停止>
1001 G 2015-06-27 17:42:39 <00010074:防排煙用中繼器:起動、鳴動中>41F:偵煙4
1002 B 2015-06-27 17:42:39 <00010073:防排煙用中繼器:起動、鳴動中>41F:熱類比
1003 B 2015-06-27 17:42:39 <00010072:防排煙用中繼器:起動、鳴動中>41F:熱類比
1004 B 2015-06-27 17:42:38 <00010071:防排煙用中繼器:起動、鳴動中>41F:熱類比
1005 R 2015-06-27 17:42:37 <00010021:光電類比感知器>41F:熱類比
1006 P 2015-06-27 17:41:37 <串口通信異常:正常>
1007 P 2015-06-27 17:41:37 <地區音響一齊鳴動 : 開啟>
1008 P 2015-06-27 17:41:37 <串口通信異常:異常>
1009 G 2015-06-27 17:41:36 <連線中>
1010 G 2015-06-27 17:41:30 <未連線>
1011 G 2015-06-27 17:41:30 <監控系統開始>
1012 P 2015-06-27 15:44:02 <串口通信異常:正常>
1013 P 2015-06-27 15:44:02 <串口通信異常:異常>
1014 B 2015-06-27 15:41:50 <動作>41F:熱類比
1015 B 2015-06-27 15:41:50 <00010101:監視用中繼器:關閉>41F:熱類比
1016 P 2015-06-27 15:41:25 <串口通信異常:正常>
1017 P 2015-06-27 15:41:24 <串口通信異常:異常>
1018 G 2015-06-27 15:41:23 <連線中>
1019 G 2015-06-27 15:41:17 <未連線>
1020 G 2015-06-27 15:41:17 <監控系統開始>
1021 G 2015-06-27 15:41:17 <監控系統結束>
1022 B 2015-06-27 15:40:50 <00010101:監視用中繼器:動作>41F:熱類比
1023 P 2015-06-27 15:39:00 <停電音響停止>
1024 P 2015-06-27 15:39:00 <蓄積??延全部解除>
1025 P 2015-06-27 15:39:00 <維護附屬音響停止>
1026 P 2015-06-27 15:38:59 <故障音響停止>
1027 P 2015-06-27 15:38:59 <維護主音響停止>
1028 P 2015-06-27 15:37:58 <串口通信異常:正常>
1029 G 2015-06-27 15:37:57 <連線中>
1030 G 2015-06-27 15:37:52 <未連線>
1031 G 2015-06-27 15:37:52 <監控系統開始>
1032 B 2015-06-27 15:34:12 <動作>41F:熱類比
1033 B 2015-06-27 15:34:12 <00010101:監視用中繼器:關閉>41F:熱類比
1034 P 2015-06-27 15:33:36 <串口通信異常:正常>
1035 G 2015-06-27 15:33:34 <連線中>
1036 G 2015-06-27 15:33:26 <未連線>
1037 G 2015-06-27 15:33:26 <監控系統開始>
1038 G 2015-06-27 15:33:26 <監控系統結束>
1039 B 2015-06-27 15:33:11 <00010101:監視用中繼器:動作>41F:熱類比
1040 B 2015-06-27 15:31:22 <動作>41F:熱類比
1041 B 2015-06-27 15:31:22 <00010101:監視用中繼器:關閉>41F:熱類比
1042 P 2015-06-27 15:30:55 <串口通信異常:正常>
1043 G 2015-06-27 15:30:54 <連線中>
1044 G 2015-06-27 15:30:48 <未連線>
1045 G 2015-06-27 15:30:48 <監控系統開始>
1046 G 2015-06-27 15:30:48 <監控系統結束>
1047 G 2015-06-27 15:29:54 <00010074:防排煙用中繼器:啟動控制:復歸>41F:偵煙4
1048 P 2015-06-27 15:29:47 <復歸>
1049 P 2015-06-27 15:29:38 <停電音響停止>
1050 P 2015-06-27 15:29:38 <蓄積??延全部解除>
1051 P 2015-06-27 15:29:38 <維護附屬音響停止>
1052 P 2015-06-27 15:29:38 <故障音響停止>
1053 P 2015-06-27 15:29:38 <維護主音響停止>
1054 G 2015-06-27 15:29:35 <00010074:防排煙用中繼器:起動、鳴動中>41F:偵煙4
1055 R 2015-06-27 15:29:34 <00010041:差動定址用中繼器>41F:熱類比
1056 P 2015-06-27 15:28:34 <串口通信異常:正常>
1057 P 2015-06-27 15:28:34 <串口通信異常:異常>
1058 G 2015-06-27 15:28:33 <連線中>
1059 G 2015-06-27 15:28:27 <未連線>
1060 G 2015-06-27 15:28:27 <監控系統開始>
1061 G 2015-06-27 15:28:27 <監控系統結束>
1062 G 2015-06-27 15:28:13 <00010074:防排煙用中繼器:啟動控制中>41F:偵煙4
1063 R 2015-06-27 15:28:12 <00010041:差動定址用中繼器:火災報>41F:熱類比
1064 G 2015-06-27 15:27:54 <00010074:防排煙用中繼器:啟動控制:復歸>41F:偵煙4
1065 P 2015-06-27 15:27:45 <復歸>
1066 P 2015-06-27 15:27:36 <停電音響停止>
1067 P 2015-06-27 15:27:36 <蓄積??延全部解除>
1068 P 2015-06-27 15:27:36 <維護附屬音響停止>
1069 P 2015-06-27 15:27:36 <故障音響停止>
1070 P 2015-06-27 15:27:36 <維護主音響停止>
1071 G 2015-06-27 15:27:33 <00010074:防排煙用中繼器:起動、鳴動中>41F:偵煙4
1072 R 2015-06-27 15:27:32 <00010031:熱類比感知器>41F:煙類比
1073 P 2015-06-27 15:26:32 <串口通信異常:正常>
1074 G 2015-06-27 15:26:30 <連線中>
1075 G 2015-06-27 15:26:24 <未連線>
1076 G 2015-06-27 15:26:24 <監控系統開始>
1077 G 2015-06-27 15:18:59 <00010074:防排煙用中繼器:啟動控制:復歸>41F:偵煙4
1078 P 2015-06-27 15:18:50 <復歸>
1079 P 2015-06-27 15:18:23 <停電音響停止>
1080 P 2015-06-27 15:18:23 <蓄積??延全部解除>
1081 P 2015-06-27 15:18:23 <維護附屬音響停止>
1082 P 2015-06-27 15:18:23 <故障音響停止>
1083 P 2015-06-27 15:18:23 <維護主音響停止>
1084 G 2015-06-27 15:18:20 <00010074:防排煙用中繼器:起動、鳴動中>41F:偵煙4
1085 R 2015-06-27 15:18:19 <00010031:熱類比感知器>41F:煙類比
1086 P 2015-06-27 15:17:20 <串口通信異常:正常>
1087 G 2015-06-27 15:17:18 <連線中>
1088 G 2015-06-27 15:17:12 <未連線>
1089 G 2015-06-27 15:17:12 <監控系統開始>
1090 G 2015-06-27 15:17:12 <監控系統結束>
1091 G 2015-06-27 15:16:15 <00010074:防排煙用中繼器:啟動控制:復歸>41F:偵煙4
1092 P 2015-06-27 15:16:07 <地區音響一齊鳴動 : 關閉>
1093 P 2015-06-27 15:16:07 <復歸>
1094 P 2015-06-27 15:15:32 <停電音響停止>
1095 P 2015-06-27 15:15:32 <蓄積??延全部解除>
1096 P 2015-06-27 15:15:32 <維護附屬音響停止>
1097 P 2015-06-27 15:15:32 <故障音響停止>
1098 P 2015-06-27 15:15:32 <維護主音響停止>
1099 G 2015-06-27 15:15:29 <00010074:防排煙用中繼器:起動、鳴動中>41F:偵煙4
1100 R 2015-06-27 15:15:28 <00010011:定址火災發信機>41F:定址火警發信機
1101 P 2015-06-27 15:14:28 <串口通信異常:正常>
1102 G 2015-06-27 15:14:27 <連線中>
1103 G 2015-06-27 15:14:21 <未連線>
1104 G 2015-06-27 15:14:21 <監控系統開始>
1105 G 2015-06-27 15:08:24 <00010074:防排煙用中繼器:啟動控制:復歸>41F:偵煙4
1106 P 2015-06-27 15:08:16 <地區音響一齊鳴動 : 關閉>
1107 P 2015-06-27 15:08:16 <復歸>
1108 P 2015-06-27 15:08:04 <停電音響停止>
1109 P 2015-06-27 15:08:04 <蓄積??延全部解除>
1110 P 2015-06-27 15:08:04 <維護附屬音響停止>
1111 P 2015-06-27 15:08:04 <故障音響停止>
1112 P 2015-06-27 15:08:04 <維護主音響停止>
1113 G 2015-06-27 15:08:01 <00010074:防排煙用中繼器:起動、鳴動中>41F:偵煙4
1114 R 2015-06-27 15:08:00 <00010011:定址火警發信機>41F:定址火警發信機
1115 P 2015-06-27 15:07:01 <串口通信異常:正常>
1116 G 2015-06-27 15:06:59 <連線中>
1117 G 2015-06-27 15:06:52 <未連線>
1118 G 2015-06-27 15:06:52 <監控系統開始>
1119 P 2015-06-27 15:04:42 <停電音響停止>
1120 P 2015-06-27 15:04:42 <蓄積??延全部解除>
1121 P 2015-06-27 15:04:42 <維護附屬音響停止>
1122 P 2015-06-27 15:04:42 <故障音響停止>
1123 P 2015-06-27 15:04:42 <維護主音響停止>
1124 G 2015-06-27 15:04:40 <00010074:防排煙用中繼器:起動、鳴動中>41F:偵煙4
1125 B 2015-06-27 15:04:39 <00010073:防排煙用中繼器:起動、鳴動中>41F:熱類比
1126 B 2015-06-27 15:04:39 <00010072:防排煙用中繼器:起動、鳴動中>41F:熱類比
1127 B 2015-06-27 15:04:39 <00010071:防排煙用中繼器:起動、鳴動中>41F:熱類比
1128 R 2015-06-27 15:04:37 <00010021:光電類比感知器>41F:熱類比
1129 P 2015-06-27 15:03:38 <串口通信異常:正常>
1130 G 2015-06-27 15:03:36 <連線中>
1131 G 2015-06-27 15:03:28 <未連線>
1132 G 2015-06-27 15:03:28 <監控系統開始>
1133 P 2015-06-27 15:01:19 <串口通信異常:正常>
1134 P 2015-06-27 15:01:19 <串口通信異常:異常>
1135 P 2015-06-27 14:36:00 <停電音響停止>
1136 P 2015-06-27 14:36:00 <蓄積??延全部解除>
1137 P 2015-06-27 14:35:59 <維護附屬音響停止>
1138 P 2015-06-27 14:35:59 <故障音響停止>
1139 P 2015-06-27 14:35:59 <維護主音響停止>
1140 G 2015-06-27 14:35:58 <00010074:防排煙用中繼器起動、鳴動中>41F:偵煙4
1141 G 2015-06-27 14:35:57 <00010073:防排煙用中繼器起動、鳴動中>41F:熱類比
1142 G 2015-06-27 14:35:57 <00010072:防排煙用中繼器起動、鳴動中>41F:熱類比
1143 G 2015-06-27 14:35:57 <00010071:防排煙用中繼器起動、鳴動中>41F:熱類比
1144 P 2015-06-27 14:34:56 <串口通信異常:正常>
1145 G 2015-06-27 14:34:54 <連線中>
1146 G 2015-06-27 14:34:48 <未連線>
1147 G 2015-06-27 14:34:48 <監控系統開始>
1148 P 2015-06-27 14:32:36 <試驗復歸 : 關閉>
1149 G 2015-06-27 14:31:45 <00010074:防排煙用中繼器:啟動控制:復歸>41F:偵煙4
1150 P 2015-06-27 14:31:44 <地區音響一齊鳴動 : 關閉>
1151 B 2015-06-27 14:31:44 <00010011:定址火警發信機:關閉>41F:定址火警發信機
1152 G 2015-06-27 14:31:25 <00010074:防排煙用中繼器:啟動控制中>41F:偵煙4
1153 G 2015-06-27 14:31:24 <00010074:防排煙用中繼器:啟動控制:復歸>41F:偵煙4
1154 P 2015-06-27 14:31:23 <地區音響一齊鳴動 : 開啟>
1155 R 2015-06-27 14:31:23 <00010011:定址火警發信機:火災報>41F:定址火警發信機
1156 P 2015-06-27 14:31:16 <地區音響一齊鳴動 : 關閉>
1157 P 2015-06-27 14:31:16 <復歸>
1158 P 2015-06-27 14:27:35 <停電音響停止>
1159 P 2015-06-27 14:27:35 <試?復歸>
1160 P 2015-06-27 14:27:35 <蓄積??延全部解除>
1161 P 2015-06-27 14:27:34 <維護附屬音響停止>
1162 P 2015-06-27 14:27:34 <故障音響停止>
1163 P 2015-06-27 14:27:34 <維護主音響停止>
1164 G 2015-06-27 14:27:32 <00010074:防排煙用中繼器起動、鳴動中>41F:偵煙4
1165 R 2015-06-27 14:27:31 <00010011:定址火警發信機>41F:定址火警發信機
1166 P 2015-06-27 14:26:31 <串口通信異常:正常>
1167 G 2015-06-27 14:26:29 <連線中>
1168 G 2015-06-27 14:26:23 <未連線>
1169 G 2015-06-27 14:26:23 <監控系統開始>
1170 P 2015-06-27 10:27:06 <串口通信異常:正常>
1171 P 2015-06-27 10:27:04 <串口通信異常:異常>
1172 P 2015-06-27 10:24:47 <停電音響停止>
1173 P 2015-06-27 10:24:47 <試?復歸>
1174 P 2015-06-27 10:24:47 <蓄積??延全部解除>
1175 P 2015-06-27 10:24:47 <維護附屬音響停止>
1176 P 2015-06-27 10:24:47 <故障音響停止>
1177 P 2015-06-27 10:24:47 <維護主音響停止>
1178 P 2015-06-27 10:24:44 <00010074:防排煙用中繼器起動、鳴動中>41F:偵煙4
1179 G 2015-06-27 10:24:43 <00010011:定址火警發信機>41F:定址火警發信機
1180 P 2015-06-27 10:23:43 <串口通信異常:正常>
1181 G 2015-06-27 10:23:42 <連線中>
1182 G 2015-06-27 10:23:36 <未連線>
1183 G 2015-06-27 10:23:36 <監控系統開始>
1184 P 2015-06-25 21:13:21 <00010041:地址無應答:關>41F:熱類比
1185 P 2015-06-25 21:13:00 <00010021:地址無應答:關>41F:熱類比
1186 P 2015-06-25 21:12:14 <停電音響停止>
1187 P 2015-06-25 21:12:14 <試?復歸>
1188 P 2015-06-25 21:12:14 <蓄積??延全部解除>
1189 P 2015-06-25 21:12:14 <維護附屬音響停止>
1190 P 2015-06-25 21:12:14 <故障音響停止>
1191 P 2015-06-25 21:12:14 <維護主音響停止>
1192 P 2015-06-25 21:12:11 <00010041:差動定址用中繼器:無應答>41F:熱類比
1193 P 2015-06-25 21:12:10 <00010021:光電類比感知器:無應答>41F:熱類比
1194 P 2015-06-25 21:11:11 <串口通信異常:正常>
1195 G 2015-06-25 21:11:09 <連線中>
1196 G 2015-06-25 21:11:04 <未連線>
1197 G 2015-06-25 21:11:03 <監控系統開始>
1198 P 2015-06-25 20:48:43 <復歸>
1199 P 2015-06-25 20:44:25 <停電音響停止>
1200 P 2015-06-25 20:44:25 <試?復歸>
1201 P 2015-06-25 20:44:25 <蓄積??延全部解除>
1202 P 2015-06-25 20:44:25 <維護附屬音響停止>
1203 P 2015-06-25 20:44:25 <故障音響停止>
1204 P 2015-06-25 20:44:25 <維護主音響停止>
1205 P 2015-06-25 20:44:22 <00010041:差動定址用中繼器:無應答>41F:熱類比
1206 P 2015-06-25 20:44:21 <00010021:光電類比感知器:無應答>41F:熱類比
1207 P 2015-06-25 20:43:22 <串口通信異常:正常>
1208 G 2015-06-25 20:43:20 <連線中>
1209 G 2015-06-25 20:43:12 <未連線>
1210 G 2015-06-25 20:43:12 <監控系統開始>
1211 P 2015-06-25 20:12:44 <Pan38:顯示板無報警器>
1212 P 2015-06-25 20:12:44 <Pan37:顯示板無報警器>
1213 P 2015-06-25 20:12:44 <Pan36:顯示板無報警器>
1214 P 2015-06-25 20:12:44 <Pan35:顯示板無報警器>
1215 P 2015-06-25 20:12:44 <Pan34:顯示板無報警器>
1216 P 2015-06-25 20:12:44 <Pan33:顯示板無報警器>
1217 P 2015-06-25 20:12:44 <Pan32:顯示板無報警器>
1218 P 2015-06-25 20:12:44 <Pan31:顯示板無報警器>
1219 P 2015-06-25 20:12:44 <Pan30:顯示板無報警器>
1220 P 2015-06-25 20:12:44 <Pan29:顯示板無報警器>
1221 P 2015-06-25 20:12:43 <Pan28:顯示板無報警器>
1222 P 2015-06-25 20:12:43 <Pan27:顯示板無報警器>
1223 P 2015-06-25 20:12:43 <Pan26:顯示板無報警器>
1224 P 2015-06-25 20:12:43 <Pan25:顯示板無報警器>
1225 P 2015-06-25 20:12:43 <Pan24:顯示板無報警器>
1226 P 2015-06-25 20:12:43 <Pan23:顯示板無報警器>
1227 P 2015-06-25 20:12:43 <Pan22:顯示板無報警器>
1228 P 2015-06-25 20:12:43 <Pan21:顯示板無報警器>
1229 P 2015-06-25 20:12:43 <Pan20:顯示板無報警器>
1230 P 2015-06-25 20:12:43 <Pan19:顯示板無報警器>
1231 P 2015-06-25 20:12:43 <Pan18:顯示板無報警器>
1232 P 2015-06-25 20:12:43 <Pan17:顯示板無報警器>
1233 P 2015-06-25 20:12:43 <Pan16:顯示板無報警器>
1234 P 2015-06-25 20:12:43 <Pan15:顯示板無報警器>
1235 P 2015-06-25 20:12:43 <Pan14:顯示板無報警器>
1236 P 2015-06-25 20:12:43 <Pan13:顯示板無報警器>
1237 P 2015-06-25 20:12:43 <Pan12:顯示板無報警器>
1238 P 2015-06-25 20:12:42 <Pan11:顯示板無報警器>
1239 P 2015-06-25 20:12:42 <Pan10:顯示板無報警器>
1240 P 2015-06-25 20:12:42 <Pan9:顯示板無報警器>
1241 P 2015-06-25 20:12:42 <Pan8:顯示板無報警器>
1242 P 2015-06-25 20:12:42 <Pan7:顯示板無報警器>
1243 P 2015-06-25 20:12:42 <Pan6:顯示板無報警器>
1244 P 2015-06-25 20:12:42 <Pan5:顯示板無報警器>
1245 P 2015-06-25 20:12:42 <Pan4:顯示板無報警器>
1246 P 2015-06-25 20:12:42 <Pan3:顯示板無報警器>
1247 P 2015-06-25 20:12:42 <Pan2:顯示板無報警器>
1248 P 2015-06-25 20:12:42 <Pan1:顯示板無報警器>
1249 P 2015-06-25 20:12:41 <停電音響停止>
1250 P 2015-06-25 20:12:41 <試?復歸>
1251 P 2015-06-25 20:12:41 <蓄積??延全部解除>
1252 P 2015-06-25 20:12:41 <維護附屬音響停止>
1253 P 2015-06-25 20:12:41 <故障音響停止>
1254 P 2015-06-25 20:12:41 <維護主音響停止>
1255 P 2015-06-25 20:12:38 <00010041:差動定址用中繼器:無應答>41F:熱類比
1256 P 2015-06-25 20:12:37 <00010021:光電類比感知器:無應答>41F:熱類比
1257 P 2015-06-25 20:11:37 <串口通信異常:正常>
1258 G 2015-06-25 20:11:36 <連線中>
1259 G 2015-06-25 20:11:23 <未連線>
1260 G 2015-06-25 20:11:23 <監控系統開始>
1261 P 2015-06-25 19:18:31 <停電音響停止>
1262 P 2015-06-25 19:18:31 <試?復歸>
1263 P 2015-06-25 19:18:31 <蓄積??延全部解除>
1264 P 2015-06-25 19:18:31 <維護附屬音響停止>
1265 P 2015-06-25 19:18:31 <故障音響停止>
1266 P 2015-06-25 19:18:30 <維護主音響停止>
1267 P 2015-06-25 19:18:28 <00010041:差動定址用中繼器:無應答>41F:熱類比
1268 P 2015-06-25 19:18:27 <00010021:光電類比感知器:無應答>41F:熱類比
1269 P 2015-06-25 19:17:27 <串口通信異常:正常>
1270 G 2015-06-25 19:17:25 <連線中>
1271 G 2015-06-25 19:17:19 <未連線>
1272 G 2015-06-25 19:17:19 <監控系統開始>
1273 G 2015-06-25 19:17:19 <監控系統結束>
1274 P 2015-06-25 18:25:34 <停電音響停止>
1275 P 2015-06-25 18:25:34 <試?復歸>
1276 P 2015-06-25 18:25:34 <蓄積??延全部解除>
1277 P 2015-06-25 18:25:34 <維護附屬音響停止>
1278 P 2015-06-25 18:25:34 <故障音響停止>
1279 P 2015-06-25 18:25:33 <維護主音響停止>
1280 P 2015-06-25 18:24:33 <串口通信異常:正常>
1281 G 2015-06-25 18:24:31 <連線中>
1282 G 2015-06-25 18:24:24 <未連線>
1283 G 2015-06-25 18:24:24 <監控系統開始>
1284 P 2015-06-25 18:06:57 <停電音響停止>
1285 P 2015-06-25 18:06:57 <試?復歸>
1286 P 2015-06-25 18:06:57 <蓄積??延全部解除>
1287 P 2015-06-25 18:06:57 <維護附屬音響停止>
1288 P 2015-06-25 18:06:57 <故障音響停止>
1289 P 2015-06-25 18:06:57 <維護主音響停止>
1290 P 2015-06-25 18:06:52 <串口通信異常:正常>
1291 G 2015-06-25 18:06:50 <連線中>
1292 G 2015-06-25 18:06:44 <未連線>
1293 G 2015-06-25 18:06:44 <監控系統開始>
1294 P 2015-06-25 17:50:56 <串口通信異常:正常>
1295 G 2015-06-25 17:50:54 <連線中>
1296 G 2015-06-25 17:50:14 <未連線>
1297 G 2015-06-25 17:50:14 <監控系統開始>
1298 P 2015-06-25 17:45:29 <串口通信異常:正常>
1299 G 2015-06-25 17:45:27 <連線中>
1300 G 2015-06-25 17:45:20 <未連線>
1301 G 2015-06-25 17:45:20 <監控系統開始>
1302 G 2015-06-25 17:41:41 <通訊中斷>
1303 G 2015-06-25 17:40:46 <已連線>
1304 P 2015-06-25 17:40:43 <串口通信異常:正常>
1305 G 2015-06-25 17:40:41 <連線中>
1306 G 2015-06-25 17:40:36 <未連線>
1307 G 2015-06-25 17:40:36 <監控系統開始>
1308 G 2015-06-25 17:38:40 <通訊中斷>
1309 G 2015-06-25 17:37:10 <已連線>
1310 P 2015-06-25 17:37:07 <串口通信異常:正常>
1311 P 2015-06-25 17:37:06 <串口通信異常:異常>
1312 G 2015-06-25 17:37:05 <連線中>
1313 G 2015-06-25 17:36:58 <未連線>
1314 G 2015-06-25 17:36:58 <監控系統開始>
1315 G 2015-06-25 17:32:43 <已連線>
1316 P 2015-06-25 17:32:39 <串口通信異常:正常>
1317 G 2015-06-25 17:32:38 <連線中>
1318 G 2015-06-25 17:32:32 <未連線>
1319 G 2015-06-25 17:32:32 <監控系統開始>
1320 G 2015-06-25 17:27:15 <已連線>
1321 P 2015-06-25 17:27:11 <串口通信異常:正常>
1322 G 2015-06-25 17:27:10 <連線中>
1323 G 2015-06-25 17:27:04 <未連線>
1324 G 2015-06-25 17:27:03 <監控系統開始>
1325 G 2015-06-25 13:31:15 <通訊中斷>
1326 G 2015-06-25 12:44:05 <已連線>
1327 P 2015-06-25 12:44:03 <串口通信異常:正常>
1328 P 2015-06-25 12:44:02 <串口通信異常:異常>
1329 G 2015-06-25 12:44:00 <連線中>
1330 G 2015-06-25 12:43:54 <未連線>
1331 G 2015-06-25 12:43:54 <監控系統開始>
1332 G 2015-06-25 12:06:21 <未連線>
1333 G 2015-06-25 12:06:21 <監控系統開始>
1334 G 2015-06-25 11:58:02 <未連線>
1335 G 2015-06-25 11:58:02 <監控系統開始>
1336 G 2015-06-23 17:22:18 <未連線>
1337 G 2015-06-23 17:22:18 <監控系統開始>
1338 B 2015-06-23 16:46:37 <動作>41F:熱類比
1339 B 2015-06-23 16:46:37 <00010073:防排煙用中繼器:關閉>41F:熱類比
1340 B 2015-06-23 16:46:36 <動作>41F:熱類比
1341 B 2015-06-23 16:46:36 <00010072:防排煙用中繼器:關閉>41F:熱類比
1342 G 2015-06-23 16:46:34 <00010073:防排煙用中繼器:啟動控制:復歸>41F:熱類比
1343 G 2015-06-23 16:46:33 <00010072:防排煙用中繼器:啟動控制:復歸>41F:熱類比
1344 B 2015-06-23 16:46:32 <動作>41F:熱類比
1345 B 2015-06-23 16:46:32 <00010071:防排煙用中繼器:關閉>41F:熱類比
1346 G 2015-06-23 16:46:30 <00010071:防排煙用中繼器:啟動控制:復歸>41F:熱類比
1347 G 2015-06-23 16:46:29 <00010074:防排煙用中繼器:啟動控制:復歸>41F:偵煙4
1348 G 2015-06-23 16:46:28 <00010021:光電類比感知器:注意:關閉>41F:熱類比
1349 R 2015-06-23 16:46:28 <00010021:光電類比感知器:火災:關閉>41F:熱類比
1350 B 2015-06-23 16:45:23 <00010073:防排煙用中繼器:動作>41F:熱類比
1351 B 2015-06-23 16:45:21 <00010072:防排煙用中繼器:動作>41F:熱類比
1352 G 2015-06-23 16:45:20 <00010073:防排煙用中繼器:啟動控制中>41F:熱類比
1353 G 2015-06-23 16:45:19 <00010072:防排煙用中繼器:啟動控制中>41F:熱類比
1354 B 2015-06-23 16:45:17 <00010071:防排煙用中繼器:動作>41F:熱類比
1355 G 2015-06-23 16:45:15 <00010071:防排煙用中繼器:啟動控制中>41F:熱類比
1356 G 2015-06-23 16:45:14 <00010074:防排煙用中繼器:啟動控制中>41F:偵煙4
1357 R 2015-06-23 16:45:13 <00010021:光電類比感知器:火災:開啟>41F:熱類比
1358 R 2015-06-23 16:45:12 <00010021:光電類比感知器:注意:開啟>41F:熱類比
1359 G 2015-06-23 16:45:04 <已連線>
1360 P 2015-06-23 16:45:00 <串口通信異常:正常>
1361 P 2015-06-23 16:45:00 <串口通信異常:異常>
1362 G 2015-06-23 16:44:59 <連線中>
1363 G 2015-06-23 16:44:52 <未連線>
1364 G 2015-06-23 16:44:52 <監控系統開始>
1365 G 2015-06-23 16:41:12 <00010074:防排煙用中繼器:啟動控制:復歸>41F:偵煙4
1366 P 2015-06-23 16:41:11 <地區音響一齊鳴動 : 關閉>
1367 B 2015-06-23 16:41:11 <00010011:定址火警發信機:關閉>41F:定址火警發信機
1368 G 2015-06-23 16:40:22 <已連線>
1369 P 2015-06-23 16:40:20 <串口通信異常:正常>
1370 G 2015-06-23 16:40:19 <00010074:防排煙用中繼器:啟動控制中>41F:偵煙4
1371 P 2015-06-23 16:40:19 <地區音響一齊鳴動 : 開啟>
1372 R 2015-06-23 16:40:19 <00010011:定址火警發信機:火災報>41F:定址火警發信機
1373 P 2015-06-23 16:40:18 <串口通信異常:異常>
1374 G 2015-06-23 16:40:17 <連線中>
1375 G 2015-06-23 16:40:11 <未連線>
1376 G 2015-06-23 16:40:11 <監控系統開始>
1377 G 2015-06-23 16:40:11 <監控系統結束>
1378 G 2015-06-23 16:40:08 <通訊中斷>
1379 G 2015-06-23 16:39:48 <已連線>
1380 P 2015-06-23 16:39:45 <串口通信異常:正常>
1381 G 2015-06-23 16:39:45 <00010074:防排煙用中繼器:啟動控制:復歸>41F:偵煙4
1382 P 2015-06-23 16:39:45 <地區音響一齊鳴動 : 關閉>
1383 B 2015-06-23 16:39:45 <00010011:定址火警發信機:關閉>41F:定址火警發信機
1384 P 2015-06-23 16:39:44 <串口通信異常:異常>
1385 G 2015-06-23 16:39:44 <00010074:防排煙用中繼器:啟動控制中>41F:偵煙4
1386 G 2015-06-23 16:39:43 <連線中>
1387 G 2015-06-23 16:39:37 <未連線>
1388 G 2015-06-23 16:39:37 <監控系統開始>
1389 R 2015-06-23 16:37:05 <00010011:定址火警發信機:火災報>41F:定址火警發信機
1390 G 2015-06-23 16:36:54 <已連線>
1391 P 2015-06-23 16:36:51 <串口通信異常:正常>
1392 P 2015-06-23 16:36:51 <串口通信異常:異常>
1393 G 2015-06-23 16:36:49 <連線中>
1394 G 2015-06-23 16:36:36 <未連線>
1395 G 2015-06-23 16:36:36 <監控系統開始>
1396 G 2015-06-23 16:33:31 <00010074:防排煙用中繼器:啟動控制:復歸>41F:偵煙4
1397 P 2015-06-23 16:33:30 <地區音響一齊鳴動 : 關閉>
1398 B 2015-06-23 16:33:30 <00010011:定址火警發信機:關閉>41F:定址火警發信機
1399 G 2015-06-23 16:32:40 <已連線>
1400 P 2015-06-23 16:32:38 <串口通信異常:正常>
1401 G 2015-06-23 16:32:38 <00010074:防排煙用中繼器:啟動控制中>41F:偵煙4
1402 P 2015-06-23 16:32:38 <地區音響一齊鳴動 : 開啟>
1403 R 2015-06-23 16:32:37 <00010011:定址火警發信機:火災報>41F:定址火警發信機
1404 G 2015-06-23 16:32:37 <00010074:防排煙用中繼器:啟動控制:復歸>41F:偵煙4
1405 P 2015-06-23 16:32:37 <地區音響一齊鳴動 : 關閉>
1406 P 2015-06-23 16:32:37 <復歸>
1407 P 2015-06-23 16:32:36 <串口通信異常:異常>
1408 G 2015-06-23 16:32:36 <00010074:防排煙用中繼器:啟動控制中>41F:偵煙4
1409 G 2015-06-23 16:32:34 <連線中>
1410 G 2015-06-23 16:32:27 <未連線>
1411 G 2015-06-23 16:32:27 <監控系統開始>
1412 R 2015-06-23 16:31:05 <00010011:定址火警發信機:火災報>41F:定址火警發信機
1413 P 2015-06-23 16:30:13 <復歸>
1414 B 2015-06-23 16:30:07 <00010101:監視用中繼器:動作>41F:熱類比
1415 G 2015-06-23 16:29:56 <已連線>
1416 P 2015-06-23 16:29:53 <串口通信異常:正常>
1417 P 2015-06-23 16:29:53 <串口通信異常:異常>
1418 G 2015-06-23 16:29:51 <連線中>
1419 G 2015-06-23 16:29:45 <未連線>
1420 G 2015-06-23 16:29:45 <監控系統開始>
1421 P 2015-06-23 16:25:24 <復歸>
1422 B 2015-06-23 16:25:16 <00010101:監視用中繼器:動作>41F:熱類比
1423 G 2015-06-23 16:24:35 <已連線>
1424 P 2015-06-23 16:24:32 <串口通信異常:正常>
1425 P 2015-06-23 16:24:32 <串口通信異常:異常>
1426 P 2015-06-23 16:24:32 <串口通信異常:異常>
1427 P 2015-06-23 16:24:32 <備用電源未接:異常>
1428 P 2015-06-23 16:24:31 <內置打印機缺紙:異常>
1429 G 2015-06-23 16:24:30 <連線中>
1430 G 2015-06-23 16:24:25 <未連線>
1431 G 2015-06-23 16:24:25 <監控系統開始>
1432 B 2015-06-21 20:36:28 <動作>41F:熱類比
1433 B 2015-06-21 20:36:28 <00010073:防排煙用中繼器:關閉>41F:熱類比
1434 B 2015-06-21 20:36:26 <動作>41F:熱類比
1435 B 2015-06-21 20:36:26 <00010072:防排煙用中繼器:關閉>41F:熱類比
1436 G 2015-06-21 20:36:25 <00010073:防排煙用中繼器:啟動控制:復歸>41F:熱類比
1437 G 2015-06-21 20:36:23 <00010072:防排煙用中繼器:啟動控制:復歸>41F:熱類比
1438 B 2015-06-21 20:36:22 <動作>41F:熱類比
1439 B 2015-06-21 20:36:22 <00010071:防排煙用中繼器:關閉>41F:熱類比
1440 G 2015-06-21 20:36:20 <00010071:防排煙用中繼器:啟動控制:復歸>41F:熱類比
1441 G 2015-06-21 20:36:19 <00010074:防排煙用中繼器:啟動控制:復歸>41F:偵煙4
1442 G 2015-06-21 20:36:18 <00010021:光電類比感知器:注意:關閉>41F:熱類比
1443 R 2015-06-21 20:36:18 <00010021:光電類比感知器:火災:關閉>41F:熱類比
1444 B 2015-06-21 20:35:24 <00010073:防排煙用中繼器:動作>41F:熱類比
1445 B 2015-06-21 20:35:22 <00010072:防排煙用中繼器:動作>41F:熱類比
1446 G 2015-06-21 20:35:20 <00010073:防排煙用中繼器:啟動控制中>41F:熱類比
1447 G 2015-06-21 20:35:19 <00010072:防排煙用中繼器:啟動控制中>41F:熱類比
1448 B 2015-06-21 20:35:17 <00010071:防排煙用中繼器:動作>41F:熱類比
1449 G 2015-06-21 20:35:14 <00010071:防排煙用中繼器:啟動控制中>41F:熱類比
1450 G 2015-06-21 20:35:13 <00010074:防排煙用中繼器:啟動控制中>41F:偵煙4
1451 R 2015-06-21 20:35:12 <00010021:光電類比感知器:火災:開啟>41F:熱類比
1452 R 2015-06-21 20:35:11 <00010021:光電類比感知器:注意:開啟>41F:熱類比
1453 G 2015-06-21 20:35:01 <已連線>
1454 P 2015-06-21 20:34:59 <串口通信異常:正常>
1455 P 2015-06-21 20:34:58 <串口通信異常:異常>
1456 G 2015-06-21 20:34:55 <連線中>
1457 G 2015-06-21 20:34:48 <未連線>
1458 G 2015-06-21 20:34:48 <監控系統開始>
1459 G 2015-06-21 20:30:40 <未連線>
1460 G 2015-06-21 20:30:40 <監控系統開始>
1461 G 2015-06-21 20:27:55 <未連線>
1462 G 2015-06-21 20:27:55 <監控系統開始>
1463 G 2015-06-21 20:23:45 <未連線>
1464 G 2015-06-21 20:23:45 <監控系統開始>
1465 G 2015-06-21 20:21:41 <未連線>
1466 G 2015-06-21 20:21:41 <監控系統開始>
1467 G 2015-06-21 18:47:53 <未連線>
1468 G 2015-06-21 18:47:53 <監控系統開始>
1469 P 2015-06-21 18:11:11 <串口通信異常:正常>
1470 G 2015-06-21 18:11:11 <已連線>
1471 P 2015-06-21 18:11:09 <串口通信異常:異常>
1472 G 2015-06-21 18:10:15 <通訊中斷>
1473 G 2015-06-21 18:09:50 <已連線>
