0001 G 2015-10-16 09:29:44 <未連線>
0002 G 2015-10-16 09:29:44 <監控系統開始>
0003 G 2015-10-16 09:27:37 <監控系統結束>
0004 P 2015-10-16 09:27:34 <05021491:定址感知器用中繼器:未接續>
0005 P 2015-10-16 09:27:32 <05021491:定址感知器用中繼器:未接續>
0006 P 2015-10-16 09:27:29 <05021491:定址感知器用中繼器:未接續>
0007 P 2015-10-16 09:27:27 <05021491:定址感知器用中繼器:未接續>
0008 P 2015-10-16 09:27:25 <05021491:定址感知器用中繼器:未接續>
0009 P 2015-10-16 09:27:22 <05021491:定址感知器用中繼器:未接續>
0010 P 2015-10-16 09:27:20 <05021491:定址感知器用中繼器:未接續>
0011 P 2015-10-16 09:27:18 <05021491:定址感知器用中繼器:未接續>
0012 P 2015-10-16 09:27:15 <05021491:定址感知器用中繼器:未接續>
0013 P 2015-10-16 09:27:13 <05021491:定址感知器用中繼器:未接續>
0014 P 2015-10-16 09:27:10 <05021491:定址感知器用中繼器:未接續>
0015 P 2015-10-16 09:27:08 <05021491:定址感知器用中繼器:未接續>
0016 G 2015-10-16 09:27:02 <連線中>
0017 G 2015-10-16 09:26:56 <未連線>
0018 G 2015-10-16 09:26:55 <監控系統開始>
0019 G 2015-10-16 09:26:54 <監控系統結束>
0020 P 2015-10-16 09:26:49 <05021491:定址感知器用中繼器:未接續>
0021 P 2015-10-16 09:26:46 <05021491:定址感知器用中繼器:未接續>
0022 P 2015-10-16 09:26:44 <05021491:定址感知器用中繼器:未接續>
0023 P 2015-10-16 09:26:41 <05021491:定址感知器用中繼器:未接續>
0024 P 2015-10-16 09:26:39 <05021491:定址感知器用中繼器:未接續>
0025 P 2015-10-16 09:26:36 <05021491:定址感知器用中繼器:未接續>
0026 P 2015-10-16 09:26:34 <05021491:定址感知器用中繼器:未接續>
0027 P 2015-10-16 09:26:31 <05021491:定址感知器用中繼器:未接續>
0028 P 2015-10-16 09:26:29 <05021491:定址感知器用中繼器:未接續>
0029 P 2015-10-16 09:26:26 <05021491:定址感知器用中繼器:未接續>
0030 P 2015-10-16 09:26:24 <05021491:定址感知器用中繼器:未接續>
0031 P 2015-10-16 09:26:21 <05021491:定址感知器用中繼器:未接續>
0032 G 2015-10-16 09:26:21 <連線中>
0033 G 2015-10-16 09:26:12 <未連線>
0034 G 2015-10-16 09:26:12 <監控系統開始>
0035 G 2015-10-15 20:56:03 <監控系統結束>
0036 P 2015-10-15 20:51:52 <05022551:種別異常>12F:room
0037 P 2015-10-15 20:51:49 <05022551:種別異常>12F:room
0038 P 2015-10-15 20:51:47 <05022551:種別異常>12F:room
0039 G 2015-10-15 20:51:41 <連線中>
0040 G 2015-10-15 20:51:34 <未連線>
0041 G 2015-10-15 20:51:34 <監控系統開始>
0042 G 2015-10-15 20:50:31 <監控系統結束>
0043 P 2015-10-15 20:50:21 <找不到點 :05022551>
0044 P 2015-10-15 20:50:20 <找不到點 :05022551>
0045 P 2015-10-15 20:50:14 <05022551:種別異常>
0046 P 2015-10-15 20:50:12 <05022551:種別異常>
0047 P 2015-10-15 20:50:09 <05022551:種別異常>
0048 G 2015-10-15 20:50:07 <連線中>
0049 G 2015-10-15 20:50:00 <未連線>
0050 G 2015-10-15 20:50:00 <監控系統開始>
0051 G 2015-10-15 20:48:25 <監控系統結束>
0052 G 2015-10-15 20:48:22 <未連線>
0053 G 2015-10-15 20:48:22 <監控系統開始>
0054 G 2015-10-12 16:21:18 <監控系統結束>
0055 P 2015-10-12 16:21:17 <找不到點 :04080961>
0056 R 2015-10-12 16:21:17 <04080961:多回線感知器用中繼器:火災報>
0057 P 2015-10-12 16:21:15 <找不到點 :04080961>
0058 R 2015-10-12 16:21:15 <04080961:多回線感知器用中繼器:火災報>
0059 P 2015-10-12 16:21:13 <找不到點 :04080961>
0060 R 2015-10-12 16:21:13 <04080961:多回線感知器用中繼器:火災報>
0061 P 2015-10-12 16:21:10 <找不到點 :04080961>
0062 R 2015-10-12 16:21:10 <04080961:多回線感知器用中繼器:火災報>
0063 G 2015-10-12 16:21:09 <連線中>
0064 G 2015-10-12 16:21:03 <未連線>
0065 G 2015-10-12 16:21:02 <監控系統開始>
0066 G 2015-10-12 16:07:00 <監控系統結束>
0067 G 2015-10-12 16:06:48 <未連線>
0068 G 2015-10-12 16:06:48 <監控系統開始>
0069 G 2015-10-12 16:03:40 <監控系統結束>
0070 G 2015-10-12 16:03:37 <未連線>
0071 G 2015-10-12 16:03:37 <監控系統開始>
0072 G 2015-10-12 16:02:31 <監控系統結束>
0073 G 2015-10-12 16:02:28 <未連線>
0074 G 2015-10-12 16:02:28 <監控系統開始>
0075 G 2015-10-12 16:02:26 <監控系統結束>
0076 G 2015-10-12 16:02:07 <未連線>
0077 G 2015-10-12 16:02:07 <監控系統開始>
0078 G 2015-10-12 16:00:25 <監控系統結束>
0079 P 2015-10-12 16:00:22 <找不到點 :04080961>
0080 R 2015-10-12 16:00:22 <04080961:多回線感知器用中繼器:火災報>
0081 P 2015-10-12 16:00:20 <找不到點 :04080961>
0082 R 2015-10-12 16:00:20 <04080961:多回線感知器用中繼器:火災報>
0083 P 2015-10-12 16:00:17 <找不到點 :04080961>
0084 R 2015-10-12 16:00:17 <04080961:多回線感知器用中繼器:火災報>
0085 P 2015-10-12 16:00:15 <找不到點 :04080961>
0086 R 2015-10-12 16:00:15 <04080961:多回線感知器用中繼器:火災報>
0087 P 2015-10-12 16:00:13 <找不到點 :04080961>
0088 R 2015-10-12 16:00:13 <04080961:多回線感知器用中繼器:火災報>
0089 G 2015-10-12 16:00:09 <連線中>
0090 G 2015-10-12 16:00:02 <未連線>
0091 G 2015-10-12 16:00:01 <監控系統開始>
0092 G 2015-10-12 15:59:16 <監控系統結束>
0093 B 2015-10-12 15:59:14 <01011372:監視用中繼器:動作>12F:大廳
0094 B 2015-10-12 15:59:11 <01011372:監視用中繼器:動作>12F:大廳
0095 G 2015-10-12 15:59:11 <連線中>
0096 G 2015-10-12 15:59:05 <未連線>
0097 G 2015-10-12 15:59:05 <監控系統開始>
0098 G 2015-10-12 15:57:39 <監控系統結束>
0099 G 2015-10-12 15:45:30 <連線中>
0100 G 2015-10-12 15:45:24 <未連線>
0101 G 2015-10-12 15:45:24 <監控系統開始>
0102 G 2015-10-09 14:03:21 <監控系統結束>
0103 G 2015-10-09 10:33:34 <連線中>
0104 G 2015-10-09 10:32:58 <未連線>
0105 G 2015-10-09 10:32:58 <監控系統開始>
0106 G 2015-10-09 10:26:06 <監控系統結束>
0107 G 2015-10-09 09:27:05 <連線中>
0108 G 2015-10-09 09:26:59 <未連線>
0109 G 2015-10-09 09:26:59 <監控系統開始>
0110 G 2015-10-09 08:17:11 <監控系統結束>
