1 7 2015-06-08 13:50:26 <01040261:光電類比感知器:注意:開啟:火災報>
2 8 2015-06-08 13:50:27 <01030553:防排煙用中繼器:連動停止>
3 8 2015-06-08 13:50:28 <01030554:防排煙用中繼器:連動停止>
4 8 2015-06-08 13:50:29 <01020821:防排煙用中繼器:連動停止>
5 8 2015-06-08 13:50:30 <01030631:防排煙用中繼器:連動停止>
6 8 2015-06-08 13:50:31 <01020801:防排煙用中繼器:連動停止>
7 8 2015-06-08 13:50:32 <01030611:防排煙用中繼器:連動停止>
8 8 2015-06-08 13:50:33 <01030621:防排煙用中繼器:連動停止>
9 8 2015-06-08 13:50:34 <01020811:防排煙用中繼器:連動停止>
10 8 2015-06-08 13:50:35 <01040921:防排煙用中繼器:連動停止>
11 8 2015-06-08 13:50:36 <01040901:防排煙用中繼器:連動停止>
12 8 2015-06-08 13:50:37 <01040911:防排煙用中繼器:連動停止>
13 8 2015-06-08 13:50:38 <01040931:防排煙用中繼器:連動停止>
14 8 2015-06-08 13:50:39 <01061501:防排煙用中繼器:連動停止>
15 8 2015-06-08 13:50:40 <01061511:防排煙用中繼器:連動停止>
16 8 2015-06-08 13:50:42 <01061521:防排煙用中繼器:連動停止>
17 8 2015-06-08 13:50:43 <01071071:防排煙用中繼器:連動停止>
18 8 2015-06-08 13:50:44 <01071081:防排煙用中繼器:連動停止>
19 8 2015-06-08 13:50:45 <01071091:防排煙用中繼器:連動停止>
20 8 2015-06-08 13:50:46 <01081081:防排煙用中繼器:連動停止>
21 8 2015-06-08 13:50:47 <01081091:防排煙用中繼器:連動停止>
22 8 2015-06-08 13:50:48 <01081101:防排煙用中繼器:連動停止>
23 8 2015-06-08 13:50:49 <01040801:防排煙用中繼器:連動停止>
24 8 2015-06-08 13:50:50 <01011372:防排煙通過:啟動控制中>
25 11 2015-06-08 13:51:00 <復歸>
26 11 2015-06-08 13:51:00 <復歸>
27 8 2015-06-08 13:51:06 <01011372:防排煙通過:啟動控制:復歸>
28 7 2015-06-08 13:53:17 <01040261:光電類比感知器:注意:開啟:火災報>
29 8 2015-06-08 13:53:19 <01011314:防排煙用中繼器:連動停止>
30 8 2015-06-08 13:53:20 <01030553:防排煙用中繼器:連動停止>
31 8 2015-06-08 13:53:21 <01030554:防排煙用中繼器:連動停止>
32 8 2015-06-08 13:53:22 <01020821:防排煙用中繼器:連動停止>
33 8 2015-06-08 13:53:23 <01030631:防排煙用中繼器:連動停止>
34 8 2015-06-08 13:53:24 <01020801:防排煙用中繼器:連動停止>
35 8 2015-06-08 13:53:25 <01030611:防排煙用中繼器:連動停止>
36 8 2015-06-08 13:53:26 <01030621:防排煙用中繼器:連動停止>
37 8 2015-06-08 13:53:27 <01020811:防排煙用中繼器:連動停止>
38 8 2015-06-08 13:53:28 <01040921:防排煙用中繼器:連動停止>
39 8 2015-06-08 13:53:29 <01040901:防排煙用中繼器:連動停止>
40 8 2015-06-08 13:53:30 <01040911:防排煙用中繼器:連動停止>
41 8 2015-06-08 13:53:31 <01040931:防排煙用中繼器:連動停止>
42 8 2015-06-08 13:53:32 <01061501:防排煙用中繼器:連動停止>
43 8 2015-06-08 13:53:33 <01061511:防排煙用中繼器:連動停止>
44 8 2015-06-08 13:53:34 <01061521:防排煙用中繼器:連動停止>
45 8 2015-06-08 13:53:35 <01071071:防排煙用中繼器:連動停止>
46 8 2015-06-08 13:53:36 <01071081:防排煙用中繼器:連動停止>
47 8 2015-06-08 13:53:37 <01071091:防排煙用中繼器:連動停止>
48 8 2015-06-08 13:53:38 <01081081:防排煙用中繼器:連動停止>
49 8 2015-06-08 13:53:39 <01081091:防排煙用中繼器:連動停止>
50 8 2015-06-08 13:53:40 <01081101:防排煙用中繼器:連動停止>
51 8 2015-06-08 13:53:41 <01040801:防排煙用中繼器:連動停止>
52 8 2015-06-08 13:53:42 <01011372:防排煙通過:啟動控制中>
53 11 2015-06-08 13:55:01 <試驗復歸 : 開啟>
54 8 2015-06-08 13:55:10 <01011372:防排煙通過:啟動控制:復歸>
55 11 2015-06-08 13:55:22 <試驗復歸 : 關閉>
56 7 2015-06-08 13:56:04 <01040261:光電類比感知器:注意:開啟:火災報>
57 8 2015-06-08 13:56:06 <01011314:防排煙用中繼器:連動停止>
58 8 2015-06-08 13:56:07 <01030553:防排煙用中繼器:連動停止>
59 8 2015-06-08 13:56:08 <01030554:防排煙用中繼器:連動停止>
60 8 2015-06-08 13:56:09 <01020821:防排煙用中繼器:連動停止>
61 8 2015-06-08 13:56:10 <01030631:防排煙用中繼器:連動停止>
62 8 2015-06-08 13:56:11 <01020801:防排煙用中繼器:連動停止>
63 8 2015-06-08 13:56:12 <01030611:防排煙用中繼器:連動停止>
64 8 2015-06-08 13:56:13 <01030621:防排煙用中繼器:連動停止>
65 8 2015-06-08 13:56:14 <01020811:防排煙用中繼器:連動停止>
66 8 2015-06-08 13:56:15 <01040921:防排煙用中繼器:連動停止>
67 8 2015-06-08 13:56:16 <01040901:防排煙用中繼器:連動停止>
68 8 2015-06-08 13:56:17 <01040911:防排煙用中繼器:連動停止>
69 8 2015-06-08 13:56:18 <01040931:防排煙用中繼器:連動停止>
70 8 2015-06-08 13:56:19 <01061501:防排煙用中繼器:連動停止>
71 8 2015-06-08 13:56:20 <01061511:防排煙用中繼器:連動停止>
72 8 2015-06-08 13:56:21 <01061521:防排煙用中繼器:連動停止>
73 8 2015-06-08 13:56:22 <01071071:防排煙用中繼器:連動停止>
74 8 2015-06-08 13:56:23 <01071081:防排煙用中繼器:連動停止>
75 8 2015-06-08 13:56:24 <01071091:防排煙用中繼器:連動停止>
76 8 2015-06-08 13:56:25 <01081081:防排煙用中繼器:連動停止>
77 8 2015-06-08 13:56:26 <01081091:防排煙用中繼器:連動停止>
78 8 2015-06-08 13:56:27 <01081101:防排煙用中繼器:連動停止>
79 8 2015-06-08 13:56:28 <01040801:防排煙用中繼器:連動停止>
80 8 2015-06-08 13:56:29 <01011372:防排煙通過:啟動控制中>
81 11 2015-06-08 13:56:30 <試驗復歸 : 開啟>
82 7 2015-06-08 13:57:07 <01040261:光電類比感知器:火災:關閉>
83 8 2015-06-08 13:57:16 <01011372:防排煙通過:啟動控制:復歸>
84 11 2015-06-08 13:58:15 <試驗復歸 : 關閉>
85 11 2015-06-08 13:58:17 <復歸>
86 11 2015-06-08 13:58:17 <復歸>
87 8 2015-06-08 13:58:28 <監控系統結束>
88 8 2015-06-08 13:58:28 <監控系統開始>
89 8 2015-06-08 13:58:28 <未連線>
90 8 2015-06-08 13:58:30 <連線中>
91 7 2015-06-08 13:58:48 <01040261:光電類比感知器:注意:開啟:火災報>
92 8 2015-06-08 13:58:49 <01030553:防排煙用中繼器:連動停止>
93 8 2015-06-08 13:58:50 <01030554:防排煙用中繼器:連動停止>
94 8 2015-06-08 13:58:51 <01020821:防排煙用中繼器:連動停止>
95 8 2015-06-08 13:58:52 <01030631:防排煙用中繼器:連動停止>
96 8 2015-06-08 13:58:53 <01020801:防排煙用中繼器:連動停止>
97 8 2015-06-08 13:58:54 <01030611:防排煙用中繼器:連動停止>
98 8 2015-06-08 13:58:55 <01030621:防排煙用中繼器:連動停止>
99 8 2015-06-08 13:58:56 <01020811:防排煙用中繼器:連動停止>
100 8 2015-06-08 13:58:57 <01040921:防排煙用中繼器:連動停止>
101 8 2015-06-08 13:58:58 <01040901:防排煙用中繼器:連動停止>
102 8 2015-06-08 13:58:59 <01040911:防排煙用中繼器:連動停止>
103 8 2015-06-08 13:59:00 <01040931:防排煙用中繼器:連動停止>
104 8 2015-06-08 13:59:01 <01061501:防排煙用中繼器:連動停止>
105 8 2015-06-08 13:59:02 <01061511:防排煙用中繼器:連動停止>
106 8 2015-06-08 13:59:03 <01061521:防排煙用中繼器:連動停止>
107 8 2015-06-08 13:59:04 <01071071:防排煙用中繼器:連動停止>
108 8 2015-06-08 13:59:05 <01071081:防排煙用中繼器:連動停止>
109 8 2015-06-08 13:59:06 <01071091:防排煙用中繼器:連動停止>
110 8 2015-06-08 13:59:07 <01081081:防排煙用中繼器:連動停止>
111 8 2015-06-08 13:59:08 <01081091:防排煙用中繼器:連動停止>
112 8 2015-06-08 13:59:09 <01081101:防排煙用中繼器:連動停止>
113 8 2015-06-08 13:59:10 <01040801:防排煙用中繼器:連動停止>
114 8 2015-06-08 13:59:11 <01011372:防排煙通過:啟動控制中>
115 11 2015-06-08 13:59:39 <003種別連動停止 : 關閉>
116 8 2015-06-08 13:59:41 <01040801:防排煙用中繼器:啟動控制中>
117 9 2015-06-08 13:59:43 <01040801:防排煙用中繼器:動作>
118 8 2015-06-08 13:59:44 <01011041:防排煙用中繼器:連動停止>
119 8 2015-06-08 13:59:45 <01011051:防排煙用中繼器:連動停止>
120 11 2015-06-08 14:00:39 <003種別連動停止 : 開啟>
121 11 2015-06-08 14:00:41 <復歸>
122 11 2015-06-08 14:00:41 <復歸>
123 8 2015-06-08 14:00:48 <01011372:防排煙通過:啟動控制:復歸>
124 8 2015-06-08 14:00:50 <01040801:防排煙用中繼器:啟動控制:復歸>
125 8 2015-06-08 14:01:01 <01011041:防排煙用中繼器:連動停止>
126 8 2015-06-08 14:01:02 <01011051:防排煙用中繼器:連動停止>
127 7 2015-06-08 14:04:15 <01020141:光電類比感知器:注意:開啟:火災報>
128 8 2015-06-08 14:04:17 <01030553:防排煙用中繼器:連動停止>
129 8 2015-06-08 14:04:18 <01030554:防排煙用中繼器:連動停止>
130 8 2015-06-08 14:04:19 <01020821:防排煙用中繼器:連動停止>
131 8 2015-06-08 14:04:20 <01030631:防排煙用中繼器:連動停止>
132 8 2015-06-08 14:04:21 <01020801:防排煙用中繼器:連動停止>
133 8 2015-06-08 14:04:22 <01030611:防排煙用中繼器:連動停止>
134 8 2015-06-08 14:04:23 <01030621:防排煙用中繼器:連動停止>
135 8 2015-06-08 14:04:24 <01020811:防排煙用中繼器:連動停止>
136 8 2015-06-08 14:04:25 <01040921:防排煙用中繼器:連動停止>
137 8 2015-06-08 14:04:26 <01040901:防排煙用中繼器:連動停止>
138 8 2015-06-08 14:04:27 <01040911:防排煙用中繼器:連動停止>
139 8 2015-06-08 14:04:28 <01040931:防排煙用中繼器:連動停止>
140 8 2015-06-08 14:04:29 <01061501:防排煙用中繼器:連動停止>
141 8 2015-06-08 14:04:30 <01061511:防排煙用中繼器:連動停止>
142 8 2015-06-08 14:04:31 <01061521:防排煙用中繼器:連動停止>
143 8 2015-06-08 14:04:32 <01071071:防排煙用中繼器:連動停止>
144 8 2015-06-08 14:04:33 <01071081:防排煙用中繼器:連動停止>
145 8 2015-06-08 14:04:34 <01071091:防排煙用中繼器:連動停止>
146 8 2015-06-08 14:04:36 <01081081:防排煙用中繼器:連動停止>
147 8 2015-06-08 14:04:37 <01081091:防排煙用中繼器:連動停止>
148 8 2015-06-08 14:04:38 <01081101:防排煙用中繼器:連動停止>
149 8 2015-06-08 14:04:39 <01011372:防排煙通過:啟動控制中>
150 11 2015-06-08 14:05:23 <復歸>
151 11 2015-06-08 14:05:23 <復歸>
152 8 2015-06-08 14:05:30 <01011372:防排煙通過:啟動控制:復歸>
153 7 2015-06-08 14:06:23 <01020141:光電類比感知器:注意:開啟:火災報>
154 8 2015-06-08 14:06:24 <01011321:防排煙用中繼器:連動停止>
155 8 2015-06-08 14:06:25 <01030553:防排煙用中繼器:連動停止>
156 8 2015-06-08 14:06:26 <01030554:防排煙用中繼器:連動停止>
157 8 2015-06-08 14:06:27 <01020821:防排煙用中繼器:連動停止>
158 8 2015-06-08 14:06:28 <01030631:防排煙用中繼器:連動停止>
159 8 2015-06-08 14:06:29 <01020801:防排煙用中繼器:連動停止>
160 8 2015-06-08 14:06:30 <01030611:防排煙用中繼器:連動停止>
161 8 2015-06-08 14:06:32 <01030621:防排煙用中繼器:連動停止>
162 8 2015-06-08 14:06:33 <01020811:防排煙用中繼器:連動停止>
163 8 2015-06-08 14:06:34 <01040921:防排煙用中繼器:連動停止>
164 8 2015-06-08 14:06:35 <01040901:防排煙用中繼器:連動停止>
165 8 2015-06-08 14:06:36 <01040911:防排煙用中繼器:連動停止>
166 8 2015-06-08 14:06:37 <01040931:防排煙用中繼器:連動停止>
167 8 2015-06-08 14:06:38 <01061501:防排煙用中繼器:連動停止>
168 8 2015-06-08 14:06:39 <01061511:防排煙用中繼器:連動停止>
169 8 2015-06-08 14:06:40 <01061521:防排煙用中繼器:連動停止>
170 8 2015-06-08 14:06:41 <01071071:防排煙用中繼器:連動停止>
171 8 2015-06-08 14:06:42 <01071081:防排煙用中繼器:連動停止>
172 8 2015-06-08 14:06:43 <01071091:防排煙用中繼器:連動停止>
173 8 2015-06-08 14:06:44 <01081081:防排煙用中繼器:連動停止>
174 8 2015-06-08 14:06:45 <01081091:防排煙用中繼器:連動停止>
175 8 2015-06-08 14:06:46 <01081101:防排煙用中繼器:連動停止>
176 8 2015-06-08 14:06:47 <01011372:防排煙通過:啟動控制中>
177 11 2015-06-08 14:07:32 <復歸>
178 11 2015-06-08 14:07:34 <復歸>
179 8 2015-06-08 14:07:39 <01011372:防排煙通過:啟動控制:復歸>
180 7 2015-06-08 14:09:31 <01020141:光電類比感知器:注意:開啟:火災報>
181 8 2015-06-08 14:09:33 <01030553:防排煙用中繼器:連動停止>
182 8 2015-06-08 14:09:34 <01030554:防排煙用中繼器:連動停止>
183 8 2015-06-08 14:09:35 <01020821:防排煙用中繼器:連動停止>
184 8 2015-06-08 14:09:36 <01030631:防排煙用中繼器:連動停止>
185 8 2015-06-08 14:09:37 <01020801:防排煙用中繼器:連動停止>
186 8 2015-06-08 14:09:38 <01030611:防排煙用中繼器:連動停止>
187 8 2015-06-08 14:09:39 <01030621:防排煙用中繼器:連動停止>
188 8 2015-06-08 14:09:40 <01020811:防排煙用中繼器:連動停止>
189 8 2015-06-08 14:09:41 <01040921:防排煙用中繼器:連動停止>
190 8 2015-06-08 14:09:42 <01040901:防排煙用中繼器:連動停止>
191 8 2015-06-08 14:09:43 <01040911:防排煙用中繼器:連動停止>
192 8 2015-06-08 14:09:44 <01040931:防排煙用中繼器:連動停止>
193 8 2015-06-08 14:09:45 <01061501:防排煙用中繼器:連動停止>
194 8 2015-06-08 14:09:46 <01061511:防排煙用中繼器:連動停止>
195 8 2015-06-08 14:09:47 <01061521:防排煙用中繼器:連動停止>
196 8 2015-06-08 14:09:48 <01071071:防排煙用中繼器:連動停止>
197 8 2015-06-08 14:09:49 <01071081:防排煙用中繼器:連動停止>
198 8 2015-06-08 14:09:50 <01071091:防排煙用中繼器:連動停止>
199 8 2015-06-08 14:09:51 <01081081:防排煙用中繼器:連動停止>
200 8 2015-06-08 14:09:52 <01081091:防排煙用中繼器:連動停止>
201 8 2015-06-08 14:09:53 <01081101:防排煙用中繼器:連動停止>
202 8 2015-06-08 14:09:54 <01011372:防排煙通過:啟動控制中>
203 7 2015-06-08 14:09:56 <01040261:光電類比感知器:注意:開啟:火災報>
204 8 2015-06-08 14:09:57 <01040801:防排煙用中繼器:連動停止>
205 11 2015-06-08 14:10:37 <003種別連動停止 : 關閉>
206 8 2015-06-08 14:10:38 <01040801:防排煙用中繼器:啟動控制中>
207 9 2015-06-08 14:10:41 <01040801:防排煙用中繼器:動作>
208 8 2015-06-08 14:10:42 <01011051:防排煙用中繼器:連動停止>
209 11 2015-06-08 14:11:06 <016種別連動停止 : 關閉>
210 8 2015-06-08 14:11:09 <01071071:防排煙用中繼器:啟動控制中>
211 8 2015-06-08 14:11:11 <01061501:防排煙用中繼器:啟動控制中>
212 8 2015-06-08 14:11:13 <01020801:防排煙用中繼器:啟動控制中>
213 8 2015-06-08 14:11:19 <01030611:防排煙用中繼器:啟動控制中>
214 8 2015-06-08 14:11:20 <01071081:防排煙用中繼器:啟動控制中>
215 8 2015-06-08 14:11:22 <01061511:防排煙用中繼器:啟動控制中>
216 8 2015-06-08 14:11:23 <01020811:防排煙用中繼器:啟動控制中>
217 8 2015-06-08 14:11:24 <01030621:防排煙用中繼器:啟動控制中>
218 8 2015-06-08 14:11:25 <01071091:防排煙用中繼器:啟動控制中>
219 8 2015-06-08 14:11:26 <01061521:防排煙用中繼器:啟動控制中>
220 8 2015-06-08 14:11:27 <01020821:防排煙用中繼器:啟動控制中>
221 8 2015-06-08 14:11:28 <01030631:防排煙用中繼器:啟動控制中>
222 8 2015-06-08 14:11:29 <01081081:防排煙用中繼器:啟動控制中>
223 8 2015-06-08 14:11:30 <01040901:防排煙用中繼器:啟動控制中>
224 8 2015-06-08 14:11:31 <01081091:防排煙用中繼器:啟動控制中>
225 8 2015-06-08 14:11:32 <01040911:防排煙用中繼器:啟動控制中>
226 8 2015-06-08 14:11:33 <01081101:防排煙用中繼器:啟動控制中>
227 8 2015-06-08 14:11:34 <01040921:防排煙用中繼器:啟動控制中>
228 8 2015-06-08 14:11:35 <01040931:防排煙用中繼器:啟動控制中>
229 11 2015-06-08 14:12:02 <003種別連動停止 : 開啟>
230 11 2015-06-08 14:12:03 <復歸>
231 11 2015-06-08 14:12:03 <復歸>
232 8 2015-06-08 14:12:22 <01030611:防排煙用中繼器:啟動控制:復歸>
233 8 2015-06-08 14:12:23 <01030621:防排煙用中繼器:啟動控制:復歸>
234 8 2015-06-08 14:12:24 <01030631:防排煙用中繼器:啟動控制:復歸>
235 8 2015-06-08 14:12:25 <01071071:防排煙用中繼器:啟動控制:復歸>
236 8 2015-06-08 14:12:26 <01071081:防排煙用中繼器:啟動控制:復歸>
237 8 2015-06-08 14:12:27 <01071091:防排煙用中繼器:啟動控制:復歸>
238 8 2015-06-08 14:12:28 <01011372:防排煙通過:啟動控制:復歸>
239 8 2015-06-08 14:12:29 <01040801:防排煙用中繼器:啟動控制:復歸>
240 8 2015-06-08 14:12:30 <01040901:防排煙用中繼器:啟動控制:復歸>
241 8 2015-06-08 14:12:31 <01040911:防排煙用中繼器:啟動控制:復歸>
242 8 2015-06-08 14:12:35 <01040921:防排煙用中繼器:啟動控制:復歸>
243 8 2015-06-08 14:12:36 <01040931:防排煙用中繼器:啟動控制:復歸>
244 8 2015-06-08 14:12:37 <01081081:防排煙用中繼器:啟動控制:復歸>
245 8 2015-06-08 14:12:38 <01020801:防排煙用中繼器:啟動控制:復歸>
246 8 2015-06-08 14:12:40 <01081091:防排煙用中繼器:啟動控制:復歸>
247 8 2015-06-08 14:12:41 <01020811:防排煙用中繼器:啟動控制:復歸>
248 8 2015-06-08 14:12:42 <01061501:防排煙用中繼器:啟動控制:復歸>
249 8 2015-06-08 14:12:43 <01081101:防排煙用中繼器:啟動控制:復歸>
250 8 2015-06-08 14:12:44 <01020821:防排煙用中繼器:啟動控制:復歸>
251 8 2015-06-08 14:12:45 <01061511:防排煙用中繼器:啟動控制:復歸>
252 8 2015-06-08 14:12:46 <01061521:防排煙用中繼器:啟動控制:復歸>
253 8 2015-06-08 14:12:47 <01011041:防排煙用中繼器:連動停止>
254 8 2015-06-08 14:12:48 <01011051:防排煙用中繼器:連動停止>
255 11 2015-06-08 14:12:49 <串口通信異常:異常>
256 11 2015-06-08 14:12:50 <串口通信異常:正常>
257 7 2015-06-08 14:13:26 <01040261:光電類比感知器:注意:開啟:火災報>
258 8 2015-06-08 14:13:27 <01011314:防排煙用中繼器:連動停止>
259 8 2015-06-08 14:13:28 <01030553:防排煙用中繼器:連動停止>
260 8 2015-06-08 14:13:29 <01030554:防排煙用中繼器:連動停止>
261 8 2015-06-08 14:13:30 <01020821:防排煙用中繼器:連動停止>
262 8 2015-06-08 14:13:31 <01030631:防排煙用中繼器:連動停止>
263 8 2015-06-08 14:13:34 <01020801:防排煙用中繼器:連動停止>
264 8 2015-06-08 14:13:35 <01030611:防排煙用中繼器:連動停止>
265 8 2015-06-08 14:13:36 <01030621:防排煙用中繼器:連動停止>
266 8 2015-06-08 14:13:37 <01020811:防排煙用中繼器:連動停止>
267 8 2015-06-08 14:13:38 <01040921:防排煙用中繼器:連動停止>
268 8 2015-06-08 14:13:39 <01040901:防排煙用中繼器:連動停止>
269 8 2015-06-08 14:13:40 <01040911:防排煙用中繼器:連動停止>
270 8 2015-06-08 14:13:41 <01040931:防排煙用中繼器:連動停止>
271 8 2015-06-08 14:13:42 <01061501:防排煙用中繼器:連動停止>
272 8 2015-06-08 14:13:43 <01061511:防排煙用中繼器:連動停止>
273 8 2015-06-08 14:13:44 <01061521:防排煙用中繼器:連動停止>
274 8 2015-06-08 14:13:45 <01071071:防排煙用中繼器:連動停止>
275 8 2015-06-08 14:13:47 <01071081:防排煙用中繼器:連動停止>
276 8 2015-06-08 14:13:48 <01071091:防排煙用中繼器:連動停止>
277 8 2015-06-08 14:13:49 <01081081:防排煙用中繼器:連動停止>
278 8 2015-06-08 14:13:50 <01081091:防排煙用中繼器:連動停止>
279 8 2015-06-08 14:13:51 <01081101:防排煙用中繼器:連動停止>
280 8 2015-06-08 14:13:52 <01040801:防排煙用中繼器:連動停止>
281 8 2015-06-08 14:13:53 <01011372:防排煙通過:啟動控制中>
282 11 2015-06-08 14:14:27 <復歸>
283 11 2015-06-08 14:14:28 <復歸>
284 8 2015-06-08 14:14:34 <01011372:防排煙通過:啟動控制:復歸>
285 11 2015-06-08 14:15:57 <復歸>
286 11 2015-06-08 14:15:59 <復歸>
287 7 2015-06-08 14:16:16 <01040261:光電類比感知器:注意:開啟:火災報>
288 8 2015-06-08 14:16:17 <01011314:防排煙用中繼器:連動停止>
289 8 2015-06-08 14:16:18 <01030553:防排煙用中繼器:連動停止>
290 8 2015-06-08 14:16:19 <01030554:防排煙用中繼器:連動停止>
291 8 2015-06-08 14:16:20 <01020821:防排煙用中繼器:連動停止>
292 8 2015-06-08 14:16:21 <01030631:防排煙用中繼器:連動停止>
293 8 2015-06-08 14:16:22 <01020801:防排煙用中繼器:連動停止>
294 8 2015-06-08 14:16:23 <01030611:防排煙用中繼器:連動停止>
295 8 2015-06-08 14:16:24 <01030621:防排煙用中繼器:連動停止>
296 8 2015-06-08 14:16:25 <01020811:防排煙用中繼器:連動停止>
297 8 2015-06-08 14:16:26 <01040921:防排煙用中繼器:連動停止>
298 8 2015-06-08 14:16:27 <01040901:防排煙用中繼器:連動停止>
299 8 2015-06-08 14:16:28 <01040911:防排煙用中繼器:連動停止>
300 8 2015-06-08 14:16:29 <01040931:防排煙用中繼器:連動停止>
301 8 2015-06-08 14:16:30 <01061501:防排煙用中繼器:連動停止>
302 8 2015-06-08 14:16:31 <01061511:防排煙用中繼器:連動停止>
303 8 2015-06-08 14:16:32 <01061521:防排煙用中繼器:連動停止>
304 8 2015-06-08 14:16:33 <01071071:防排煙用中繼器:連動停止>
305 8 2015-06-08 14:16:34 <01071081:防排煙用中繼器:連動停止>
306 8 2015-06-08 14:16:35 <01071091:防排煙用中繼器:連動停止>
307 8 2015-06-08 14:16:36 <01081081:防排煙用中繼器:連動停止>
308 8 2015-06-08 14:16:37 <01081091:防排煙用中繼器:連動停止>
309 8 2015-06-08 14:16:38 <01081101:防排煙用中繼器:連動停止>
310 8 2015-06-08 14:16:39 <01040801:防排煙用中繼器:連動停止>
311 8 2015-06-08 14:16:40 <01011372:防排煙通過:啟動控制中>
312 11 2015-06-08 14:16:41 <復歸>
313 11 2015-06-08 14:16:41 <復歸>
314 8 2015-06-08 14:16:42 <01011372:防排煙通過:啟動控制:復歸>
315 7 2015-06-08 14:17:19 <01040261:光電類比感知器:注意:開啟:火災報>
316 8 2015-06-08 14:17:21 <01011314:防排煙用中繼器:連動停止>
317 8 2015-06-08 14:17:22 <01030553:防排煙用中繼器:連動停止>
318 8 2015-06-08 14:17:24 <01030554:防排煙用中繼器:連動停止>
319 8 2015-06-08 14:17:25 <01020821:防排煙用中繼器:連動停止>
320 8 2015-06-08 14:17:26 <01030631:防排煙用中繼器:連動停止>
321 8 2015-06-08 14:17:27 <01020801:防排煙用中繼器:連動停止>
322 8 2015-06-08 14:17:28 <01030611:防排煙用中繼器:連動停止>
323 8 2015-06-08 14:17:29 <01030621:防排煙用中繼器:連動停止>
324 8 2015-06-08 14:17:30 <01020811:防排煙用中繼器:連動停止>
325 8 2015-06-08 14:17:31 <01040921:防排煙用中繼器:連動停止>
326 8 2015-06-08 14:17:32 <01040901:防排煙用中繼器:連動停止>
327 8 2015-06-08 14:17:33 <01040911:防排煙用中繼器:連動停止>
328 8 2015-06-08 14:17:34 <01040931:防排煙用中繼器:連動停止>
329 8 2015-06-08 14:17:35 <01061501:防排煙用中繼器:連動停止>
330 8 2015-06-08 14:17:36 <01061511:防排煙用中繼器:連動停止>
331 8 2015-06-08 14:17:37 <01061521:防排煙用中繼器:連動停止>
332 8 2015-06-08 14:17:38 <01071071:防排煙用中繼器:連動停止>
333 8 2015-06-08 14:17:39 <01071081:防排煙用中繼器:連動停止>
334 8 2015-06-08 14:17:40 <01071091:防排煙用中繼器:連動停止>
335 8 2015-06-08 14:17:41 <01081081:防排煙用中繼器:連動停止>
336 8 2015-06-08 14:17:42 <01081091:防排煙用中繼器:連動停止>
337 8 2015-06-08 14:17:43 <01081101:防排煙用中繼器:連動停止>
338 8 2015-06-08 14:17:44 <01040801:防排煙用中繼器:連動停止>
339 8 2015-06-08 14:17:45 <01011372:防排煙通過:啟動控制中>
340 11 2015-06-08 14:17:50 <復歸>
341 11 2015-06-08 14:17:50 <復歸>
342 8 2015-06-08 14:17:57 <01011372:防排煙通過:啟動控制:復歸>
343 11 2015-06-08 14:18:21 <003種別連動停止 : 關閉>
344 7 2015-06-08 14:18:26 <01040261:光電類比感知器:注意:開啟:火災報>
345 8 2015-06-08 14:18:28 <01030553:防排煙用中繼器:連動停止>
346 8 2015-06-08 14:18:29 <01030554:防排煙用中繼器:連動停止>
347 8 2015-06-08 14:18:30 <01030631:防排煙用中繼器:啟動控制中>
348 8 2015-06-08 14:18:31 <01071071:防排煙用中繼器:啟動控制中>
349 8 2015-06-08 14:18:32 <01061501:防排煙用中繼器:啟動控制中>
350 8 2015-06-08 14:18:33 <01011372:防排煙通過:啟動控制中>
351 8 2015-06-08 14:18:34 <01030611:防排煙用中繼器:啟動控制中>
352 8 2015-06-08 14:18:36 <01071081:防排煙用中繼器:啟動控制中>
353 8 2015-06-08 14:18:37 <01061511:防排煙用中繼器:啟動控制中>
354 8 2015-06-08 14:18:38 <01020821:防排煙用中繼器:啟動控制中>
355 8 2015-06-08 14:18:39 <01030621:防排煙用中繼器:啟動控制中>
356 8 2015-06-08 14:18:40 <01071091:防排煙用中繼器:啟動控制中>
357 8 2015-06-08 14:18:41 <01061521:防排煙用中繼器:啟動控制中>
358 8 2015-06-08 14:18:42 <01020801:防排煙用中繼器:啟動控制中>
359 8 2015-06-08 14:18:43 <01040921:防排煙用中繼器:啟動控制中>
360 8 2015-06-08 14:18:44 <01081081:防排煙用中繼器:啟動控制中>
361 8 2015-06-08 14:18:45 <01020811:防排煙用中繼器:啟動控制中>
362 8 2015-06-08 14:18:46 <01040901:防排煙用中繼器:啟動控制中>
363 8 2015-06-08 14:18:47 <01081091:防排煙用中繼器:啟動控制中>
364 8 2015-06-08 14:18:48 <01040911:防排煙用中繼器:啟動控制中>
365 8 2015-06-08 14:18:49 <01081101:防排煙用中繼器:啟動控制中>
366 8 2015-06-08 14:18:50 <01040931:防排煙用中繼器:啟動控制中>
367 8 2015-06-08 14:18:51 <01040801:防排煙用中繼器:啟動控制中>
368 8 2015-06-08 14:18:52 <01011041:防排煙用中繼器:連動停止>
369 8 2015-06-08 14:18:53 <01011051:防排煙用中繼器:連動停止>
370 11 2015-06-08 14:19:08 <復歸>
371 11 2015-06-08 14:19:08 <復歸>
372 8 2015-06-08 14:19:27 <01030611:防排煙用中繼器:啟動控制:復歸>
373 8 2015-06-08 14:19:28 <01030621:防排煙用中繼器:啟動控制:復歸>
374 8 2015-06-08 14:19:29 <01030631:防排煙用中繼器:啟動控制:復歸>
375 8 2015-06-08 14:19:30 <01071071:防排煙用中繼器:啟動控制:復歸>
376 8 2015-06-08 14:19:31 <01071081:防排煙用中繼器:啟動控制:復歸>
377 8 2015-06-08 14:19:32 <01071091:防排煙用中繼器:啟動控制:復歸>
378 8 2015-06-08 14:19:33 <01011372:防排煙通過:啟動控制:復歸>
379 8 2015-06-08 14:19:34 <01081081:防排煙用中繼器:啟動控制:復歸>
380 8 2015-06-08 14:19:35 <01040801:防排煙用中繼器:啟動控制:復歸>
381 8 2015-06-08 14:19:36 <01081091:防排煙用中繼器:啟動控制:復歸>
382 8 2015-06-08 14:19:37 <01040901:防排煙用中繼器:啟動控制:復歸>
383 8 2015-06-08 14:19:38 <01081101:防排煙用中繼器:啟動控制:復歸>
384 8 2015-06-08 14:19:39 <01040911:防排煙用中繼器:啟動控制:復歸>
385 8 2015-06-08 14:19:40 <01040921:防排煙用中繼器:啟動控制:復歸>
386 8 2015-06-08 14:19:41 <01040931:防排煙用中繼器:啟動控制:復歸>
387 8 2015-06-08 14:19:42 <01061501:防排煙用中繼器:啟動控制:復歸>
388 8 2015-06-08 14:19:43 <01061511:防排煙用中繼器:啟動控制:復歸>
389 8 2015-06-08 14:19:44 <01061521:防排煙用中繼器:啟動控制:復歸>
390 8 2015-06-08 14:19:45 <01020801:防排煙用中繼器:啟動控制:復歸>
391 8 2015-06-08 14:19:46 <01020811:防排煙用中繼器:啟動控制:復歸>
392 8 2015-06-08 14:19:48 <01020821:防排煙用中繼器:啟動控制:復歸>
393 8 2015-06-08 14:19:49 <01011041:防排煙用中繼器:連動停止>
394 8 2015-06-08 14:19:50 <01011051:防排煙用中繼器:連動停止>
395 7 2015-06-08 14:20:03 <01040261:光電類比感知器:注意:開啟:火災報>
396 8 2015-06-08 14:20:04 <01030553:防排煙用中繼器:連動停止>
397 8 2015-06-08 14:20:05 <01030554:防排煙用中繼器:連動停止>
398 8 2015-06-08 14:20:06 <01030631:防排煙用中繼器:啟動控制中>
399 8 2015-06-08 14:20:07 <01071071:防排煙用中繼器:啟動控制中>
400 8 2015-06-08 14:20:08 <01061501:防排煙用中繼器:啟動控制中>
401 8 2015-06-08 14:20:09 <01011372:防排煙通過:啟動控制中>
402 8 2015-06-08 14:20:10 <01030611:防排煙用中繼器:啟動控制中>
403 8 2015-06-08 14:20:11 <01071081:防排煙用中繼器:啟動控制中>
404 8 2015-06-08 14:20:12 <01061511:防排煙用中繼器:啟動控制中>
405 8 2015-06-08 14:20:13 <01020821:防排煙用中繼器:啟動控制中>
406 8 2015-06-08 14:20:14 <01030621:防排煙用中繼器:啟動控制中>
407 8 2015-06-08 14:20:15 <01071091:防排煙用中繼器:啟動控制中>
408 8 2015-06-08 14:20:16 <01061521:防排煙用中繼器:啟動控制中>
409 8 2015-06-08 14:20:17 <01020801:防排煙用中繼器:啟動控制中>
410 8 2015-06-08 14:20:18 <01040921:防排煙用中繼器:啟動控制中>
411 8 2015-06-08 14:20:19 <01081081:防排煙用中繼器:啟動控制中>
412 8 2015-06-08 14:20:20 <01020811:防排煙用中繼器:啟動控制中>
413 8 2015-06-08 14:20:21 <01040901:防排煙用中繼器:啟動控制中>
414 8 2015-06-08 14:20:22 <01081091:防排煙用中繼器:啟動控制中>
415 8 2015-06-08 14:20:23 <01040911:防排煙用中繼器:啟動控制中>
416 8 2015-06-08 14:20:24 <01081101:防排煙用中繼器:啟動控制中>
417 8 2015-06-08 14:20:25 <01040931:防排煙用中繼器:啟動控制中>
418 8 2015-06-08 14:20:26 <01040801:防排煙用中繼器:啟動控制中>
419 8 2015-06-08 14:20:27 <01011041:防排煙用中繼器:連動停止>
420 8 2015-06-08 14:20:28 <01011051:防排煙用中繼器:連動停止>
421 11 2015-06-08 14:20:41 <復歸>
422 11 2015-06-08 14:20:41 <復歸>
423 8 2015-06-08 14:21:01 <01030611:防排煙用中繼器:啟動控制:復歸>
424 8 2015-06-08 14:21:02 <01030621:防排煙用中繼器:啟動控制:復歸>
425 8 2015-06-08 14:21:03 <01030631:防排煙用中繼器:啟動控制:復歸>
426 8 2015-06-08 14:21:04 <01071071:防排煙用中繼器:啟動控制:復歸>
427 8 2015-06-08 14:21:05 <01071081:防排煙用中繼器:啟動控制:復歸>
428 8 2015-06-08 14:21:06 <01071091:防排煙用中繼器:啟動控制:復歸>
429 8 2015-06-08 14:21:07 <01011372:防排煙通過:啟動控制:復歸>
430 8 2015-06-08 14:21:08 <01040801:防排煙用中繼器:啟動控制:復歸>
431 8 2015-06-08 14:21:09 <01040901:防排煙用中繼器:啟動控制:復歸>
432 8 2015-06-08 14:21:10 <01040911:防排煙用中繼器:啟動控制:復歸>
433 8 2015-06-08 14:21:11 <01040921:防排煙用中繼器:啟動控制:復歸>
434 8 2015-06-08 14:21:12 <01040931:防排煙用中繼器:啟動控制:復歸>
435 8 2015-06-08 14:21:13 <01081081:防排煙用中繼器:啟動控制:復歸>
436 8 2015-06-08 14:21:14 <01081091:防排煙用中繼器:啟動控制:復歸>
437 8 2015-06-08 14:21:15 <01081101:防排煙用中繼器:啟動控制:復歸>
438 8 2015-06-08 14:21:16 <01061501:防排煙用中繼器:啟動控制:復歸>
439 8 2015-06-08 14:21:17 <01061511:防排煙用中繼器:啟動控制:復歸>
440 8 2015-06-08 14:21:18 <01061521:防排煙用中繼器:啟動控制:復歸>
441 8 2015-06-08 14:21:19 <01020801:防排煙用中繼器:啟動控制:復歸>
442 8 2015-06-08 14:21:20 <01020811:防排煙用中繼器:啟動控制:復歸>
443 8 2015-06-08 14:21:21 <01020821:防排煙用中繼器:啟動控制:復歸>
444 8 2015-06-08 14:21:22 <01011041:防排煙用中繼器:連動停止>
445 8 2015-06-08 14:21:23 <01011051:防排煙用中繼器:連動停止>
446 9 2015-06-08 14:21:24 <01040801:防排煙用中繼器:關閉>
447 11 2015-06-08 14:23:45 <復歸>
448 11 2015-06-08 14:23:45 <復歸>
449 11 2015-06-08 14:24:28 <01020431:地址未連接:開>
450 7 2015-06-08 14:28:49 <01040261:光電類比感知器:注意:開啟:火災報>
451 8 2015-06-08 14:28:50 <01030553:防排煙用中繼器:連動停止>
452 8 2015-06-08 14:28:51 <01030554:防排煙用中繼器:連動停止>
453 8 2015-06-08 14:28:52 <01061501:防排煙用中繼器:啟動控制中>
454 8 2015-06-08 14:28:53 <01030631:防排煙用中繼器:啟動控制中>
455 8 2015-06-08 14:28:54 <01071071:防排煙用中繼器:啟動控制中>
456 8 2015-06-08 14:28:55 <01061511:防排煙用中繼器:啟動控制中>
457 8 2015-06-08 14:28:56 <01011372:防排煙通過:啟動控制中>
458 8 2015-06-08 14:28:57 <01030611:防排煙用中繼器:啟動控制中>
459 8 2015-06-08 14:28:58 <01071081:防排煙用中繼器:啟動控制中>
460 8 2015-06-08 14:28:59 <01061521:防排煙用中繼器:啟動控制中>
461 8 2015-06-08 14:29:00 <01020821:防排煙用中繼器:啟動控制中>
462 8 2015-06-08 14:29:01 <01030621:防排煙用中繼器:啟動控制中>
463 8 2015-06-08 14:29:02 <01071091:防排煙用中繼器:啟動控制中>
464 8 2015-06-08 14:29:03 <01020801:防排煙用中繼器:啟動控制中>
465 8 2015-06-08 14:29:04 <01040921:防排煙用中繼器:啟動控制中>
466 8 2015-06-08 14:29:05 <01081081:防排煙用中繼器:啟動控制中>
467 8 2015-06-08 14:29:06 <01020811:防排煙用中繼器:啟動控制中>
468 8 2015-06-08 14:29:07 <01040901:防排煙用中繼器:啟動控制中>
469 8 2015-06-08 14:29:08 <01081091:防排煙用中繼器:啟動控制中>
470 8 2015-06-08 14:29:09 <01040911:防排煙用中繼器:啟動控制中>
471 8 2015-06-08 14:29:10 <01081101:防排煙用中繼器:啟動控制中>
472 8 2015-06-08 14:29:11 <01040931:防排煙用中繼器:啟動控制中>
473 8 2015-06-08 14:29:12 <01040801:防排煙用中繼器:啟動控制中>
474 8 2015-06-08 14:29:13 <01011041:防排煙用中繼器:連動停止>
475 8 2015-06-08 14:29:14 <01011051:防排煙用中繼器:連動停止>
476 11 2015-06-08 14:30:17 <試驗復歸 : 開啟>
477 7 2015-06-08 14:30:19 <01040261:光電類比感知器:火災:關閉>
478 8 2015-06-08 14:30:20 <01030631:防排煙用中繼器:啟動控制:復歸>
479 8 2015-06-08 14:30:21 <01061501:防排煙用中繼器:啟動控制:復歸>
480 8 2015-06-08 14:30:22 <01071071:防排煙用中繼器:啟動控制:復歸>
481 8 2015-06-08 14:30:23 <01030611:防排煙用中繼器:啟動控制:復歸>
482 8 2015-06-08 14:30:24 <01061511:防排煙用中繼器:啟動控制:復歸>
483 8 2015-06-08 14:30:25 <01071081:防排煙用中繼器:啟動控制:復歸>
484 8 2015-06-08 14:30:26 <01011372:防排煙通過:啟動控制:復歸>
485 8 2015-06-08 14:30:27 <01030621:防排煙用中繼器:啟動控制:復歸>
486 8 2015-06-08 14:30:28 <01061521:防排煙用中繼器:啟動控制:復歸>
487 8 2015-06-08 14:30:29 <01071091:防排煙用中繼器:啟動控制:復歸>
488 8 2015-06-08 14:30:30 <01020821:防排煙用中繼器:啟動控制:復歸>
489 8 2015-06-08 14:30:31 <01040921:防排煙用中繼器:啟動控制:復歸>
490 8 2015-06-08 14:30:32 <01081081:防排煙用中繼器:啟動控制:復歸>
491 8 2015-06-08 14:30:33 <01020801:防排煙用中繼器:啟動控制:復歸>
492 8 2015-06-08 14:30:34 <01040901:防排煙用中繼器:啟動控制:復歸>
493 8 2015-06-08 14:30:35 <01081091:防排煙用中繼器:啟動控制:復歸>
494 8 2015-06-08 14:30:36 <01020811:防排煙用中繼器:啟動控制:復歸>
495 8 2015-06-08 14:30:37 <01040911:防排煙用中繼器:啟動控制:復歸>
496 8 2015-06-08 14:30:39 <01081101:防排煙用中繼器:啟動控制:復歸>
497 8 2015-06-08 14:30:40 <01040931:防排煙用中繼器:啟動控制:復歸>
498 8 2015-06-08 14:30:41 <01040801:防排煙用中繼器:啟動控制:復歸>
499 11 2015-06-08 14:33:07 <試驗復歸 : 關閉>
500 7 2015-06-08 14:33:13 <01040261:光電類比感知器:注意:開啟:火災報>
501 8 2015-06-08 14:33:14 <01011314:防排煙用中繼器:連動停止>
502 8 2015-06-08 14:33:15 <01030553:防排煙用中繼器:連動停止>
503 8 2015-06-08 14:33:16 <01030554:防排煙用中繼器:連動停止>
504 8 2015-06-08 14:33:17 <01071071:防排煙用中繼器:啟動控制中>
505 8 2015-06-08 14:33:18 <01061501:防排煙用中繼器:啟動控制中>
506 8 2015-06-08 14:33:19 <01030631:防排煙用中繼器:啟動控制中>
507 8 2015-06-08 14:33:20 <01011372:防排煙通過:啟動控制中>
508 8 2015-06-08 14:33:21 <01030611:防排煙用中繼器:啟動控制中>
509 8 2015-06-08 14:33:22 <01071081:防排煙用中繼器:啟動控制中>
510 8 2015-06-08 14:33:23 <01061511:防排煙用中繼器:啟動控制中>
511 8 2015-06-08 14:33:24 <01020821:防排煙用中繼器:啟動控制中>
512 8 2015-06-08 14:33:25 <01030621:防排煙用中繼器:啟動控制中>
513 8 2015-06-08 14:33:26 <01071091:防排煙用中繼器:啟動控制中>
514 8 2015-06-08 14:33:27 <01061521:防排煙用中繼器:啟動控制中>
515 8 2015-06-08 14:33:28 <01020801:防排煙用中繼器:啟動控制中>
516 8 2015-06-08 14:33:29 <01040921:防排煙用中繼器:啟動控制中>
517 8 2015-06-08 14:33:30 <01081081:防排煙用中繼器:啟動控制中>
518 8 2015-06-08 14:33:31 <01020811:防排煙用中繼器:啟動控制中>
519 8 2015-06-08 14:33:32 <01040901:防排煙用中繼器:啟動控制中>
520 8 2015-06-08 14:33:33 <01081091:防排煙用中繼器:啟動控制中>
521 8 2015-06-08 14:33:34 <01040911:防排煙用中繼器:啟動控制中>
522 8 2015-06-08 14:33:35 <01081101:防排煙用中繼器:啟動控制中>
523 8 2015-06-08 14:33:36 <01040931:防排煙用中繼器:啟動控制中>
524 8 2015-06-08 14:33:37 <01040801:防排煙用中繼器:啟動控制中>
525 9 2015-06-08 14:33:38 <01040801:防排煙用中繼器:動作>
526 11 2015-06-08 14:33:51 <復歸>
527 11 2015-06-08 14:33:51 <復歸>
528 8 2015-06-08 14:33:52 <主音響完全停止中>
529 8 2015-06-08 14:34:09 <01030611:防排煙用中繼器:啟動控制:復歸>
530 8 2015-06-08 14:34:10 <01071071:防排煙用中繼器:啟動控制:復歸>
531 8 2015-06-08 14:34:11 <01030621:防排煙用中繼器:啟動控制:復歸>
532 8 2015-06-08 14:34:12 <01071081:防排煙用中繼器:啟動控制:復歸>
533 8 2015-06-08 14:34:13 <01030631:防排煙用中繼器:啟動控制:復歸>
534 8 2015-06-08 14:34:14 <01071091:防排煙用中繼器:啟動控制:復歸>
535 8 2015-06-08 14:34:15 <01011372:防排煙通過:啟動控制:復歸>
536 8 2015-06-08 14:34:17 <01081081:防排煙用中繼器:啟動控制:復歸>
537 8 2015-06-08 14:34:18 <01040801:防排煙用中繼器:啟動控制:復歸>
538 8 2015-06-08 14:34:19 <01081091:防排煙用中繼器:啟動控制:復歸>
539 8 2015-06-08 14:34:20 <01040901:防排煙用中繼器:啟動控制:復歸>
540 8 2015-06-08 14:34:21 <01081101:防排煙用中繼器:啟動控制:復歸>
541 8 2015-06-08 14:34:22 <01040911:防排煙用中繼器:啟動控制:復歸>
542 8 2015-06-08 14:34:23 <01040921:防排煙用中繼器:啟動控制:復歸>
543 8 2015-06-08 14:34:24 <01040931:防排煙用中繼器:啟動控制:復歸>
544 8 2015-06-08 14:34:25 <01020801:防排煙用中繼器:啟動控制:復歸>
545 8 2015-06-08 14:34:26 <01020811:防排煙用中繼器:啟動控制:復歸>
546 8 2015-06-08 14:34:27 <01061501:防排煙用中繼器:啟動控制:復歸>
547 8 2015-06-08 14:34:28 <01020821:防排煙用中繼器:啟動控制:復歸>
548 8 2015-06-08 14:34:29 <01061511:防排煙用中繼器:啟動控制:復歸>
549 8 2015-06-08 14:34:30 <01061521:防排煙用中繼器:啟動控制:復歸>
550 8 2015-06-08 14:34:31 <01011041:防排煙用中繼器:連動停止>
551 8 2015-06-08 14:34:32 <01011051:防排煙用中繼器:連動停止>
552 9 2015-06-08 14:34:33 <01040801:防排煙用中繼器:關閉>
553 7 2015-06-08 14:38:59 <01040261:光電類比感知器:注意:開啟:火災報>
554 8 2015-06-08 14:39:01 <01011314:防排煙用中繼器:連動停止>
555 8 2015-06-08 14:39:02 <01030553:防排煙用中繼器:連動停止>
556 8 2015-06-08 14:39:03 <01030554:防排煙用中繼器:連動停止>
557 8 2015-06-08 14:39:04 <01071071:防排煙用中繼器:啟動控制中>
558 8 2015-06-08 14:39:05 <01061501:防排煙用中繼器:啟動控制中>
559 8 2015-06-08 14:39:07 <01011372:防排煙通過:啟動控制中>
560 8 2015-06-08 14:39:08 <01030631:防排煙用中繼器:啟動控制中>
561 8 2015-06-08 14:39:09 <01030611:防排煙用中繼器:啟動控制中>
562 8 2015-06-08 14:39:10 <01071081:防排煙用中繼器:啟動控制中>
563 8 2015-06-08 14:39:11 <01061511:防排煙用中繼器:啟動控制中>
564 8 2015-06-08 14:39:12 <01020821:防排煙用中繼器:啟動控制中>
565 8 2015-06-08 14:39:13 <01030621:防排煙用中繼器:啟動控制中>
566 8 2015-06-08 14:39:14 <01071091:防排煙用中繼器:啟動控制中>
567 8 2015-06-08 14:39:15 <01061521:防排煙用中繼器:啟動控制中>
568 8 2015-06-08 14:39:16 <01020801:防排煙用中繼器:啟動控制中>
569 8 2015-06-08 14:39:17 <01040921:防排煙用中繼器:啟動控制中>
570 8 2015-06-08 14:39:18 <01081081:防排煙用中繼器:啟動控制中>
571 8 2015-06-08 14:39:19 <01020811:防排煙用中繼器:啟動控制中>
572 8 2015-06-08 14:39:20 <01040901:防排煙用中繼器:啟動控制中>
573 8 2015-06-08 14:39:21 <01081091:防排煙用中繼器:啟動控制中>
574 8 2015-06-08 14:39:30 <01040911:防排煙用中繼器:啟動控制中>
575 8 2015-06-08 14:39:31 <01081101:防排煙用中繼器:啟動控制中>
576 8 2015-06-08 14:39:32 <01040931:防排煙用中繼器:啟動控制中>
577 8 2015-06-08 14:39:33 <01040801:防排煙用中繼器:啟動控制中>
578 8 2015-06-08 14:39:34 <01030621:防排煙用中繼器:啟動控制:復歸>
579 8 2015-06-08 14:39:35 <01030631:防排煙用中繼器:啟動控制:復歸>
580 8 2015-06-08 14:39:36 <01071071:防排煙用中繼器:啟動控制:復歸>
581 8 2015-06-08 14:39:37 <01071081:防排煙用中繼器:啟動控制:復歸>
582 8 2015-06-08 14:39:38 <01071091:防排煙用中繼器:啟動控制:復歸>
583 8 2015-06-08 14:39:39 <01011372:防排煙通過:啟動控制:復歸>
584 8 2015-06-08 14:39:40 <01040801:防排煙用中繼器:啟動控制:復歸>
585 8 2015-06-08 14:39:41 <01040901:防排煙用中繼器:啟動控制:復歸>
586 8 2015-06-08 14:39:42 <01040911:防排煙用中繼器:啟動控制:復歸>
587 8 2015-06-08 14:39:43 <01040921:防排煙用中繼器:啟動控制:復歸>
588 8 2015-06-08 14:39:44 <01040931:防排煙用中繼器:啟動控制:復歸>
589 8 2015-06-08 14:39:45 <01081081:防排煙用中繼器:啟動控制:復歸>
590 8 2015-06-08 14:39:46 <01081091:防排煙用中繼器:啟動控制:復歸>
591 8 2015-06-08 14:39:47 <01081101:防排煙用中繼器:啟動控制:復歸>
592 8 2015-06-08 14:39:48 <01061501:防排煙用中繼器:啟動控制:復歸>
593 8 2015-06-08 14:39:49 <01061511:防排煙用中繼器:啟動控制:復歸>
594 8 2015-06-08 14:39:50 <01061521:防排煙用中繼器:啟動控制:復歸>
595 8 2015-06-08 14:39:51 <01020801:防排煙用中繼器:啟動控制:復歸>
596 8 2015-06-08 14:39:52 <01020811:防排煙用中繼器:啟動控制:復歸>
597 8 2015-06-08 14:39:53 <01020821:防排煙用中繼器:啟動控制:復歸>
598 9 2015-06-08 14:39:54 <01040801:防排煙用中繼器:關閉>
599 8 2015-06-08 14:39:55 <01011051:防排煙用中繼器:連動停止>
600 8 2015-06-08 14:46:22 <監控系統開始>
601 8 2015-06-08 14:46:22 <未連線>
602 8 2015-06-08 14:46:25 <連線中>
603 11 2015-06-08 14:46:27 <串口通信異常:正常>
604 7 2015-06-08 14:47:23 <01040261:光電類比感知器:注意:開啟:火災報>
605 8 2015-06-08 14:47:24 <01011314:防排煙用中繼器:連動停止>
606 8 2015-06-08 14:47:25 <01030553:防排煙用中繼器:連動停止>
607 8 2015-06-08 14:47:26 <01030554:防排煙用中繼器:連動停止>
608 8 2015-06-08 14:47:27 <01030631:防排煙用中繼器:啟動控制中>
609 8 2015-06-08 14:47:28 <01071071:防排煙用中繼器:啟動控制中>
610 8 2015-06-08 14:47:29 <01061501:防排煙用中繼器:啟動控制中>
611 8 2015-06-08 14:47:30 <01011372:防排煙通過:啟動控制中>
612 8 2015-06-08 14:47:31 <01030611:防排煙用中繼器:啟動控制中>
613 8 2015-06-08 14:47:32 <01071081:防排煙用中繼器:啟動控制中>
614 8 2015-06-08 14:47:33 <01061511:防排煙用中繼器:啟動控制中>
615 8 2015-06-08 14:47:34 <01020821:防排煙用中繼器:啟動控制中>
616 8 2015-06-08 14:47:35 <01030621:防排煙用中繼器:啟動控制中>
617 8 2015-06-08 14:47:36 <01071091:防排煙用中繼器:啟動控制中>
618 8 2015-06-08 14:47:37 <01061521:防排煙用中繼器:啟動控制中>
619 8 2015-06-08 14:47:38 <01020801:防排煙用中繼器:啟動控制中>
620 8 2015-06-08 14:47:39 <01040921:防排煙用中繼器:啟動控制中>
621 8 2015-06-08 14:47:40 <01081081:防排煙用中繼器:啟動控制中>
622 8 2015-06-08 14:47:41 <01020811:防排煙用中繼器:啟動控制中>
623 8 2015-06-08 14:47:42 <01040901:防排煙用中繼器:啟動控制中>
624 8 2015-06-08 14:47:43 <01081091:防排煙用中繼器:啟動控制中>
625 8 2015-06-08 14:47:44 <01040911:防排煙用中繼器:啟動控制中>
626 8 2015-06-08 14:47:45 <01081101:防排煙用中繼器:啟動控制中>
627 8 2015-06-08 14:47:46 <01040931:防排煙用中繼器:啟動控制中>
628 8 2015-06-08 14:47:47 <01040801:防排煙用中繼器:啟動控制中>
629 9 2015-06-08 14:47:48 <01040801:防排煙用中繼器:動作>
630 8 2015-06-08 14:47:49 <01011051:防排煙用中繼器:連動停止>
631 11 2015-06-08 14:48:08 <復歸>
632 11 2015-06-08 14:48:08 <復歸>
633 8 2015-06-08 14:48:27 <01030611:防排煙用中繼器:啟動控制:復歸>
634 8 2015-06-08 14:48:29 <01030621:防排煙用中繼器:啟動控制:復歸>
635 8 2015-06-08 14:48:30 <01030631:防排煙用中繼器:啟動控制:復歸>
636 8 2015-06-08 14:48:31 <01071071:防排煙用中繼器:啟動控制:復歸>
637 8 2015-06-08 14:48:32 <01071081:防排煙用中繼器:啟動控制:復歸>
638 8 2015-06-08 14:48:33 <01071091:防排煙用中繼器:啟動控制:復歸>
639 8 2015-06-08 14:48:34 <01011372:防排煙通過:啟動控制:復歸>
640 8 2015-06-08 14:48:35 <01040801:防排煙用中繼器:啟動控制:復歸>
641 8 2015-06-08 14:48:36 <01040901:防排煙用中繼器:啟動控制:復歸>
642 8 2015-06-08 14:48:37 <01040911:防排煙用中繼器:啟動控制:復歸>
643 8 2015-06-08 14:48:38 <01040921:防排煙用中繼器:啟動控制:復歸>
644 8 2015-06-08 14:48:39 <01040931:防排煙用中繼器:啟動控制:復歸>
645 8 2015-06-08 14:48:40 <01081081:防排煙用中繼器:啟動控制:復歸>
646 8 2015-06-08 14:48:41 <01081091:防排煙用中繼器:啟動控制:復歸>
647 8 2015-06-08 14:48:42 <01081101:防排煙用中繼器:啟動控制:復歸>
648 8 2015-06-08 14:48:43 <01061501:防排煙用中繼器:啟動控制:復歸>
649 8 2015-06-08 14:48:44 <01061511:防排煙用中繼器:啟動控制:復歸>
650 8 2015-06-08 14:48:45 <01061521:防排煙用中繼器:啟動控制:復歸>
651 8 2015-06-08 14:48:46 <01020801:防排煙用中繼器:啟動控制:復歸>
652 8 2015-06-08 14:48:47 <01020811:防排煙用中繼器:啟動控制:復歸>
653 8 2015-06-08 14:48:48 <01020821:防排煙用中繼器:啟動控制:復歸>
654 8 2015-06-08 14:48:49 <01011041:防排煙用中繼器:連動停止>
655 8 2015-06-08 14:48:50 <01011051:防排煙用中繼器:連動停止>
656 9 2015-06-08 14:48:51 <01040801:防排煙用中繼器:關閉>
657 8 2015-06-08 14:49:53 <監控系統結束>
658 8 2015-06-08 14:49:53 <監控系統開始>
659 8 2015-06-08 14:49:53 <未連線>
660 8 2015-06-08 14:50:43 <連線中>
661 11 2015-06-08 14:50:44 <串口通信異常:異常>
662 11 2015-06-08 14:50:46 <串口通信異常:正常>
663 8 2015-06-08 14:50:47 <01040801:防排煙用中繼器:啟動控制中>
664 9 2015-06-08 14:50:49 <01040801:防排煙用中繼器:動作>
665 8 2015-06-08 14:50:51 <01011051:防排煙用中繼器:連動停止>
666 8 2015-06-08 14:51:33 <01040801:防排煙用中繼器:啟動控制:復歸>
667 9 2015-06-08 14:51:35 <01040801:防排煙用中繼器:關閉>
668 8 2015-06-08 14:51:52 <01040801:防排煙用中繼器:啟動控制中>
669 9 2015-06-08 14:51:55 <01040801:防排煙用中繼器:動作>
670 8 2015-06-08 14:51:56 <01011041:防排煙用中繼器:連動停止>
671 8 2015-06-08 14:51:57 <01011051:防排煙用中繼器:連動停止>
672 11 2015-06-08 14:52:26 <復歸>
673 11 2015-06-08 14:52:27 <復歸>
674 8 2015-06-08 14:52:32 <01040801:防排煙用中繼器:啟動控制:復歸>
675 8 2015-06-08 14:52:34 <01011041:防排煙用中繼器:連動停止>
676 8 2015-06-08 14:52:35 <01011051:防排煙用中繼器:連動停止>
677 9 2015-06-08 14:52:36 <01040801:防排煙用中繼器:關閉>
678 8 2015-06-08 14:52:56 <01040801:防排煙用中繼器:啟動控制中>
679 9 2015-06-08 14:52:59 <01040801:防排煙用中繼器:動作>
680 8 2015-06-08 14:53:00 <01011051:防排煙用中繼器:連動停止>
681 8 2015-06-08 14:53:07 <01040801:防排煙用中繼器:啟動控制:復歸>
682 9 2015-06-08 14:53:09 <01040801:防排煙用中繼器:關閉>
683 8 2015-06-09 19:55:42 <監控系統開始>
684 8 2015-06-09 19:55:42 <未連線>
685 8 2015-06-09 19:59:43 <監控系統開始>
686 8 2015-06-09 19:59:43 <未連線>
687 8 2015-06-09 20:03:34 <監控系統開始>
688 8 2015-06-09 20:03:34 <未連線>
689 8 2015-06-09 20:12:07 <監控系統開始>
690 8 2015-06-09 20:12:07 <未連線>
