1 2015-05-08 10:25:43 未連線
2 2015-05-08 10:25:43 監控系統開始
3 2015-05-08 10:26:04 監控系統結束
4 2015-05-08 10:31:34 監控系統開始
5 2015-05-08 10:31:35 未連線
6 2015-05-08 10:31:40 監控系統結束
7 2015-05-08 14:40:32 監控系統開始
8 2015-05-08 14:40:32 未連線
9 2015-05-08 14:41:18 監控系統結束
10 2015-05-08 14:43:54 監控系統開始
11 2015-05-08 14:43:54 未連線
12 2015-05-08 14:45:03 監控系統結束
13 2015-05-08 16:03:36 監控系統開始
14 2015-05-08 16:03:37 未連線
15 2015-05-08 16:04:14 監控系統結束
16 2015-05-08 16:42:04 監控系統開始
17 2015-05-08 16:42:04 未連線
18 2015-05-08 16:44:40 監控系統開始
19 2015-05-08 16:44:40 未連線
20 2015-05-08 16:45:12 監控系統結束
21 2015-05-08 16:48:38 監控系統開始
22 2015-05-08 16:48:38 未連線
23 2015-05-08 16:49:37 監控系統結束
24 2015-05-08 16:54:35 監控系統開始
25 2015-05-08 16:54:35 未連線
26 2015-05-08 16:55:54 監控系統結束
27 2015-05-08 16:57:24 監控系統開始
28 2015-05-08 16:57:24 未連線
29 2015-05-08 16:58:11 監控系統結束
30 2015-05-08 17:17:17 監控系統開始
31 2015-05-08 17:17:17 未連線
32 2015-05-08 17:17:58 監控系統結束
33 2015-05-08 17:19:40 監控系統開始
34 2015-05-08 17:19:40 未連線
35 2015-05-08 17:20:39 監控系統結束
36 2015-05-08 17:27:40 監控系統開始
37 2015-05-08 17:27:40 未連線
38 2015-05-08 17:28:42 監控系統結束
39 2015-05-10 14:52:52 監控系統開始
40 2015-05-10 14:52:52 未連線
41 2015-05-10 14:55:26 監控系統開始
42 2015-05-10 14:55:26 未連線
43 2015-05-10 14:56:23 監控系統結束
44 2015-05-10 15:00:33 監控系統開始
45 2015-05-10 15:00:33 未連線
46 2015-05-10 15:01:24 監控系統結束
47 2015-05-10 15:06:09 監控系統開始
48 2015-05-10 15:06:09 未連線
49 2015-05-10 15:08:20 監控系統開始
50 2015-05-10 15:08:20 未連線
51 2015-05-10 15:10:41 監控系統開始
52 2015-05-10 15:10:41 未連線
53 2015-05-10 15:12:03 監控系統開始
54 2015-05-10 15:12:03 未連線
55 2015-05-10 15:17:34 監控系統開始
56 2015-05-10 15:17:34 未連線
57 2015-05-10 15:18:56 監控系統開始
58 2015-05-10 15:18:56 未連線
59 2015-05-10 15:20:11 監控系統開始
60 2015-05-10 15:20:11 未連線
61 2015-05-10 15:21:54 監控系統結束
62 2015-05-10 15:28:19 監控系統開始
63 2015-05-10 15:28:19 未連線
64 2015-05-10 15:29:24 監控系統結束
65 2015-05-10 20:53:18 監控系統開始
66 2015-05-10 20:53:18 未連線
67 2015-05-10 20:55:12 監控系統結束
68 2015-05-10 21:06:16 監控系統開始
69 2015-05-10 21:06:16 未連線
70 2015-05-10 21:09:37 監控系統結束
71 2015-05-10 21:19:42 監控系統開始
72 2015-05-10 21:19:42 未連線
73 2015-05-10 21:27:09 監控系統開始
74 2015-05-10 21:27:09 未連線
75 2015-05-10 21:29:08 監控系統結束
76 2015-05-11 09:15:02 監控系統開始
77 2015-05-11 09:15:02 未連線
78 2015-05-11 09:15:50 監控系統結束
79 2015-05-11 09:17:11 監控系統開始
80 2015-05-11 09:17:11 未連線
81 2015-05-11 09:18:36 監控系統結束
82 2015-05-11 10:13:30 監控系統開始
83 2015-05-11 10:13:30 未連線
84 2015-05-11 10:14:59 監控系統結束
85 2015-05-11 10:24:58 監控系統開始
86 2015-05-11 10:24:58 未連線
87 2015-05-11 10:26:19 監控系統結束
88 2015-05-11 10:39:06 監控系統開始
89 2015-05-11 10:39:06 未連線
90 2015-05-11 10:39:29 連線中
91 2015-05-11 10:39:31 內置打印機缺紙:異常
92 2015-05-11 10:39:32 串口通信異常:正常
93 2015-05-11 10:39:34 維護主音響停止
94 2015-05-11 10:39:35 故障音響停止
95 2015-05-11 10:39:35 維護附屬音響停止
96 2015-05-11 10:39:35 蓄積??延全部解除
97 2015-05-11 10:39:35 停電音響停止
98 2015-05-11 10:40:08 00010011定址火警發信機:火災報
99 2015-05-11 10:40:12 00010074:防排煙用中繼器:啟動控制中
100 2015-05-11 10:41:12 復歸
101 2015-05-11 10:41:19 00010074:防排煙用中繼器:啟動控制:復歸
102 2015-05-11 10:41:25 維護主音響停止
103 2015-05-11 10:41:25 故障音響停止
104 2015-05-11 10:41:25 維護附屬音響停止
105 2015-05-11 10:41:25 蓄積??延全部解除
106 2015-05-11 10:41:25 停電音響停止
107 2015-05-11 10:46:28 監控系統開始
108 2015-05-11 10:46:28 未連線
109 2015-05-11 10:46:48 未連線
110 2015-05-11 10:47:02 未連線
111 2015-05-11 10:47:04 監控系統結束
112 2015-05-11 10:47:58 監控系統開始
113 2015-05-11 10:47:58 未連線
114 2015-05-11 10:48:26 連線中
115 2015-05-11 10:48:27 串口通信異常:正常
116 2015-05-11 10:48:31 維護主音響停止
117 2015-05-11 10:48:31 故障音響停止
118 2015-05-11 10:48:32 維護附屬音響停止
119 2015-05-11 10:48:32 蓄積??延全部解除
120 2015-05-11 10:48:32 停電音響停止
121 2015-05-11 10:49:01 00010074:防排煙用中繼器:啟動控制中
122 2015-05-11 10:49:03 00010071:防排煙用中繼器:啟動控制中
123 2015-05-11 10:49:06 00010071防排煙用中繼器:通知
124 2015-05-11 10:49:07 00010072:防排煙用中繼器:啟動控制中
125 2015-05-11 10:49:09 00010073:防排煙用中繼器:啟動控制中
126 2015-05-11 10:49:11 00010072防排煙用中繼器:通知
127 2015-05-11 10:49:12 00010073防排煙用中繼器:通知
128 2015-05-11 10:49:30 復歸
129 2015-05-11 10:49:41 00010072防排煙用中繼器:起動、鳴動中
130 2015-05-11 10:51:37 監控系統開始
131 2015-05-11 10:51:37 未連線
132 2015-05-11 10:52:09 連線中
133 2015-05-11 10:52:10 串口通信異常:正常
134 2015-05-11 10:52:14 00010072防排煙用中繼器:起動、鳴動中
135 2015-05-11 11:00:08 監控系統開始
136 2015-05-11 11:00:08 未連線
137 2015-05-11 11:00:34 連線中
138 2015-05-11 11:00:36 串口通信異常:正常
139 2015-05-11 11:00:39 00010072防排煙用中繼器:起動、鳴動中
140 2015-05-11 11:01:24 監控系統開始
141 2015-05-11 11:01:25 未連線
142 2015-05-11 11:01:46 連線中
143 2015-05-11 11:01:48 串口通信異常:正常
144 2015-05-11 11:01:51 00010072防排煙用中繼器:起動、鳴動中
145 2015-05-11 11:11:43 監控系統開始
146 2015-05-11 11:11:43 未連線
147 2015-05-11 11:12:27 連線中
148 2015-05-11 11:13:17 串口通信異常:正常
149 2015-05-11 11:14:33 串口通信異常:異常
150 2015-05-11 11:15:00 串口通信異常:正常
151 2015-05-11 11:15:33 串口通信異常:異常
152 2015-05-11 11:15:43 串口通信異常:異常
153 2015-05-11 11:15:49 串口通信異常:正常
154 2015-05-11 11:15:57 串口通信異常:異常
155 2015-05-11 11:16:58 監控系統開始
156 2015-05-11 11:16:58 未連線
157 2015-05-11 11:17:46 監控系統開始
158 2015-05-11 11:17:46 未連線
159 2015-05-11 11:18:46 監控系統開始
160 2015-05-11 11:18:47 未連線
161 2015-05-11 11:19:18 監控系統結束
162 2015-05-11 11:20:02 監控系統開始
163 2015-05-11 11:20:03 未連線
164 2015-05-11 11:22:09 監控系統開始
165 2015-05-11 11:22:09 未連線
166 2015-05-11 11:22:31 連線中
167 2015-05-11 11:22:33 串口通信異常:正常
168 2015-05-11 11:22:35 00010072防排煙用中繼器:起動、鳴動中
169 2015-05-11 11:45:07 監控系統開始
170 2015-05-11 11:45:07 未連線
171 2015-05-11 11:45:27 連線中
172 2015-05-11 11:45:28 串口通信異常:異常
173 2015-05-11 11:45:31 00010072防排煙用中繼器:起動、鳴動中
174 2015-05-11 11:45:34 維護主音響停止
175 2015-05-11 11:45:34 故障音響停止
176 2015-05-11 11:45:34 維護附屬音響停止
177 2015-05-11 11:45:34 蓄積??延全部解除
178 2015-05-11 11:45:34 停電音響停止
179 2015-05-11 11:45:54 00010074:防排煙用中繼器:啟動控制中
180 2015-05-11 11:46:16 復歸
181 2015-05-11 11:46:27 00010072:防排煙用中繼器:啟動控制:復歸
182 2015-05-11 11:46:28 00010073:防排煙用中繼器:啟動控制:復歸
183 2015-05-11 11:46:29 00010074:防排煙用中繼器:啟動控制:復歸
184 2015-05-11 11:46:30 00010072防排煙用中繼器:確認
185 2015-05-11 11:46:32 00010073防排煙用中繼器:確認
186 2015-05-11 11:47:09 00010041差動定址用中繼器:通知
187 2015-05-11 11:47:11 00010074:防排煙用中繼器:啟動控制中
188 2015-05-11 11:48:52 監控系統結束
189 2015-05-11 11:52:28 監控系統開始
190 2015-05-11 11:52:28 未連線
191 2015-05-11 11:52:47 連線中
192 2015-05-11 11:52:48 串口通信異常:正常
193 2015-05-11 11:52:53 維護主音響停止
194 2015-05-11 11:52:53 故障音響停止
195 2015-05-11 11:52:53 維護附屬音響停止
196 2015-05-11 11:52:53 蓄積??延全部解除
197 2015-05-11 11:52:53 停電音響停止
198 2015-05-11 11:53:11 00010041差動定址用中繼器:通知
199 2015-05-11 11:53:12 00010074:防排煙用中繼器:啟動控制中
200 2015-05-11 11:57:04 復歸
201 2015-05-11 11:57:11 00010074:防排煙用中繼器:啟動控制:復歸
202 2015-05-11 11:57:16 維護主音響停止
203 2015-05-11 11:57:16 故障音響停止
204 2015-05-11 11:57:16 維護附屬音響停止
205 2015-05-11 11:57:17 蓄積??延全部解除
206 2015-05-11 11:57:17 停電音響停止
207 2015-05-11 11:57:28 監控系統結束
208 2015-05-11 12:00:00 監控系統開始
209 2015-05-11 12:00:00 未連線
210 2015-05-11 12:00:20 連線中
211 2015-05-11 12:00:22 串口通信異常:正常
212 2015-05-11 12:00:26 維護主音響停止
213 2015-05-11 12:00:26 故障音響停止
214 2015-05-11 12:00:26 維護附屬音響停止
215 2015-05-11 12:00:26 蓄積??延全部解除
216 2015-05-11 12:00:26 停電音響停止
217 2015-05-11 12:00:43 00010041差動定址用中繼器:通知
218 2015-05-11 12:00:46 00010074:防排煙用中繼器:啟動控制中
219 2015-05-11 12:01:25 串口通信異常:異常
220 2015-05-11 12:01:27 串口通信異常:正常
221 2015-05-11 12:01:34 串口通信異常:異常
222 2015-05-11 12:01:35 串口通信異常:正常
223 2015-05-11 12:01:37 串口通信異常:異常
224 2015-05-11 12:01:38 串口通信異常:正常
225 2015-05-11 12:02:30 復歸
226 2015-05-11 12:02:37 00010074:防排煙用中繼器:啟動控制:復歸
227 2015-05-11 12:02:42 維護主音響停止
228 2015-05-11 12:02:42 故障音響停止
229 2015-05-11 12:02:43 維護附屬音響停止
230 2015-05-11 12:02:43 蓄積??延全部解除
231 2015-05-11 12:02:43 停電音響停止
232 2015-05-11 12:03:17 監控系統結束
233 2015-05-11 12:13:45 監控系統開始
234 2015-05-11 12:13:46 未連線
235 2015-05-11 12:14:07 連線中
236 2015-05-11 12:14:08 串口通信異常:異常
237 2015-05-11 12:14:13 維護主音響停止
238 2015-05-11 12:14:13 故障音響停止
239 2015-05-11 12:14:13 維護附屬音響停止
240 2015-05-11 12:14:13 蓄積??延全部解除
241 2015-05-11 12:14:13 停電音響停止
242 2015-05-11 12:14:32 00010041差動定址用中繼器:通知
243 2015-05-11 12:14:32 火災報
244 2015-05-11 12:14:35 00010074:防排煙用中繼器:啟動控制中
245 2015-05-11 12:14:59 復歸
246 2015-05-11 12:15:06 00010074:防排煙用中繼器:啟動控制:復歸
247 2015-05-11 12:15:11 維護主音響停止
248 2015-05-11 12:15:11 故障音響停止
249 2015-05-11 12:15:11 維護附屬音響停止
250 2015-05-11 12:15:12 蓄積??延全部解除
251 2015-05-11 12:15:12 停電音響停止
252 2015-05-11 12:16:04 00010074:防排煙用中繼器:啟動控制中
253 2015-05-11 12:17:41 監控系統結束
254 2015-05-11 12:23:28 監控系統開始
255 2015-05-11 12:23:28 未連線
256 2015-05-11 12:23:54 連線中
