0001 G 2015-06-21 18:03:33 <監控系統開始>
0002 G 2015-06-21 18:03:34 <未連線>
0003 G 2015-06-21 18:03:55 <連線中>
0004 P 2015-06-21 18:03:56 <串口通信異常:異常>
0005 P 2015-06-21 18:03:56 <串口通信異常:正常>
0006 G 2015-06-21 18:04:00 <已連線>
0007 G 2015-06-21 18:05:30 <通訊中斷>
0008 G 2015-06-21 18:05:35 <通訊中斷>
0009 G 2015-06-21 18:05:40 <通訊中斷>
0010 G 2015-06-21 18:05:45 <通訊中斷>
0011 G 2015-06-21 18:05:50 <通訊中斷>
0012 G 2015-06-21 18:05:55 <通訊中斷>
0013 G 2015-06-21 18:06:00 <通訊中斷>
0014 G 2015-06-21 18:06:05 <通訊中斷>
0015 G 2015-06-21 18:06:10 <通訊中斷>
0016 G 2015-06-21 18:06:15 <通訊中斷>
0017 G 2015-06-21 18:06:20 <通訊中斷>
0018 G 2015-06-21 18:06:25 <通訊中斷>
0019 G 2015-06-21 18:06:30 <通訊中斷>
0020 G 2015-06-21 18:06:35 <通訊中斷>
0021 G 2015-06-21 18:06:40 <已連線>
0022 P 2015-06-21 18:06:41 <串口通信異常:異常>
0023 P 2015-06-21 18:06:42 <串口通信異常:正常>
0024 G 2015-06-21 18:09:36 <監控系統開始>
0025 G 2015-06-21 18:09:37 <未連線>
0026 G 2015-06-21 18:09:45 <連線中>
0027 P 2015-06-21 18:09:47 <串口通信異常:異常>
0028 P 2015-06-21 18:09:47 <串口通信異常:正常>
