0001 G 2015-10-08 22:05:49 <連線中>
0002 G 2015-10-08 22:05:43 <未連線>
0003 G 2015-10-08 22:05:43 <監控系統開始>
0004 G 2015-10-08 22:05:01 <監控系統結束>
0005 G 2015-10-08 21:56:35 <連線中>
0006 G 2015-10-08 21:56:28 <未連線>
0007 G 2015-10-08 21:56:28 <監控系統開始>
0008 G 2015-10-08 21:55:24 <監控系統結束>
0009 P 2015-10-08 21:55:23 <05021700:防排煙通過:地址未接續>
0010 P 2015-10-08 21:55:23 <05021720:防排煙用中繼器:地址未接續>
0011 P 2015-10-08 21:55:23 <05021710:防排煙通過:地址未接續>
0012 P 2015-10-08 21:55:22 <05021700:防排煙通過:地址未接續>
0013 P 2015-10-08 21:55:22 <05021720:防排煙用中繼器:地址未接續>
0014 P 2015-10-08 21:55:22 <05021710:防排煙通過:地址未接續>
0015 P 2015-10-08 21:55:22 <05021700:防排煙通過:地址未接續>
0016 P 2015-10-08 21:55:21 <05021720:防排煙用中繼器:地址未接續>
0017 P 2015-10-08 21:55:21 <05021710:防排煙通過:地址未接續>
0018 P 2015-10-08 21:55:21 <05021700:防排煙通過:地址未接續>
0019 P 2015-10-08 21:55:21 <05021720:防排煙用中繼器:地址未接續>
0020 P 2015-10-08 21:55:21 <05021710:防排煙通過:地址未接續>
0021 P 2015-10-08 21:55:20 <05021700:防排煙通過:地址未接續>
0022 P 2015-10-08 21:55:20 <05021720:防排煙用中繼器:地址未接續>
0023 P 2015-10-08 21:55:20 <05021710:防排煙通過:地址未接續>
0024 P 2015-10-08 21:55:20 <05021700:防排煙通過:地址未接續>
0025 P 2015-10-08 21:55:19 <05021720:防排煙用中繼器:地址未接續>
0026 P 2015-10-08 21:55:19 <05021710:防排煙通過:地址未接續>
0027 P 2015-10-08 21:55:19 <05021700:防排煙通過:地址未接續>
0028 P 2015-10-08 21:55:19 <05021720:防排煙用中繼器:地址未接續>
0029 P 2015-10-08 21:55:19 <05021710:防排煙通過:地址未接續>
0030 P 2015-10-08 21:55:18 <05021700:防排煙通過:地址未接續>
0031 P 2015-10-08 21:55:18 <05021720:防排煙用中繼器:地址未接續>
0032 P 2015-10-08 21:55:18 <05021710:防排煙通過:地址未接續>
0033 P 2015-10-08 21:55:18 <05021700:防排煙通過:地址未接續>
0034 P 2015-10-08 21:55:17 <05021720:防排煙用中繼器:地址未接續>
0035 P 2015-10-08 21:55:17 <05021710:防排煙通過:地址未接續>
0036 P 2015-10-08 21:55:17 <05021700:防排煙通過:地址未接續>
0037 G 2015-10-08 21:55:16 <連線中>
0038 G 2015-10-08 21:55:10 <未連線>
0039 G 2015-10-08 21:55:10 <監控系統開始>
0040 G 2015-10-08 21:54:06 <監控系統結束>
