0001 G 2015-06-21 11:31:21 <監控系統開始>
0002 G 2015-06-21 11:31:21 <未連線>
0003 G 2015-06-21 11:31:27 <連線中>
0004 P 2015-06-21 11:31:29 <串口通信異常:異常>
0005 P 2015-06-21 11:31:30 <串口通信異常:正常>
0006 G 2015-06-21 11:31:32 <已連線>
0007 G 2015-06-21 11:31:37 <已連線>
0008 G 2015-06-21 11:31:42 <已連線>
0009 G 2015-06-21 11:31:47 <已連線>
0010 R 2015-06-21 11:31:48 <00010011:定址火警發信機:火災報>41F:定址火警發信機
0011 P 2015-06-21 11:31:49 <地區音響一齊鳴動 : 開啟>
0012 G 2015-06-21 11:31:50 <00010074:防排煙用中繼器:啟動控制中>41F:偵煙4
0013 G 2015-06-21 11:31:52 <已連線>
0014 G 2015-06-21 11:31:57 <已連線>
0015 P 2015-06-21 11:31:59 <復歸>
0016 G 2015-06-21 11:34:43 <監控系統開始>
0017 G 2015-06-21 11:34:43 <未連線>
0018 G 2015-06-21 11:34:49 <連線中>
0019 G 2015-06-21 11:34:51 <00010074:防排煙用中繼器:啟動控制:復歸>41F:偵煙4
0020 P 2015-06-21 11:34:52 <串口通信異常:異常>
0021 P 2015-06-21 11:34:52 <串口通信異常:正常>
0022 G 2015-06-21 11:34:54 <已連線>
0023 G 2015-06-21 11:34:59 <已連線>
0024 R 2015-06-21 11:35:00 <00010011:定址火警發信機:火災報>41F:定址火警發信機
0025 P 2015-06-21 11:35:00 <地區音響一齊鳴動 : 開啟>
0026 G 2015-06-21 11:35:01 <00010074:防排煙用中繼器:啟動控制中>41F:偵煙4
0027 G 2015-06-21 11:35:04 <已連線>
0028 P 2015-06-21 11:35:08 <復歸>
0029 G 2015-06-21 11:44:47 <監控系統開始>
0030 G 2015-06-21 11:44:47 <未連線>
0031 G 2015-06-21 11:44:53 <連線中>
0032 G 2015-06-21 11:44:55 <00010074:防排煙用中繼器:啟動控制:復歸>41F:偵煙4
0033 P 2015-06-21 11:44:55 <串口通信異常:異常>
0034 P 2015-06-21 11:44:55 <串口通信異常:正常>
0035 G 2015-06-21 11:44:58 <已連線>
0036 G 2015-06-21 11:45:03 <已連線>
0037 R 2015-06-21 11:45:05 <00010011:定址火警發信機:火災報>41F:定址火警發信機
0038 P 2015-06-21 11:45:05 <地區音響一齊鳴動 : 開啟>
0039 G 2015-06-21 11:45:07 <00010074:防排煙用中繼器:啟動控制中>41F:偵煙4
0040 G 2015-06-21 11:45:08 <已連線>
0041 G 2015-06-21 11:45:13 <已連線>
0042 P 2015-06-21 11:45:16 <復歸>
0043 G 2015-06-21 11:48:24 <監控系統開始>
0044 G 2015-06-21 11:48:24 <未連線>
0045 G 2015-06-21 11:48:29 <連線中>
0046 G 2015-06-21 11:48:32 <00010074:防排煙用中繼器:啟動控制:復歸>41F:偵煙4
0047 P 2015-06-21 11:48:32 <串口通信異常:異常>
0048 P 2015-06-21 11:48:33 <串口通信異常:正常>
0049 G 2015-06-21 11:48:34 <已連線>
0050 G 2015-06-21 11:48:39 <已連線>
0051 R 2015-06-21 11:48:42 <00010011:定址火警發信機:火災報>41F:定址火警發信機
0052 P 2015-06-21 11:48:43 <地區音響一齊鳴動 : 開啟>
0053 G 2015-06-21 11:48:44 <00010074:防排煙用中繼器:啟動控制中>41F:偵煙4
0054 G 2015-06-21 11:48:45 <已連線>
0055 G 2015-06-21 11:48:50 <已連線>
0056 P 2015-06-21 11:48:50 <復歸>
0057 G 2015-06-21 11:52:02 <監控系統開始>
0058 G 2015-06-21 11:52:02 <未連線>
0059 G 2015-06-21 11:52:08 <連線中>
0060 G 2015-06-21 11:52:10 <00010074:防排煙用中繼器:啟動控制:復歸>41F:偵煙4
0061 P 2015-06-21 11:52:11 <串口通信異常:異常>
0062 P 2015-06-21 11:52:11 <串口通信異常:正常>
0063 G 2015-06-21 11:52:23 <通訊中斷>
0064 G 2015-06-21 11:52:28 <通訊中斷>
0065 G 2015-06-21 11:52:33 <通訊中斷>
0066 G 2015-06-21 11:52:38 <通訊中斷>
0067 G 2015-06-21 11:52:43 <通訊中斷>
0068 G 2015-06-21 11:52:48 <通訊中斷>
0069 G 2015-06-21 11:52:53 <通訊中斷>
0070 R 2015-06-21 11:52:55 <00010011:定址火警發信機:火災報>41F:定址火警發信機
0071 P 2015-06-21 11:52:55 <地區音響一齊鳴動 : 開啟>
0072 G 2015-06-21 11:52:56 <00010074:防排煙用中繼器:啟動控制中>41F:偵煙4
0073 G 2015-06-21 11:52:59 <通訊中斷>
0074 G 2015-06-21 11:53:04 <通訊中斷>
0075 G 2015-06-21 11:53:09 <通訊中斷>
0076 G 2015-06-21 11:53:14 <通訊中斷>
0077 G 2015-06-21 11:53:34 <監控系統開始>
0078 G 2015-06-21 11:53:34 <未連線>
0079 G 2015-06-21 11:53:40 <連線中>
0080 P 2015-06-21 11:53:42 <串口通信異常:異常>
0081 P 2015-06-21 11:53:42 <復歸>
0082 P 2015-06-21 11:53:43 <串口通信異常:正常>
0083 R 2015-06-21 11:53:55 <00010011:定址火警發信機:火災報>41F:定址火警發信機
0084 G 2015-06-21 11:53:56 <通訊中斷>
0085 P 2015-06-21 11:53:56 <地區音響一齊鳴動 : 開啟>
0086 G 2015-06-21 11:53:57 <00010074:防排煙用中繼器:啟動控制中>41F:偵煙4
0087 G 2015-06-21 11:54:01 <通訊中斷>
0088 G 2015-06-21 11:54:06 <通訊中斷>
0089 G 2015-06-21 11:54:11 <通訊中斷>
0090 G 2015-06-21 11:54:16 <通訊中斷>
0091 G 2015-06-21 11:54:21 <通訊中斷>
0092 G 2015-06-21 11:54:26 <通訊中斷>
0093 G 2015-06-21 11:54:31 <通訊中斷>
0094 P 2015-06-21 11:54:35 <復歸>
0095 G 2015-06-21 15:50:12 <監控系統開始>
0096 G 2015-06-21 15:50:12 <未連線>
0097 G 2015-06-21 15:50:18 <連線中>
0098 G 2015-06-21 15:50:20 <00010074:防排煙用中繼器:啟動控制:復歸>41F:偵煙4
0099 P 2015-06-21 15:50:20 <串口通信異常:異常>
0100 P 2015-06-21 15:50:21 <串口通信異常:正常>
0101 G 2015-06-21 15:50:23 <已連線>
0102 G 2015-06-21 15:50:28 <已連線>
0103 G 2015-06-21 15:50:33 <已連線>
0104 G 2015-06-21 15:50:38 <已連線>
0105 G 2015-06-21 15:50:43 <已連線>
0106 G 2015-06-21 15:50:48 <已連線>
0107 G 2015-06-21 15:50:53 <已連線>
0108 G 2015-06-21 15:50:58 <已連線>
0109 G 2015-06-21 15:51:03 <已連線>
0110 G 2015-06-21 15:51:08 <已連線>
0111 G 2015-06-21 15:51:13 <已連線>
0112 G 2015-06-21 15:51:18 <已連線>
0113 G 2015-06-21 15:51:23 <已連線>
0114 G 2015-06-21 15:51:28 <已連線>
0115 G 2015-06-21 15:51:33 <已連線>
0116 G 2015-06-21 15:51:38 <已連線>
0117 G 2015-06-21 15:51:43 <已連線>
0118 G 2015-06-21 15:51:48 <已連線>
0119 G 2015-06-21 15:51:53 <已連線>
0120 G 2015-06-21 15:51:58 <已連線>
0121 G 2015-06-21 15:52:03 <已連線>
0122 G 2015-06-21 15:52:08 <已連線>
0123 G 2015-06-21 15:52:13 <已連線>
0124 G 2015-06-21 15:52:18 <已連線>
0125 G 2015-06-21 15:52:23 <已連線>
0126 G 2015-06-21 15:52:28 <已連線>
0127 G 2015-06-21 15:52:33 <已連線>
0128 G 2015-06-21 15:52:38 <已連線>
0129 G 2015-06-21 15:52:43 <已連線>
0130 G 2015-06-21 15:52:48 <已連線>
0131 G 2015-06-21 15:52:53 <已連線>
0132 G 2015-06-21 15:52:58 <已連線>
0133 G 2015-06-21 15:53:03 <已連線>
0134 G 2015-06-21 15:53:08 <已連線>
0135 G 2015-06-21 15:53:13 <已連線>
0136 G 2015-06-21 15:53:18 <已連線>
0137 G 2015-06-21 15:53:23 <已連線>
0138 G 2015-06-21 15:53:28 <已連線>
0139 G 2015-06-21 15:53:33 <已連線>
0140 G 2015-06-21 15:53:38 <已連線>
0141 G 2015-06-21 15:53:43 <已連線>
0142 G 2015-06-21 15:53:48 <已連線>
0143 G 2015-06-21 15:53:53 <已連線>
0144 G 2015-06-21 15:53:58 <已連線>
0145 G 2015-06-21 15:54:03 <已連線>
0146 G 2015-06-21 15:54:08 <已連線>
0147 G 2015-06-21 15:54:13 <已連線>
0148 G 2015-06-21 15:54:18 <已連線>
0149 G 2015-06-21 15:54:23 <已連線>
0150 G 2015-06-21 15:54:28 <已連線>
0151 G 2015-06-21 15:54:33 <已連線>
0152 G 2015-06-21 15:54:38 <已連線>
0153 G 2015-06-21 15:54:43 <已連線>
0154 G 2015-06-21 15:54:48 <已連線>
0155 G 2015-06-21 15:55:08 <監控系統開始>
0156 G 2015-06-21 15:55:08 <未連線>
0157 G 2015-06-21 15:55:14 <連線中>
0158 P 2015-06-21 15:55:16 <串口通信異常:異常>
0159 P 2015-06-21 15:55:16 <串口通信異常:正常>
0160 G 2015-06-21 15:55:20 <已連線>
0161 G 2015-06-21 15:55:25 <已連線>
0162 G 2015-06-21 15:55:30 <已連線>
0163 G 2015-06-21 15:55:35 <已連線>
0164 G 2015-06-21 15:55:40 <已連線>
0165 G 2015-06-21 15:55:45 <已連線>
0166 G 2015-06-21 15:55:50 <已連線>
0167 G 2015-06-21 15:55:55 <已連線>
0168 G 2015-06-21 15:56:00 <已連線>
0169 G 2015-06-21 15:56:05 <已連線>
0170 G 2015-06-21 15:56:10 <已連線>
0171 G 2015-06-21 15:56:15 <已連線>
0172 G 2015-06-21 15:56:20 <已連線>
0173 G 2015-06-21 15:56:25 <已連線>
0174 G 2015-06-21 15:56:30 <已連線>
0175 G 2015-06-21 15:56:35 <已連線>
0176 G 2015-06-21 15:56:40 <已連線>
0177 G 2015-06-21 15:56:45 <已連線>
0178 G 2015-06-21 15:56:50 <已連線>
0179 G 2015-06-21 15:56:55 <已連線>
0180 G 2015-06-21 15:57:00 <已連線>
0181 R 2015-06-21 15:57:05 <00010011:定址火警發信機:火災報>41F:定址火警發信機
0182 G 2015-06-21 15:57:05 <已連線>
0183 P 2015-06-21 15:57:05 <地區音響一齊鳴動 : 開啟>
0184 G 2015-06-21 15:57:06 <00010074:防排煙用中繼器:啟動控制中>41F:偵煙4
0185 G 2015-06-21 15:57:10 <已連線>
0186 G 2015-06-21 15:57:15 <已連線>
0187 G 2015-06-21 15:57:20 <已連線>
0188 G 2015-06-21 15:57:25 <已連線>
0189 G 2015-06-21 15:57:25 <00010074:防排煙用中繼器:啟動控制:復歸>41F:偵煙4
0190 G 2015-06-21 15:57:30 <已連線>
0191 G 2015-06-21 15:57:35 <已連線>
0192 G 2015-06-21 15:57:40 <已連線>
0193 G 2015-06-21 15:57:45 <已連線>
0194 G 2015-06-21 15:57:50 <已連線>
0195 G 2015-06-21 15:57:55 <已連線>
0196 G 2015-06-21 15:58:00 <已連線>
0197 G 2015-06-21 15:58:05 <已連線>
0198 G 2015-06-21 15:58:10 <已連線>
0199 G 2015-06-21 15:58:15 <已連線>
0200 G 2015-06-21 15:58:20 <已連線>
0201 G 2015-06-21 15:58:25 <已連線>
0202 G 2015-06-21 15:58:30 <已連線>
0203 G 2015-06-21 15:58:35 <已連線>
0204 G 2015-06-21 15:58:40 <已連線>
0205 G 2015-06-21 15:58:45 <已連線>
0206 G 2015-06-21 15:58:50 <已連線>
0207 G 2015-06-21 15:58:55 <已連線>
0208 G 2015-06-21 15:59:00 <已連線>
0209 G 2015-06-21 15:59:05 <已連線>
0210 G 2015-06-21 15:59:10 <已連線>
0211 G 2015-06-21 15:59:15 <已連線>
0212 G 2015-06-21 15:59:20 <已連線>
0213 G 2015-06-21 15:59:25 <已連線>
0214 G 2015-06-21 15:59:30 <已連線>
0215 G 2015-06-21 15:59:35 <已連線>
0216 G 2015-06-21 15:59:40 <已連線>
0217 G 2015-06-21 15:59:45 <已連線>
0218 G 2015-06-21 15:59:50 <已連線>
0219 G 2015-06-21 15:59:55 <已連線>
0220 G 2015-06-21 16:00:00 <已連線>
0221 G 2015-06-21 16:00:05 <已連線>
0222 G 2015-06-21 16:00:10 <已連線>
0223 G 2015-06-21 16:00:15 <已連線>
0224 G 2015-06-21 16:00:20 <已連線>
0225 G 2015-06-21 16:00:25 <已連線>
0226 G 2015-06-21 16:00:30 <已連線>
0227 G 2015-06-21 16:00:35 <已連線>
0228 G 2015-06-21 16:00:40 <已連線>
0229 G 2015-06-21 16:00:45 <已連線>
0230 G 2015-06-21 16:00:50 <已連線>
0231 G 2015-06-21 16:00:55 <已連線>
0232 G 2015-06-21 16:01:00 <已連線>
0233 G 2015-06-21 16:01:05 <已連線>
0234 G 2015-06-21 16:01:10 <已連線>
0235 G 2015-06-21 16:01:15 <已連線>
0236 G 2015-06-21 16:01:20 <已連線>
0237 G 2015-06-21 16:01:25 <已連線>
0238 G 2015-06-21 16:01:30 <已連線>
0239 G 2015-06-21 16:01:35 <已連線>
0240 G 2015-06-21 16:01:40 <已連線>
0241 G 2015-06-21 16:01:45 <已連線>
0242 G 2015-06-21 16:01:50 <已連線>
0243 G 2015-06-21 16:01:55 <已連線>
0244 G 2015-06-21 16:02:00 <已連線>
0245 G 2015-06-21 16:02:05 <已連線>
0246 G 2015-06-21 16:02:10 <已連線>
0247 G 2015-06-21 16:02:15 <已連線>
0248 G 2015-06-21 16:02:20 <已連線>
0249 G 2015-06-21 16:02:25 <已連線>
0250 G 2015-06-21 16:02:30 <已連線>
0251 G 2015-06-21 16:02:35 <已連線>
0252 G 2015-06-21 16:02:40 <已連線>
0253 G 2015-06-21 16:02:45 <已連線>
0254 G 2015-06-21 16:02:50 <已連線>
0255 G 2015-06-21 16:02:55 <已連線>
0256 G 2015-06-21 16:03:00 <已連線>
0257 G 2015-06-21 16:03:05 <已連線>
0258 G 2015-06-21 16:03:10 <已連線>
0259 G 2015-06-21 16:03:15 <已連線>
0260 G 2015-06-21 16:03:20 <已連線>
0261 G 2015-06-21 16:03:25 <已連線>
0262 G 2015-06-21 16:03:30 <已連線>
0263 G 2015-06-21 16:03:35 <已連線>
0264 G 2015-06-21 16:03:40 <已連線>
0265 G 2015-06-21 16:03:45 <已連線>
0266 G 2015-06-21 16:03:50 <已連線>
0267 G 2015-06-21 16:03:55 <已連線>
0268 G 2015-06-21 16:08:34 <監控系統開始>
0269 G 2015-06-21 16:08:34 <未連線>
0270 G 2015-06-21 16:08:48 <連線中>
0271 P 2015-06-21 16:08:50 <串口通信異常:異常>
0272 P 2015-06-21 16:08:50 <串口通信異常:正常>
0273 G 2015-06-21 16:08:53 <已連線>
0274 G 2015-06-21 16:08:58 <已連線>
0275 G 2015-06-21 16:09:03 <已連線>
0276 G 2015-06-21 16:09:08 <已連線>
0277 R 2015-06-21 16:09:12 <00010011:定址火警發信機:火災報>41F:定址火警發信機
0278 P 2015-06-21 16:09:13 <地區音響一齊鳴動 : 開啟>
0279 G 2015-06-21 16:09:13 <已連線>
0280 G 2015-06-21 16:09:13 <00010074:防排煙用中繼器:啟動控制中>41F:偵煙4
0281 G 2015-06-21 16:09:18 <已連線>
0282 G 2015-06-21 16:09:23 <已連線>
0283 P 2015-06-21 16:09:28 <復歸>
0284 G 2015-06-21 16:18:51 <監控系統開始>
0285 G 2015-06-21 16:18:51 <未連線>
0286 G 2015-06-21 16:18:58 <連線中>
0287 G 2015-06-21 16:19:00 <00010074:防排煙用中繼器:啟動控制:復歸>41F:偵煙4
0288 P 2015-06-21 16:19:01 <串口通信異常:異常>
0289 P 2015-06-21 16:19:01 <串口通信異常:正常>
0290 G 2015-06-21 16:19:03 <已連線>
0291 G 2015-06-21 16:19:08 <已連線>
0292 G 2015-06-21 16:19:13 <已連線>
0293 G 2015-06-21 16:19:18 <已連線>
0294 G 2015-06-21 16:19:23 <已連線>
0295 G 2015-06-21 16:19:28 <已連線>
0296 G 2015-06-21 16:19:33 <已連線>
0297 G 2015-06-21 16:19:38 <已連線>
0298 G 2015-06-21 16:19:43 <已連線>
0299 G 2015-06-21 16:19:48 <已連線>
0300 G 2015-06-21 16:19:53 <已連線>
0301 G 2015-06-21 16:19:58 <已連線>
0302 G 2015-06-21 16:20:03 <已連線>
0303 G 2015-06-21 16:20:08 <已連線>
0304 G 2015-06-21 16:20:13 <已連線>
0305 G 2015-06-21 16:20:18 <已連線>
0306 G 2015-06-21 16:20:23 <已連線>
0307 G 2015-06-21 16:20:28 <已連線>
0308 G 2015-06-21 16:20:33 <已連線>
0309 G 2015-06-21 16:20:38 <已連線>
0310 G 2015-06-21 16:20:43 <已連線>
0311 G 2015-06-21 16:20:48 <已連線>
0312 G 2015-06-21 16:20:53 <已連線>
0313 G 2015-06-21 16:20:58 <已連線>
0314 G 2015-06-21 16:21:03 <已連線>
0315 G 2015-06-21 16:21:08 <已連線>
0316 G 2015-06-21 16:21:13 <已連線>
0317 G 2015-06-21 16:21:18 <已連線>
0318 G 2015-06-21 16:21:23 <已連線>
0319 G 2015-06-21 16:21:28 <已連線>
0320 G 2015-06-21 16:21:33 <已連線>
0321 G 2015-06-21 16:21:38 <已連線>
0322 G 2015-06-21 16:21:43 <已連線>
0323 G 2015-06-21 16:21:48 <已連線>
0324 G 2015-06-21 16:21:53 <已連線>
0325 G 2015-06-21 16:21:58 <已連線>
0326 G 2015-06-21 16:22:03 <已連線>
0327 G 2015-06-21 16:22:08 <已連線>
0328 G 2015-06-21 16:22:13 <已連線>
0329 G 2015-06-21 16:22:18 <已連線>
0330 G 2015-06-21 16:22:23 <已連線>
0331 G 2015-06-21 16:22:28 <已連線>
0332 G 2015-06-21 16:22:33 <已連線>
0333 G 2015-06-21 16:22:38 <已連線>
0334 G 2015-06-21 16:22:44 <已連線>
0335 G 2015-06-21 16:22:49 <已連線>
0336 G 2015-06-21 16:22:54 <已連線>
0337 G 2015-06-21 16:22:59 <已連線>
0338 G 2015-06-21 16:23:04 <已連線>
0339 G 2015-06-21 16:23:09 <已連線>
0340 G 2015-06-21 16:23:14 <已連線>
0341 G 2015-06-21 16:23:19 <已連線>
0342 G 2015-06-21 16:23:24 <已連線>
0343 G 2015-06-21 16:23:29 <已連線>
0344 G 2015-06-21 16:23:34 <已連線>
0345 G 2015-06-21 16:23:39 <已連線>
0346 G 2015-06-21 16:23:44 <已連線>
0347 G 2015-06-21 16:23:49 <已連線>
0348 G 2015-06-21 16:23:54 <已連線>
0349 G 2015-06-21 16:23:59 <已連線>
0350 G 2015-06-21 16:24:04 <已連線>
0351 G 2015-06-21 16:24:09 <已連線>
0352 G 2015-06-21 16:24:14 <已連線>
0353 G 2015-06-21 16:24:19 <已連線>
0354 G 2015-06-21 16:24:24 <已連線>
0355 G 2015-06-21 16:24:29 <已連線>
0356 G 2015-06-21 16:24:34 <已連線>
0357 G 2015-06-21 16:24:39 <已連線>
0358 G 2015-06-21 16:24:44 <已連線>
0359 G 2015-06-21 16:24:49 <已連線>
0360 G 2015-06-21 16:24:54 <已連線>
0361 G 2015-06-21 16:24:59 <已連線>
0362 G 2015-06-21 16:25:04 <已連線>
0363 G 2015-06-21 16:25:09 <已連線>
0364 G 2015-06-21 16:26:39 <監控系統開始>
0365 G 2015-06-21 16:26:39 <未連線>
0366 G 2015-06-21 16:26:45 <連線中>
0367 P 2015-06-21 16:26:47 <串口通信異常:異常>
0368 P 2015-06-21 16:26:48 <串口通信異常:正常>
0369 G 2015-06-21 16:26:50 <已連線>
0370 G 2015-06-21 16:26:55 <已連線>
0371 G 2015-06-21 16:27:00 <已連線>
0372 G 2015-06-21 16:27:05 <已連線>
0373 R 2015-06-21 16:27:08 <00010011:定址火警發信機:火災報>41F:定址火警發信機
0374 P 2015-06-21 16:27:08 <地區音響一齊鳴動 : 開啟>
0375 G 2015-06-21 16:27:09 <00010074:防排煙用中繼器:啟動控制中>41F:偵煙4
0376 G 2015-06-21 16:27:10 <已連線>
0377 G 2015-06-21 16:27:15 <已連線>
0378 P 2015-06-21 16:27:16 <復歸>
0379 G 2015-06-21 16:30:46 <監控系統開始>
0380 G 2015-06-21 16:30:46 <未連線>
0381 G 2015-06-21 16:30:52 <連線中>
0382 G 2015-06-21 16:30:54 <00010074:防排煙用中繼器:啟動控制:復歸>41F:偵煙4
0383 P 2015-06-21 16:30:54 <串口通信異常:異常>
0384 P 2015-06-21 16:30:55 <串口通信異常:正常>
0385 G 2015-06-21 16:30:57 <已連線>
0386 G 2015-06-21 16:31:02 <已連線>
0387 G 2015-06-21 16:31:07 <已連線>
0388 G 2015-06-21 16:31:12 <已連線>
0389 R 2015-06-21 16:31:13 <00010011:定址火警發信機:火災報>41F:定址火警發信機
0390 P 2015-06-21 16:31:13 <地區音響一齊鳴動 : 開啟>
0391 G 2015-06-21 16:31:14 <00010074:防排煙用中繼器:啟動控制中>41F:偵煙4
0392 G 2015-06-21 16:31:17 <已連線>
0393 G 2015-06-21 16:31:22 <已連線>
0394 P 2015-06-21 16:31:22 <復歸>
0395 G 2015-06-21 16:34:51 <監控系統開始>
0396 G 2015-06-21 16:34:51 <未連線>
0397 G 2015-06-21 16:34:57 <連線中>
0398 G 2015-06-21 16:34:59 <00010074:防排煙用中繼器:啟動控制:復歸>41F:偵煙4
0399 P 2015-06-21 16:35:00 <串口通信異常:異常>
0400 P 2015-06-21 16:35:01 <串口通信異常:正常>
0401 G 2015-06-21 16:35:02 <已連線>
0402 G 2015-06-21 16:35:07 <已連線>
0403 G 2015-06-21 16:35:12 <已連線>
0404 R 2015-06-21 16:35:14 <00010011:定址火警發信機:火災報>41F:定址火警發信機
0405 P 2015-06-21 16:35:14 <地區音響一齊鳴動 : 開啟>
0406 G 2015-06-21 16:35:15 <00010074:防排煙用中繼器:啟動控制中>41F:偵煙4
0407 G 2015-06-21 16:35:18 <已連線>
0408 P 2015-06-21 16:35:22 <復歸>
0409 P 2015-06-21 16:35:22 <地區音響一齊鳴動 : 關閉>
0410 G 2015-06-21 16:35:23 <已連線>
0411 G 2015-06-21 16:35:28 <已連線>
0412 G 2015-06-21 16:35:29 <00010074:防排煙用中繼器:啟動控制:復歸>41F:偵煙4
0413 G 2015-06-21 16:35:33 <已連線>
0414 G 2015-06-21 16:35:38 <已連線>
0415 G 2015-06-21 16:35:43 <已連線>
0416 R 2015-06-21 16:35:45 <00010011:定址火警發信機:火災報>41F:定址火警發信機
0417 P 2015-06-21 16:35:45 <地區音響一齊鳴動 : 開啟>
0418 G 2015-06-21 16:35:46 <00010074:防排煙用中繼器:啟動控制中>41F:偵煙4
0419 G 2015-06-21 16:35:48 <已連線>
0420 G 2015-06-21 16:35:53 <已連線>
0421 G 2015-06-21 16:35:58 <已連線>
0422 G 2015-06-21 16:36:03 <已連線>
0423 G 2015-06-21 16:36:08 <已連線>
0424 G 2015-06-21 16:36:13 <已連線>
0425 G 2015-06-21 16:36:18 <已連線>
0426 G 2015-06-21 16:36:23 <已連線>
0427 G 2015-06-21 16:36:28 <已連線>
0428 G 2015-06-21 16:36:33 <已連線>
0429 G 2015-06-21 16:36:38 <已連線>
0430 G 2015-06-21 16:36:43 <已連線>
0431 G 2015-06-21 16:36:48 <已連線>
0432 G 2015-06-21 16:36:53 <已連線>
0433 B 2015-06-21 16:36:56 <00010011:定址火警發信機:關閉>41F:定址火警發信機
0434 P 2015-06-21 16:36:57 <地區音響一齊鳴動 : 關閉>
0435 G 2015-06-21 16:36:58 <已連線>
0436 G 2015-06-21 16:36:58 <00010074:防排煙用中繼器:啟動控制:復歸>41F:偵煙4
0437 G 2015-06-21 16:37:03 <已連線>
0438 G 2015-06-21 16:37:08 <已連線>
0439 G 2015-06-21 16:37:13 <已連線>
0440 G 2015-06-21 16:37:18 <已連線>
0441 G 2015-06-21 16:37:23 <已連線>
0442 G 2015-06-21 16:37:28 <已連線>
0443 G 2015-06-21 16:37:33 <已連線>
0444 G 2015-06-21 16:37:38 <已連線>
0445 G 2015-06-21 16:37:43 <已連線>
0446 G 2015-06-21 16:37:48 <已連線>
0447 G 2015-06-21 16:37:53 <已連線>
0448 G 2015-06-21 16:37:58 <已連線>
0449 G 2015-06-21 16:38:03 <已連線>
0450 G 2015-06-21 16:38:08 <已連線>
0451 G 2015-06-21 16:38:13 <已連線>
0452 G 2015-06-21 16:38:18 <已連線>
0453 G 2015-06-21 16:38:23 <已連線>
0454 G 2015-06-21 16:38:28 <已連線>
0455 G 2015-06-21 16:38:33 <已連線>
0456 G 2015-06-21 16:38:38 <已連線>
0457 G 2015-06-21 16:38:43 <已連線>
0458 G 2015-06-21 16:38:48 <已連線>
0459 G 2015-06-21 16:38:53 <已連線>
0460 G 2015-06-21 16:38:58 <已連線>
0461 G 2015-06-21 16:39:03 <已連線>
0462 G 2015-06-21 16:39:08 <已連線>
0463 G 2015-06-21 16:39:13 <已連線>
0464 G 2015-06-21 16:39:18 <已連線>
0465 G 2015-06-21 16:39:23 <已連線>
0466 G 2015-06-21 16:39:28 <已連線>
0467 G 2015-06-21 16:39:33 <已連線>
0468 G 2015-06-21 16:39:38 <已連線>
0469 G 2015-06-21 16:39:43 <已連線>
0470 G 2015-06-21 16:39:48 <已連線>
0471 G 2015-06-21 16:39:53 <已連線>
0472 G 2015-06-21 16:39:58 <已連線>
0473 G 2015-06-21 16:40:03 <已連線>
0474 G 2015-06-21 16:40:08 <已連線>
0475 G 2015-06-21 16:40:13 <已連線>
0476 G 2015-06-21 16:40:18 <已連線>
0477 G 2015-06-21 16:40:23 <已連線>
0478 G 2015-06-21 16:40:28 <已連線>
0479 G 2015-06-21 16:40:33 <已連線>
0480 G 2015-06-21 16:40:38 <已連線>
0481 G 2015-06-21 16:40:43 <已連線>
0482 G 2015-06-21 16:40:48 <已連線>
0483 G 2015-06-21 16:40:53 <已連線>
0484 G 2015-06-21 16:40:58 <已連線>
0485 G 2015-06-21 16:41:03 <已連線>
0486 G 2015-06-21 16:41:08 <已連線>
0487 G 2015-06-21 16:41:13 <已連線>
0488 G 2015-06-21 16:41:18 <已連線>
0489 G 2015-06-21 16:41:23 <已連線>
0490 G 2015-06-21 16:41:28 <已連線>
0491 G 2015-06-21 16:43:49 <監控系統開始>
0492 G 2015-06-21 16:43:49 <未連線>
0493 G 2015-06-21 16:43:55 <連線中>
0494 P 2015-06-21 16:43:56 <串口通信異常:異常>
0495 P 2015-06-21 16:43:56 <串口通信異常:正常>
0496 G 2015-06-21 16:44:00 <已連線>
0497 G 2015-06-21 16:44:05 <已連線>
0498 G 2015-06-21 16:44:10 <已連線>
0499 R 2015-06-21 16:44:13 <00010011:定址火警發信機:火災報>41F:定址火警發信機
0500 P 2015-06-21 16:44:13 <地區音響一齊鳴動 : 開啟>
0501 G 2015-06-21 16:44:14 <00010074:防排煙用中繼器:啟動控制中>41F:偵煙4
0502 G 2015-06-21 16:44:15 <已連線>
0503 G 2015-06-21 16:44:20 <已連線>
0504 P 2015-06-21 16:44:24 <復歸>
0505 P 2015-06-21 16:44:24 <地區音響一齊鳴動 : 關閉>
0506 G 2015-06-21 16:44:25 <已連線>
0507 G 2015-06-21 16:44:30 <已連線>
0508 G 2015-06-21 16:44:31 <00010074:防排煙用中繼器:啟動控制:復歸>41F:偵煙4
0509 G 2015-06-21 16:44:35 <已連線>
0510 G 2015-06-21 16:44:40 <已連線>
0511 G 2015-06-21 16:44:45 <已連線>
0512 G 2015-06-21 16:44:50 <已連線>
0513 R 2015-06-21 16:44:54 <00010011:定址火警發信機:火災報>41F:定址火警發信機
0514 P 2015-06-21 16:44:55 <地區音響一齊鳴動 : 開啟>
0515 G 2015-06-21 16:44:55 <00010074:防排煙用中繼器:啟動控制中>41F:偵煙4
0516 G 2015-06-21 16:44:55 <已連線>
0517 G 2015-06-21 16:45:00 <已連線>
0518 P 2015-06-21 16:45:03 <復歸>
0519 P 2015-06-21 16:45:03 <地區音響一齊鳴動 : 關閉>
0520 G 2015-06-21 16:45:05 <已連線>
0521 G 2015-06-21 16:45:10 <已連線>
0522 G 2015-06-21 16:45:10 <00010074:防排煙用中繼器:啟動控制:復歸>41F:偵煙4
0523 G 2015-06-21 16:45:15 <已連線>
0524 G 2015-06-21 16:45:20 <已連線>
0525 G 2015-06-21 16:45:25 <已連線>
0526 G 2015-06-21 16:45:30 <已連線>
0527 G 2015-06-21 16:45:35 <00010021:光電類比感知器:注意:開啟>41F:熱類比
0528 R 2015-06-21 16:45:35 <00010021:光電類比感知器:火災:開啟>41F:熱類比
0529 G 2015-06-21 16:45:35 <已連線>
0530 G 2015-06-21 16:45:36 <00010074:防排煙用中繼器:啟動控制中>41F:偵煙4
0531 G 2015-06-21 16:45:38 <00010071:防排煙用中繼器:啟動控制中>41F:熱類比
0532 G 2015-06-21 16:45:40 <已連線>
0533 B 2015-06-21 16:45:41 <00010071:防排煙用中繼器:動作>41F:熱類比
0534 G 2015-06-21 16:45:42 <00010072:防排煙用中繼器:啟動控制中>
0535 G 2015-06-21 16:45:43 <00010073:防排煙用中繼器:啟動控制中>
0536 G 2015-06-21 16:45:45 <已連線>
0537 B 2015-06-21 16:45:46 <00010072:防排煙用中繼器:動作>
0538 B 2015-06-21 16:45:47 <00010073:防排煙用中繼器:動作>
0539 G 2015-06-21 16:45:50 <已連線>
0540 G 2015-06-21 16:45:55 <已連線>
0541 G 2015-06-21 16:46:00 <已連線>
0542 G 2015-06-21 16:46:05 <已連線>
0543 G 2015-06-21 16:46:10 <已連線>
0544 G 2015-06-21 16:46:15 <已連線>
0545 G 2015-06-21 16:46:20 <已連線>
0546 G 2015-06-21 16:46:25 <已連線>
0547 G 2015-06-21 16:46:30 <已連線>
0548 G 2015-06-21 16:46:35 <已連線>
0549 G 2015-06-21 16:46:40 <已連線>
0550 P 2015-06-21 16:46:41 <復歸>
0551 G 2015-06-21 16:46:45 <已連線>
0552 G 2015-06-21 16:46:50 <已連線>
0553 G 2015-06-21 16:46:53 <00010071:防排煙用中繼器:啟動控制:復歸>41F:熱類比
0554 G 2015-06-21 16:46:55 <00010072:防排煙用中繼器:啟動控制:復歸>
0555 P 2015-06-21 16:46:55 <找不到點 :00010072>
0556 G 2015-06-21 16:46:55 <已連線>
0557 G 2015-06-21 16:46:56 <00010073:防排煙用中繼器:啟動控制:復歸>
0558 P 2015-06-21 16:46:56 <找不到點 :00010073>
0559 G 2015-06-21 16:46:57 <00010074:防排煙用中繼器:啟動控制:復歸>41F:偵煙4
0560 G 2015-06-21 16:46:58 <00010072:防排煙用中繼器:啟動控制中>
0561 G 2015-06-21 16:46:59 <00010073:防排煙用中繼器:啟動控制中>
0562 G 2015-06-21 16:47:00 <已連線>
0563 B 2015-06-21 16:47:01 <00010071:防排煙用中繼器:關閉>41F:熱類比
0564 B 2015-06-21 16:47:01 <動作>41F:熱類比
0565 B 2015-06-21 16:47:02 <00010072:防排煙用中繼器:關閉>
0566 B 2015-06-21 16:47:02 <動作>
0567 P 2015-06-21 16:47:02 <找不到點 :00010072>
0568 B 2015-06-21 16:47:03 <00010073:防排煙用中繼器:關閉>
0569 B 2015-06-21 16:47:03 <動作>
0570 P 2015-06-21 16:47:03 <找不到點 :00010073>
0571 B 2015-06-21 16:47:05 <00010072:防排煙用中繼器:動作>
0572 G 2015-06-21 16:47:05 <已連線>
0573 B 2015-06-21 16:47:06 <00010073:防排煙用中繼器:動作>
0574 G 2015-06-21 16:47:06 <00010072:防排煙用中繼器:啟動控制:復歸>
0575 P 2015-06-21 16:47:06 <找不到點 :00010072>
0576 G 2015-06-21 16:47:07 <00010073:防排煙用中繼器:啟動控制:復歸>
0577 P 2015-06-21 16:47:07 <找不到點 :00010073>
0578 B 2015-06-21 16:47:08 <00010072:防排煙用中繼器:關閉>
0579 B 2015-06-21 16:47:08 <動作>
0580 P 2015-06-21 16:47:08 <找不到點 :00010072>
0581 B 2015-06-21 16:47:09 <00010073:防排煙用中繼器:關閉>
0582 B 2015-06-21 16:47:09 <動作>
0583 P 2015-06-21 16:47:10 <找不到點 :00010073>
0584 G 2015-06-21 16:47:10 <已連線>
0585 G 2015-06-21 16:47:15 <已連線>
0586 G 2015-06-21 16:47:20 <已連線>
0587 G 2015-06-21 16:47:25 <已連線>
0588 G 2015-06-21 16:47:30 <已連線>
0589 G 2015-06-21 16:47:35 <已連線>
0590 G 2015-06-21 16:47:40 <已連線>
0591 G 2015-06-21 16:47:45 <已連線>
0592 G 2015-06-21 16:47:50 <已連線>
0593 G 2015-06-21 16:47:55 <已連線>
0594 G 2015-06-21 16:48:00 <已連線>
0595 G 2015-06-21 16:48:05 <已連線>
0596 G 2015-06-21 16:48:10 <已連線>
0597 G 2015-06-21 16:48:15 <已連線>
0598 G 2015-06-21 16:48:20 <已連線>
0599 G 2015-06-21 16:48:25 <已連線>
0600 G 2015-06-21 16:48:30 <已連線>
0601 G 2015-06-21 16:48:35 <已連線>
0602 G 2015-06-21 16:48:40 <已連線>
0603 G 2015-06-21 16:48:45 <已連線>
0604 G 2015-06-21 16:48:50 <已連線>
0605 G 2015-06-21 16:48:55 <已連線>
0606 G 2015-06-21 16:49:00 <已連線>
0607 G 2015-06-21 16:49:05 <已連線>
0608 G 2015-06-21 16:49:10 <已連線>
0609 G 2015-06-21 16:49:15 <已連線>
0610 G 2015-06-21 16:49:20 <已連線>
0611 G 2015-06-21 16:49:25 <已連線>
0612 G 2015-06-21 16:49:30 <已連線>
0613 G 2015-06-21 16:49:35 <已連線>
0614 G 2015-06-21 16:49:40 <已連線>
0615 G 2015-06-21 16:49:45 <已連線>
0616 G 2015-06-21 16:49:50 <已連線>
0617 G 2015-06-21 16:49:55 <已連線>
0618 G 2015-06-21 16:50:00 <已連線>
0619 G 2015-06-21 16:50:05 <已連線>
0620 G 2015-06-21 16:50:10 <已連線>
0621 G 2015-06-21 16:50:15 <已連線>
0622 G 2015-06-21 16:50:20 <已連線>
0623 G 2015-06-21 16:50:25 <已連線>
0624 G 2015-06-21 16:50:30 <已連線>
0625 G 2015-06-21 16:50:35 <已連線>
0626 G 2015-06-21 16:50:40 <已連線>
0627 G 2015-06-21 16:50:45 <已連線>
0628 G 2015-06-21 16:50:50 <已連線>
0629 G 2015-06-21 16:50:55 <已連線>
0630 G 2015-06-21 16:51:00 <已連線>
0631 G 2015-06-21 16:51:05 <已連線>
0632 G 2015-06-21 16:51:10 <已連線>
0633 G 2015-06-21 16:51:15 <已連線>
0634 G 2015-06-21 16:51:20 <已連線>
0635 G 2015-06-21 16:54:32 <監控系統開始>
0636 G 2015-06-21 16:54:32 <未連線>
0637 G 2015-06-21 16:54:38 <連線中>
0638 P 2015-06-21 16:54:39 <串口通信異常:異常>
0639 P 2015-06-21 16:54:39 <串口通信異常:正常>
0640 G 2015-06-21 16:54:43 <已連線>
0641 G 2015-06-21 16:54:48 <已連線>
0642 G 2015-06-21 16:54:53 <已連線>
0643 G 2015-06-21 16:54:55 <00010021:光電類比感知器:注意:開啟>41F:熱類比
0644 R 2015-06-21 16:54:55 <00010021:光電類比感知器:火災:開啟>41F:熱類比
0645 G 2015-06-21 16:54:56 <00010074:防排煙用中繼器:啟動控制中>41F:偵煙4
0646 G 2015-06-21 16:54:58 <已連線>
0647 G 2015-06-21 16:54:58 <00010071:防排煙用中繼器:啟動控制中>41F:熱類比
0648 B 2015-06-21 16:55:00 <00010071:防排煙用中繼器:動作>41F:熱類比
0649 G 2015-06-21 16:55:01 <00010072:防排煙用中繼器:啟動控制中>
0650 G 2015-06-21 16:55:02 <00010073:防排煙用中繼器:啟動控制中>
0651 G 2015-06-21 16:55:03 <已連線>
0652 B 2015-06-21 16:55:04 <00010072:防排煙用中繼器:動作>
0653 P 2015-06-21 16:55:04 <找不到點 :00010072>
0654 B 2015-06-21 16:55:05 <00010073:防排煙用中繼器:動作>
0655 P 2015-06-21 16:55:06 <找不到點 :00010073>
0656 G 2015-06-21 16:55:08 <已連線>
0657 G 2015-06-21 16:55:13 <已連線>
0658 G 2015-06-21 16:55:18 <已連線>
0659 G 2015-06-21 16:55:23 <已連線>
0660 G 2015-06-21 16:55:28 <已連線>
0661 G 2015-06-21 16:55:33 <已連線>
0662 G 2015-06-21 16:55:38 <已連線>
0663 G 2015-06-21 16:55:43 <已連線>
0664 G 2015-06-21 16:55:48 <已連線>
0665 G 2015-06-21 16:55:53 <已連線>
0666 G 2015-06-21 16:55:58 <已連線>
0667 G 2015-06-21 16:56:03 <已連線>
0668 R 2015-06-21 16:56:06 <00010021:光電類比感知器:火災:關閉>41F:熱類比
0669 R 2015-06-21 16:56:06 <00010021:光電類比感知器:注意:關閉>41F:熱類比
0670 G 2015-06-21 16:56:07 <00010074:防排煙用中繼器:啟動控制:復歸>41F:偵煙4
0671 G 2015-06-21 16:56:07 <00010071:防排煙用中繼器:啟動控制:復歸>41F:熱類比
0672 G 2015-06-21 16:56:08 <已連線>
0673 B 2015-06-21 16:56:11 <00010071:防排煙用中繼器:關閉>41F:熱類比
0674 B 2015-06-21 16:56:11 <動作>41F:熱類比
0675 G 2015-06-21 16:56:12 <00010072:防排煙用中繼器:啟動控制:復歸>
0676 P 2015-06-21 16:56:12 <找不到點 :00010072>
0677 G 2015-06-21 16:56:13 <已連線>
0678 G 2015-06-21 16:56:13 <00010073:防排煙用中繼器:啟動控制:復歸>
0679 P 2015-06-21 16:56:13 <找不到點 :00010073>
0680 B 2015-06-21 16:56:15 <00010072:防排煙用中繼器:關閉>
0681 B 2015-06-21 16:56:15 <動作>
0682 P 2015-06-21 16:56:15 <找不到點 :00010072>
0683 B 2015-06-21 16:56:16 <00010073:防排煙用中繼器:關閉>
0684 B 2015-06-21 16:56:16 <動作>
0685 P 2015-06-21 16:56:17 <找不到點 :00010073>
0686 G 2015-06-21 16:56:18 <已連線>
0687 G 2015-06-21 16:56:23 <已連線>
0688 G 2015-06-21 16:56:28 <已連線>
0689 G 2015-06-21 16:56:33 <已連線>
0690 G 2015-06-21 16:56:38 <已連線>
0691 G 2015-06-21 16:56:43 <已連線>
0692 G 2015-06-21 16:56:48 <已連線>
0693 G 2015-06-21 16:56:53 <已連線>
0694 G 2015-06-21 16:56:58 <已連線>
0695 G 2015-06-21 16:57:03 <已連線>
0696 G 2015-06-21 16:57:08 <已連線>
0697 G 2015-06-21 16:57:13 <已連線>
0698 G 2015-06-21 16:57:17 <00010021:光電類比感知器:注意:開啟>41F:熱類比
0699 R 2015-06-21 16:57:17 <00010021:光電類比感知器:火災:開啟>41F:熱類比
0700 G 2015-06-21 16:57:18 <已連線>
0701 G 2015-06-21 16:57:18 <00010074:防排煙用中繼器:啟動控制中>41F:偵煙4
0702 G 2015-06-21 16:57:20 <00010071:防排煙用中繼器:啟動控制中>41F:熱類比
0703 B 2015-06-21 16:57:22 <00010071:防排煙用中繼器:動作>41F:熱類比
0704 G 2015-06-21 16:57:23 <已連線>
0705 G 2015-06-21 16:57:23 <00010072:防排煙用中繼器:啟動控制中>
0706 G 2015-06-21 16:57:25 <00010073:防排煙用中繼器:啟動控制中>
0707 B 2015-06-21 16:57:26 <00010072:防排煙用中繼器:動作>
0708 P 2015-06-21 16:57:26 <找不到點 :00010072>
0709 B 2015-06-21 16:57:28 <00010073:防排煙用中繼器:動作>
0710 P 2015-06-21 16:57:28 <找不到點 :00010073>
0711 G 2015-06-21 16:57:28 <已連線>
0712 G 2015-06-21 16:57:33 <已連線>
0713 G 2015-06-21 16:57:38 <已連線>
0714 G 2015-06-21 16:57:43 <已連線>
0715 G 2015-06-21 16:57:48 <已連線>
0716 G 2015-06-21 16:57:53 <已連線>
0717 G 2015-06-21 16:57:58 <已連線>
0718 G 2015-06-21 16:58:03 <已連線>
0719 G 2015-06-21 16:58:08 <已連線>
0720 G 2015-06-21 16:58:13 <已連線>
0721 G 2015-06-21 16:58:18 <已連線>
0722 G 2015-06-21 16:58:23 <已連線>
0723 R 2015-06-21 16:58:27 <00010021:光電類比感知器:火災:關閉>41F:熱類比
0724 R 2015-06-21 16:58:27 <00010021:光電類比感知器:注意:關閉>41F:熱類比
0725 G 2015-06-21 16:58:28 <00010074:防排煙用中繼器:啟動控制:復歸>41F:偵煙4
0726 G 2015-06-21 16:58:28 <已連線>
0727 G 2015-06-21 16:58:29 <00010071:防排煙用中繼器:啟動控制:復歸>41F:熱類比
0728 B 2015-06-21 16:58:32 <00010071:防排煙用中繼器:關閉>41F:熱類比
0729 B 2015-06-21 16:58:32 <動作>41F:熱類比
0730 G 2015-06-21 16:58:33 <已連線>
0731 G 2015-06-21 16:58:34 <00010072:防排煙用中繼器:啟動控制:復歸>
0732 P 2015-06-21 16:58:34 <找不到點 :00010072>
0733 G 2015-06-21 16:58:35 <00010073:防排煙用中繼器:啟動控制:復歸>
0734 P 2015-06-21 16:58:35 <找不到點 :00010073>
0735 B 2015-06-21 16:58:36 <00010072:防排煙用中繼器:關閉>
0736 B 2015-06-21 16:58:36 <動作>
0737 P 2015-06-21 16:58:36 <找不到點 :00010072>
0738 B 2015-06-21 16:58:38 <00010073:防排煙用中繼器:關閉>
0739 B 2015-06-21 16:58:38 <動作>
0740 P 2015-06-21 16:58:38 <找不到點 :00010073>
0741 G 2015-06-21 16:58:38 <已連線>
0742 G 2015-06-21 16:58:43 <已連線>
0743 G 2015-06-21 16:58:48 <已連線>
0744 G 2015-06-21 16:58:53 <已連線>
0745 G 2015-06-21 16:58:58 <已連線>
0746 G 2015-06-21 16:59:03 <已連線>
0747 G 2015-06-21 16:59:08 <已連線>
0748 G 2015-06-21 16:59:13 <已連線>
0749 G 2015-06-21 16:59:18 <已連線>
0750 G 2015-06-21 16:59:23 <已連線>
0751 G 2015-06-21 16:59:28 <已連線>
0752 G 2015-06-21 16:59:33 <已連線>
0753 G 2015-06-21 16:59:38 <已連線>
0754 G 2015-06-21 16:59:43 <已連線>
0755 G 2015-06-21 16:59:48 <已連線>
0756 G 2015-06-21 16:59:53 <已連線>
0757 G 2015-06-21 16:59:58 <已連線>
0758 G 2015-06-21 17:00:03 <已連線>
0759 G 2015-06-21 17:00:08 <已連線>
0760 G 2015-06-21 17:00:13 <已連線>
0761 G 2015-06-21 17:00:18 <已連線>
0762 G 2015-06-21 17:00:23 <已連線>
0763 G 2015-06-21 17:00:28 <已連線>
0764 G 2015-06-21 17:00:33 <已連線>
0765 G 2015-06-21 17:00:38 <已連線>
0766 G 2015-06-21 17:00:43 <已連線>
0767 G 2015-06-21 17:00:48 <已連線>
0768 G 2015-06-21 17:00:53 <已連線>
0769 G 2015-06-21 17:00:58 <已連線>
0770 G 2015-06-21 17:01:03 <已連線>
0771 G 2015-06-21 17:01:08 <已連線>
0772 G 2015-06-21 17:02:38 <監控系統開始>
0773 G 2015-06-21 17:02:38 <未連線>
0774 G 2015-06-21 17:04:00 <監控系統結束>
0775 G 2015-06-21 17:04:00 <監控系統開始>
0776 G 2015-06-21 17:04:00 <未連線>
0777 G 2015-06-21 17:04:06 <連線中>
0778 P 2015-06-21 17:04:08 <串口通信異常:異常>
0779 P 2015-06-21 17:04:08 <串口通信異常:正常>
0780 G 2015-06-21 17:04:11 <已連線>
0781 G 2015-06-21 17:04:16 <已連線>
0782 G 2015-06-21 17:04:21 <已連線>
0783 G 2015-06-21 17:04:26 <已連線>
0784 G 2015-06-21 17:04:30 <00010021:光電類比感知器:注意:開啟>41F:熱類比
0785 R 2015-06-21 17:04:30 <00010021:光電類比感知器:火災:開啟>41F:熱類比
0786 G 2015-06-21 17:04:31 <已連線>
0787 G 2015-06-21 17:04:32 <00010074:防排煙用中繼器:啟動控制中>41F:偵煙4
0788 G 2015-06-21 17:04:35 <00010071:防排煙用中繼器:啟動控制中>41F:熱類比
0789 B 2015-06-21 17:04:35 <00010071:防排煙用中繼器:動作>41F:熱類比
0790 G 2015-06-21 17:04:36 <00010072:防排煙用中繼器:啟動控制中>41F:熱類比
0791 G 2015-06-21 17:04:36 <已連線>
0792 G 2015-06-21 17:04:37 <00010073:防排煙用中繼器:啟動控制中>41F:熱類比
0793 B 2015-06-21 17:04:38 <00010072:防排煙用中繼器:動作>41F:熱類比
0794 B 2015-06-21 17:04:41 <00010073:防排煙用中繼器:動作>41F:熱類比
0795 G 2015-06-21 17:04:41 <已連線>
0796 G 2015-06-21 17:04:46 <已連線>
0797 G 2015-06-21 17:04:51 <已連線>
0798 G 2015-06-21 17:04:56 <已連線>
0799 G 2015-06-21 17:05:01 <已連線>
0800 G 2015-06-21 17:05:06 <已連線>
0801 G 2015-06-21 17:05:11 <已連線>
0802 G 2015-06-21 17:05:16 <已連線>
0803 G 2015-06-21 17:05:21 <已連線>
0804 G 2015-06-21 17:05:26 <已連線>
0805 G 2015-06-21 17:05:31 <已連線>
0806 G 2015-06-21 17:05:36 <已連線>
0807 R 2015-06-21 17:05:38 <00010021:光電類比感知器:火災:關閉>41F:熱類比
0808 R 2015-06-21 17:05:38 <00010021:光電類比感知器:注意:關閉>41F:熱類比
0809 G 2015-06-21 17:05:39 <00010074:防排煙用中繼器:啟動控制:復歸>41F:偵煙4
0810 G 2015-06-21 17:05:40 <00010071:防排煙用中繼器:啟動控制:復歸>41F:熱類比
0811 G 2015-06-21 17:05:41 <已連線>
0812 B 2015-06-21 17:05:42 <00010071:防排煙用中繼器:關閉>41F:熱類比
0813 B 2015-06-21 17:05:42 <動作>41F:熱類比
0814 G 2015-06-21 17:05:43 <00010072:防排煙用中繼器:啟動控制:復歸>41F:熱類比
0815 G 2015-06-21 17:05:45 <00010073:防排煙用中繼器:啟動控制:復歸>41F:熱類比
0816 G 2015-06-21 17:05:46 <已連線>
0817 B 2015-06-21 17:05:46 <00010072:防排煙用中繼器:關閉>41F:熱類比
0818 B 2015-06-21 17:05:46 <動作>41F:熱類比
0819 B 2015-06-21 17:05:47 <00010073:防排煙用中繼器:關閉>41F:熱類比
0820 B 2015-06-21 17:05:47 <動作>41F:熱類比
0821 G 2015-06-21 17:05:51 <已連線>
0822 G 2015-06-21 17:05:56 <已連線>
0823 G 2015-06-21 17:06:01 <已連線>
0824 G 2015-06-21 17:06:02 <00010031:熱類比感知器:注意:開啟>41F:煙類比
0825 R 2015-06-21 17:06:03 <00010031:熱類比感知器:火災:開啟>41F:煙類比
0826 G 2015-06-21 17:06:04 <00010074:防排煙用中繼器:啟動控制中>41F:偵煙4
0827 G 2015-06-21 17:06:06 <已連線>
0828 G 2015-06-21 17:06:11 <已連線>
0829 G 2015-06-21 17:06:16 <已連線>
0830 G 2015-06-21 17:06:21 <已連線>
0831 P 2015-06-21 17:06:22 <復歸>
0832 G 2015-06-21 17:06:26 <已連線>
0833 G 2015-06-21 17:06:31 <已連線>
0834 G 2015-06-21 17:06:32 <00010074:防排煙用中繼器:啟動控制:復歸>41F:偵煙4
0835 G 2015-06-21 17:06:36 <已連線>
0836 G 2015-06-21 17:06:41 <已連線>
0837 G 2015-06-21 17:06:46 <已連線>
0838 G 2015-06-21 17:06:51 <已連線>
0839 G 2015-06-21 17:06:56 <已連線>
0840 G 2015-06-21 17:07:01 <已連線>
0841 G 2015-06-21 17:07:06 <已連線>
0842 G 2015-06-21 17:07:11 <已連線>
0843 G 2015-06-21 17:07:16 <已連線>
0844 G 2015-06-21 17:07:21 <已連線>
0845 G 2015-06-21 17:07:26 <已連線>
0846 G 2015-06-21 17:07:31 <已連線>
0847 G 2015-06-21 17:07:36 <已連線>
0848 G 2015-06-21 17:07:41 <已連線>
0849 G 2015-06-21 17:07:46 <已連線>
0850 G 2015-06-21 17:07:51 <已連線>
0851 G 2015-06-21 17:07:56 <已連線>
0852 G 2015-06-21 17:08:01 <已連線>
0853 G 2015-06-21 17:08:06 <已連線>
0854 G 2015-06-21 17:08:11 <已連線>
0855 G 2015-06-21 17:08:16 <已連線>
0856 G 2015-06-21 17:08:21 <已連線>
0857 G 2015-06-21 17:08:26 <已連線>
0858 G 2015-06-21 17:08:31 <已連線>
0859 G 2015-06-21 17:08:36 <已連線>
0860 G 2015-06-21 17:08:41 <已連線>
0861 G 2015-06-21 17:08:46 <已連線>
0862 G 2015-06-21 17:08:51 <已連線>
0863 G 2015-06-21 17:08:56 <已連線>
0864 G 2015-06-21 17:09:01 <已連線>
0865 G 2015-06-21 17:09:06 <已連線>
0866 G 2015-06-21 17:09:11 <已連線>
0867 G 2015-06-21 17:09:16 <已連線>
0868 G 2015-06-21 17:09:21 <已連線>
0869 G 2015-06-21 17:09:26 <已連線>
0870 G 2015-06-21 17:09:31 <已連線>
0871 G 2015-06-21 17:09:36 <已連線>
0872 G 2015-06-21 17:09:41 <已連線>
0873 G 2015-06-21 17:09:46 <已連線>
0874 G 2015-06-21 17:09:51 <已連線>
0875 G 2015-06-21 17:09:56 <已連線>
0876 G 2015-06-21 17:10:01 <已連線>
0877 G 2015-06-21 17:10:06 <已連線>
0878 G 2015-06-21 17:10:11 <已連線>
0879 G 2015-06-21 17:10:16 <已連線>
0880 G 2015-06-21 17:10:22 <已連線>
0881 G 2015-06-21 17:10:27 <已連線>
0882 G 2015-06-21 17:10:32 <已連線>
0883 G 2015-06-21 17:10:37 <已連線>
0884 G 2015-06-21 17:10:42 <已連線>
0885 G 2015-06-21 17:10:47 <已連線>
0886 G 2015-06-21 17:10:52 <已連線>
0887 G 2015-06-21 17:10:57 <已連線>
0888 G 2015-06-21 17:11:02 <已連線>
0889 G 2015-06-21 17:11:07 <已連線>
0890 G 2015-06-21 17:11:12 <已連線>
0891 G 2015-06-21 17:11:14 <00010031:熱類比感知器:注意:開啟>41F:煙類比
0892 R 2015-06-21 17:11:14 <00010031:熱類比感知器:火災:開啟>41F:煙類比
0893 G 2015-06-21 17:11:15 <00010074:防排煙用中繼器:啟動控制中>41F:偵煙4
0894 G 2015-06-21 17:11:17 <已連線>
0895 G 2015-06-21 17:11:22 <已連線>
0896 G 2015-06-21 17:11:27 <已連線>
0897 G 2015-06-21 17:11:32 <已連線>
0898 G 2015-06-21 17:11:37 <已連線>
0899 G 2015-06-21 17:11:42 <已連線>
0900 G 2015-06-21 17:11:47 <已連線>
0901 G 2015-06-21 17:11:52 <已連線>
0902 G 2015-06-21 17:11:57 <已連線>
0903 G 2015-06-21 17:12:02 <已連線>
0904 G 2015-06-21 17:12:07 <已連線>
0905 G 2015-06-21 17:12:12 <已連線>
0906 G 2015-06-21 17:12:17 <已連線>
0907 G 2015-06-21 17:12:22 <已連線>
0908 G 2015-06-21 17:12:27 <已連線>
0909 G 2015-06-21 17:12:32 <已連線>
0910 R 2015-06-21 17:12:33 <00010031:熱類比感知器:火災:關閉>41F:煙類比
0911 R 2015-06-21 17:12:33 <00010031:熱類比感知器:注意:關閉>41F:煙類比
0912 G 2015-06-21 17:12:34 <00010074:防排煙用中繼器:啟動控制:復歸>41F:偵煙4
0913 G 2015-06-21 17:12:37 <已連線>
0914 G 2015-06-21 17:19:25 <監控系統開始>
0915 G 2015-06-21 17:19:25 <未連線>
0916 G 2015-06-21 17:19:34 <連線中>
0917 P 2015-06-21 17:19:35 <串口通信異常:異常>
0918 P 2015-06-21 17:19:37 <串口通信異常:正常>
0919 G 2015-06-21 17:19:39 <已連線>
0920 G 2015-06-21 17:19:44 <已連線>
0921 G 2015-06-21 17:19:49 <已連線>
0922 G 2015-06-21 17:19:54 <已連線>
0923 G 2015-06-21 17:19:59 <已連線>
0924 G 2015-06-21 17:20:04 <已連線>
0925 G 2015-06-21 17:20:09 <已連線>
0926 G 2015-06-21 17:20:14 <已連線>
0927 G 2015-06-21 17:20:19 <已連線>
0928 G 2015-06-21 17:20:24 <已連線>
0929 G 2015-06-21 17:20:29 <已連線>
0930 G 2015-06-21 17:20:34 <已連線>
0931 G 2015-06-21 17:20:39 <已連線>
0932 G 2015-06-21 17:20:44 <已連線>
0933 G 2015-06-21 17:20:49 <已連線>
0934 G 2015-06-21 17:20:54 <已連線>
0935 G 2015-06-21 17:20:59 <已連線>
0936 G 2015-06-21 17:21:04 <已連線>
0937 G 2015-06-21 17:21:09 <已連線>
0938 G 2015-06-21 17:21:14 <已連線>
0939 G 2015-06-21 17:21:19 <已連線>
0940 G 2015-06-21 17:21:24 <已連線>
0941 G 2015-06-21 17:21:29 <已連線>
0942 G 2015-06-21 17:21:34 <已連線>
0943 G 2015-06-21 17:21:39 <已連線>
0944 G 2015-06-21 17:21:44 <已連線>
0945 G 2015-06-21 17:21:49 <已連線>
0946 G 2015-06-21 17:21:54 <已連線>
0947 G 2015-06-21 17:21:59 <已連線>
0948 G 2015-06-21 17:22:04 <已連線>
0949 G 2015-06-21 17:24:15 <監控系統開始>
0950 G 2015-06-21 17:24:15 <未連線>
0951 G 2015-06-21 17:24:22 <連線中>
0952 P 2015-06-21 17:24:23 <串口通信異常:異常>
0953 P 2015-06-21 17:24:23 <串口通信異常:正常>
0954 G 2015-06-21 17:24:27 <已連線>
0955 G 2015-06-21 17:24:30 <00010031:熱類比感知器:注意:開啟>41F:煙類比
0956 R 2015-06-21 17:24:30 <00010031:熱類比感知器:火災:開啟>41F:煙類比
0957 G 2015-06-21 17:24:32 <已連線>
0958 G 2015-06-21 17:24:32 <00010074:防排煙用中繼器:啟動控制中>41F:偵煙4
0959 G 2015-06-21 17:24:37 <已連線>
0960 G 2015-06-21 17:24:42 <已連線>
0961 G 2015-06-21 17:24:47 <已連線>
0962 G 2015-06-21 17:24:52 <已連線>
0963 G 2015-06-21 17:24:57 <已連線>
0964 G 2015-06-21 17:25:02 <已連線>
0965 G 2015-06-21 17:25:07 <已連線>
0966 G 2015-06-21 17:25:12 <已連線>
0967 G 2015-06-21 17:25:17 <已連線>
0968 G 2015-06-21 17:25:22 <已連線>
0969 G 2015-06-21 17:25:27 <已連線>
0970 G 2015-06-21 17:25:32 <已連線>
0971 R 2015-06-21 17:25:32 <00010031:熱類比感知器:火災:關閉>41F:煙類比
0972 R 2015-06-21 17:25:32 <00010031:熱類比感知器:注意:關閉>41F:煙類比
0973 G 2015-06-21 17:25:33 <00010074:防排煙用中繼器:啟動控制:復歸>41F:偵煙4
0974 G 2015-06-21 17:25:37 <已連線>
0975 G 2015-06-21 17:25:42 <已連線>
0976 G 2015-06-21 17:25:47 <已連線>
0977 G 2015-06-21 17:25:52 <已連線>
0978 G 2015-06-21 17:25:57 <已連線>
0979 G 2015-06-21 17:26:02 <已連線>
0980 G 2015-06-21 17:26:07 <已連線>
0981 G 2015-06-21 17:26:12 <已連線>
0982 G 2015-06-21 17:26:17 <已連線>
0983 G 2015-06-21 17:26:22 <已連線>
0984 G 2015-06-21 17:26:27 <已連線>
0985 G 2015-06-21 17:26:32 <已連線>
0986 G 2015-06-21 17:26:37 <已連線>
0987 G 2015-06-21 17:26:42 <已連線>
0988 G 2015-06-21 17:26:42 <00010031:熱類比感知器:注意:開啟>41F:煙類比
0989 R 2015-06-21 17:26:42 <00010031:熱類比感知器:火災:開啟>41F:煙類比
0990 G 2015-06-21 17:26:44 <00010074:防排煙用中繼器:啟動控制中>41F:偵煙4
0991 G 2015-06-21 17:26:47 <已連線>
0992 G 2015-06-21 17:26:52 <已連線>
0993 G 2015-06-21 17:26:57 <已連線>
0994 G 2015-06-21 17:27:02 <已連線>
0995 G 2015-06-21 17:27:07 <已連線>
0996 G 2015-06-21 17:27:12 <已連線>
0997 G 2015-06-21 17:27:17 <已連線>
0998 G 2015-06-21 17:27:22 <已連線>
0999 G 2015-06-21 17:27:27 <已連線>
1000 G 2015-06-21 17:27:32 <已連線>
1001 G 2015-06-21 17:27:37 <已連線>
1002 G 2015-06-21 17:27:42 <已連線>
1003 G 2015-06-21 17:27:47 <已連線>
1004 G 2015-06-21 17:27:52 <已連線>
1005 G 2015-06-21 17:27:57 <已連線>
1006 R 2015-06-21 17:28:02 <00010031:熱類比感知器:火災:關閉>41F:煙類比
1007 G 2015-06-21 17:28:02 <已連線>
1008 G 2015-06-21 17:28:02 <00010031:熱類比感知器:注意:關閉>41F:煙類比
1009 G 2015-06-21 17:28:03 <00010074:防排煙用中繼器:啟動控制:復歸>41F:偵煙4
1010 G 2015-06-21 17:28:07 <已連線>
1011 G 2015-06-21 17:28:12 <已連線>
1012 G 2015-06-21 17:28:17 <已連線>
1013 R 2015-06-21 17:28:19 <00010041:差動定址用中繼器:火災報>41F:熱類比
1014 G 2015-06-21 17:28:21 <00010074:防排煙用中繼器:啟動控制中>41F:偵煙4
1015 G 2015-06-21 17:28:22 <已連線>
1016 G 2015-06-21 17:28:27 <已連線>
1017 G 2015-06-21 17:28:32 <已連線>
1018 G 2015-06-21 17:28:37 <已連線>
1019 G 2015-06-21 17:28:42 <已連線>
1020 G 2015-06-21 17:28:47 <已連線>
1021 G 2015-06-21 17:28:52 <已連線>
1022 G 2015-06-21 17:28:57 <已連線>
1023 G 2015-06-21 17:29:02 <已連線>
1024 G 2015-06-21 17:29:07 <已連線>
1025 G 2015-06-21 17:29:12 <已連線>
1026 G 2015-06-21 17:29:17 <已連線>
1027 G 2015-06-21 17:29:22 <已連線>
1028 G 2015-06-21 17:29:27 <已連線>
1029 G 2015-06-21 17:29:32 <已連線>
1030 G 2015-06-21 17:29:37 <已連線>
1031 B 2015-06-21 17:29:38 <00010041:差動定址用中繼器:關閉>41F:熱類比
1032 G 2015-06-21 17:29:39 <00010074:防排煙用中繼器:啟動控制:復歸>41F:偵煙4
1033 G 2015-06-21 17:29:42 <已連線>
1034 G 2015-06-21 17:29:48 <已連線>
1035 G 2015-06-21 17:29:52 <已連線>
1036 G 2015-06-21 17:29:57 <已連線>
1037 G 2015-06-21 17:30:02 <已連線>
1038 G 2015-06-21 17:30:07 <已連線>
1039 G 2015-06-21 17:30:12 <已連線>
1040 G 2015-06-21 17:30:17 <已連線>
1041 G 2015-06-21 17:30:22 <已連線>
1042 G 2015-06-21 17:30:27 <已連線>
1043 G 2015-06-21 17:30:32 <已連線>
1044 G 2015-06-21 17:30:37 <已連線>
1045 G 2015-06-21 17:30:42 <已連線>
1046 G 2015-06-21 17:30:47 <已連線>
1047 G 2015-06-21 17:30:52 <已連線>
1048 G 2015-06-21 17:30:57 <已連線>
1049 G 2015-06-21 17:31:03 <已連線>
1050 G 2015-06-21 17:31:08 <已連線>
1051 G 2015-06-21 17:31:13 <已連線>
1052 G 2015-06-21 17:31:18 <已連線>
1053 G 2015-06-21 17:31:23 <已連線>
1054 G 2015-06-21 17:31:28 <已連線>
1055 G 2015-06-21 17:31:33 <已連線>
1056 G 2015-06-21 17:31:38 <已連線>
1057 G 2015-06-21 17:31:43 <已連線>
1058 G 2015-06-21 17:31:48 <已連線>
1059 G 2015-06-21 17:31:53 <已連線>
1060 G 2015-06-21 17:31:58 <已連線>
1061 G 2015-06-21 17:32:03 <已連線>
1062 G 2015-06-21 17:32:08 <已連線>
1063 G 2015-06-21 17:32:13 <已連線>
1064 G 2015-06-21 17:32:18 <已連線>
1065 G 2015-06-21 17:32:23 <已連線>
1066 G 2015-06-21 17:32:28 <已連線>
1067 G 2015-06-21 17:32:33 <已連線>
1068 G 2015-06-21 17:32:38 <已連線>
1069 G 2015-06-21 17:32:43 <已連線>
1070 G 2015-06-21 17:32:48 <已連線>
1071 G 2015-06-21 17:32:53 <已連線>
1072 G 2015-06-21 17:32:58 <已連線>
1073 G 2015-06-21 17:33:03 <已連線>
1074 G 2015-06-21 17:33:08 <已連線>
1075 G 2015-06-21 17:33:13 <已連線>
1076 R 2015-06-21 17:33:15 <00010051:定址感知器用中繼器:火災報>41F:熱類比
1077 G 2015-06-21 17:33:16 <00010074:防排煙用中繼器:啟動控制中>41F:偵煙4
1078 G 2015-06-21 17:33:18 <已連線>
1079 G 2015-06-21 17:33:23 <已連線>
1080 G 2015-06-21 17:33:28 <已連線>
1081 G 2015-06-21 17:33:33 <已連線>
1082 G 2015-06-21 17:33:38 <已連線>
1083 G 2015-06-21 17:33:43 <已連線>
1084 G 2015-06-21 17:33:48 <已連線>
1085 G 2015-06-21 17:33:53 <已連線>
1086 G 2015-06-21 17:33:58 <已連線>
1087 G 2015-06-21 17:34:03 <已連線>
1088 G 2015-06-21 17:34:08 <已連線>
1089 G 2015-06-21 17:34:13 <已連線>
1090 B 2015-06-21 17:34:16 <00010051:定址感知器用中繼器:關閉>41F:熱類比
1091 G 2015-06-21 17:34:16 <00010074:防排煙用中繼器:啟動控制:復歸>41F:偵煙4
1092 G 2015-06-21 17:34:18 <已連線>
1093 G 2015-06-21 17:34:23 <已連線>
1094 G 2015-06-21 17:34:28 <已連線>
1095 R 2015-06-21 17:34:29 <00010061:多回線感知器用中繼器:火災報>41F:熱類比
1096 G 2015-06-21 17:34:30 <00010074:防排煙用中繼器:啟動控制中>41F:偵煙4
1097 G 2015-06-21 17:34:33 <已連線>
1098 G 2015-06-21 17:34:38 <已連線>
1099 G 2015-06-21 17:34:43 <已連線>
1100 P 2015-06-21 17:34:43 <復歸>
1101 G 2015-06-21 17:34:48 <已連線>
1102 G 2015-06-21 17:34:51 <00010074:防排煙用中繼器:啟動控制:復歸>41F:偵煙4
1103 G 2015-06-21 17:34:53 <已連線>
1104 G 2015-06-21 17:34:58 <已連線>
1105 G 2015-06-21 17:35:03 <已連線>
1106 G 2015-06-21 17:35:08 <已連線>
1107 G 2015-06-21 17:35:13 <已連線>
1108 G 2015-06-21 17:35:18 <已連線>
1109 G 2015-06-21 17:35:18 <00010091:瓦斯洩漏用中繼器:瓦斯洩漏>41F:熱類比
1110 G 2015-06-21 17:35:20 <00010074:防排煙用中繼器:啟動控制中>41F:偵煙4
1111 G 2015-06-21 17:35:23 <已連線>
1112 G 2015-06-21 17:35:28 <已連線>
1113 G 2015-06-21 17:35:33 <已連線>
1114 G 2015-06-21 17:35:38 <已連線>
1115 G 2015-06-21 17:35:43 <已連線>
1116 P 2015-06-21 17:35:47 <復歸>
1117 G 2015-06-21 17:35:48 <已連線>
1118 G 2015-06-21 17:35:53 <已連線>
1119 G 2015-06-21 17:35:55 <00010074:防排煙用中繼器:啟動控制:復歸>41F:偵煙4
1120 G 2015-06-21 17:35:58 <已連線>
1121 G 2015-06-21 17:36:03 <已連線>
1122 G 2015-06-21 17:36:08 <已連線>
1123 G 2015-06-21 17:36:13 <已連線>
1124 G 2015-06-21 17:36:18 <已連線>
1125 G 2015-06-21 17:36:23 <已連線>
1126 G 2015-06-21 17:36:28 <已連線>
1127 G 2015-06-21 17:36:33 <已連線>
1128 G 2015-06-21 17:36:38 <已連線>
1129 G 2015-06-21 17:36:43 <已連線>
1130 G 2015-06-21 17:36:48 <已連線>
1131 G 2015-06-21 17:36:53 <已連線>
1132 G 2015-06-21 17:36:58 <已連線>
1133 G 2015-06-21 17:37:03 <已連線>
1134 G 2015-06-21 17:37:08 <已連線>
1135 G 2015-06-21 17:37:13 <已連線>
1136 G 2015-06-21 17:37:18 <已連線>
1137 G 2015-06-21 17:37:23 <已連線>
1138 G 2015-06-21 17:37:28 <已連線>
1139 G 2015-06-21 17:37:33 <已連線>
1140 G 2015-06-21 17:37:38 <已連線>
1141 G 2015-06-21 17:37:43 <已連線>
1142 G 2015-06-21 17:37:48 <已連線>
1143 G 2015-06-21 17:37:53 <已連線>
1144 G 2015-06-21 17:37:58 <已連線>
1145 G 2015-06-21 17:38:03 <已連線>
1146 G 2015-06-21 17:38:08 <已連線>
1147 G 2015-06-21 17:38:13 <已連線>
1148 G 2015-06-21 17:38:18 <已連線>
1149 G 2015-06-21 17:38:23 <已連線>
1150 G 2015-06-21 17:38:28 <已連線>
1151 G 2015-06-21 17:38:33 <已連線>
1152 G 2015-06-21 17:38:38 <已連線>
1153 G 2015-06-21 17:38:43 <已連線>
1154 G 2015-06-21 17:38:48 <已連線>
1155 G 2015-06-21 17:38:53 <已連線>
1156 G 2015-06-21 17:38:58 <已連線>
1157 G 2015-06-21 17:39:03 <已連線>
1158 G 2015-06-21 17:39:08 <已連線>
1159 G 2015-06-21 17:39:13 <已連線>
1160 G 2015-06-21 17:39:18 <已連線>
1161 G 2015-06-21 17:39:23 <已連線>
1162 G 2015-06-21 17:39:28 <已連線>
1163 G 2015-06-21 17:39:33 <已連線>
1164 G 2015-06-21 17:39:38 <已連線>
1165 G 2015-06-21 17:39:43 <已連線>
1166 G 2015-06-21 17:39:48 <已連線>
1167 G 2015-06-21 17:39:53 <已連線>
1168 G 2015-06-21 17:39:58 <已連線>
1169 G 2015-06-21 17:40:03 <已連線>
1170 G 2015-06-21 17:40:08 <已連線>
1171 G 2015-06-21 17:40:13 <已連線>
1172 G 2015-06-21 17:40:18 <已連線>
1173 G 2015-06-21 17:40:23 <已連線>
1174 P 2015-06-21 17:40:28 <復歸>
1175 G 2015-06-21 17:40:28 <已連線>
1176 G 2015-06-21 17:40:33 <已連線>
1177 G 2015-06-21 17:40:38 <已連線>
1178 G 2015-06-21 17:40:43 <已連線>
1179 G 2015-06-21 17:40:48 <已連線>
1180 G 2015-06-21 17:40:53 <已連線>
1181 G 2015-06-21 17:40:58 <已連線>
1182 G 2015-06-21 17:41:03 <已連線>
1183 G 2015-06-21 17:41:08 <已連線>
1184 G 2015-06-21 17:41:13 <已連線>
1185 G 2015-06-21 17:41:18 <已連線>
1186 G 2015-06-21 17:41:23 <已連線>
1187 G 2015-06-21 17:41:28 <已連線>
1188 G 2015-06-21 17:41:33 <已連線>
1189 G 2015-06-21 17:41:38 <已連線>
1190 G 2015-06-21 17:41:43 <已連線>
1191 G 2015-06-21 17:41:48 <已連線>
1192 G 2015-06-21 17:41:53 <已連線>
1193 G 2015-06-21 17:41:59 <已連線>
1194 G 2015-06-21 17:42:04 <已連線>
1195 G 2015-06-21 17:42:09 <已連線>
1196 G 2015-06-21 17:42:14 <已連線>
1197 G 2015-06-21 17:42:19 <已連線>
1198 G 2015-06-21 17:42:24 <已連線>
1199 G 2015-06-21 17:42:29 <已連線>
1200 G 2015-06-21 17:42:34 <已連線>
1201 G 2015-06-21 17:42:39 <已連線>
1202 G 2015-06-21 17:42:44 <已連線>
1203 G 2015-06-21 17:42:49 <已連線>
1204 G 2015-06-21 17:42:54 <已連線>
1205 G 2015-06-21 17:42:59 <已連線>
1206 G 2015-06-21 17:43:04 <已連線>
1207 G 2015-06-21 17:43:09 <已連線>
1208 G 2015-06-21 17:43:14 <已連線>
1209 G 2015-06-21 17:43:19 <已連線>
1210 G 2015-06-21 17:43:24 <已連線>
1211 G 2015-06-21 17:43:26 <00010091:瓦斯洩漏用中繼器:瓦斯洩漏>41F:熱類比
1212 G 2015-06-21 17:43:27 <00010074:防排煙用中繼器:啟動控制中>41F:偵煙4
1213 G 2015-06-21 17:43:29 <已連線>
1214 G 2015-06-21 17:43:34 <已連線>
1215 G 2015-06-21 17:43:39 <已連線>
1216 G 2015-06-21 17:43:44 <已連線>
1217 G 2015-06-21 17:43:49 <已連線>
1218 G 2015-06-21 17:43:54 <已連線>
1219 G 2015-06-21 17:43:59 <已連線>
1220 G 2015-06-21 17:44:04 <已連線>
1221 G 2015-06-21 17:44:09 <已連線>
1222 G 2015-06-21 17:44:14 <已連線>
1223 G 2015-06-21 17:44:19 <已連線>
1224 G 2015-06-21 17:44:24 <已連線>
1225 B 2015-06-21 17:44:26 <00010091:瓦斯洩漏用中繼器:關閉>41F:熱類比
1226 G 2015-06-21 17:44:26 <00010074:防排煙用中繼器:啟動控制:復歸>41F:偵煙4
1227 G 2015-06-21 17:44:29 <已連線>
1228 G 2015-06-21 17:44:34 <已連線>
1229 G 2015-06-21 17:44:39 <已連線>
1230 G 2015-06-21 17:44:44 <已連線>
1231 G 2015-06-21 17:44:49 <已連線>
1232 G 2015-06-21 17:44:54 <已連線>
1233 G 2015-06-21 17:44:59 <已連線>
1234 G 2015-06-21 17:48:00 <監控系統開始>
1235 G 2015-06-21 17:48:01 <未連線>
