0001 B 2015-11-04 20:06:37 <01011372:防排煙用中繼器:動作>1F:電梯
0002 B 2015-11-04 20:06:37 <01011372:防排煙用中繼器:動作>1F:電梯
0003 B 2015-11-04 20:06:36 <01011372:防排煙用中繼器:動作>1F:電梯
0004 B 2015-11-04 20:06:36 <01011372:防排煙用中繼器:動作>1F:電梯
0005 B 2015-11-04 20:06:34 <01011372:防排煙用中繼器:動作>1F:電梯
0006 B 2015-11-04 20:06:34 <01011372:防排煙用中繼器:動作>1F:電梯
0007 B 2015-11-04 20:06:33 <01011372:防排煙用中繼器:動作>1F:電梯
0008 B 2015-11-04 20:06:33 <01011372:防排煙用中繼器:動作>1F:電梯
0009 B 2015-11-04 20:06:31 <01011372:防排煙用中繼器:動作>1F:電梯
0010 B 2015-11-04 20:06:31 <01011372:防排煙用中繼器:動作>1F:電梯
0011 B 2015-11-04 20:06:30 <01011372:防排煙用中繼器:動作>1F:電梯
0012 B 2015-11-04 20:06:30 <01011372:防排煙用中繼器:動作>1F:電梯
0013 B 2015-11-04 20:06:28 <01011372:防排煙用中繼器:動作>1F:電梯
0014 B 2015-11-04 20:06:28 <01011372:防排煙用中繼器:動作>1F:電梯
0015 B 2015-11-04 20:06:27 <01011372:防排煙用中繼器:動作>1F:電梯
0016 B 2015-11-04 20:06:27 <01011372:防排煙用中繼器:動作>1F:電梯
0017 B 2015-11-04 20:06:25 <01011372:防排煙用中繼器:動作>1F:電梯
0018 B 2015-11-04 20:06:25 <01011372:防排煙用中繼器:動作>1F:電梯
0019 B 2015-11-04 20:06:24 <01011372:防排煙用中繼器:動作>1F:電梯
0020 B 2015-11-04 20:06:24 <01011372:防排煙用中繼器:動作>1F:電梯
0021 B 2015-11-04 20:06:22 <01011372:防排煙用中繼器:動作>1F:電梯
0022 B 2015-11-04 20:06:22 <01011372:防排煙用中繼器:動作>1F:電梯
0023 B 2015-11-04 20:06:21 <01011372:防排煙用中繼器:動作>1F:電梯
0024 B 2015-11-04 20:06:21 <01011372:防排煙用中繼器:動作>1F:電梯
0025 B 2015-11-04 20:06:19 <01011372:防排煙用中繼器:動作>1F:電梯
0026 B 2015-11-04 20:06:19 <01011372:防排煙用中繼器:動作>1F:電梯
0027 B 2015-11-04 20:06:18 <01011372:防排煙用中繼器:動作>1F:電梯
0028 B 2015-11-04 20:06:18 <01011372:防排煙用中繼器:動作>1F:電梯
0029 B 2015-11-04 20:06:16 <01011372:防排煙用中繼器:動作>1F:電梯
0030 B 2015-11-04 20:06:16 <01011372:防排煙用中繼器:動作>1F:電梯
0031 B 2015-11-04 20:06:15 <01011372:防排煙用中繼器:動作>1F:電梯
0032 B 2015-11-04 20:06:15 <01011372:防排煙用中繼器:動作>1F:電梯
0033 B 2015-11-04 20:06:13 <01011372:防排煙用中繼器:動作>1F:電梯
0034 B 2015-11-04 20:06:13 <01011372:防排煙用中繼器:動作>1F:電梯
0035 B 2015-11-04 20:06:12 <01011372:防排煙用中繼器:動作>1F:電梯
0036 B 2015-11-04 20:06:12 <01011372:防排煙用中繼器:動作>1F:電梯
0037 B 2015-11-04 20:06:10 <01011372:防排煙用中繼器:動作>1F:電梯
0038 B 2015-11-04 20:06:10 <01011372:防排煙用中繼器:動作>1F:電梯
0039 B 2015-11-04 20:06:09 <01011372:防排煙用中繼器:動作>1F:電梯
0040 B 2015-11-04 20:06:09 <01011372:防排煙用中繼器:動作>1F:電梯
0041 B 2015-11-04 20:06:07 <01011372:防排煙用中繼器:動作>1F:電梯
0042 B 2015-11-04 20:06:07 <01011372:防排煙用中繼器:動作>1F:電梯
0043 B 2015-11-04 20:06:06 <01011372:防排煙用中繼器:動作>1F:電梯
0044 B 2015-11-04 20:06:06 <01011372:防排煙用中繼器:動作>1F:電梯
0045 B 2015-11-04 20:06:04 <01011372:防排煙用中繼器:動作>1F:電梯
0046 B 2015-11-04 20:06:04 <01011372:防排煙用中繼器:動作>1F:電梯
0047 B 2015-11-04 20:06:03 <01011372:防排煙用中繼器:動作>1F:電梯
0048 B 2015-11-04 20:06:03 <01011372:防排煙用中繼器:動作>1F:電梯
0049 B 2015-11-04 20:06:01 <01011372:防排煙用中繼器:動作>1F:電梯
0050 B 2015-11-04 20:06:01 <01011372:防排煙用中繼器:動作>1F:電梯
0051 B 2015-11-04 20:06:00 <01011372:防排煙用中繼器:動作>1F:電梯
0052 B 2015-11-04 20:06:00 <01011372:防排煙用中繼器:動作>1F:電梯
0053 B 2015-11-04 20:05:58 <01011372:防排煙用中繼器:動作>1F:電梯
0054 B 2015-11-04 20:05:58 <01011372:防排煙用中繼器:動作>1F:電梯
0055 B 2015-11-04 20:05:57 <01011372:防排煙用中繼器:動作>1F:電梯
0056 B 2015-11-04 20:05:57 <01011372:防排煙用中繼器:動作>1F:電梯
0057 B 2015-11-04 20:05:55 <01011372:防排煙用中繼器:動作>1F:電梯
0058 B 2015-11-04 20:05:55 <01011372:防排煙用中繼器:動作>1F:電梯
0059 B 2015-11-04 20:05:54 <01011372:防排煙用中繼器:動作>1F:電梯
0060 B 2015-11-04 20:05:54 <01011372:防排煙用中繼器:動作>1F:電梯
0061 B 2015-11-04 20:05:52 <01011372:防排煙用中繼器:動作>1F:電梯
0062 B 2015-11-04 20:05:52 <01011372:防排煙用中繼器:動作>1F:電梯
0063 B 2015-11-04 19:57:20 <01011372:防排煙用中繼器:動作>1F:電梯
0064 G 2015-11-04 19:56:42 <連線中>
0065 G 2015-11-04 19:56:35 <未連線>
0066 G 2015-11-04 19:56:35 <監控系統開始>
0067 G 2015-11-04 11:11:29 <監控系統結束>
0068 R 2015-11-04 11:10:59 <01061271:定址火災發信機:火災報>1F:大廳
0069 R 2015-11-04 11:10:40 <01061271:定址火災發信機:火災報>1F:大廳
0070 G 2015-11-04 11:10:36 <連線中>
0071 G 2015-11-04 11:10:30 <未連線>
0072 G 2015-11-04 11:10:30 <監控系統開始>
0073 G 2015-11-04 10:43:33 <監控系統結束>
0074 R 2015-11-04 10:41:56 <01061271:定址火災發信機:火災報>1F:大廳
0075 R 2015-11-04 10:41:55 <01061271:定址火災發信機:火災報>1F:大廳
0076 R 2015-11-04 10:41:37 <01061271:定址火災發信機:火災報>1F:大廳
0077 G 2015-11-04 10:41:27 <連線中>
0078 G 2015-11-04 10:41:21 <未連線>
0079 G 2015-11-04 10:41:21 <監控系統開始>
0080 G 2015-11-04 10:39:56 <監控系統結束>
0081 B 2015-11-04 10:26:54 <動作>1F:電梯
0082 B 2015-11-04 10:26:54 <01011372:防排煙用中繼器:關閉>1F:電梯
0083 B 2015-11-04 10:26:52 <動作>1F:電梯
0084 B 2015-11-04 10:26:52 <01011372:防排煙用中繼器:關閉>1F:電梯
0085 B 2015-11-04 10:26:52 <動作>1F:電梯
0086 B 2015-11-04 10:26:52 <01011372:防排煙用中繼器:關閉>1F:電梯
0087 B 2015-11-04 10:26:51 <動作>1F:電梯
0088 B 2015-11-04 10:26:51 <01011372:防排煙用中繼器:關閉>1F:電梯
0089 B 2015-11-04 10:26:51 <動作>1F:電梯
0090 B 2015-11-04 10:26:51 <01011372:防排煙用中繼器:關閉>1F:電梯
0091 B 2015-11-04 10:26:49 <動作>1F:電梯
0092 B 2015-11-04 10:26:49 <01011372:防排煙用中繼器:關閉>1F:電梯
0093 B 2015-11-04 10:26:49 <動作>1F:電梯
0094 B 2015-11-04 10:26:49 <01011372:防排煙用中繼器:關閉>1F:電梯
0095 B 2015-11-04 10:26:28 <01011372:防排煙用中繼器:動作>1F:電梯
0096 B 2015-11-04 10:26:26 <01011372:防排煙用中繼器:動作>1F:電梯
0097 B 2015-11-04 10:26:26 <01011372:防排煙用中繼器:動作>1F:電梯
0098 B 2015-11-04 10:26:25 <01011372:防排煙用中繼器:動作>1F:電梯
0099 B 2015-11-04 10:26:25 <01011372:防排煙用中繼器:動作>1F:電梯
0100 B 2015-11-04 10:26:23 <01011372:防排煙用中繼器:動作>1F:電梯
0101 B 2015-11-04 10:26:23 <01011372:防排煙用中繼器:動作>1F:電梯
0102 G 2015-11-04 10:26:02 <連線中>
0103 G 2015-11-04 10:25:55 <未連線>
0104 G 2015-11-04 10:25:55 <監控系統開始>
0105 G 2015-11-04 10:20:45 <監控系統結束>
0106 B 2015-11-04 10:10:50 <動作>1F:電梯
0107 B 2015-11-04 10:10:50 <01011372:防排煙用中繼器:關閉>1F:電梯
0108 B 2015-11-04 10:10:50 <動作>1F:電梯
0109 B 2015-11-04 10:10:50 <01011372:防排煙用中繼器:關閉>1F:電梯
0110 B 2015-11-04 10:10:49 <動作>1F:電梯
0111 B 2015-11-04 10:10:49 <01011372:防排煙用中繼器:關閉>1F:電梯
0112 B 2015-11-04 10:10:48 <動作>1F:電梯
0113 B 2015-11-04 10:10:48 <01011372:防排煙用中繼器:關閉>1F:電梯
0114 B 2015-11-04 10:10:47 <動作>1F:電梯
0115 B 2015-11-04 10:10:47 <01011372:防排煙用中繼器:關閉>1F:電梯
0116 B 2015-11-04 10:10:47 <動作>1F:電梯
0117 B 2015-11-04 10:10:46 <01011372:防排煙用中繼器:關閉>1F:電梯
0118 B 2015-11-04 09:59:23 <01011372:防排煙用中繼器:動作>1F:電梯
0119 B 2015-11-04 09:59:22 <01011372:防排煙用中繼器:動作>1F:電梯
0120 B 2015-11-04 09:59:22 <01011372:防排煙用中繼器:動作>1F:電梯
0121 B 2015-11-04 09:59:20 <01011372:防排煙用中繼器:動作>1F:電梯
0122 B 2015-11-04 09:59:20 <01011372:防排煙用中繼器:動作>1F:電梯
0123 B 2015-11-04 09:59:19 <01011372:防排煙用中繼器:動作>1F:電梯
0124 B 2015-11-04 09:59:19 <01011372:防排煙用中繼器:動作>1F:電梯
0125 G 2015-11-04 09:59:11 <連線中>
0126 G 2015-11-04 09:59:05 <未連線>
0127 G 2015-11-04 09:59:05 <監控系統開始>
0128 G 2015-11-04 09:57:40 <監控系統結束>
0129 G 2015-11-04 09:55:55 <連線中>
0130 G 2015-11-04 09:55:49 <未連線>
0131 G 2015-11-04 09:55:49 <監控系統開始>
0132 G 2015-11-04 09:55:47 <監控系統結束>
0133 P 2015-11-04 09:55:18 <找不到點 :04080961>
0134 R 2015-11-04 09:55:18 <04080961:多回線感知器用中繼器:火災報>
0135 P 2015-11-04 09:55:17 <找不到點 :04080961>
0136 R 2015-11-04 09:55:17 <04080961:多回線感知器用中繼器:火災報>
0137 P 2015-11-04 09:36:16 <找不到點 :04080961>
0138 R 2015-11-04 09:36:16 <04080961:多回線感知器用中繼器:火災報>
0139 P 2015-11-04 09:36:15 <找不到點 :04080961>
0140 R 2015-11-04 09:36:15 <04080961:多回線感知器用中繼器:火災報>
0141 P 2015-11-04 09:36:14 <找不到點 :04080961>
0142 R 2015-11-04 09:36:14 <04080961:多回線感知器用中繼器:火災報>
0143 P 2015-11-04 09:36:14 <找不到點 :04080961>
0144 R 2015-11-04 09:36:13 <04080961:多回線感知器用中繼器:火災報>
0145 P 2015-11-04 09:36:13 <找不到點 :04080961>
0146 R 2015-11-04 09:36:13 <04080961:多回線感知器用中繼器:火災報>
0147 P 2015-11-04 09:36:12 <找不到點 :04080961>
0148 R 2015-11-04 09:36:12 <04080961:多回線感知器用中繼器:火災報>
0149 P 2015-11-04 09:36:11 <找不到點 :04080961>
0150 R 2015-11-04 09:36:11 <04080961:多回線感知器用中繼器:火災報>
0151 P 2015-11-04 09:34:53 <找不到點 :01011372>
0152 G 2015-11-04 09:34:53 <01011372:防排煙通過:啟動控制:復歸>
0153 P 2015-11-04 09:34:53 <找不到點 :01011372>
0154 G 2015-11-04 09:34:52 <01011372:防排煙通過:啟動控制:復歸>
0155 G 2015-11-04 09:34:47 <連線中>
0156 G 2015-11-04 09:34:42 <未連線>
0157 G 2015-11-04 09:34:42 <監控系統開始>
0158 G 2015-11-04 09:34:06 <監控系統結束>
0159 R 2015-11-04 09:33:57 <01061271:定址火災發信機:火災報>1F:大廳
0160 R 2015-11-04 09:33:56 <01061271:定址火災發信機:火災報>1F:大廳
0161 R 2015-11-04 09:33:56 <01061271:定址火災發信機:火災報>1F:大廳
0162 R 2015-11-04 09:33:55 <01061271:定址火災發信機:火災報>1F:大廳
0163 R 2015-11-04 09:33:54 <01061271:定址火災發信機:火災報>1F:大廳
0164 R 2015-11-04 09:33:54 <01061271:定址火災發信機:火災報>1F:大廳
0165 R 2015-11-04 09:33:53 <01061271:定址火災發信機:火災報>1F:大廳
0166 G 2015-11-04 09:33:45 <連線中>
0167 G 2015-11-04 09:33:36 <未連線>
0168 G 2015-11-04 09:33:36 <監控系統開始>
0169 G 2015-11-04 09:32:03 <監控系統結束>
0170 G 2015-11-04 09:31:04 <未連線>
0171 G 2015-11-04 09:31:03 <監控系統開始>
0172 G 2015-11-04 09:19:05 <監控系統結束>
0173 P 2015-11-04 09:08:14 <找不到點 :01011372>
0174 G 2015-11-04 09:08:14 <01011372:防排煙通過:啟動控制:復歸>
0175 G 2015-11-04 09:08:06 <連線中>
0176 G 2015-11-04 09:08:00 <未連線>
0177 G 2015-11-04 09:08:00 <監控系統開始>
0178 G 2015-10-29 20:13:51 <監控系統結束>
0179 R 2015-10-29 20:12:17 <01061271:定址火災發信機:火災報>1F:大廳
0180 G 2015-10-29 20:12:06 <連線中>
0181 G 2015-10-29 20:11:59 <未連線>
0182 G 2015-10-29 20:11:59 <監控系統開始>
0183 G 2015-10-29 20:10:23 <監控系統結束>
0184 R 2015-10-29 20:04:57 <01061271:定址火災發信機:火災報>1F:大廳
0185 G 2015-10-29 20:04:51 <連線中>
0186 G 2015-10-29 20:04:43 <未連線>
0187 G 2015-10-29 20:04:43 <監控系統開始>
0188 G 2015-10-29 19:58:52 <監控系統結束>
0189 R 2015-10-29 19:58:25 <01061271:定址火災發信機:火災報>1F:大廳
0190 G 2015-10-29 19:58:18 <連線中>
0191 G 2015-10-29 19:58:07 <未連線>
0192 G 2015-10-29 19:58:07 <監控系統開始>
0193 G 2015-10-29 19:52:01 <監控系統結束>
0194 R 2015-10-29 19:48:51 <01061271:定址火災發信機:火災報>1F:大廳
0195 G 2015-10-29 19:48:43 <連線中>
0196 G 2015-10-29 19:48:35 <未連線>
0197 G 2015-10-29 19:48:35 <監控系統開始>
0198 G 2015-10-29 19:46:10 <監控系統結束>
0199 R 2015-10-29 19:45:42 <01061271:定址火災發信機:火災報>1F:大廳
0200 R 2015-10-29 19:45:08 <01061271:定址火災發信機:火災報>1F:大廳
0201 G 2015-10-29 19:44:54 <連線中>
0202 G 2015-10-29 19:44:48 <未連線>
0203 G 2015-10-29 19:44:48 <監控系統開始>
0204 G 2015-10-29 19:44:47 <監控系統結束>
0205 R 2015-10-29 19:44:30 <01061271:定址火災發信機:火災報>1F:大廳
0206 G 2015-10-29 19:44:17 <連線中>
0207 G 2015-10-29 19:44:11 <未連線>
0208 G 2015-10-29 19:44:11 <監控系統開始>
0209 G 2015-10-29 19:44:09 <監控系統結束>
0210 R 2015-10-29 19:43:20 <01061271:定址火災發信機:火災報>1F:大廳
0211 G 2015-10-29 19:43:14 <連線中>
0212 G 2015-10-29 19:43:07 <未連線>
0213 G 2015-10-29 19:43:07 <監控系統開始>
0214 G 2015-10-29 19:42:13 <監控系統結束>
0215 R 2015-10-29 19:32:40 <01061271:定址火災發信機:火災報>1F:大廳
0216 R 2015-10-29 19:32:08 <01061271:定址火災發信機:火災報>1F:大廳
0217 G 2015-10-29 19:32:01 <連線中>
0218 G 2015-10-29 19:31:54 <未連線>
0219 G 2015-10-29 19:31:54 <監控系統開始>
0220 G 2015-10-29 19:29:36 <監控系統結束>
0221 R 2015-10-29 19:28:57 <01061271:定址火災發信機:火災報>1F:大廳
0222 G 2015-10-29 19:28:50 <連線中>
0223 G 2015-10-29 19:28:43 <未連線>
0224 G 2015-10-29 19:28:43 <監控系統開始>
0225 G 2015-10-29 19:17:41 <監控系統結束>
0226 R 2015-10-29 19:16:52 <01061271:定址火災發信機:火災報>1F:大廳
0227 G 2015-10-29 19:16:44 <連線中>
0228 G 2015-10-29 19:16:37 <未連線>
0229 G 2015-10-29 19:16:37 <監控系統開始>
0230 G 2015-10-29 19:15:11 <監控系統結束>
0231 R 2015-10-29 19:14:31 <01061271:定址火災發信機:火災報>1F:大廳
0232 R 2015-10-29 19:14:07 <01061271:定址火災發信機:火災報>1F:大廳
0233 G 2015-10-29 19:13:57 <連線中>
0234 G 2015-10-29 19:13:51 <未連線>
0235 G 2015-10-29 19:13:51 <監控系統開始>
0236 G 2015-10-29 19:10:34 <監控系統結束>
0237 R 2015-10-29 19:10:00 <01061271:定址火災發信機:火災報>1F:大廳
0238 R 2015-10-29 19:09:37 <01061271:定址火災發信機:火災報>1F:大廳
0239 G 2015-10-29 19:09:29 <連線中>
0240 G 2015-10-29 19:09:23 <未連線>
0241 G 2015-10-29 19:09:23 <監控系統開始>
0242 G 2015-10-29 18:53:00 <監控系統結束>
0243 G 2015-10-29 18:52:06 <未連線>
0244 G 2015-10-29 18:52:06 <監控系統開始>
0245 G 2015-10-29 17:20:35 <監控系統結束>
0246 R 2015-10-29 17:20:23 <01061271:定址火災發信機:火災報>13F:大廳
0247 R 2015-10-29 17:20:23 <01061271:定址火災發信機:火災報>13F:大廳
0248 R 2015-10-29 17:20:22 <01061271:定址火災發信機:火災報>13F:大廳
0249 R 2015-10-29 17:20:21 <01061271:定址火災發信機:火災報>13F:大廳
0250 G 2015-10-29 17:20:13 <連線中>
0251 G 2015-10-29 17:19:40 <未連線>
0252 G 2015-10-29 17:19:40 <監控系統開始>
0253 G 2015-10-29 17:14:15 <監控系統結束>
0254 G 2015-10-29 17:12:05 <黃色電文測試>
0255 G 2015-10-29 17:12:05 <未連線>
0256 G 2015-10-29 17:12:05 <監控系統開始>
0257 G 2015-10-29 11:50:59 <監控系統結束>
0258 G 2015-10-29 11:50:56 <未連線>
0259 G 2015-10-29 11:50:56 <監控系統開始>
0260 G 2015-10-29 11:01:53 <監控系統結束>
0261 G 2015-10-29 11:01:47 <未連線>
0262 G 2015-10-29 11:01:47 <監控系統開始>
0263 G 2015-10-29 10:58:28 <監控系統結束>
0264 G 2015-10-29 10:58:19 <未連線>
0265 G 2015-10-29 10:58:19 <監控系統開始>
0266 G 2015-10-29 10:57:17 <監控系統結束>
0267 G 2015-10-29 10:57:09 <未連線>
0268 G 2015-10-29 10:57:09 <監控系統開始>
0269 G 2015-10-28 16:10:27 <監控系統結束>
0270 G 2015-10-28 16:09:04 <未連線>
0271 G 2015-10-28 16:09:04 <監控系統開始>
0272 G 2015-10-28 16:07:35 <監控系統結束>
0273 G 2015-10-28 16:05:46 <未連線>
0274 G 2015-10-28 16:05:46 <監控系統開始>
0275 G 2015-10-28 15:53:08 <監控系統結束>
0276 G 2015-10-28 15:52:17 <未連線>
0277 G 2015-10-28 15:52:16 <監控系統開始>
0278 G 2015-10-28 15:50:45 <監控系統結束>
0279 G 2015-10-28 15:49:20 <未連線>
0280 G 2015-10-28 15:49:19 <監控系統開始>
0281 G 2015-10-28 15:45:04 <監控系統結束>
0282 G 2015-10-28 15:43:07 <未連線>
0283 G 2015-10-28 15:43:07 <監控系統開始>
0284 G 2015-10-28 15:35:49 <監控系統結束>
0285 G 2015-10-28 15:35:18 <未連線>
0286 G 2015-10-28 15:35:18 <監控系統開始>
0287 G 2015-10-28 15:34:21 <監控系統結束>
0288 G 2015-10-28 15:33:46 <未連線>
0289 G 2015-10-28 15:33:46 <監控系統開始>
0290 G 2015-10-28 15:28:43 <監控系統結束>
0291 G 2015-10-28 15:28:08 <未連線>
0292 G 2015-10-28 15:28:08 <監控系統開始>
0293 G 2015-10-28 15:27:23 <監控系統結束>
0294 G 2015-10-28 15:26:53 <未連線>
0295 G 2015-10-28 15:26:53 <監控系統開始>
0296 G 2015-10-28 15:22:38 <監控系統結束>
0297 G 2015-10-28 15:20:45 <未連線>
0298 G 2015-10-28 15:20:45 <監控系統開始>
0299 G 2015-10-28 15:16:36 <監控系統結束>
0300 G 2015-10-28 15:15:48 <未連線>
0301 G 2015-10-28 15:15:48 <監控系統開始>
0302 G 2015-10-28 15:10:03 <監控系統結束>
0303 G 2015-10-28 15:09:31 <未連線>
0304 G 2015-10-28 15:09:31 <監控系統開始>
0305 G 2015-10-28 15:01:41 <監控系統結束>
0306 G 2015-10-28 14:58:25 <未連線>
0307 G 2015-10-28 14:58:25 <監控系統開始>
0308 G 2015-10-28 14:54:15 <監控系統結束>
0309 G 2015-10-28 14:53:34 <未連線>
0310 G 2015-10-28 14:53:34 <監控系統開始>
0311 G 2015-10-28 14:50:55 <監控系統結束>
0312 G 2015-10-28 14:40:50 <未連線>
0313 G 2015-10-28 14:40:50 <監控系統開始>
0314 G 2015-10-28 14:40:14 <監控系統結束>
0315 G 2015-10-28 14:31:16 <未連線>
0316 G 2015-10-28 14:31:16 <監控系統開始>
0317 G 2015-10-28 14:29:19 <監控系統結束>
0318 G 2015-10-28 14:27:47 <未連線>
0319 G 2015-10-28 14:27:47 <監控系統開始>
0320 G 2015-10-28 14:26:40 <監控系統結束>
0321 G 2015-10-28 14:25:25 <未連線>
0322 G 2015-10-28 14:25:25 <監控系統開始>
0323 G 2015-10-28 14:07:52 <未連線>
0324 G 2015-10-28 14:07:52 <監控系統開始>
0325 G 2015-10-28 12:38:46 <監控系統結束>
0326 R 2015-10-28 12:38:15 <01061271:定址火災發信機:火災報>13F:大廳
0327 G 2015-10-28 12:38:07 <連線中>
0328 G 2015-10-28 12:38:00 <未連線>
0329 G 2015-10-28 12:38:00 <監控系統開始>
0330 G 2015-10-28 12:37:24 <監控系統結束>
0331 R 2015-10-28 12:25:33 <01061271:定址火災發信機:火災報>13F:大廳
0332 G 2015-10-28 12:25:27 <連線中>
0333 G 2015-10-28 12:25:20 <未連線>
0334 G 2015-10-28 12:25:20 <監控系統開始>
0335 G 2015-10-28 12:21:00 <監控系統結束>
0336 R 2015-10-28 12:20:33 <01061271:定址火災發信機:火災報>13F:大廳
0337 G 2015-10-28 12:20:25 <連線中>
0338 G 2015-10-28 12:20:18 <未連線>
0339 G 2015-10-28 12:20:18 <監控系統開始>
0340 G 2015-10-28 12:18:12 <監控系統結束>
0341 R 2015-10-28 12:13:39 <01061271:定址火災發信機:火災報>13F:大廳
0342 G 2015-10-28 12:13:32 <連線中>
0343 G 2015-10-28 12:13:24 <未連線>
0344 G 2015-10-28 12:13:24 <監控系統開始>
0345 G 2015-10-28 11:54:15 <監控系統結束>
0346 R 2015-10-28 11:53:47 <01061271:定址火災發信機:火災報>13F:大廳
0347 G 2015-10-28 11:53:39 <連線中>
0348 G 2015-10-28 11:53:31 <未連線>
0349 G 2015-10-28 11:53:31 <監控系統開始>
0350 G 2015-10-28 11:43:51 <監控系統結束>
0351 R 2015-10-28 11:43:26 <01061271:定址火災發信機:火災報>13F:大廳
0352 G 2015-10-28 11:43:19 <連線中>
0353 G 2015-10-28 11:43:11 <未連線>
0354 G 2015-10-28 11:43:11 <監控系統開始>
0355 G 2015-10-28 11:08:21 <監控系統結束>
0356 R 2015-10-28 11:07:54 <01061271:定址火災發信機:火災報>13F:大廳
0357 G 2015-10-28 11:07:48 <連線中>
0358 G 2015-10-28 11:07:42 <未連線>
0359 G 2015-10-28 11:07:42 <監控系統開始>
0360 G 2015-10-28 11:06:45 <監控系統結束>
0361 R 2015-10-28 11:06:16 <01061271:定址火災發信機:火災報>13F:大廳
0362 G 2015-10-28 11:06:09 <連線中>
0363 G 2015-10-28 11:06:02 <未連線>
0364 G 2015-10-28 11:06:02 <監控系統開始>
0365 G 2015-10-28 10:59:16 <監控系統結束>
0366 R 2015-10-28 10:58:41 <01061271:定址火災發信機:火災報>13F:大廳
0367 G 2015-10-28 10:58:33 <連線中>
0368 G 2015-10-28 10:58:23 <未連線>
0369 G 2015-10-28 10:58:23 <監控系統開始>
0370 G 2015-10-28 10:57:28 <監控系統結束>
0371 R 2015-10-28 10:57:08 <01061271:定址火災發信機:火災報>13F:大廳
0372 G 2015-10-28 10:57:03 <連線中>
0373 G 2015-10-28 10:56:54 <未連線>
0374 G 2015-10-28 10:56:54 <監控系統開始>
0375 G 2015-10-28 10:55:58 <監控系統結束>
0376 R 2015-10-28 10:55:33 <01061271:定址火災發信機:火災報>13F:大廳
0377 G 2015-10-28 10:55:27 <連線中>
0378 G 2015-10-28 10:55:19 <未連線>
0379 G 2015-10-28 10:55:19 <監控系統開始>
0380 G 2015-10-28 10:53:33 <監控系統結束>
0381 R 2015-10-28 10:53:02 <01061271:定址火災發信機:火災報>13F:大廳
0382 G 2015-10-28 10:52:54 <連線中>
0383 G 2015-10-28 10:52:49 <未連線>
0384 G 2015-10-28 10:52:49 <監控系統開始>
0385 G 2015-10-28 10:46:46 <監控系統結束>
0386 R 2015-10-28 10:46:26 <01061271:定址火災發信機:火災報>13F:大廳
0387 G 2015-10-28 10:46:20 <連線中>
0388 G 2015-10-28 10:46:12 <未連線>
0389 G 2015-10-28 10:46:12 <監控系統開始>
0390 G 2015-10-28 10:41:15 <監控系統結束>
0391 R 2015-10-28 10:40:54 <01061271:定址火災發信機:火災報>13F:大廳
0392 G 2015-10-28 10:40:48 <連線中>
0393 G 2015-10-28 10:40:40 <未連線>
0394 G 2015-10-28 10:40:40 <監控系統開始>
0395 G 2015-10-28 10:39:39 <監控系統結束>
0396 R 2015-10-28 10:38:55 <01061271:定址火災發信機:火災報>13F:大廳
0397 G 2015-10-28 10:38:48 <連線中>
0398 G 2015-10-28 10:38:40 <未連線>
0399 G 2015-10-28 10:38:40 <監控系統開始>
0400 G 2015-10-28 10:38:06 <監控系統結束>
0401 R 2015-10-28 10:35:00 <01061271:定址火災發信機:火災報>13F:大廳
0402 G 2015-10-28 10:34:44 <連線中>
0403 G 2015-10-28 10:34:38 <未連線>
0404 G 2015-10-28 10:34:38 <監控系統開始>
0405 G 2015-10-28 10:27:34 <監控系統結束>
0406 R 2015-10-28 10:26:51 <01061271:定址火災發信機:火災報>13F:大廳
0407 G 2015-10-28 10:26:45 <連線中>
0408 G 2015-10-28 10:26:37 <未連線>
0409 G 2015-10-28 10:26:37 <監控系統開始>
0410 G 2015-10-28 10:20:13 <監控系統結束>
0411 R 2015-10-28 10:19:31 <01061271:定址火災發信機:火災報>13F:大廳
0412 R 2015-10-28 10:19:14 <01061271:定址火災發信機:火災報>13F:大廳
0413 G 2015-10-28 10:19:07 <連線中>
0414 G 2015-10-28 10:19:02 <未連線>
0415 G 2015-10-28 10:19:02 <監控系統開始>
0416 G 2015-10-28 10:17:23 <監控系統結束>
0417 R 2015-10-28 10:16:52 <01061271:定址火災發信機:火災報>13F:大廳
0418 R 2015-10-28 10:16:35 <01061271:定址火災發信機:火災報>13F:大廳
0419 G 2015-10-28 10:16:25 <連線中>
0420 G 2015-10-28 10:16:13 <未連線>
0421 G 2015-10-28 10:16:13 <監控系統開始>
0422 G 2015-10-28 10:14:35 <監控系統結束>
0423 G 2015-10-28 10:11:22 <未連線>
0424 G 2015-10-28 10:11:22 <監控系統開始>
0425 G 2015-10-28 10:10:02 <監控系統結束>
0426 R 2015-10-28 10:08:51 <01061271:定址火災發信機:火災報>12F:大廳
0427 G 2015-10-28 10:08:42 <連線中>
0428 G 2015-10-28 10:08:36 <未連線>
0429 G 2015-10-28 10:08:36 <監控系統開始>
0430 G 2015-10-28 10:08:30 <監控系統結束>
0431 R 2015-10-28 10:06:52 <01061271:定址火災發信機:火災報>12F:大廳
0432 G 2015-10-28 10:06:45 <連線中>
0433 G 2015-10-28 10:06:38 <未連線>
0434 G 2015-10-28 10:06:38 <監控系統開始>
0435 G 2015-10-28 09:58:34 <監控系統結束>
0436 R 2015-10-28 09:57:14 <01061271:定址火災發信機:火災報>12F:大廳
0437 R 2015-10-28 09:56:56 <01061271:定址火災發信機:火災報>12F:大廳
0438 G 2015-10-28 09:56:49 <連線中>
0439 G 2015-10-28 09:56:43 <未連線>
0440 G 2015-10-28 09:56:43 <監控系統開始>
0441 G 2015-10-28 09:41:35 <監控系統結束>
0442 R 2015-10-28 09:35:29 <01061271:定址火災發信機:火災報>12F:大廳
0443 G 2015-10-28 09:35:11 <連線中>
0444 G 2015-10-28 09:35:05 <未連線>
0445 G 2015-10-28 09:35:04 <監控系統開始>
0446 G 2015-10-28 09:26:50 <監控系統結束>
0447 R 2015-10-28 09:24:57 <01061271:定址火災發信機:火災報>12F:大廳
0448 R 2015-10-28 09:24:36 <01061271:定址火災發信機:火災報>12F:大廳
0449 G 2015-10-28 09:24:27 <連線中>
0450 G 2015-10-28 09:24:21 <未連線>
0451 G 2015-10-28 09:24:21 <監控系統開始>
0452 G 2015-10-28 09:22:25 <監控系統結束>
0453 R 2015-10-28 09:21:58 <01061271:定址火災發信機:火災報>12F:大廳
0454 R 2015-10-28 09:21:30 <01061271:定址火災發信機:火災報>12F:大廳
0455 G 2015-10-28 09:21:23 <連線中>
0456 G 2015-10-28 09:21:15 <未連線>
0457 G 2015-10-28 09:21:15 <監控系統開始>
0458 G 2015-10-27 22:23:18 <監控系統結束>
0459 R 2015-10-27 22:19:57 <01061271:定址火災發信機:火災報>12F:大廳
0460 R 2015-10-27 22:19:29 <01061271:定址火災發信機:火災報>12F:大廳
0461 G 2015-10-27 22:19:18 <連線中>
0462 G 2015-10-27 22:19:12 <未連線>
0463 G 2015-10-27 22:19:12 <監控系統開始>
0464 G 2015-10-27 21:00:48 <監控系統結束>
0465 R 2015-10-27 21:00:19 <01061271:定址火災發信機:火災報>12F:大廳
0466 R 2015-10-27 20:59:12 <01061271:定址火災發信機:火災報>12F:大廳
0467 G 2015-10-27 20:58:56 <連線中>
0468 G 2015-10-27 20:58:49 <未連線>
0469 G 2015-10-27 20:58:49 <監控系統開始>
0470 G 2015-10-27 20:50:59 <監控系統結束>
0471 R 2015-10-27 20:48:18 <01061271:定址火災發信機:火災報>12F:大廳
0472 R 2015-10-27 20:48:18 <01061271:定址火災發信機:火災報>12F:大廳
0473 G 2015-10-27 20:48:03 <連線中>
0474 G 2015-10-27 20:47:57 <未連線>
0475 G 2015-10-27 20:47:57 <監控系統開始>
0476 G 2015-10-27 20:47:02 <監控系統結束>
0477 R 2015-10-27 20:44:26 <01061271:定址火災發信機:火災報>12F:大廳
0478 G 2015-10-27 20:44:18 <連線中>
0479 G 2015-10-27 20:44:12 <未連線>
0480 G 2015-10-27 20:44:12 <監控系統開始>
0481 G 2015-10-27 20:37:56 <監控系統結束>
0482 R 2015-10-27 20:37:32 <01061271:定址火災發信機:火災報>12F:大廳
0483 G 2015-10-27 20:37:24 <連線中>
0484 G 2015-10-27 20:37:17 <未連線>
0485 G 2015-10-27 20:37:17 <監控系統開始>
0486 G 2015-10-27 20:37:01 <監控系統結束>
0487 R 2015-10-27 20:36:03 <01061271:定址火災發信機:火災報>12F:大廳
0488 R 2015-10-27 20:35:59 <01061271:定址火災發信機:火災報>12F:大廳
0489 G 2015-10-27 20:35:50 <連線中>
0490 G 2015-10-27 20:35:40 <未連線>
0491 G 2015-10-27 20:35:40 <監控系統開始>
0492 P 2015-10-27 20:32:52 <找不到點 :01061271>
0493 R 2015-10-27 20:32:52 <01061271:定址火災發信機:火災報>
0494 P 2015-10-27 20:32:52 <找不到點 :01061271>
0495 R 2015-10-27 20:32:52 <01061271:定址火災發信機:火災報>
0496 P 2015-10-27 20:32:51 <找不到點 :01061271>
0497 R 2015-10-27 20:32:51 <01061271:定址火災發信機:火災報>
0498 P 2015-10-27 20:32:51 <找不到點 :01061271>
0499 R 2015-10-27 20:32:51 <01061271:定址火災發信機:火災報>
0500 P 2015-10-27 20:32:50 <找不到點 :01061271>
0501 R 2015-10-27 20:32:50 <01061271:定址火災發信機:火災報>
0502 P 2015-10-27 20:32:49 <找不到點 :01061271>
0503 R 2015-10-27 20:32:49 <01061271:定址火災發信機:火災報>
0504 G 2015-10-27 20:32:25 <01011372:防排煙通過:啟動控制:復歸>12F:大廳
0505 G 2015-10-27 20:32:24 <01011372:防排煙通過:啟動控制:復歸>12F:大廳
0506 G 2015-10-27 20:32:23 <01011372:防排煙通過:啟動控制:復歸>12F:大廳
0507 G 2015-10-27 20:32:22 <01011372:防排煙通過:啟動控制:復歸>12F:大廳
0508 G 2015-10-27 20:32:22 <01011372:防排煙通過:啟動控制:復歸>12F:大廳
0509 G 2015-10-27 20:32:21 <01011372:防排煙通過:啟動控制:復歸>12F:大廳
0510 G 2015-10-27 20:32:20 <01011372:防排煙通過:啟動控制:復歸>12F:大廳
0511 G 2015-10-27 20:32:00 <01011372:防排煙通過:啟動控制:復歸>12F:大廳
0512 G 2015-10-27 20:31:48 <01011372:防排煙通過:啟動控制:復歸>12F:大廳
0513 G 2015-10-27 20:31:36 <連線中>
0514 G 2015-10-27 20:31:30 <未連線>
0515 G 2015-10-27 20:31:30 <監控系統開始>
0516 G 2015-10-27 20:29:23 <監控系統結束>
0517 G 2015-10-27 20:29:20 <未連線>
0518 G 2015-10-27 20:29:20 <監控系統開始>
0519 G 2015-10-27 20:21:55 <監控系統結束>
0520 G 2015-10-27 20:18:37 <未連線>
0521 G 2015-10-27 20:18:37 <監控系統開始>
0522 G 2015-10-27 20:18:18 <監控系統結束>
0523 G 2015-10-27 20:18:02 <未連線>
0524 G 2015-10-27 20:18:02 <監控系統開始>
0525 G 2015-10-27 20:17:04 <監控系統結束>
0526 G 2015-10-27 20:16:15 <未連線>
0527 G 2015-10-27 20:16:15 <監控系統開始>
0528 G 2015-10-27 20:14:04 <監控系統結束>
0529 G 2015-10-27 20:13:49 <未連線>
0530 G 2015-10-27 20:13:49 <監控系統開始>
0531 G 2015-10-27 20:12:20 <監控系統結束>
0532 G 2015-10-27 20:11:37 <未連線>
0533 G 2015-10-27 20:11:36 <監控系統開始>
0534 G 2015-10-26 20:40:55 <監控系統結束>
0535 G 2015-10-26 20:40:15 <未連線>
0536 G 2015-10-26 20:40:15 <監控系統開始>
0537 G 2015-10-26 20:37:23 <監控系統結束>
0538 G 2015-10-26 20:30:11 <未連線>
0539 G 2015-10-26 20:30:11 <監控系統開始>
0540 G 2015-10-26 20:27:51 <監控系統結束>
0541 G 2015-10-26 20:08:51 <未連線>
0542 G 2015-10-26 20:08:50 <監控系統開始>
0543 G 2015-10-26 20:04:00 <監控系統結束>
0544 G 2015-10-26 20:02:02 <未連線>
0545 G 2015-10-26 20:02:02 <監控系統開始>
0546 P 2015-10-24 22:10:32 <03040852:多回線感知器用中繼器:端末線斷線:關>
0547 P 2015-10-24 22:10:31 <03040852:多回線感知器用中繼器:端末線斷線:關>
0548 P 2015-10-24 22:10:31 <03040852:多回線感知器用中繼器:端末線斷線:關>
0549 P 2015-10-24 22:10:30 <03040852:多回線感知器用中繼器:端末線斷線:關>
0550 P 2015-10-24 22:10:29 <03040852:多回線感知器用中繼器:端末線斷線:關>
0551 P 2015-10-24 22:10:28 <03040852:多回線感知器用中繼器:端末線斷線:關>
0552 P 2015-10-24 22:10:28 <03040852:多回線感知器用中繼器:端末線斷線:關>
0553 P 2015-10-24 22:07:11 <找不到點 :01061271>
0554 R 2015-10-24 22:07:10 <01061271:定址火災發信機:火災報>
0555 P 2015-10-24 22:07:10 <找不到點 :01061271>
0556 R 2015-10-24 22:07:09 <01061271:定址火災發信機:火災報>
0557 P 2015-10-24 22:07:09 <找不到點 :01061271>
0558 R 2015-10-24 22:07:09 <01061271:定址火災發信機:火災報>
0559 P 2015-10-24 22:07:08 <找不到點 :01061271>
0560 R 2015-10-24 22:07:08 <01061271:定址火災發信機:火災報>
0561 P 2015-10-24 22:07:08 <找不到點 :01061271>
0562 R 2015-10-24 22:07:08 <01061271:定址火災發信機:火災報>
0563 P 2015-10-24 22:07:07 <找不到點 :01061271>
0564 R 2015-10-24 22:07:07 <01061271:定址火災發信機:火災報>
0565 P 2015-10-24 22:07:07 <找不到點 :01061271>
0566 R 2015-10-24 22:07:06 <01061271:定址火災發信機:火災報>
0567 G 2015-10-24 22:06:42 <01011372:防排煙通過:啟動控制:復歸>12F:大廳
0568 G 2015-10-24 22:06:41 <01011372:防排煙通過:啟動控制:復歸>12F:大廳
0569 G 2015-10-24 22:06:41 <01011372:防排煙通過:啟動控制:復歸>12F:大廳
0570 G 2015-10-24 22:06:40 <01011372:防排煙通過:啟動控制:復歸>12F:大廳
0571 G 2015-10-24 22:06:39 <01011372:防排煙通過:啟動控制:復歸>12F:大廳
0572 G 2015-10-24 22:06:38 <01011372:防排煙通過:啟動控制:復歸>12F:大廳
0573 G 2015-10-24 22:06:38 <01011372:防排煙通過:啟動控制:復歸>12F:大廳
0574 B 2015-10-24 22:06:12 <01011372:監視用中繼器:動作>12F:大廳
0575 B 2015-10-24 22:06:11 <01011372:監視用中繼器:動作>12F:大廳
0576 B 2015-10-24 22:06:10 <01011372:監視用中繼器:動作>12F:大廳
0577 B 2015-10-24 22:06:10 <01011372:監視用中繼器:動作>12F:大廳
0578 B 2015-10-24 22:06:09 <01011372:監視用中繼器:動作>12F:大廳
0579 B 2015-10-24 22:06:08 <01011372:監視用中繼器:動作>12F:大廳
0580 P 2015-10-24 22:05:44 <找不到點 :04080961>
0581 R 2015-10-24 22:05:43 <04080961:多回線感知器用中繼器:火災報>
0582 P 2015-10-24 22:05:42 <找不到點 :04080961>
0583 R 2015-10-24 22:05:42 <04080961:多回線感知器用中繼器:火災報>
0584 P 2015-10-24 22:05:41 <找不到點 :04080961>
0585 R 2015-10-24 22:05:40 <04080961:多回線感知器用中繼器:火災報>
0586 P 2015-10-24 22:05:40 <找不到點 :04080961>
0587 R 2015-10-24 22:05:39 <04080961:多回線感知器用中繼器:火災報>
0588 P 2015-10-24 22:05:39 <找不到點 :04080961>
0589 R 2015-10-24 22:05:39 <04080961:多回線感知器用中繼器:火災報>
0590 P 2015-10-24 22:05:38 <找不到點 :04080961>
0591 R 2015-10-24 22:05:37 <04080961:多回線感知器用中繼器:火災報>
0592 P 2015-10-24 22:05:36 <找不到點 :04080961>
0593 R 2015-10-24 22:05:36 <04080961:多回線感知器用中繼器:火災報>
0594 P 2015-10-24 22:05:11 <03040852:多回線感知器用中繼器:端末線斷線:關>
0595 P 2015-10-24 22:05:10 <03040852:多回線感知器用中繼器:端末線斷線:關>
0596 P 2015-10-24 22:05:09 <03040852:多回線感知器用中繼器:端末線斷線:關>
0597 P 2015-10-24 22:05:08 <03040852:多回線感知器用中繼器:端末線斷線:關>
0598 P 2015-10-24 22:05:08 <03040852:多回線感知器用中繼器:端末線斷線:關>
0599 P 2015-10-24 22:05:07 <03040852:多回線感知器用中繼器:端末線斷線:關>
0600 P 2015-10-24 22:05:06 <03040852:多回線感知器用中繼器:端末線斷線:關>
0601 P 2015-10-24 22:04:45 <03040852:多回線感知器用中繼器:端末線斷線>
0602 P 2015-10-24 22:04:44 <03040852:多回線感知器用中繼器:端末線斷線>
0603 P 2015-10-24 22:04:43 <03040852:多回線感知器用中繼器:端末線斷線>
0604 P 2015-10-24 22:04:42 <03040852:多回線感知器用中繼器:端末線斷線>
0605 P 2015-10-24 22:04:42 <03040852:多回線感知器用中繼器:端末線斷線>
0606 P 2015-10-24 22:04:41 <03040852:多回線感知器用中繼器:端末線斷線>
0607 P 2015-10-24 22:04:40 <03040852:多回線感知器用中繼器:端末線斷線>
0608 P 2015-10-24 22:04:09 <05021721:防排煙用中繼器:地址未接續>
0609 P 2015-10-24 22:04:09 <05021711:防排煙通過:地址未接續>
0610 P 2015-10-24 22:04:08 <05021701:防排煙通過:地址未接續>
0611 P 2015-10-24 22:04:08 <05021721:防排煙用中繼器:地址未接續>
0612 P 2015-10-24 22:04:07 <05021711:防排煙通過:地址未接續>
0613 P 2015-10-24 22:04:07 <05021701:防排煙通過:地址未接續>
0614 P 2015-10-24 22:04:07 <05021721:防排煙用中繼器:地址未接續>
0615 P 2015-10-24 22:04:07 <05021711:防排煙通過:地址未接續>
0616 P 2015-10-24 22:04:07 <05021701:防排煙通過:地址未接續>
0617 P 2015-10-24 22:04:06 <05021721:防排煙用中繼器:地址未接續>
0618 P 2015-10-24 22:04:06 <05021711:防排煙通過:地址未接續>
0619 P 2015-10-24 22:04:06 <05021701:防排煙通過:地址未接續>
0620 P 2015-10-24 22:04:06 <05021721:防排煙用中繼器:地址未接續>
0621 P 2015-10-24 22:04:05 <05021711:防排煙通過:地址未接續>
0622 P 2015-10-24 22:04:05 <05021701:防排煙通過:地址未接續>
0623 P 2015-10-24 22:04:05 <05021721:防排煙用中繼器:地址未接續>
0624 P 2015-10-24 22:04:04 <05021711:防排煙通過:地址未接續>
0625 P 2015-10-24 22:04:04 <05021701:防排煙通過:地址未接續>
0626 P 2015-10-24 22:04:04 <05021721:防排煙用中繼器:地址未接續>
0627 P 2015-10-24 22:04:04 <05021711:防排煙通過:地址未接續>
0628 P 2015-10-24 22:04:03 <05021701:防排煙通過:地址未接續>
0629 P 2015-10-24 22:03:43 <05021181:防排煙用中繼器:未接續>
0630 P 2015-10-24 22:03:42 <串口通信異常:正常>
0631 P 2015-10-24 22:03:42 <串口通信異常:異常>
0632 P 2015-10-24 22:03:42 <05021181:防排煙用中繼器:未接續>
0633 P 2015-10-24 22:03:41 <串口通信異常:正常>
0634 P 2015-10-24 22:03:41 <串口通信異常:異常>
0635 P 2015-10-24 22:03:41 <05021181:防排煙用中繼器:未接續>
0636 P 2015-10-24 22:03:41 <串口通信異常:正常>
0637 P 2015-10-24 22:03:41 <串口通信異常:異常>
0638 P 2015-10-24 22:03:40 <05021181:防排煙用中繼器:未接續>
0639 P 2015-10-24 22:03:40 <串口通信異常:正常>
0640 P 2015-10-24 22:03:40 <串口通信異常:異常>
0641 P 2015-10-24 22:03:40 <05021181:防排煙用中繼器:未接續>
0642 P 2015-10-24 22:03:39 <串口通信異常:正常>
0643 P 2015-10-24 22:03:39 <串口通信異常:異常>
0644 P 2015-10-24 22:03:39 <05021181:防排煙用中繼器:未接續>
0645 P 2015-10-24 22:03:38 <串口通信異常:正常>
0646 P 2015-10-24 22:03:38 <串口通信異常:異常>
0647 P 2015-10-24 22:03:38 <05021181:防排煙用中繼器:未接續>
0648 P 2015-10-24 22:03:38 <串口通信異常:正常>
0649 P 2015-10-24 22:03:37 <串口通信異常:異常>
0650 P 2015-10-24 22:02:50 <05021441:多回線感知器用中繼器:未接續>12F:room
0651 P 2015-10-24 22:02:50 <05021441:多回線感知器用中繼器:未接續>12F:room
0652 P 2015-10-24 22:02:49 <05021441:多回線感知器用中繼器:未接續>12F:room
0653 P 2015-10-24 22:02:48 <05021441:多回線感知器用中繼器:未接續>12F:room
0654 P 2015-10-24 22:02:47 <05021441:多回線感知器用中繼器:未接續>12F:room
0655 P 2015-10-24 22:02:47 <05021441:多回線感知器用中繼器:未接續>12F:room
0656 P 2015-10-24 22:02:27 <05010401:定址感知器用中繼器:種別異常>
0657 P 2015-10-24 22:02:26 <05010401:定址感知器用中繼器:種別異常>
0658 P 2015-10-24 22:02:26 <05010401:定址感知器用中繼器:種別異常>
0659 P 2015-10-24 22:02:25 <05010401:定址感知器用中繼器:種別異常>
0660 P 2015-10-24 22:02:24 <05010401:定址感知器用中繼器:種別異常>
0661 P 2015-10-24 22:02:23 <05010401:定址感知器用中繼器:種別異常>
0662 P 2015-10-24 22:02:23 <05010401:定址感知器用中繼器:種別異常>
0663 P 2015-10-24 22:02:03 <05022551:種別異常>
0664 P 2015-10-24 22:02:02 <05022551:種別異常>
0665 P 2015-10-24 22:02:01 <05022551:種別異常>
0666 P 2015-10-24 22:02:01 <05022551:種別異常>
0667 P 2015-10-24 22:02:00 <05022551:種別異常>
0668 P 2015-10-24 22:01:59 <05022551:種別異常>
0669 P 2015-10-24 22:01:35 <03040852:多回線感知器用中繼器:端末線斷線:關>
0670 P 2015-10-24 22:01:34 <03040852:多回線感知器用中繼器:端末線斷線:關>
0671 P 2015-10-24 22:01:33 <03040852:多回線感知器用中繼器:端末線斷線:關>
0672 P 2015-10-24 22:01:32 <03040852:多回線感知器用中繼器:端末線斷線:關>
0673 P 2015-10-24 22:01:32 <03040852:多回線感知器用中繼器:端末線斷線:關>
0674 P 2015-10-24 22:01:31 <03040852:多回線感知器用中繼器:端末線斷線:關>
0675 P 2015-10-24 22:01:30 <03040852:多回線感知器用中繼器:端末線斷線:關>
0676 P 2015-10-24 22:00:52 <找不到點 :01061271>
0677 R 2015-10-24 22:00:51 <01061271:定址火災發信機:火災報>
0678 P 2015-10-24 22:00:51 <找不到點 :01061271>
0679 R 2015-10-24 22:00:51 <01061271:定址火災發信機:火災報>
0680 P 2015-10-24 22:00:50 <找不到點 :01061271>
0681 R 2015-10-24 22:00:50 <01061271:定址火災發信機:火災報>
0682 P 2015-10-24 22:00:50 <找不到點 :01061271>
0683 R 2015-10-24 22:00:49 <01061271:定址火災發信機:火災報>
0684 P 2015-10-24 22:00:48 <找不到點 :01061271>
0685 R 2015-10-24 22:00:48 <01061271:定址火災發信機:火災報>
0686 P 2015-10-24 22:00:48 <找不到點 :01061271>
0687 R 2015-10-24 22:00:48 <01061271:定址火災發信機:火災報>
0688 P 2015-10-24 22:00:01 <05022551:種別異常>
0689 P 2015-10-24 22:00:00 <05022551:種別異常>
0690 P 2015-10-24 22:00:00 <05022551:種別異常>
0691 P 2015-10-24 21:59:59 <05022551:種別異常>
0692 P 2015-10-24 21:59:58 <05022551:種別異常>
0693 P 2015-10-24 21:59:57 <05022551:種別異常>
0694 P 2015-10-24 21:59:57 <05022551:種別異常>
0695 G 2015-10-24 21:59:29 <連線中>
0696 G 2015-10-24 21:59:23 <未連線>
0697 G 2015-10-24 21:59:23 <監控系統開始>
0698 P 2015-10-24 17:53:26 <找不到點 :04080961>
0699 R 2015-10-24 17:53:26 <04080961:多回線感知器用中繼器:火災報>
0700 P 2015-10-24 17:53:25 <找不到點 :04080961>
0701 R 2015-10-24 17:53:25 <04080961:多回線感知器用中繼器:火災報>
0702 P 2015-10-24 17:53:24 <找不到點 :04080961>
0703 R 2015-10-24 17:53:24 <04080961:多回線感知器用中繼器:火災報>
0704 P 2015-10-24 17:53:23 <找不到點 :04080961>
0705 R 2015-10-24 17:53:23 <04080961:多回線感知器用中繼器:火災報>
0706 P 2015-10-24 17:53:22 <找不到點 :04080961>
0707 R 2015-10-24 17:53:22 <04080961:多回線感知器用中繼器:火災報>
0708 P 2015-10-24 17:53:21 <找不到點 :04080961>
0709 R 2015-10-24 17:53:20 <04080961:多回線感知器用中繼器:火災報>
0710 G 2015-10-24 17:52:42 <01011372:防排煙通過:啟動控制:復歸>12F:大廳
0711 G 2015-10-24 17:52:41 <01011372:防排煙通過:啟動控制:復歸>12F:大廳
0712 G 2015-10-24 17:52:41 <01011372:防排煙通過:啟動控制:復歸>12F:大廳
0713 G 2015-10-24 17:52:40 <01011372:防排煙通過:啟動控制:復歸>12F:大廳
0714 G 2015-10-24 17:52:39 <01011372:防排煙通過:啟動控制:復歸>12F:大廳
0715 G 2015-10-24 17:52:38 <01011372:防排煙通過:啟動控制:復歸>12F:大廳
0716 G 2015-10-24 17:52:38 <01011372:防排煙通過:啟動控制:復歸>12F:大廳
0717 B 2015-10-24 17:52:14 <01011372:監視用中繼器:動作>12F:大廳
0718 B 2015-10-24 17:52:13 <01011372:監視用中繼器:動作>12F:大廳
0719 B 2015-10-24 17:52:13 <01011372:監視用中繼器:動作>12F:大廳
0720 B 2015-10-24 17:52:12 <01011372:監視用中繼器:動作>12F:大廳
0721 B 2015-10-24 17:52:11 <01011372:監視用中繼器:動作>12F:大廳
0722 B 2015-10-24 17:52:10 <01011372:監視用中繼器:動作>12F:大廳
0723 B 2015-10-24 17:52:10 <01011372:監視用中繼器:動作>12F:大廳
0724 P 2015-10-24 17:51:26 <05021441:多回線感知器用中繼器:未接續>12F:room
0725 P 2015-10-24 17:51:25 <05021441:多回線感知器用中繼器:未接續>12F:room
0726 P 2015-10-24 17:51:25 <05021441:多回線感知器用中繼器:未接續>12F:room
0727 P 2015-10-24 17:51:23 <05021441:多回線感知器用中繼器:未接續>12F:room
0728 P 2015-10-24 17:51:23 <05021441:多回線感知器用中繼器:未接續>12F:room
0729 P 2015-10-24 17:51:22 <05021441:多回線感知器用中繼器:未接續>12F:room
0730 P 2015-10-24 17:51:22 <05021441:多回線感知器用中繼器:未接續>12F:room
0731 G 2015-10-24 17:50:41 <連線中>
0732 G 2015-10-24 17:50:34 <未連線>
0733 G 2015-10-24 17:50:34 <監控系統開始>
0734 G 2015-10-24 17:44:41 <監控系統結束>
0735 G 2015-10-24 17:44:20 <未連線>
0736 G 2015-10-24 17:44:20 <監控系統開始>
0737 G 2015-10-24 17:39:53 <監控系統結束>
0738 G 2015-10-24 17:39:13 <未連線>
0739 G 2015-10-24 17:39:13 <監控系統開始>
0740 G 2015-10-24 17:34:45 <未連線>
0741 G 2015-10-24 17:34:45 <監控系統開始>
0742 G 2015-10-20 09:47:35 <監控系統結束>
0743 P 2015-10-20 09:47:30 <05021441:多回線感知器用中繼器:未接續>12F:room
0744 P 2015-10-20 09:47:30 <05021441:多回線感知器用中繼器:未接續>12F:room
0745 P 2015-10-20 09:47:28 <05021441:多回線感知器用中繼器:未接續>12F:room
0746 P 2015-10-20 09:47:28 <05021441:多回線感知器用中繼器:未接續>12F:room
0747 P 2015-10-20 09:47:27 <05021441:多回線感知器用中繼器:未接續>12F:room
0748 P 2015-10-20 09:47:27 <05021441:多回線感知器用中繼器:未接續>12F:room
0749 G 2015-10-20 09:47:20 <連線中>
0750 G 2015-10-20 09:47:14 <未連線>
0751 G 2015-10-20 09:47:14 <監控系統開始>
0752 G 2015-10-20 09:45:53 <監控系統結束>
0753 P 2015-10-20 09:45:44 <05021441:多回線感知器用中繼器:未接續>12F:room
0754 P 2015-10-20 09:45:43 <05021441:多回線感知器用中繼器:未接續>12F:room
0755 P 2015-10-20 09:45:42 <05021441:多回線感知器用中繼器:未接續>12F:room
0756 P 2015-10-20 09:45:41 <05021441:多回線感知器用中繼器:未接續>12F:room
0757 P 2015-10-20 09:45:41 <05021441:多回線感知器用中繼器:未接續>12F:room
0758 P 2015-10-20 09:45:39 <05021441:多回線感知器用中繼器:未接續>12F:room
0759 P 2015-10-20 09:45:39 <05021441:多回線感知器用中繼器:未接續>12F:room
0760 G 2015-10-20 09:45:29 <連線中>
0761 G 2015-10-20 09:45:23 <未連線>
0762 G 2015-10-20 09:45:23 <監控系統開始>
0763 G 2015-10-20 09:42:02 <監控系統結束>
0764 G 2015-10-20 09:42:00 <未連線>
0765 G 2015-10-20 09:42:00 <監控系統開始>
0766 G 2015-10-20 09:41:57 <監控系統結束>
0767 P 2015-10-20 09:40:21 <05021441:多回線感知器用中繼器:未接續>12F:room
0768 P 2015-10-20 09:40:20 <05021441:多回線感知器用中繼器:未接續>12F:room
0769 P 2015-10-20 09:40:20 <05021441:多回線感知器用中繼器:未接續>12F:room
0770 P 2015-10-20 09:40:18 <05021441:多回線感知器用中繼器:未接續>12F:room
0771 P 2015-10-20 09:40:18 <05021441:多回線感知器用中繼器:未接續>12F:room
0772 P 2015-10-20 09:40:17 <05021441:多回線感知器用中繼器:未接續>12F:room
0773 P 2015-10-20 09:40:17 <05021441:多回線感知器用中繼器:未接續>12F:room
0774 G 2015-10-20 09:40:02 <連線中>
0775 G 2015-10-20 09:39:55 <未連線>
0776 G 2015-10-20 09:39:55 <監控系統開始>
0777 G 2015-10-20 09:37:54 <監控系統結束>
0778 P 2015-10-20 09:37:13 <05021441:多回線感知器用中繼器:未接續>12F:room
0779 P 2015-10-20 09:37:12 <05021441:多回線感知器用中繼器:未接續>12F:room
0780 P 2015-10-20 09:37:11 <05021441:多回線感知器用中繼器:未接續>12F:room
0781 P 2015-10-20 09:37:10 <05021441:多回線感知器用中繼器:未接續>12F:room
0782 P 2015-10-20 09:37:10 <05021441:多回線感知器用中繼器:未接續>12F:room
0783 P 2015-10-20 09:37:09 <05021441:多回線感知器用中繼器:未接續>12F:room
0784 P 2015-10-20 09:37:08 <05021441:多回線感知器用中繼器:未接續>12F:room
0785 G 2015-10-20 09:37:03 <連線中>
0786 G 2015-10-20 09:36:55 <未連線>
0787 G 2015-10-20 09:36:55 <監控系統開始>
0788 G 2015-10-20 09:34:10 <監控系統結束>
0789 G 2015-10-20 09:34:00 <未連線>
0790 G 2015-10-20 09:34:00 <監控系統開始>
0791 G 2015-10-20 09:31:35 <監控系統結束>
0792 P 2015-10-20 09:31:28 <05021441:多回線感知器用中繼器:未接續>12F:room
0793 P 2015-10-20 09:31:27 <05021441:多回線感知器用中繼器:未接續>12F:room
0794 P 2015-10-20 09:31:27 <05021441:多回線感知器用中繼器:未接續>12F:room
0795 P 2015-10-20 09:31:25 <05021441:多回線感知器用中繼器:未接續>12F:room
0796 P 2015-10-20 09:31:25 <05021441:多回線感知器用中繼器:未接續>12F:room
0797 P 2015-10-20 09:31:24 <05021441:多回線感知器用中繼器:未接續>12F:room
0798 P 2015-10-20 09:31:24 <05021441:多回線感知器用中繼器:未接續>12F:room
0799 G 2015-10-20 09:31:18 <連線中>
0800 G 2015-10-20 09:31:12 <未連線>
0801 G 2015-10-20 09:31:12 <監控系統開始>
0802 G 2015-10-20 09:28:52 <監控系統結束>
0803 P 2015-10-20 09:28:48 <05021441:多回線感知器用中繼器:未接續>12F:room
0804 P 2015-10-20 09:28:47 <05021441:多回線感知器用中繼器:未接續>12F:room
0805 P 2015-10-20 09:28:47 <05021441:多回線感知器用中繼器:未接續>12F:room
0806 P 2015-10-20 09:28:45 <05021441:多回線感知器用中繼器:未接續>12F:room
0807 P 2015-10-20 09:28:45 <05021441:多回線感知器用中繼器:未接續>12F:room
0808 P 2015-10-20 09:28:44 <05021441:多回線感知器用中繼器:未接續>12F:room
0809 P 2015-10-20 09:28:44 <05021441:多回線感知器用中繼器:未接續>12F:room
0810 G 2015-10-20 09:28:13 <連線中>
0811 G 2015-10-20 09:28:07 <未連線>
0812 G 2015-10-20 09:28:07 <監控系統開始>
0813 G 2015-10-20 09:26:04 <監控系統結束>
0814 P 2015-10-20 09:25:55 <05021441:多回線感知器用中繼器:未接續>12F:room
0815 P 2015-10-20 09:25:53 <05021441:多回線感知器用中繼器:未接續>12F:room
0816 P 2015-10-20 09:25:53 <05021441:多回線感知器用中繼器:未接續>12F:room
0817 P 2015-10-20 09:25:52 <05021441:多回線感知器用中繼器:未接續>12F:room
0818 P 2015-10-20 09:25:52 <05021441:多回線感知器用中繼器:未接續>12F:room
0819 P 2015-10-20 09:25:50 <05021441:多回線感知器用中繼器:未接續>12F:room
0820 P 2015-10-20 09:25:50 <05021441:多回線感知器用中繼器:未接續>12F:room
0821 G 2015-10-20 09:25:44 <連線中>
0822 G 2015-10-20 09:25:38 <未連線>
0823 G 2015-10-20 09:25:38 <監控系統開始>
0824 G 2015-10-20 09:24:52 <監控系統結束>
0825 P 2015-10-20 09:23:53 <05021441:多回線感知器用中繼器:未接續>12F:room
0826 P 2015-10-20 09:23:52 <05021441:多回線感知器用中繼器:未接續>12F:room
0827 P 2015-10-20 09:23:52 <05021441:多回線感知器用中繼器:未接續>12F:room
0828 P 2015-10-20 09:23:50 <05021441:多回線感知器用中繼器:未接續>12F:room
0829 P 2015-10-20 09:23:50 <05021441:多回線感知器用中繼器:未接續>12F:room
0830 P 2015-10-20 09:23:49 <05021441:多回線感知器用中繼器:未接續>12F:room
0831 P 2015-10-20 09:23:49 <05021441:多回線感知器用中繼器:未接續>12F:room
0832 G 2015-10-20 09:23:25 <連線中>
0833 G 2015-10-20 09:23:18 <未連線>
0834 G 2015-10-20 09:23:18 <監控系統開始>
0835 G 2015-10-18 16:46:45 <監控系統結束>
0836 P 2015-10-18 10:32:03 <05021441:多回線感知器用中繼器:未接續>12F:room
0837 P 2015-10-18 10:32:03 <05021441:多回線感知器用中繼器:未接續>12F:room
0838 P 2015-10-18 10:32:02 <05021441:多回線感知器用中繼器:未接續>12F:room
0839 P 2015-10-18 10:32:02 <05021441:多回線感知器用中繼器:未接續>12F:room
0840 P 2015-10-18 10:32:01 <05021441:多回線感知器用中繼器:未接續>12F:room
0841 P 2015-10-18 10:32:01 <05021441:多回線感知器用中繼器:未接續>12F:room
0842 P 2015-10-18 10:32:01 <05021441:多回線感知器用中繼器:未接續>12F:room
0843 P 2015-10-18 10:32:01 <05021441:多回線感知器用中繼器:未接續>12F:room
0844 P 2015-10-18 10:32:00 <05021441:多回線感知器用中繼器:未接續>12F:room
0845 P 2015-10-18 10:32:00 <05021441:多回線感知器用中繼器:未接續>12F:room
0846 G 2015-10-18 10:31:54 <連線中>
0847 G 2015-10-18 10:31:44 <未連線>
0848 G 2015-10-18 10:31:44 <監控系統開始>
0849 G 2015-10-17 09:54:06 <監控系統結束>
0850 P 2015-10-17 09:41:08 <05021441:多回線感知器用中繼器:未接續>12F:room
0851 P 2015-10-17 09:41:08 <05021441:多回線感知器用中繼器:未接續>12F:room
0852 P 2015-10-17 09:41:07 <05021441:多回線感知器用中繼器:未接續>12F:room
0853 P 2015-10-17 09:41:07 <05021441:多回線感知器用中繼器:未接續>12F:room
0854 P 2015-10-17 09:41:06 <05021441:多回線感知器用中繼器:未接續>12F:room
0855 P 2015-10-17 09:41:06 <05021441:多回線感知器用中繼器:未接續>12F:room
0856 P 2015-10-17 09:41:06 <05021441:多回線感知器用中繼器:未接續>12F:room
0857 P 2015-10-17 09:41:06 <05021441:多回線感知器用中繼器:未接續>12F:room
0858 P 2015-10-17 09:41:05 <05021441:多回線感知器用中繼器:未接續>12F:room
0859 P 2015-10-17 09:41:05 <05021441:多回線感知器用中繼器:未接續>12F:room
0860 G 2015-10-17 09:40:42 <連線中>
0861 G 2015-10-17 09:40:36 <未連線>
0862 G 2015-10-17 09:40:36 <監控系統開始>
0863 G 2015-10-17 09:33:14 <監控系統結束>
0864 P 2015-10-17 09:18:50 <05021441:多回線感知器用中繼器:未接續>12F:room
0865 P 2015-10-17 09:18:50 <05021441:多回線感知器用中繼器:未接續>12F:room
0866 P 2015-10-17 09:18:50 <05021441:多回線感知器用中繼器:未接續>12F:room
0867 P 2015-10-17 09:18:49 <05021441:多回線感知器用中繼器:未接續>12F:room
0868 P 2015-10-17 09:18:49 <05021441:多回線感知器用中繼器:未接續>12F:room
0869 P 2015-10-17 09:18:49 <05021441:多回線感知器用中繼器:未接續>12F:room
0870 P 2015-10-17 09:18:48 <05021441:多回線感知器用中繼器:未接續>12F:room
0871 P 2015-10-17 09:18:48 <05021441:多回線感知器用中繼器:未接續>12F:room
0872 P 2015-10-17 09:18:47 <05021441:多回線感知器用中繼器:未接續>12F:room
0873 P 2015-10-17 09:18:47 <05021441:多回線感知器用中繼器:未接續>12F:room
0874 P 2015-10-17 09:18:47 <05021441:多回線感知器用中繼器:未接續>12F:room
0875 P 2015-10-17 09:18:47 <05021441:多回線感知器用中繼器:未接續>12F:room
0876 P 2015-10-17 09:18:46 <05021441:多回線感知器用中繼器:未接續>12F:room
0877 P 2015-10-17 09:18:46 <05021441:多回線感知器用中繼器:未接續>12F:room
0878 P 2015-10-17 09:18:45 <05021441:多回線感知器用中繼器:未接續>12F:room
0879 P 2015-10-17 09:18:45 <05021441:多回線感知器用中繼器:未接續>12F:room
0880 P 2015-10-17 09:18:44 <05021441:多回線感知器用中繼器:未接續>12F:room
0881 P 2015-10-17 09:18:44 <05021441:多回線感知器用中繼器:未接續>12F:room
0882 P 2015-10-17 09:18:44 <05021441:多回線感知器用中繼器:未接續>12F:room
0883 P 2015-10-17 09:18:44 <05021441:多回線感知器用中繼器:未接續>12F:room
0884 P 2015-10-17 09:18:43 <05021441:多回線感知器用中繼器:未接續>12F:room
0885 P 2015-10-17 09:18:43 <05021441:多回線感知器用中繼器:未接續>12F:room
0886 P 2015-10-17 09:18:42 <05021441:多回線感知器用中繼器:未接續>12F:room
0887 P 2015-10-17 09:18:42 <05021441:多回線感知器用中繼器:未接續>12F:room
0888 P 2015-10-17 09:18:42 <05021441:多回線感知器用中繼器:未接續>12F:room
0889 P 2015-10-17 09:18:41 <05021441:多回線感知器用中繼器:未接續>12F:room
0890 P 2015-10-17 09:18:41 <05021441:多回線感知器用中繼器:未接續>12F:room
0891 P 2015-10-17 09:18:41 <05021441:多回線感知器用中繼器:未接續>12F:room
0892 P 2015-10-17 09:18:40 <05021441:多回線感知器用中繼器:未接續>12F:room
0893 P 2015-10-17 09:18:40 <05021441:多回線感知器用中繼器:未接續>12F:room
0894 P 2015-10-17 09:18:39 <05021441:多回線感知器用中繼器:未接續>12F:room
0895 P 2015-10-17 09:18:39 <05021441:多回線感知器用中繼器:未接續>12F:room
0896 P 2015-10-17 09:18:39 <05021441:多回線感知器用中繼器:未接續>12F:room
0897 P 2015-10-17 09:18:38 <05021441:多回線感知器用中繼器:未接續>12F:room
0898 P 2015-10-17 09:18:38 <05021441:多回線感知器用中繼器:未接續>12F:room
0899 P 2015-10-17 09:18:38 <05021441:多回線感知器用中繼器:未接續>12F:room
0900 P 2015-10-17 09:18:37 <05021441:多回線感知器用中繼器:未接續>12F:room
0901 P 2015-10-17 09:18:37 <05021441:多回線感知器用中繼器:未接續>12F:room
0902 P 2015-10-17 09:18:36 <05021441:多回線感知器用中繼器:未接續>12F:room
0903 P 2015-10-17 09:18:36 <05021441:多回線感知器用中繼器:未接續>12F:room
0904 P 2015-10-17 09:18:36 <05021441:多回線感知器用中繼器:未接續>12F:room
0905 P 2015-10-17 09:18:36 <05021441:多回線感知器用中繼器:未接續>12F:room
0906 P 2015-10-17 09:18:35 <05021441:多回線感知器用中繼器:未接續>12F:room
0907 P 2015-10-17 09:18:35 <05021441:多回線感知器用中繼器:未接續>12F:room
0908 P 2015-10-17 09:18:34 <05021441:多回線感知器用中繼器:未接續>12F:room
0909 P 2015-10-17 09:18:34 <05021441:多回線感知器用中繼器:未接續>12F:room
0910 P 2015-10-17 09:18:34 <05021441:多回線感知器用中繼器:未接續>12F:room
0911 P 2015-10-17 09:18:33 <05021441:多回線感知器用中繼器:未接續>12F:room
0912 P 2015-10-17 09:18:33 <05021441:多回線感知器用中繼器:未接續>12F:room
0913 P 2015-10-17 09:18:33 <05021441:多回線感知器用中繼器:未接續>12F:room
0914 P 2015-10-17 09:18:32 <05021441:多回線感知器用中繼器:未接續>12F:room
0915 P 2015-10-17 09:18:32 <05021441:多回線感知器用中繼器:未接續>12F:room
0916 P 2015-10-17 09:18:32 <05021441:多回線感知器用中繼器:未接續>12F:room
0917 P 2015-10-17 09:18:31 <05021441:多回線感知器用中繼器:未接續>12F:room
0918 P 2015-10-17 09:18:31 <05021441:多回線感知器用中繼器:未接續>12F:room
0919 P 2015-10-17 09:18:31 <05021441:多回線感知器用中繼器:未接續>12F:room
0920 P 2015-10-17 09:18:30 <05021441:多回線感知器用中繼器:未接續>12F:room
0921 P 2015-10-17 09:18:30 <05021441:多回線感知器用中繼器:未接續>12F:room
0922 P 2015-10-17 09:18:29 <05021441:多回線感知器用中繼器:未接續>12F:room
0923 P 2015-10-17 09:18:29 <05021441:多回線感知器用中繼器:未接續>12F:room
0924 P 2015-10-17 09:18:29 <05021441:多回線感知器用中繼器:未接續>12F:room
0925 P 2015-10-17 09:18:28 <05021441:多回線感知器用中繼器:未接續>12F:room
0926 P 2015-10-17 09:18:28 <05021441:多回線感知器用中繼器:未接續>12F:room
0927 P 2015-10-17 09:18:28 <05021441:多回線感知器用中繼器:未接續>12F:room
0928 P 2015-10-17 09:18:27 <05021441:多回線感知器用中繼器:未接續>12F:room
0929 P 2015-10-17 09:18:27 <05021441:多回線感知器用中繼器:未接續>12F:room
0930 P 2015-10-17 09:18:26 <05021441:多回線感知器用中繼器:未接續>12F:room
0931 P 2015-10-17 09:18:26 <05021441:多回線感知器用中繼器:未接續>12F:room
0932 P 2015-10-17 09:18:26 <05021441:多回線感知器用中繼器:未接續>12F:room
0933 P 2015-10-17 09:18:25 <05021441:多回線感知器用中繼器:未接續>12F:room
0934 P 2015-10-17 09:18:25 <05021441:多回線感知器用中繼器:未接續>12F:room
0935 P 2015-10-17 09:18:25 <05021441:多回線感知器用中繼器:未接續>12F:room
0936 P 2015-10-17 09:18:24 <05021441:多回線感知器用中繼器:未接續>12F:room
0937 P 2015-10-17 09:18:24 <05021441:多回線感知器用中繼器:未接續>12F:room
0938 P 2015-10-17 09:18:23 <05021441:多回線感知器用中繼器:未接續>12F:room
0939 P 2015-10-17 09:18:23 <05021441:多回線感知器用中繼器:未接續>12F:room
0940 P 2015-10-17 09:18:23 <05021441:多回線感知器用中繼器:未接續>12F:room
0941 P 2015-10-17 09:18:23 <05021441:多回線感知器用中繼器:未接續>12F:room
0942 P 2015-10-17 09:18:22 <05021441:多回線感知器用中繼器:未接續>12F:room
0943 P 2015-10-17 09:18:22 <05021441:多回線感知器用中繼器:未接續>12F:room
0944 P 2015-10-17 09:18:21 <05021441:多回線感知器用中繼器:未接續>12F:room
0945 P 2015-10-17 09:18:21 <05021441:多回線感知器用中繼器:未接續>12F:room
0946 P 2015-10-17 09:18:21 <05021441:多回線感知器用中繼器:未接續>12F:room
0947 P 2015-10-17 09:18:20 <05021441:多回線感知器用中繼器:未接續>12F:room
0948 P 2015-10-17 09:18:20 <05021441:多回線感知器用中繼器:未接續>12F:room
0949 P 2015-10-17 09:18:20 <05021441:多回線感知器用中繼器:未接續>12F:room
0950 P 2015-10-17 09:18:19 <05021441:多回線感知器用中繼器:未接續>12F:room
0951 P 2015-10-17 09:18:19 <05021441:多回線感知器用中繼器:未接續>12F:room
0952 P 2015-10-17 09:18:18 <05021441:多回線感知器用中繼器:未接續>12F:room
0953 P 2015-10-17 09:18:18 <05021441:多回線感知器用中繼器:未接續>12F:room
0954 P 2015-10-17 09:18:18 <05021441:多回線感知器用中繼器:未接續>12F:room
0955 P 2015-10-17 09:18:18 <05021441:多回線感知器用中繼器:未接續>12F:room
0956 P 2015-10-17 09:18:17 <05021441:多回線感知器用中繼器:未接續>12F:room
0957 P 2015-10-17 09:18:17 <05021441:多回線感知器用中繼器:未接續>12F:room
0958 P 2015-10-17 09:18:16 <05021441:多回線感知器用中繼器:未接續>12F:room
0959 P 2015-10-17 09:18:16 <05021441:多回線感知器用中繼器:未接續>12F:room
0960 P 2015-10-17 09:18:16 <05021441:多回線感知器用中繼器:未接續>12F:room
0961 P 2015-10-17 09:18:15 <05021441:多回線感知器用中繼器:未接續>12F:room
0962 P 2015-10-17 09:18:15 <05021441:多回線感知器用中繼器:未接續>12F:room
0963 P 2015-10-17 09:18:15 <05021441:多回線感知器用中繼器:未接續>12F:room
0964 G 2015-10-17 09:18:03 <連線中>
0965 G 2015-10-17 09:17:56 <未連線>
0966 G 2015-10-17 09:17:56 <監控系統開始>
0967 P 2015-10-16 19:27:50 <05021441:多回線感知器用中繼器:未接續>12F:room
0968 P 2015-10-16 19:27:50 <05021441:多回線感知器用中繼器:未接續>12F:room
0969 P 2015-10-16 19:27:49 <05021441:多回線感知器用中繼器:未接續>12F:room
0970 P 2015-10-16 19:27:49 <05021441:多回線感知器用中繼器:未接續>12F:room
0971 P 2015-10-16 19:27:48 <05021441:多回線感知器用中繼器:未接續>12F:room
0972 P 2015-10-16 19:27:48 <05021441:多回線感知器用中繼器:未接續>12F:room
0973 P 2015-10-16 19:27:48 <05021441:多回線感知器用中繼器:未接續>12F:room
0974 P 2015-10-16 19:27:47 <05021441:多回線感知器用中繼器:未接續>12F:room
0975 P 2015-10-16 19:27:47 <05021441:多回線感知器用中繼器:未接續>12F:room
0976 P 2015-10-16 19:27:47 <05021441:多回線感知器用中繼器:未接續>12F:room
0977 P 2015-10-16 19:27:46 <05021441:多回線感知器用中繼器:未接續>12F:room
0978 P 2015-10-16 19:27:46 <05021441:多回線感知器用中繼器:未接續>12F:room
0979 P 2015-10-16 19:27:45 <05021441:多回線感知器用中繼器:未接續>12F:room
0980 P 2015-10-16 19:27:45 <05021441:多回線感知器用中繼器:未接續>12F:room
0981 P 2015-10-16 19:27:45 <05021441:多回線感知器用中繼器:未接續>12F:room
0982 P 2015-10-16 19:27:45 <05021441:多回線感知器用中繼器:未接續>12F:room
0983 P 2015-10-16 19:27:44 <05021441:多回線感知器用中繼器:未接續>12F:room
0984 P 2015-10-16 19:27:44 <05021441:多回線感知器用中繼器:未接續>12F:room
0985 P 2015-10-16 19:27:43 <05021441:多回線感知器用中繼器:未接續>12F:room
0986 P 2015-10-16 19:27:43 <05021441:多回線感知器用中繼器:未接續>12F:room
0987 P 2015-10-16 19:27:43 <05021441:多回線感知器用中繼器:未接續>12F:room
0988 P 2015-10-16 19:27:42 <05021441:多回線感知器用中繼器:未接續>12F:room
0989 P 2015-10-16 19:27:42 <05021441:多回線感知器用中繼器:未接續>12F:room
0990 P 2015-10-16 19:27:42 <05021441:多回線感知器用中繼器:未接續>12F:room
0991 P 2015-10-16 19:27:41 <05021441:多回線感知器用中繼器:未接續>12F:room
0992 P 2015-10-16 19:27:41 <05021441:多回線感知器用中繼器:未接續>12F:room
0993 P 2015-10-16 19:27:41 <05021441:多回線感知器用中繼器:未接續>12F:room
0994 P 2015-10-16 19:27:40 <05021441:多回線感知器用中繼器:未接續>12F:room
0995 P 2015-10-16 19:27:40 <05021441:多回線感知器用中繼器:未接續>12F:room
0996 P 2015-10-16 19:27:40 <05021441:多回線感知器用中繼器:未接續>12F:room
0997 P 2015-10-16 19:27:39 <05021441:多回線感知器用中繼器:未接續>12F:room
0998 P 2015-10-16 19:27:39 <05021441:多回線感知器用中繼器:未接續>12F:room
0999 P 2015-10-16 19:27:38 <05021441:多回線感知器用中繼器:未接續>12F:room
1000 P 2015-10-16 19:27:38 <05021441:多回線感知器用中繼器:未接續>12F:room
1001 P 2015-10-16 19:27:38 <05021441:多回線感知器用中繼器:未接續>12F:room
1002 P 2015-10-16 19:27:37 <05021441:多回線感知器用中繼器:未接續>12F:room
1003 P 2015-10-16 19:27:37 <05021441:多回線感知器用中繼器:未接續>12F:room
1004 P 2015-10-16 19:27:37 <05021441:多回線感知器用中繼器:未接續>12F:room
1005 P 2015-10-16 19:27:36 <05021441:多回線感知器用中繼器:未接續>12F:room
1006 P 2015-10-16 19:27:36 <05021441:多回線感知器用中繼器:未接續>12F:room
1007 P 2015-10-16 19:27:35 <05021441:多回線感知器用中繼器:未接續>12F:room
1008 P 2015-10-16 19:27:35 <05021441:多回線感知器用中繼器:未接續>12F:room
1009 P 2015-10-16 19:27:35 <05021441:多回線感知器用中繼器:未接續>12F:room
1010 P 2015-10-16 19:27:34 <05021441:多回線感知器用中繼器:未接續>12F:room
1011 P 2015-10-16 19:27:34 <05021441:多回線感知器用中繼器:未接續>12F:room
1012 P 2015-10-16 19:27:34 <05021441:多回線感知器用中繼器:未接續>12F:room
1013 P 2015-10-16 19:27:33 <05021441:多回線感知器用中繼器:未接續>12F:room
1014 P 2015-10-16 19:27:33 <05021441:多回線感知器用中繼器:未接續>12F:room
1015 P 2015-10-16 19:27:33 <05021441:多回線感知器用中繼器:未接續>12F:room
1016 P 2015-10-16 19:27:32 <05021441:多回線感知器用中繼器:未接續>12F:room
1017 P 2015-10-16 19:27:32 <05021441:多回線感知器用中繼器:未接續>12F:room
1018 P 2015-10-16 19:27:32 <05021441:多回線感知器用中繼器:未接續>12F:room
1019 P 2015-10-16 19:27:31 <05021441:多回線感知器用中繼器:未接續>12F:room
1020 P 2015-10-16 19:27:31 <05021441:多回線感知器用中繼器:未接續>12F:room
1021 P 2015-10-16 19:27:30 <05021441:多回線感知器用中繼器:未接續>12F:room
1022 P 2015-10-16 19:27:30 <05021441:多回線感知器用中繼器:未接續>12F:room
1023 P 2015-10-16 19:27:30 <05021441:多回線感知器用中繼器:未接續>12F:room
1024 P 2015-10-16 19:27:29 <05021441:多回線感知器用中繼器:未接續>12F:room
1025 P 2015-10-16 19:27:29 <05021441:多回線感知器用中繼器:未接續>12F:room
1026 P 2015-10-16 19:27:29 <05021441:多回線感知器用中繼器:未接續>12F:room
1027 P 2015-10-16 19:27:28 <05021441:多回線感知器用中繼器:未接續>12F:room
1028 P 2015-10-16 19:27:28 <05021441:多回線感知器用中繼器:未接續>12F:room
1029 P 2015-10-16 19:27:27 <05021441:多回線感知器用中繼器:未接續>12F:room
1030 P 2015-10-16 19:27:27 <05021441:多回線感知器用中繼器:未接續>12F:room
1031 P 2015-10-16 19:27:27 <05021441:多回線感知器用中繼器:未接續>12F:room
1032 P 2015-10-16 19:27:27 <05021441:多回線感知器用中繼器:未接續>12F:room
1033 P 2015-10-16 19:27:26 <05021441:多回線感知器用中繼器:未接續>12F:room
1034 P 2015-10-16 19:27:26 <05021441:多回線感知器用中繼器:未接續>12F:room
1035 P 2015-10-16 19:27:25 <05021441:多回線感知器用中繼器:未接續>12F:room
1036 P 2015-10-16 19:27:25 <05021441:多回線感知器用中繼器:未接續>12F:room
1037 P 2015-10-16 19:27:25 <05021441:多回線感知器用中繼器:未接續>12F:room
1038 P 2015-10-16 19:27:24 <05021441:多回線感知器用中繼器:未接續>12F:room
1039 P 2015-10-16 19:27:24 <05021441:多回線感知器用中繼器:未接續>12F:room
1040 P 2015-10-16 19:27:24 <05021441:多回線感知器用中繼器:未接續>12F:room
1041 P 2015-10-16 19:27:23 <05021441:多回線感知器用中繼器:未接續>12F:room
1042 P 2015-10-16 19:27:23 <05021441:多回線感知器用中繼器:未接續>12F:room
1043 P 2015-10-16 19:27:23 <05021441:多回線感知器用中繼器:未接續>12F:room
1044 P 2015-10-16 19:27:22 <05021441:多回線感知器用中繼器:未接續>12F:room
1045 P 2015-10-16 19:27:22 <05021441:多回線感知器用中繼器:未接續>12F:room
1046 P 2015-10-16 19:27:22 <05021441:多回線感知器用中繼器:未接續>12F:room
1047 P 2015-10-16 19:27:21 <05021441:多回線感知器用中繼器:未接續>12F:room
1048 P 2015-10-16 19:27:21 <05021441:多回線感知器用中繼器:未接續>12F:room
1049 P 2015-10-16 19:27:20 <05021441:多回線感知器用中繼器:未接續>12F:room
1050 P 2015-10-16 19:27:20 <05021441:多回線感知器用中繼器:未接續>12F:room
1051 P 2015-10-16 19:27:19 <05021441:多回線感知器用中繼器:未接續>12F:room
1052 P 2015-10-16 19:27:19 <05021441:多回線感知器用中繼器:未接續>12F:room
1053 P 2015-10-16 19:27:19 <05021441:多回線感知器用中繼器:未接續>12F:room
1054 P 2015-10-16 19:27:18 <05021441:多回線感知器用中繼器:未接續>12F:room
1055 P 2015-10-16 19:27:18 <05021441:多回線感知器用中繼器:未接續>12F:room
1056 P 2015-10-16 19:27:18 <05021441:多回線感知器用中繼器:未接續>12F:room
1057 P 2015-10-16 19:27:17 <05021441:多回線感知器用中繼器:未接續>12F:room
1058 P 2015-10-16 19:27:17 <05021441:多回線感知器用中繼器:未接續>12F:room
1059 P 2015-10-16 19:27:17 <05021441:多回線感知器用中繼器:未接續>12F:room
1060 P 2015-10-16 19:27:16 <05021441:多回線感知器用中繼器:未接續>12F:room
1061 P 2015-10-16 19:27:16 <05021441:多回線感知器用中繼器:未接續>12F:room
1062 P 2015-10-16 19:27:16 <05021441:多回線感知器用中繼器:未接續>12F:room
1063 P 2015-10-16 19:27:15 <05021441:多回線感知器用中繼器:未接續>12F:room
1064 P 2015-10-16 19:27:15 <05021441:多回線感知器用中繼器:未接續>12F:room
1065 P 2015-10-16 19:27:15 <05021441:多回線感知器用中繼器:未接續>12F:room
1066 P 2015-10-16 19:27:14 <05021441:多回線感知器用中繼器:未接續>12F:room
1067 G 2015-10-16 19:27:07 <連線中>
1068 G 2015-10-16 19:27:01 <未連線>
1069 G 2015-10-16 19:27:01 <監控系統開始>
1070 G 2015-10-16 19:26:12 <監控系統結束>
1071 P 2015-10-16 19:25:10 <找不到點 :05021441>
1072 P 2015-10-16 19:25:10 <找不到點 :05021441>
1073 P 2015-10-16 19:25:07 <找不到點 :05021441>
1074 P 2015-10-16 19:25:07 <找不到點 :05021441>
1075 P 2015-10-16 19:25:06 <找不到點 :05021441>
1076 P 2015-10-16 19:25:06 <找不到點 :05021441>
1077 P 2015-10-16 19:25:05 <找不到點 :05021441>
1078 P 2015-10-16 19:25:02 <找不到點 :05021441>
1079 P 2015-10-16 19:25:00 <找不到點 :05021441>
1080 P 2015-10-16 19:24:58 <找不到點 :05021441>
1081 P 2015-10-16 19:24:52 <找不到點 :05021441>
1082 P 2015-10-16 19:24:51 <找不到點 :05021441>
1083 P 2015-10-16 19:24:50 <找不到點 :05021441>
1084 P 2015-10-16 19:24:47 <找不到點 :05021441>
1085 P 2015-10-16 19:24:47 <找不到點 :05021441>
1086 P 2015-10-16 19:24:46 <找不到點 :05021441>
1087 P 2015-10-16 19:24:46 <找不到點 :05021441>
1088 P 2015-10-16 19:24:45 <找不到點 :05021441>
1089 P 2015-10-16 19:24:44 <找不到點 :05021441>
1090 P 2015-10-16 19:24:43 <找不到點 :05021441>
1091 P 2015-10-16 19:24:39 <找不到點 :05021441>
1092 P 2015-10-16 19:24:38 <找不到點 :05021441>
1093 P 2015-10-16 19:24:37 <找不到點 :05021441>
1094 P 2015-10-16 19:23:54 <05021441:多回線感知器用中繼器:未接續>
1095 P 2015-10-16 19:23:53 <05021441:多回線感知器用中繼器:未接續>
1096 P 2015-10-16 19:23:53 <05021441:多回線感知器用中繼器:未接續>
1097 P 2015-10-16 19:23:53 <05021441:多回線感知器用中繼器:未接續>
1098 P 2015-10-16 19:23:52 <05021441:多回線感知器用中繼器:未接續>
1099 P 2015-10-16 19:23:52 <05021441:多回線感知器用中繼器:未接續>
1100 P 2015-10-16 19:23:52 <05021441:多回線感知器用中繼器:未接續>
1101 P 2015-10-16 19:23:51 <05021441:多回線感知器用中繼器:未接續>
1102 P 2015-10-16 19:23:51 <05021441:多回線感知器用中繼器:未接續>
1103 P 2015-10-16 19:23:51 <05021441:多回線感知器用中繼器:未接續>
1104 P 2015-10-16 19:23:50 <05021441:多回線感知器用中繼器:未接續>
1105 P 2015-10-16 19:23:50 <05021441:多回線感知器用中繼器:未接續>
1106 P 2015-10-16 19:23:49 <05021441:多回線感知器用中繼器:未接續>
1107 P 2015-10-16 19:23:49 <05021441:多回線感知器用中繼器:未接續>
1108 P 2015-10-16 19:23:49 <05021441:多回線感知器用中繼器:未接續>
1109 P 2015-10-16 19:23:48 <05021441:多回線感知器用中繼器:未接續>
1110 P 2015-10-16 19:23:48 <05021441:多回線感知器用中繼器:未接續>
1111 P 2015-10-16 19:23:48 <05021441:多回線感知器用中繼器:未接續>
1112 P 2015-10-16 19:23:47 <05021441:多回線感知器用中繼器:未接續>
1113 P 2015-10-16 19:23:47 <05021441:多回線感知器用中繼器:未接續>
1114 P 2015-10-16 19:23:46 <05021441:多回線感知器用中繼器:未接續>
1115 P 2015-10-16 19:23:46 <05021441:多回線感知器用中繼器:未接續>
1116 P 2015-10-16 19:23:46 <05021441:多回線感知器用中繼器:未接續>
1117 P 2015-10-16 19:23:46 <05021441:多回線感知器用中繼器:未接續>
1118 P 2015-10-16 19:23:45 <05021441:多回線感知器用中繼器:未接續>
1119 P 2015-10-16 19:23:45 <05021441:多回線感知器用中繼器:未接續>
1120 P 2015-10-16 19:23:44 <05021441:多回線感知器用中繼器:未接續>
1121 P 2015-10-16 19:23:44 <05021441:多回線感知器用中繼器:未接續>
1122 P 2015-10-16 19:23:43 <05021441:多回線感知器用中繼器:未接續>
1123 P 2015-10-16 19:23:43 <05021441:多回線感知器用中繼器:未接續>
1124 P 2015-10-16 19:23:43 <05021441:多回線感知器用中繼器:未接續>
1125 P 2015-10-16 19:23:43 <05021441:多回線感知器用中繼器:未接續>
1126 P 2015-10-16 19:23:42 <05021441:多回線感知器用中繼器:未接續>
1127 P 2015-10-16 19:23:42 <05021441:多回線感知器用中繼器:未接續>
1128 P 2015-10-16 19:23:41 <05021441:多回線感知器用中繼器:未接續>
1129 P 2015-10-16 19:23:41 <05021441:多回線感知器用中繼器:未接續>
1130 P 2015-10-16 19:23:41 <05021441:多回線感知器用中繼器:未接續>
1131 P 2015-10-16 19:23:40 <05021441:多回線感知器用中繼器:未接續>
1132 P 2015-10-16 19:23:40 <05021441:多回線感知器用中繼器:未接續>
1133 P 2015-10-16 19:23:40 <05021441:多回線感知器用中繼器:未接續>
1134 P 2015-10-16 19:23:39 <05021441:多回線感知器用中繼器:未接續>
1135 P 2015-10-16 19:23:39 <05021441:多回線感知器用中繼器:未接續>
1136 P 2015-10-16 19:23:38 <05021441:多回線感知器用中繼器:未接續>
1137 P 2015-10-16 19:23:38 <05021441:多回線感知器用中繼器:未接續>
1138 P 2015-10-16 19:23:38 <05021441:多回線感知器用中繼器:未接續>
1139 P 2015-10-16 19:23:37 <05021441:多回線感知器用中繼器:未接續>
1140 P 2015-10-16 19:23:37 <05021441:多回線感知器用中繼器:未接續>
1141 P 2015-10-16 19:23:37 <05021441:多回線感知器用中繼器:未接續>
1142 P 2015-10-16 19:23:36 <05021441:多回線感知器用中繼器:未接續>
1143 P 2015-10-16 19:23:36 <05021441:多回線感知器用中繼器:未接續>
1144 P 2015-10-16 19:23:36 <05021441:多回線感知器用中繼器:未接續>
1145 P 2015-10-16 19:23:35 <05021441:多回線感知器用中繼器:未接續>
1146 P 2015-10-16 19:23:35 <05021441:多回線感知器用中繼器:未接續>
1147 P 2015-10-16 19:23:35 <05021441:多回線感知器用中繼器:未接續>
1148 P 2015-10-16 19:23:34 <05021441:多回線感知器用中繼器:未接續>
1149 P 2015-10-16 19:23:34 <05021441:多回線感知器用中繼器:未接續>
1150 P 2015-10-16 19:23:34 <05021441:多回線感知器用中繼器:未接續>
1151 P 2015-10-16 19:23:33 <05021441:多回線感知器用中繼器:未接續>
1152 P 2015-10-16 19:23:33 <05021441:多回線感知器用中繼器:未接續>
1153 P 2015-10-16 19:23:33 <05021441:多回線感知器用中繼器:未接續>
1154 P 2015-10-16 19:23:32 <05021441:多回線感知器用中繼器:未接續>
1155 P 2015-10-16 19:23:32 <05021441:多回線感知器用中繼器:未接續>
1156 P 2015-10-16 19:23:31 <05021441:多回線感知器用中繼器:未接續>
1157 P 2015-10-16 19:23:31 <05021441:多回線感知器用中繼器:未接續>
1158 P 2015-10-16 19:23:31 <05021441:多回線感知器用中繼器:未接續>
1159 P 2015-10-16 19:23:30 <05021441:多回線感知器用中繼器:未接續>
1160 P 2015-10-16 19:23:30 <05021441:多回線感知器用中繼器:未接續>
1161 P 2015-10-16 19:23:30 <05021441:多回線感知器用中繼器:未接續>
1162 P 2015-10-16 19:23:29 <05021441:多回線感知器用中繼器:未接續>
1163 P 2015-10-16 19:23:29 <05021441:多回線感知器用中繼器:未接續>
1164 P 2015-10-16 19:23:28 <05021441:多回線感知器用中繼器:未接續>
1165 P 2015-10-16 19:23:28 <05021441:多回線感知器用中繼器:未接續>
1166 P 2015-10-16 19:23:28 <05021441:多回線感知器用中繼器:未接續>
1167 P 2015-10-16 19:23:27 <05021441:多回線感知器用中繼器:未接續>
1168 P 2015-10-16 19:23:27 <05021441:多回線感知器用中繼器:未接續>
1169 P 2015-10-16 19:23:27 <05021441:多回線感知器用中繼器:未接續>
1170 P 2015-10-16 19:23:26 <05021441:多回線感知器用中繼器:未接續>
1171 P 2015-10-16 19:23:26 <05021441:多回線感知器用中繼器:未接續>
1172 P 2015-10-16 19:23:25 <05021441:多回線感知器用中繼器:未接續>
1173 P 2015-10-16 19:23:25 <05021441:多回線感知器用中繼器:未接續>
1174 P 2015-10-16 19:23:25 <05021441:多回線感知器用中繼器:未接續>
1175 P 2015-10-16 19:23:25 <05021441:多回線感知器用中繼器:未接續>
1176 P 2015-10-16 19:23:24 <05021441:多回線感知器用中繼器:未接續>
1177 P 2015-10-16 19:23:24 <05021441:多回線感知器用中繼器:未接續>
1178 P 2015-10-16 19:23:23 <05021441:多回線感知器用中繼器:未接續>
1179 P 2015-10-16 19:23:23 <05021441:多回線感知器用中繼器:未接續>
1180 P 2015-10-16 19:23:23 <05021441:多回線感知器用中繼器:未接續>
1181 P 2015-10-16 19:23:22 <05021441:多回線感知器用中繼器:未接續>
1182 P 2015-10-16 19:23:22 <05021441:多回線感知器用中繼器:未接續>
1183 P 2015-10-16 19:23:22 <05021441:多回線感知器用中繼器:未接續>
1184 P 2015-10-16 19:23:21 <05021441:多回線感知器用中繼器:未接續>
1185 P 2015-10-16 19:23:21 <05021441:多回線感知器用中繼器:未接續>
1186 P 2015-10-16 19:23:20 <05021441:多回線感知器用中繼器:未接續>
1187 P 2015-10-16 19:23:20 <05021441:多回線感知器用中繼器:未接續>
1188 P 2015-10-16 19:23:20 <05021441:多回線感知器用中繼器:未接續>
1189 P 2015-10-16 19:23:19 <05021441:多回線感知器用中繼器:未接續>
1190 P 2015-10-16 19:23:19 <05021441:多回線感知器用中繼器:未接續>
1191 P 2015-10-16 19:23:19 <05021441:多回線感知器用中繼器:未接續>
1192 P 2015-10-16 19:23:18 <05021441:多回線感知器用中繼器:未接續>
1193 P 2015-10-16 19:23:18 <05021441:多回線感知器用中繼器:未接續>
1194 G 2015-10-16 19:23:13 <連線中>
1195 G 2015-10-16 19:23:05 <未連線>
1196 G 2015-10-16 19:23:05 <監控系統開始>
1197 P 2015-10-16 19:19:32 <找不到點 :05021441>
1198 P 2015-10-16 19:19:31 <找不到點 :05021441>
1199 P 2015-10-16 19:19:20 <05021441:多回線感知器用中繼器:未接續>
1200 P 2015-10-16 19:19:20 <05021441:多回線感知器用中繼器:未接續>
1201 P 2015-10-16 19:19:20 <05021441:多回線感知器用中繼器:未接續>
1202 P 2015-10-16 19:19:20 <05021441:多回線感知器用中繼器:未接續>
1203 P 2015-10-16 19:19:19 <05021441:多回線感知器用中繼器:未接續>
1204 P 2015-10-16 19:19:19 <05021441:多回線感知器用中繼器:未接續>
1205 P 2015-10-16 19:19:18 <05021441:多回線感知器用中繼器:未接續>
1206 P 2015-10-16 19:19:18 <05021441:多回線感知器用中繼器:未接續>
1207 P 2015-10-16 19:19:18 <05021441:多回線感知器用中繼器:未接續>
1208 P 2015-10-16 19:19:17 <05021441:多回線感知器用中繼器:未接續>
1209 P 2015-10-16 19:19:17 <05021441:多回線感知器用中繼器:未接續>
1210 P 2015-10-16 19:19:17 <05021441:多回線感知器用中繼器:未接續>
1211 P 2015-10-16 19:19:16 <05021441:多回線感知器用中繼器:未接續>
1212 P 2015-10-16 19:19:16 <05021441:多回線感知器用中繼器:未接續>
1213 P 2015-10-16 19:19:16 <05021441:多回線感知器用中繼器:未接續>
1214 P 2015-10-16 19:19:15 <05021441:多回線感知器用中繼器:未接續>
1215 P 2015-10-16 19:19:15 <05021441:多回線感知器用中繼器:未接續>
1216 P 2015-10-16 19:19:14 <05021441:多回線感知器用中繼器:未接續>
1217 P 2015-10-16 19:19:14 <05021441:多回線感知器用中繼器:未接續>
1218 P 2015-10-16 19:19:14 <05021441:多回線感知器用中繼器:未接續>
1219 P 2015-10-16 19:19:13 <05021441:多回線感知器用中繼器:未接續>
1220 P 2015-10-16 19:19:13 <05021441:多回線感知器用中繼器:未接續>
1221 P 2015-10-16 19:19:12 <05021441:多回線感知器用中繼器:未接續>
1222 P 2015-10-16 19:19:12 <05021441:多回線感知器用中繼器:未接續>
1223 P 2015-10-16 19:19:12 <05021441:多回線感知器用中繼器:未接續>
1224 P 2015-10-16 19:19:11 <05021441:多回線感知器用中繼器:未接續>
1225 P 2015-10-16 19:19:11 <05021441:多回線感知器用中繼器:未接續>
1226 P 2015-10-16 19:19:11 <05021441:多回線感知器用中繼器:未接續>
1227 P 2015-10-16 19:19:10 <05021441:多回線感知器用中繼器:未接續>
1228 P 2015-10-16 19:19:10 <05021441:多回線感知器用中繼器:未接續>
1229 P 2015-10-16 19:19:10 <05021441:多回線感知器用中繼器:未接續>
1230 P 2015-10-16 19:19:09 <05021441:多回線感知器用中繼器:未接續>
1231 P 2015-10-16 19:19:09 <05021441:多回線感知器用中繼器:未接續>
1232 P 2015-10-16 19:19:09 <05021441:多回線感知器用中繼器:未接續>
1233 P 2015-10-16 19:19:08 <05021441:多回線感知器用中繼器:未接續>
1234 P 2015-10-16 19:19:08 <05021441:多回線感知器用中繼器:未接續>
1235 P 2015-10-16 19:19:07 <05021441:多回線感知器用中繼器:未接續>
1236 P 2015-10-16 19:19:07 <05021441:多回線感知器用中繼器:未接續>
1237 P 2015-10-16 19:19:07 <05021441:多回線感知器用中繼器:未接續>
1238 P 2015-10-16 19:19:07 <05021441:多回線感知器用中繼器:未接續>
1239 P 2015-10-16 19:19:06 <05021441:多回線感知器用中繼器:未接續>
1240 P 2015-10-16 19:19:06 <05021441:多回線感知器用中繼器:未接續>
1241 P 2015-10-16 19:19:05 <05021441:多回線感知器用中繼器:未接續>
1242 P 2015-10-16 19:19:05 <05021441:多回線感知器用中繼器:未接續>
1243 P 2015-10-16 19:19:05 <05021441:多回線感知器用中繼器:未接續>
1244 P 2015-10-16 19:19:04 <05021441:多回線感知器用中繼器:未接續>
1245 P 2015-10-16 19:19:04 <05021441:多回線感知器用中繼器:未接續>
1246 P 2015-10-16 19:19:04 <05021441:多回線感知器用中繼器:未接續>
1247 P 2015-10-16 19:19:03 <05021441:多回線感知器用中繼器:未接續>
1248 P 2015-10-16 19:19:03 <05021441:多回線感知器用中繼器:未接續>
1249 P 2015-10-16 19:19:02 <05021441:多回線感知器用中繼器:未接續>
1250 P 2015-10-16 19:19:02 <05021441:多回線感知器用中繼器:未接續>
1251 P 2015-10-16 19:19:02 <05021441:多回線感知器用中繼器:未接續>
1252 P 2015-10-16 19:19:02 <05021441:多回線感知器用中繼器:未接續>
1253 P 2015-10-16 19:19:01 <05021441:多回線感知器用中繼器:未接續>
1254 P 2015-10-16 19:19:01 <05021441:多回線感知器用中繼器:未接續>
1255 P 2015-10-16 19:19:00 <05021441:多回線感知器用中繼器:未接續>
1256 P 2015-10-16 19:19:00 <05021441:多回線感知器用中繼器:未接續>
1257 P 2015-10-16 19:18:59 <05021441:多回線感知器用中繼器:未接續>
1258 P 2015-10-16 19:18:59 <05021441:多回線感知器用中繼器:未接續>
1259 P 2015-10-16 19:18:59 <05021441:多回線感知器用中繼器:未接續>
1260 P 2015-10-16 19:18:59 <05021441:多回線感知器用中繼器:未接續>
1261 P 2015-10-16 19:18:58 <05021441:多回線感知器用中繼器:未接續>
1262 P 2015-10-16 19:18:58 <05021441:多回線感知器用中繼器:未接續>
1263 P 2015-10-16 19:18:57 <05021441:多回線感知器用中繼器:未接續>
1264 P 2015-10-16 19:18:57 <05021441:多回線感知器用中繼器:未接續>
1265 P 2015-10-16 19:18:57 <05021441:多回線感知器用中繼器:未接續>
1266 P 2015-10-16 19:18:56 <05021441:多回線感知器用中繼器:未接續>
1267 P 2015-10-16 19:18:56 <05021441:多回線感知器用中繼器:未接續>
1268 P 2015-10-16 19:18:56 <05021441:多回線感知器用中繼器:未接續>
1269 P 2015-10-16 19:18:55 <05021441:多回線感知器用中繼器:未接續>
1270 P 2015-10-16 19:18:55 <05021441:多回線感知器用中繼器:未接續>
1271 P 2015-10-16 19:18:54 <05021441:多回線感知器用中繼器:未接續>
1272 P 2015-10-16 19:18:54 <05021441:多回線感知器用中繼器:未接續>
1273 P 2015-10-16 19:18:54 <05021441:多回線感知器用中繼器:未接續>
1274 P 2015-10-16 19:18:53 <05021441:多回線感知器用中繼器:未接續>
1275 P 2015-10-16 19:18:53 <05021441:多回線感知器用中繼器:未接續>
1276 P 2015-10-16 19:18:53 <05021441:多回線感知器用中繼器:未接續>
1277 P 2015-10-16 19:18:52 <05021441:多回線感知器用中繼器:未接續>
1278 P 2015-10-16 19:18:52 <05021441:多回線感知器用中繼器:未接續>
1279 P 2015-10-16 19:18:52 <05021441:多回線感知器用中繼器:未接續>
1280 P 2015-10-16 19:18:51 <05021441:多回線感知器用中繼器:未接續>
1281 P 2015-10-16 19:18:51 <05021441:多回線感知器用中繼器:未接續>
1282 P 2015-10-16 19:18:51 <05021441:多回線感知器用中繼器:未接續>
1283 P 2015-10-16 19:18:50 <05021441:多回線感知器用中繼器:未接續>
1284 P 2015-10-16 19:18:50 <05021441:多回線感知器用中繼器:未接續>
1285 P 2015-10-16 19:18:49 <05021441:多回線感知器用中繼器:未接續>
1286 P 2015-10-16 19:18:49 <05021441:多回線感知器用中繼器:未接續>
1287 P 2015-10-16 19:18:49 <05021441:多回線感知器用中繼器:未接續>
1288 P 2015-10-16 19:18:49 <05021441:多回線感知器用中繼器:未接續>
1289 P 2015-10-16 19:18:48 <05021441:多回線感知器用中繼器:未接續>
1290 P 2015-10-16 19:18:48 <05021441:多回線感知器用中繼器:未接續>
1291 P 2015-10-16 19:18:47 <05021441:多回線感知器用中繼器:未接續>
1292 P 2015-10-16 19:18:47 <05021441:多回線感知器用中繼器:未接續>
1293 P 2015-10-16 19:18:47 <05021441:多回線感知器用中繼器:未接續>
1294 P 2015-10-16 19:18:46 <05021441:多回線感知器用中繼器:未接續>
1295 P 2015-10-16 19:18:46 <05021441:多回線感知器用中繼器:未接續>
1296 P 2015-10-16 19:18:45 <05021441:多回線感知器用中繼器:未接續>
1297 P 2015-10-16 19:18:45 <05021441:多回線感知器用中繼器:未接續>
1298 P 2015-10-16 19:18:45 <05021441:多回線感知器用中繼器:未接續>
1299 G 2015-10-16 19:18:38 <連線中>
1300 G 2015-10-16 19:18:32 <未連線>
1301 G 2015-10-16 19:18:32 <監控系統開始>
1302 G 2015-10-16 10:53:40 <監控系統結束>
1303 G 2015-10-16 10:35:17 <連線中>
1304 G 2015-10-16 10:35:11 <未連線>
1305 G 2015-10-16 10:35:11 <監控系統開始>
1306 G 2015-10-16 10:33:57 <監控系統結束>
1307 P 2015-10-16 10:32:11 <05021441:多回線感知器用中繼器:未接續>
1308 P 2015-10-16 10:32:10 <05021441:多回線感知器用中繼器:未接續>
1309 P 2015-10-16 10:32:09 <05021441:多回線感知器用中繼器:未接續>
1310 P 2015-10-16 10:32:09 <05021441:多回線感知器用中繼器:未接續>
1311 P 2015-10-16 10:32:08 <05021441:多回線感知器用中繼器:未接續>
1312 P 2015-10-16 10:32:08 <05021441:多回線感知器用中繼器:未接續>
1313 P 2015-10-16 10:32:07 <05021441:多回線感知器用中繼器:未接續>
1314 P 2015-10-16 10:32:07 <05021441:多回線感知器用中繼器:未接續>
1315 P 2015-10-16 10:32:06 <05021441:多回線感知器用中繼器:未接續>
1316 P 2015-10-16 10:32:06 <05021441:多回線感知器用中繼器:未接續>
1317 P 2015-10-16 10:32:05 <05021441:多回線感知器用中繼器:未接續>
1318 P 2015-10-16 10:32:05 <05021441:多回線感知器用中繼器:未接續>
1319 P 2015-10-16 10:32:04 <05021441:多回線感知器用中繼器:未接續>
1320 P 2015-10-16 10:32:03 <05021441:多回線感知器用中繼器:未接續>
1321 P 2015-10-16 10:32:03 <05021441:多回線感知器用中繼器:未接續>
1322 P 2015-10-16 10:32:02 <05021441:多回線感知器用中繼器:未接續>
1323 P 2015-10-16 10:32:02 <05021441:多回線感知器用中繼器:未接續>
1324 P 2015-10-16 10:32:01 <05021441:多回線感知器用中繼器:未接續>
1325 P 2015-10-16 10:32:01 <05021441:多回線感知器用中繼器:未接續>
1326 P 2015-10-16 10:32:00 <05021441:多回線感知器用中繼器:未接續>
1327 P 2015-10-16 10:31:59 <05021441:多回線感知器用中繼器:未接續>
1328 P 2015-10-16 10:31:59 <05021441:多回線感知器用中繼器:未接續>
1329 P 2015-10-16 10:31:58 <05021441:多回線感知器用中繼器:未接續>
1330 P 2015-10-16 10:31:58 <05021441:多回線感知器用中繼器:未接續>
1331 P 2015-10-16 10:31:57 <05021441:多回線感知器用中繼器:未接續>
1332 P 2015-10-16 10:31:57 <05021441:多回線感知器用中繼器:未接續>
1333 P 2015-10-16 10:31:56 <05021441:多回線感知器用中繼器:未接續>
1334 P 2015-10-16 10:31:56 <05021441:多回線感知器用中繼器:未接續>
1335 P 2015-10-16 10:31:55 <05021441:多回線感知器用中繼器:未接續>
1336 P 2015-10-16 10:31:55 <05021441:多回線感知器用中繼器:未接續>
1337 P 2015-10-16 10:31:54 <05021441:多回線感知器用中繼器:未接續>
1338 P 2015-10-16 10:31:54 <05021441:多回線感知器用中繼器:未接續>
1339 P 2015-10-16 10:31:53 <05021441:多回線感知器用中繼器:未接續>
1340 P 2015-10-16 10:31:52 <05021441:多回線感知器用中繼器:未接續>
1341 P 2015-10-16 10:31:52 <05021441:多回線感知器用中繼器:未接續>
1342 P 2015-10-16 10:31:51 <05021441:多回線感知器用中繼器:未接續>
1343 P 2015-10-16 10:31:51 <05021441:多回線感知器用中繼器:未接續>
1344 P 2015-10-16 10:31:50 <05021441:多回線感知器用中繼器:未接續>
1345 P 2015-10-16 10:31:50 <05021441:多回線感知器用中繼器:未接續>
1346 P 2015-10-16 10:31:49 <05021441:多回線感知器用中繼器:未接續>
1347 P 2015-10-16 10:31:49 <05021441:多回線感知器用中繼器:未接續>
1348 P 2015-10-16 10:31:48 <05021441:多回線感知器用中繼器:未接續>
1349 P 2015-10-16 10:31:48 <05021441:多回線感知器用中繼器:未接續>
1350 P 2015-10-16 10:31:47 <05021441:多回線感知器用中繼器:未接續>
1351 P 2015-10-16 10:31:46 <05021441:多回線感知器用中繼器:未接續>
1352 P 2015-10-16 10:31:46 <05021441:多回線感知器用中繼器:未接續>
1353 P 2015-10-16 10:31:45 <05021441:多回線感知器用中繼器:未接續>
1354 P 2015-10-16 10:31:45 <05021441:多回線感知器用中繼器:未接續>
1355 P 2015-10-16 10:31:44 <05021441:多回線感知器用中繼器:未接續>
1356 P 2015-10-16 10:31:44 <05021441:多回線感知器用中繼器:未接續>
1357 P 2015-10-16 10:31:43 <05021441:多回線感知器用中繼器:未接續>
1358 P 2015-10-16 10:31:42 <05021441:多回線感知器用中繼器:未接續>
1359 P 2015-10-16 10:31:42 <05021441:多回線感知器用中繼器:未接續>
1360 P 2015-10-16 10:31:41 <05021441:多回線感知器用中繼器:未接續>
1361 P 2015-10-16 10:31:41 <05021441:多回線感知器用中繼器:未接續>
1362 P 2015-10-16 10:31:40 <05021441:多回線感知器用中繼器:未接續>
1363 P 2015-10-16 10:31:40 <05021441:多回線感知器用中繼器:未接續>
1364 P 2015-10-16 10:31:39 <05021441:多回線感知器用中繼器:未接續>
1365 P 2015-10-16 10:31:39 <05021441:多回線感知器用中繼器:未接續>
1366 P 2015-10-16 10:31:38 <05021441:多回線感知器用中繼器:未接續>
1367 P 2015-10-16 10:31:38 <05021441:多回線感知器用中繼器:未接續>
1368 P 2015-10-16 10:31:37 <05021441:多回線感知器用中繼器:未接續>
1369 P 2015-10-16 10:31:36 <05021441:多回線感知器用中繼器:未接續>
1370 P 2015-10-16 10:31:36 <05021441:多回線感知器用中繼器:未接續>
1371 P 2015-10-16 10:31:35 <05021441:多回線感知器用中繼器:未接續>
1372 P 2015-10-16 10:31:35 <05021441:多回線感知器用中繼器:未接續>
1373 P 2015-10-16 10:31:34 <05021441:多回線感知器用中繼器:未接續>
1374 P 2015-10-16 10:31:34 <05021441:多回線感知器用中繼器:未接續>
1375 P 2015-10-16 10:31:33 <05021441:多回線感知器用中繼器:未接續>
1376 P 2015-10-16 10:31:33 <05021441:多回線感知器用中繼器:未接續>
1377 P 2015-10-16 10:31:32 <05021441:多回線感知器用中繼器:未接續>
1378 P 2015-10-16 10:31:32 <05021441:多回線感知器用中繼器:未接續>
1379 P 2015-10-16 10:31:31 <05021441:多回線感知器用中繼器:未接續>
1380 P 2015-10-16 10:31:30 <05021441:多回線感知器用中繼器:未接續>
1381 P 2015-10-16 10:31:30 <05021441:多回線感知器用中繼器:未接續>
1382 P 2015-10-16 10:31:29 <05021441:多回線感知器用中繼器:未接續>
1383 P 2015-10-16 10:31:29 <05021441:多回線感知器用中繼器:未接續>
1384 P 2015-10-16 10:31:28 <05021441:多回線感知器用中繼器:未接續>
1385 P 2015-10-16 10:31:28 <05021441:多回線感知器用中繼器:未接續>
1386 P 2015-10-16 10:31:27 <05021441:多回線感知器用中繼器:未接續>
1387 P 2015-10-16 10:31:27 <05021441:多回線感知器用中繼器:未接續>
1388 P 2015-10-16 10:31:26 <05021441:多回線感知器用中繼器:未接續>
1389 P 2015-10-16 10:31:25 <05021441:多回線感知器用中繼器:未接續>
1390 P 2015-10-16 10:31:25 <05021441:多回線感知器用中繼器:未接續>
1391 P 2015-10-16 10:31:24 <05021441:多回線感知器用中繼器:未接續>
1392 P 2015-10-16 10:31:24 <05021441:多回線感知器用中繼器:未接續>
1393 P 2015-10-16 10:31:23 <05021441:多回線感知器用中繼器:未接續>
1394 P 2015-10-16 10:31:23 <05021441:多回線感知器用中繼器:未接續>
1395 P 2015-10-16 10:31:22 <05021441:多回線感知器用中繼器:未接續>
1396 P 2015-10-16 10:31:22 <05021441:多回線感知器用中繼器:未接續>
1397 P 2015-10-16 10:31:21 <05021441:多回線感知器用中繼器:未接續>
1398 P 2015-10-16 10:31:21 <05021441:多回線感知器用中繼器:未接續>
1399 P 2015-10-16 10:31:20 <05021441:多回線感知器用中繼器:未接續>
1400 P 2015-10-16 10:31:19 <05021441:多回線感知器用中繼器:未接續>
1401 P 2015-10-16 10:31:19 <05021441:多回線感知器用中繼器:未接續>
1402 P 2015-10-16 10:31:18 <05021441:多回線感知器用中繼器:未接續>
1403 P 2015-10-16 10:31:18 <05021441:多回線感知器用中繼器:未接續>
1404 P 2015-10-16 10:31:17 <05021441:多回線感知器用中繼器:未接續>
1405 P 2015-10-16 10:31:17 <05021441:多回線感知器用中繼器:未接續>
1406 P 2015-10-16 10:31:16 <05021441:多回線感知器用中繼器:未接續>
1407 G 2015-10-16 10:30:56 <連線中>
1408 G 2015-10-16 10:30:50 <未連線>
1409 G 2015-10-16 10:30:50 <監控系統開始>
1410 G 2015-10-16 10:20:01 <監控系統結束>
1411 P 2015-10-16 10:06:59 <05021441:多回線感知器用中繼器:未接續>
1412 P 2015-10-16 10:06:58 <05021441:多回線感知器用中繼器:未接續>
1413 P 2015-10-16 10:06:57 <05021441:多回線感知器用中繼器:未接續>
1414 P 2015-10-16 10:06:57 <05021441:多回線感知器用中繼器:未接續>
1415 P 2015-10-16 10:06:56 <05021441:多回線感知器用中繼器:未接續>
1416 P 2015-10-16 10:06:55 <05021441:多回線感知器用中繼器:未接續>
1417 P 2015-10-16 10:06:55 <05021441:多回線感知器用中繼器:未接續>
1418 P 2015-10-16 10:06:54 <05021441:多回線感知器用中繼器:未接續>
1419 P 2015-10-16 10:06:53 <05021441:多回線感知器用中繼器:未接續>
1420 P 2015-10-16 10:06:53 <05021441:多回線感知器用中繼器:未接續>
1421 P 2015-10-16 10:06:52 <05021441:多回線感知器用中繼器:未接續>
1422 P 2015-10-16 10:06:51 <05021441:多回線感知器用中繼器:未接續>
1423 P 2015-10-16 10:06:50 <05021441:多回線感知器用中繼器:未接續>
1424 P 2015-10-16 10:06:50 <05021441:多回線感知器用中繼器:未接續>
1425 P 2015-10-16 10:06:49 <05021441:多回線感知器用中繼器:未接續>
1426 P 2015-10-16 10:06:48 <05021441:多回線感知器用中繼器:未接續>
1427 P 2015-10-16 10:06:48 <05021441:多回線感知器用中繼器:未接續>
1428 P 2015-10-16 10:06:47 <05021441:多回線感知器用中繼器:未接續>
1429 P 2015-10-16 10:06:46 <05021441:多回線感知器用中繼器:未接續>
1430 P 2015-10-16 10:06:46 <05021441:多回線感知器用中繼器:未接續>
1431 P 2015-10-16 10:06:45 <05021441:多回線感知器用中繼器:未接續>
1432 P 2015-10-16 10:06:44 <05021441:多回線感知器用中繼器:未接續>
1433 P 2015-10-16 10:06:44 <05021441:多回線感知器用中繼器:未接續>
1434 P 2015-10-16 10:06:43 <05021441:多回線感知器用中繼器:未接續>
1435 P 2015-10-16 10:06:42 <05021441:多回線感知器用中繼器:未接續>
1436 P 2015-10-16 10:06:41 <05021441:多回線感知器用中繼器:未接續>
1437 P 2015-10-16 10:06:41 <05021441:多回線感知器用中繼器:未接續>
1438 P 2015-10-16 10:06:40 <05021441:多回線感知器用中繼器:未接續>
1439 P 2015-10-16 10:06:39 <05021441:多回線感知器用中繼器:未接續>
1440 P 2015-10-16 10:06:38 <05021441:多回線感知器用中繼器:未接續>
1441 P 2015-10-16 10:06:38 <05021441:多回線感知器用中繼器:未接續>
1442 P 2015-10-16 10:06:37 <05021441:多回線感知器用中繼器:未接續>
1443 P 2015-10-16 10:06:36 <05021441:多回線感知器用中繼器:未接續>
1444 P 2015-10-16 10:06:36 <05021441:多回線感知器用中繼器:未接續>
1445 P 2015-10-16 10:06:35 <05021441:多回線感知器用中繼器:未接續>
1446 P 2015-10-16 10:06:34 <05021441:多回線感知器用中繼器:未接續>
1447 P 2015-10-16 10:06:34 <05021441:多回線感知器用中繼器:未接續>
1448 P 2015-10-16 10:06:33 <05021441:多回線感知器用中繼器:未接續>
1449 P 2015-10-16 10:06:32 <05021441:多回線感知器用中繼器:未接續>
1450 P 2015-10-16 10:06:32 <05021441:多回線感知器用中繼器:未接續>
1451 P 2015-10-16 10:06:31 <05021441:多回線感知器用中繼器:未接續>
1452 P 2015-10-16 10:06:30 <05021441:多回線感知器用中繼器:未接續>
1453 P 2015-10-16 10:06:29 <05021441:多回線感知器用中繼器:未接續>
1454 P 2015-10-16 10:06:29 <05021441:多回線感知器用中繼器:未接續>
1455 P 2015-10-16 10:06:28 <05021441:多回線感知器用中繼器:未接續>
1456 P 2015-10-16 10:06:27 <05021441:多回線感知器用中繼器:未接續>
1457 P 2015-10-16 10:06:27 <05021441:多回線感知器用中繼器:未接續>
1458 P 2015-10-16 10:06:26 <05021441:多回線感知器用中繼器:未接續>
1459 P 2015-10-16 10:06:25 <05021441:多回線感知器用中繼器:未接續>
1460 P 2015-10-16 10:06:24 <05021441:多回線感知器用中繼器:未接續>
1461 P 2015-10-16 10:06:24 <05021441:多回線感知器用中繼器:未接續>
1462 P 2015-10-16 10:06:23 <05021441:多回線感知器用中繼器:未接續>
1463 P 2015-10-16 10:06:22 <05021441:多回線感知器用中繼器:未接續>
1464 P 2015-10-16 10:06:22 <05021441:多回線感知器用中繼器:未接續>
1465 P 2015-10-16 10:06:21 <05021441:多回線感知器用中繼器:未接續>
1466 P 2015-10-16 10:06:20 <05021441:多回線感知器用中繼器:未接續>
1467 P 2015-10-16 10:06:20 <05021441:多回線感知器用中繼器:未接續>
1468 P 2015-10-16 10:06:19 <05021441:多回線感知器用中繼器:未接續>
1469 P 2015-10-16 10:06:18 <05021441:多回線感知器用中繼器:未接續>
1470 P 2015-10-16 10:06:18 <05021441:多回線感知器用中繼器:未接續>
1471 P 2015-10-16 10:06:17 <05021441:多回線感知器用中繼器:未接續>
1472 P 2015-10-16 10:06:16 <05021441:多回線感知器用中繼器:未接續>
1473 P 2015-10-16 10:06:16 <05021441:多回線感知器用中繼器:未接續>
1474 P 2015-10-16 10:06:15 <05021441:多回線感知器用中繼器:未接續>
1475 P 2015-10-16 10:06:14 <05021441:多回線感知器用中繼器:未接續>
1476 P 2015-10-16 10:06:13 <05021441:多回線感知器用中繼器:未接續>
1477 P 2015-10-16 10:06:13 <05021441:多回線感知器用中繼器:未接續>
1478 P 2015-10-16 10:06:12 <05021441:多回線感知器用中繼器:未接續>
1479 P 2015-10-16 10:06:11 <05021441:多回線感知器用中繼器:未接續>
1480 P 2015-10-16 10:06:10 <05021441:多回線感知器用中繼器:未接續>
1481 P 2015-10-16 10:06:10 <05021441:多回線感知器用中繼器:未接續>
1482 P 2015-10-16 10:06:09 <05021441:多回線感知器用中繼器:未接續>
1483 P 2015-10-16 10:06:08 <05021441:多回線感知器用中繼器:未接續>
1484 P 2015-10-16 10:06:08 <05021441:多回線感知器用中繼器:未接續>
1485 P 2015-10-16 10:06:07 <05021441:多回線感知器用中繼器:未接續>
1486 P 2015-10-16 10:06:06 <05021441:多回線感知器用中繼器:未接續>
1487 P 2015-10-16 10:06:06 <05021441:多回線感知器用中繼器:未接續>
1488 P 2015-10-16 10:06:05 <05021441:多回線感知器用中繼器:未接續>
1489 P 2015-10-16 10:06:04 <05021441:多回線感知器用中繼器:未接續>
1490 P 2015-10-16 10:06:04 <05021441:多回線感知器用中繼器:未接續>
1491 P 2015-10-16 10:06:03 <05021441:多回線感知器用中繼器:未接續>
1492 P 2015-10-16 10:06:02 <05021441:多回線感知器用中繼器:未接續>
1493 P 2015-10-16 10:06:02 <05021441:多回線感知器用中繼器:未接續>
1494 P 2015-10-16 10:06:01 <05021441:多回線感知器用中繼器:未接續>
1495 P 2015-10-16 10:06:00 <05021441:多回線感知器用中繼器:未接續>
1496 P 2015-10-16 10:05:59 <05021441:多回線感知器用中繼器:未接續>
1497 P 2015-10-16 10:05:59 <05021441:多回線感知器用中繼器:未接續>
1498 P 2015-10-16 10:05:58 <05021441:多回線感知器用中繼器:未接續>
1499 P 2015-10-16 10:05:57 <05021441:多回線感知器用中繼器:未接續>
1500 P 2015-10-16 10:05:56 <05021441:多回線感知器用中繼器:未接續>
1501 P 2015-10-16 10:05:56 <05021441:多回線感知器用中繼器:未接續>
1502 P 2015-10-16 10:05:55 <05021441:多回線感知器用中繼器:未接續>
1503 P 2015-10-16 10:05:54 <05021441:多回線感知器用中繼器:未接續>
1504 P 2015-10-16 10:05:54 <05021441:多回線感知器用中繼器:未接續>
1505 P 2015-10-16 10:05:53 <05021441:多回線感知器用中繼器:未接續>
1506 P 2015-10-16 10:05:52 <05021441:多回線感知器用中繼器:未接續>
1507 P 2015-10-16 10:05:52 <05021441:多回線感知器用中繼器:未接續>
1508 P 2015-10-16 10:05:51 <05021441:多回線感知器用中繼器:未接續>
1509 P 2015-10-16 10:05:50 <05021441:多回線感知器用中繼器:未接續>
1510 P 2015-10-16 10:05:50 <05021441:多回線感知器用中繼器:未接續>
1511 G 2015-10-16 10:05:42 <連線中>
1512 G 2015-10-16 10:05:36 <未連線>
1513 G 2015-10-16 10:05:36 <監控系統開始>
1514 G 2015-10-16 09:57:18 <監控系統結束>
1515 P 2015-10-16 09:44:06 <05021181:防排煙用中繼器:未接續>
1516 P 2015-10-16 09:44:05 <串口通信異常:正常>
1517 P 2015-10-16 09:44:05 <串口通信異常:異常>
1518 P 2015-10-16 09:44:05 <05021181:防排煙用中繼器:未接續>
1519 P 2015-10-16 09:44:05 <串口通信異常:正常>
1520 P 2015-10-16 09:44:05 <串口通信異常:異常>
1521 G 2015-10-16 09:43:59 <連線中>
1522 G 2015-10-16 09:43:54 <未連線>
1523 G 2015-10-16 09:43:54 <監控系統開始>
1524 G 2015-10-16 09:37:41 <監控系統結束>
1525 P 2015-10-16 09:36:29 <05021441:多回線感知器用中繼器:未接續>
1526 P 2015-10-16 09:36:28 <05021441:多回線感知器用中繼器:未接續>
1527 P 2015-10-16 09:36:27 <05021441:多回線感知器用中繼器:未接續>
1528 P 2015-10-16 09:36:27 <05021441:多回線感知器用中繼器:未接續>
1529 P 2015-10-16 09:36:26 <05021441:多回線感知器用中繼器:未接續>
1530 P 2015-10-16 09:36:25 <05021441:多回線感知器用中繼器:未接續>
1531 P 2015-10-16 09:36:24 <05021441:多回線感知器用中繼器:未接續>
1532 P 2015-10-16 09:36:24 <05021441:多回線感知器用中繼器:未接續>
1533 P 2015-10-16 09:36:23 <05021441:多回線感知器用中繼器:未接續>
1534 P 2015-10-16 09:36:22 <05021441:多回線感知器用中繼器:未接續>
1535 P 2015-10-16 09:36:22 <05021441:多回線感知器用中繼器:未接續>
1536 P 2015-10-16 09:36:21 <05021441:多回線感知器用中繼器:未接續>
1537 P 2015-10-16 09:36:20 <05021441:多回線感知器用中繼器:未接續>
1538 P 2015-10-16 09:36:19 <05021441:多回線感知器用中繼器:未接續>
1539 P 2015-10-16 09:36:19 <05021441:多回線感知器用中繼器:未接續>
1540 P 2015-10-16 09:36:18 <05021441:多回線感知器用中繼器:未接續>
1541 P 2015-10-16 09:36:17 <05021441:多回線感知器用中繼器:未接續>
1542 P 2015-10-16 09:36:17 <05021441:多回線感知器用中繼器:未接續>
1543 P 2015-10-16 09:36:16 <05021441:多回線感知器用中繼器:未接續>
1544 P 2015-10-16 09:36:15 <05021441:多回線感知器用中繼器:未接續>
1545 P 2015-10-16 09:36:15 <05021441:多回線感知器用中繼器:未接續>
1546 P 2015-10-16 09:36:14 <05021441:多回線感知器用中繼器:未接續>
1547 P 2015-10-16 09:36:13 <05021441:多回線感知器用中繼器:未接續>
1548 P 2015-10-16 09:36:13 <05021441:多回線感知器用中繼器:未接續>
1549 P 2015-10-16 09:36:12 <05021441:多回線感知器用中繼器:未接續>
1550 P 2015-10-16 09:36:11 <05021441:多回線感知器用中繼器:未接續>
1551 P 2015-10-16 09:36:10 <05021441:多回線感知器用中繼器:未接續>
1552 P 2015-10-16 09:36:10 <05021441:多回線感知器用中繼器:未接續>
1553 P 2015-10-16 09:36:09 <05021441:多回線感知器用中繼器:未接續>
1554 P 2015-10-16 09:36:08 <05021441:多回線感知器用中繼器:未接續>
1555 P 2015-10-16 09:36:08 <05021441:多回線感知器用中繼器:未接續>
1556 P 2015-10-16 09:36:07 <05021441:多回線感知器用中繼器:未接續>
1557 P 2015-10-16 09:36:06 <05021441:多回線感知器用中繼器:未接續>
1558 P 2015-10-16 09:36:05 <05021441:多回線感知器用中繼器:未接續>
1559 P 2015-10-16 09:36:05 <05021441:多回線感知器用中繼器:未接續>
1560 P 2015-10-16 09:36:04 <05021441:多回線感知器用中繼器:未接續>
1561 P 2015-10-16 09:36:03 <05021441:多回線感知器用中繼器:未接續>
1562 P 2015-10-16 09:36:03 <05021441:多回線感知器用中繼器:未接續>
1563 P 2015-10-16 09:36:02 <05021441:多回線感知器用中繼器:未接續>
1564 P 2015-10-16 09:36:01 <05021441:多回線感知器用中繼器:未接續>
1565 P 2015-10-16 09:36:01 <05021441:多回線感知器用中繼器:未接續>
1566 P 2015-10-16 09:36:00 <05021441:多回線感知器用中繼器:未接續>
1567 P 2015-10-16 09:35:59 <05021441:多回線感知器用中繼器:未接續>
1568 P 2015-10-16 09:35:59 <05021441:多回線感知器用中繼器:未接續>
1569 P 2015-10-16 09:35:58 <05021441:多回線感知器用中繼器:未接續>
1570 P 2015-10-16 09:35:57 <05021441:多回線感知器用中繼器:未接續>
1571 P 2015-10-16 09:35:57 <05021441:多回線感知器用中繼器:未接續>
1572 P 2015-10-16 09:35:56 <05021441:多回線感知器用中繼器:未接續>
1573 P 2015-10-16 09:35:55 <05021441:多回線感知器用中繼器:未接續>
1574 P 2015-10-16 09:35:54 <05021441:多回線感知器用中繼器:未接續>
1575 P 2015-10-16 09:35:54 <05021441:多回線感知器用中繼器:未接續>
1576 P 2015-10-16 09:35:53 <05021441:多回線感知器用中繼器:未接續>
1577 P 2015-10-16 09:35:52 <05021441:多回線感知器用中繼器:未接續>
1578 P 2015-10-16 09:35:51 <05021441:多回線感知器用中繼器:未接續>
1579 P 2015-10-16 09:35:51 <05021441:多回線感知器用中繼器:未接續>
1580 P 2015-10-16 09:35:50 <05021441:多回線感知器用中繼器:未接續>
1581 P 2015-10-16 09:35:49 <05021441:多回線感知器用中繼器:未接續>
1582 P 2015-10-16 09:35:49 <05021441:多回線感知器用中繼器:未接續>
1583 P 2015-10-16 09:35:48 <05021441:多回線感知器用中繼器:未接續>
1584 P 2015-10-16 09:35:47 <05021441:多回線感知器用中繼器:未接續>
1585 P 2015-10-16 09:35:47 <05021441:多回線感知器用中繼器:未接續>
1586 P 2015-10-16 09:35:46 <05021441:多回線感知器用中繼器:未接續>
1587 P 2015-10-16 09:35:45 <05021441:多回線感知器用中繼器:未接續>
1588 P 2015-10-16 09:35:45 <05021441:多回線感知器用中繼器:未接續>
1589 P 2015-10-16 09:35:44 <05021441:多回線感知器用中繼器:未接續>
1590 P 2015-10-16 09:35:43 <05021441:多回線感知器用中繼器:未接續>
1591 P 2015-10-16 09:35:42 <05021441:多回線感知器用中繼器:未接續>
1592 P 2015-10-16 09:35:42 <05021441:多回線感知器用中繼器:未接續>
1593 P 2015-10-16 09:35:41 <05021441:多回線感知器用中繼器:未接續>
1594 P 2015-10-16 09:35:40 <05021441:多回線感知器用中繼器:未接續>
1595 P 2015-10-16 09:35:40 <05021441:多回線感知器用中繼器:未接續>
1596 P 2015-10-16 09:35:39 <05021441:多回線感知器用中繼器:未接續>
1597 P 2015-10-16 09:35:38 <05021441:多回線感知器用中繼器:未接續>
1598 P 2015-10-16 09:35:37 <05021441:多回線感知器用中繼器:未接續>
1599 P 2015-10-16 09:35:37 <05021441:多回線感知器用中繼器:未接續>
1600 P 2015-10-16 09:35:36 <05021441:多回線感知器用中繼器:未接續>
1601 P 2015-10-16 09:35:35 <05021441:多回線感知器用中繼器:未接續>
1602 P 2015-10-16 09:35:35 <05021441:多回線感知器用中繼器:未接續>
1603 P 2015-10-16 09:35:34 <05021441:多回線感知器用中繼器:未接續>
1604 P 2015-10-16 09:35:33 <05021441:多回線感知器用中繼器:未接續>
1605 P 2015-10-16 09:35:33 <05021441:多回線感知器用中繼器:未接續>
1606 P 2015-10-16 09:35:32 <05021441:多回線感知器用中繼器:未接續>
1607 P 2015-10-16 09:35:31 <05021441:多回線感知器用中繼器:未接續>
1608 P 2015-10-16 09:35:31 <05021441:多回線感知器用中繼器:未接續>
1609 P 2015-10-16 09:35:30 <05021441:多回線感知器用中繼器:未接續>
1610 P 2015-10-16 09:35:29 <05021441:多回線感知器用中繼器:未接續>
1611 P 2015-10-16 09:35:28 <05021441:多回線感知器用中繼器:未接續>
1612 P 2015-10-16 09:35:28 <05021441:多回線感知器用中繼器:未接續>
1613 P 2015-10-16 09:35:27 <05021441:多回線感知器用中繼器:未接續>
1614 P 2015-10-16 09:35:26 <05021441:多回線感知器用中繼器:未接續>
1615 P 2015-10-16 09:35:26 <05021441:多回線感知器用中繼器:未接續>
1616 P 2015-10-16 09:35:25 <05021441:多回線感知器用中繼器:未接續>
1617 P 2015-10-16 09:35:24 <05021441:多回線感知器用中繼器:未接續>
1618 P 2015-10-16 09:35:23 <05021441:多回線感知器用中繼器:未接續>
1619 P 2015-10-16 09:35:23 <05021441:多回線感知器用中繼器:未接續>
1620 P 2015-10-16 09:35:22 <05021441:多回線感知器用中繼器:未接續>
1621 P 2015-10-16 09:35:21 <05021441:多回線感知器用中繼器:未接續>
1622 P 2015-10-16 09:35:21 <05021441:多回線感知器用中繼器:未接續>
1623 P 2015-10-16 09:35:20 <05021441:多回線感知器用中繼器:未接續>
1624 P 2015-10-16 09:35:19 <05021441:多回線感知器用中繼器:未接續>
1625 G 2015-10-16 09:35:14 <連線中>
1626 G 2015-10-16 09:35:08 <未連線>
1627 G 2015-10-16 09:35:08 <監控系統開始>
1628 G 2015-10-16 09:35:06 <監控系統結束>
1629 P 2015-10-16 09:31:16 <05021491:定址感知器用中繼器:未接續>
1630 P 2015-10-16 09:31:16 <05021491:定址感知器用中繼器:未接續>
1631 P 2015-10-16 09:31:15 <05021491:定址感知器用中繼器:未接續>
1632 P 2015-10-16 09:31:14 <05021491:定址感知器用中繼器:未接續>
1633 P 2015-10-16 09:31:13 <05021491:定址感知器用中繼器:未接續>
1634 P 2015-10-16 09:31:13 <05021491:定址感知器用中繼器:未接續>
1635 P 2015-10-16 09:31:12 <05021491:定址感知器用中繼器:未接續>
1636 P 2015-10-16 09:31:11 <05021491:定址感知器用中繼器:未接續>
1637 P 2015-10-16 09:31:11 <05021491:定址感知器用中繼器:未接續>
1638 P 2015-10-16 09:31:10 <05021491:定址感知器用中繼器:未接續>
1639 P 2015-10-16 09:31:09 <05021491:定址感知器用中繼器:未接續>
1640 P 2015-10-16 09:31:09 <05021491:定址感知器用中繼器:未接續>
1641 P 2015-10-16 09:31:08 <05021491:定址感知器用中繼器:未接續>
1642 P 2015-10-16 09:31:07 <05021491:定址感知器用中繼器:未接續>
1643 P 2015-10-16 09:31:06 <05021491:定址感知器用中繼器:未接續>
1644 P 2015-10-16 09:31:06 <05021491:定址感知器用中繼器:未接續>
1645 P 2015-10-16 09:31:05 <05021491:定址感知器用中繼器:未接續>
1646 P 2015-10-16 09:31:04 <05021491:定址感知器用中繼器:未接續>
1647 P 2015-10-16 09:31:04 <05021491:定址感知器用中繼器:未接續>
1648 P 2015-10-16 09:31:03 <05021491:定址感知器用中繼器:未接續>
1649 P 2015-10-16 09:31:02 <05021491:定址感知器用中繼器:未接續>
1650 P 2015-10-16 09:31:02 <05021491:定址感知器用中繼器:未接續>
1651 P 2015-10-16 09:31:01 <05021491:定址感知器用中繼器:未接續>
1652 P 2015-10-16 09:31:00 <05021491:定址感知器用中繼器:未接續>
1653 P 2015-10-16 09:30:59 <05021491:定址感知器用中繼器:未接續>
1654 P 2015-10-16 09:30:59 <05021491:定址感知器用中繼器:未接續>
1655 P 2015-10-16 09:30:58 <05021491:定址感知器用中繼器:未接續>
1656 P 2015-10-16 09:30:57 <05021491:定址感知器用中繼器:未接續>
1657 P 2015-10-16 09:30:57 <05021491:定址感知器用中繼器:未接續>
1658 P 2015-10-16 09:30:56 <05021491:定址感知器用中繼器:未接續>
1659 P 2015-10-16 09:30:55 <05021491:定址感知器用中繼器:未接續>
1660 P 2015-10-16 09:30:55 <05021491:定址感知器用中繼器:未接續>
1661 P 2015-10-16 09:30:54 <05021491:定址感知器用中繼器:未接續>
1662 P 2015-10-16 09:30:53 <05021491:定址感知器用中繼器:未接續>
1663 P 2015-10-16 09:30:52 <05021491:定址感知器用中繼器:未接續>
1664 P 2015-10-16 09:30:52 <05021491:定址感知器用中繼器:未接續>
1665 P 2015-10-16 09:30:51 <05021491:定址感知器用中繼器:未接續>
1666 P 2015-10-16 09:30:50 <05021491:定址感知器用中繼器:未接續>
1667 P 2015-10-16 09:30:50 <05021491:定址感知器用中繼器:未接續>
1668 P 2015-10-16 09:30:49 <05021491:定址感知器用中繼器:未接續>
1669 P 2015-10-16 09:30:48 <05021491:定址感知器用中繼器:未接續>
1670 P 2015-10-16 09:30:48 <05021491:定址感知器用中繼器:未接續>
1671 P 2015-10-16 09:30:47 <05021491:定址感知器用中繼器:未接續>
1672 P 2015-10-16 09:30:46 <05021491:定址感知器用中繼器:未接續>
1673 P 2015-10-16 09:30:45 <05021491:定址感知器用中繼器:未接續>
1674 P 2015-10-16 09:30:45 <05021491:定址感知器用中繼器:未接續>
1675 P 2015-10-16 09:30:44 <05021491:定址感知器用中繼器:未接續>
1676 P 2015-10-16 09:30:43 <05021491:定址感知器用中繼器:未接續>
1677 P 2015-10-16 09:30:43 <05021491:定址感知器用中繼器:未接續>
1678 P 2015-10-16 09:30:42 <05021491:定址感知器用中繼器:未接續>
1679 P 2015-10-16 09:30:41 <05021491:定址感知器用中繼器:未接續>
1680 P 2015-10-16 09:30:41 <05021491:定址感知器用中繼器:未接續>
1681 P 2015-10-16 09:30:40 <05021491:定址感知器用中繼器:未接續>
1682 P 2015-10-16 09:30:39 <05021491:定址感知器用中繼器:未接續>
1683 P 2015-10-16 09:30:38 <05021491:定址感知器用中繼器:未接續>
1684 P 2015-10-16 09:30:38 <05021491:定址感知器用中繼器:未接續>
1685 P 2015-10-16 09:30:37 <05021491:定址感知器用中繼器:未接續>
1686 P 2015-10-16 09:30:36 <05021491:定址感知器用中繼器:未接續>
1687 P 2015-10-16 09:30:36 <05021491:定址感知器用中繼器:未接續>
1688 P 2015-10-16 09:30:35 <05021491:定址感知器用中繼器:未接續>
1689 P 2015-10-16 09:30:34 <05021491:定址感知器用中繼器:未接續>
1690 P 2015-10-16 09:30:34 <05021491:定址感知器用中繼器:未接續>
1691 P 2015-10-16 09:30:33 <05021491:定址感知器用中繼器:未接續>
1692 P 2015-10-16 09:30:32 <05021491:定址感知器用中繼器:未接續>
1693 P 2015-10-16 09:30:32 <05021491:定址感知器用中繼器:未接續>
1694 P 2015-10-16 09:30:31 <05021491:定址感知器用中繼器:未接續>
1695 P 2015-10-16 09:30:30 <05021491:定址感知器用中繼器:未接續>
1696 P 2015-10-16 09:30:29 <05021491:定址感知器用中繼器:未接續>
1697 P 2015-10-16 09:30:29 <05021491:定址感知器用中繼器:未接續>
1698 P 2015-10-16 09:30:28 <05021491:定址感知器用中繼器:未接續>
1699 P 2015-10-16 09:30:27 <05021491:定址感知器用中繼器:未接續>
1700 P 2015-10-16 09:30:27 <05021491:定址感知器用中繼器:未接續>
1701 P 2015-10-16 09:30:26 <05021491:定址感知器用中繼器:未接續>
1702 P 2015-10-16 09:30:25 <05021491:定址感知器用中繼器:未接續>
1703 P 2015-10-16 09:30:24 <05021491:定址感知器用中繼器:未接續>
1704 P 2015-10-16 09:30:24 <05021491:定址感知器用中繼器:未接續>
1705 P 2015-10-16 09:30:23 <05021491:定址感知器用中繼器:未接續>
1706 P 2015-10-16 09:30:22 <05021491:定址感知器用中繼器:未接續>
1707 P 2015-10-16 09:30:22 <05021491:定址感知器用中繼器:未接續>
1708 P 2015-10-16 09:30:21 <05021491:定址感知器用中繼器:未接續>
1709 P 2015-10-16 09:30:20 <05021491:定址感知器用中繼器:未接續>
1710 P 2015-10-16 09:30:20 <05021491:定址感知器用中繼器:未接續>
1711 P 2015-10-16 09:30:19 <05021491:定址感知器用中繼器:未接續>
1712 P 2015-10-16 09:30:18 <05021491:定址感知器用中繼器:未接續>
1713 P 2015-10-16 09:30:17 <05021491:定址感知器用中繼器:未接續>
1714 P 2015-10-16 09:30:17 <05021491:定址感知器用中繼器:未接續>
1715 P 2015-10-16 09:30:16 <05021491:定址感知器用中繼器:未接續>
1716 P 2015-10-16 09:30:15 <05021491:定址感知器用中繼器:未接續>
1717 P 2015-10-16 09:30:15 <05021491:定址感知器用中繼器:未接續>
1718 P 2015-10-16 09:30:14 <05021491:定址感知器用中繼器:未接續>
1719 P 2015-10-16 09:30:13 <05021491:定址感知器用中繼器:未接續>
1720 P 2015-10-16 09:30:13 <05021491:定址感知器用中繼器:未接續>
1721 P 2015-10-16 09:30:12 <05021491:定址感知器用中繼器:未接續>
1722 P 2015-10-16 09:30:11 <05021491:定址感知器用中繼器:未接續>
1723 P 2015-10-16 09:30:10 <05021491:定址感知器用中繼器:未接續>
1724 P 2015-10-16 09:30:10 <05021491:定址感知器用中繼器:未接續>
1725 P 2015-10-16 09:30:09 <05021491:定址感知器用中繼器:未接續>
1726 P 2015-10-16 09:30:08 <05021491:定址感知器用中繼器:未接續>
1727 P 2015-10-16 09:30:08 <05021491:定址感知器用中繼器:未接續>
1728 P 2015-10-16 09:30:07 <05021491:定址感知器用中繼器:未接續>
1729 G 2015-10-16 09:30:01 <連線中>
